#
# There is insufficient memory for the Java Runtime Environment to continue.
# Native memory allocation (mmap) failed to map 104857600 bytes for Failed to commit area from 0x000000008ef00000 to 0x0000000095300000 of length 104857600.
# Possible reasons:
#   The system is out of physical RAM or swap space
#   The process is running with CompressedOops enabled, and the Java Heap may be blocking the growth of the native heap
# Possible solutions:
#   Reduce memory load on the system
#   Increase physical memory or swap space
#   Check if swap backing store is full
#   Decrease Java heap size (-Xmx/-Xms)
#   Decrease number of Java threads
#   Decrease Java thread stack sizes (-Xss)
#   Set larger code cache with -XX:ReservedCodeCacheSize=
#   JVM is running with Unscaled Compressed Oops mode in which the Java heap is
#     placed in the first 4GB address space. The Java Heap base address is the
#     maximum limit for the native heap growth. Please use -XX:HeapBaseMinAddress
#     to set the Java Heap base and to place the Java Heap above 4GB virtual address.
# This output file may be truncated or incomplete.
#
#  Out of Memory Error (./src/hotspot/os/windows/os_windows.cpp:3301), pid=19992, tid=10792
#
# JRE version: OpenJDK Runtime Environment (11.0.10) (build 11.0.10+0-b96-7249189)
# Java VM: OpenJDK 64-Bit Server VM (11.0.10+0-b96-7249189, mixed mode, tiered, compressed oops, g1 gc, windows-amd64)
# No core dump will be written. Minidumps are not enabled by default on client versions of Windows
#

---------------  S U M M A R Y ------------

Command Line: --add-opens=java.base/java.util=ALL-UNNAMED --add-opens=java.base/java.lang=ALL-UNNAMED --add-opens=java.base/java.lang.invoke=ALL-UNNAMED --add-opens=java.base/java.util=ALL-UNNAMED --add-opens=java.prefs/java.util.prefs=ALL-UNNAMED --add-opens=java.prefs/java.util.prefs=ALL-UNNAMED --add-opens=java.base/java.nio.charset=ALL-UNNAMED --add-opens=java.base/java.net=ALL-UNNAMED --add-opens=java.base/java.util.concurrent.atomic=ALL-UNNAMED -Xmx2048m -Dfile.encoding=UTF-8 -Duser.country=US -Duser.language=en -Duser.variant org.gradle.launcher.daemon.bootstrap.GradleDaemon 7.0.2

Host: Intel(R) Core(TM) i7-5600U CPU @ 2.60GHz, 4 cores, 7G,  Windows 10 , 64 bit Build 19041 (10.0.19041.1151)
Time: Mon Aug 23 01:11:25 2021 Arabic Standard Time elapsed time: 30.173020 seconds (0d 0h 0m 30s)

---------------  T H R E A D  ---------------

Current thread (0x0000019d7f72c000):  VMThread "VM Thread" [stack: 0x0000002fcaf00000,0x0000002fcb000000] [id=10792]

Stack: [0x0000002fcaf00000,0x0000002fcb000000]
[error occurred during error reporting (printing stack bounds), id 0xc0000005, EXCEPTION_ACCESS_VIOLATION (0xc0000005) at pc=0x0000019d6af00f2d]

Native frames: (J=compiled Java code, j=interpreted, Vv=VM code, C=native code)
V  [jvm.dll+0x5ecfaa]
V  [jvm.dll+0x722bd5]
V  [jvm.dll+0x72412d]
V  [jvm.dll+0x724745]
V  [jvm.dll+0x7246fb]
V  [jvm.dll+0x5ec348]
V  [jvm.dll+0x5ecad8]
C  [ntdll.dll+0xa217f]
C  [ntdll.dll+0x51454]
C  [ntdll.dll+0xa0cae]
C  0x0000019d6af00f2d

VM_Operation (0x0000002fce8fe410): G1CollectForAllocation, mode: safepoint, requested by thread 0x0000019d05349800


---------------  P R O C E S S  ---------------

Threads class SMR info:
_java_thread_list=0x0000019d08c15640, length=59, elements={
0x0000019d65c3a000, 0x0000019d7f75e000, 0x0000019d7f76a000, 0x0000019d7f77d800,
0x0000019d7f77f800, 0x0000019d7f780800, 0x0000019d7f781800, 0x0000019d7f782800,
0x0000019d7f78a800, 0x0000019d02285000, 0x0000019d056b5800, 0x0000019d04276000,
0x0000019d066c1800, 0x0000019d036f3000, 0x0000019d03c39800, 0x0000019d043dd800,
0x0000019d039be000, 0x0000019d04c2c000, 0x0000019d03541000, 0x0000019d04c22000,
0x0000019d04c1f800, 0x0000019d04c20800, 0x0000019d04c26000, 0x0000019d04e7e800,
0x0000019d04c23800, 0x0000019d04c23000, 0x0000019d04c24800, 0x0000019d04c21000,
0x0000019d04c25800, 0x0000019d08c61000, 0x0000019d08c5f000, 0x0000019d08c63800,
0x0000019d08c61800, 0x0000019d08c5d800, 0x0000019d08c5e800, 0x0000019d08c65000,
0x0000019d08c6a000, 0x0000019d08c6b800, 0x0000019d08c66000, 0x0000019d08c6a800,
0x0000019d08c66800, 0x0000019d08c68000, 0x0000019d05346800, 0x0000019d05345800,
0x0000019d05349000, 0x0000019d05348000, 0x0000019d05344000, 0x0000019d05344800,
0x0000019d05347000, 0x0000019d05343000, 0x0000019d0534f800, 0x0000019d0534a800,
0x0000019d0534e800, 0x0000019d05349800, 0x0000019d0534d000, 0x0000019d0534c000,
0x0000019d0534d800, 0x0000019d05350000, 0x0000019d05351000
}

Java Threads: ( => current thread )
  0x0000019d65c3a000 JavaThread "main" [_thread_blocked, id=10168, stack(0x0000002fca900000,0x0000002fcaa00000)]
  0x0000019d7f75e000 JavaThread "Reference Handler" daemon [_thread_blocked, id=6192, stack(0x0000002fcb000000,0x0000002fcb100000)]
  0x0000019d7f76a000 JavaThread "Finalizer" daemon [_thread_blocked, id=17736, stack(0x0000002fcb100000,0x0000002fcb200000)]
  0x0000019d7f77d800 JavaThread "Signal Dispatcher" daemon [_thread_blocked, id=10624, stack(0x0000002fcb200000,0x0000002fcb300000)]
  0x0000019d7f77f800 JavaThread "Attach Listener" daemon [_thread_blocked, id=4476, stack(0x0000002fcb300000,0x0000002fcb400000)]
  0x0000019d7f780800 JavaThread "Service Thread" daemon [_thread_blocked, id=18816, stack(0x0000002fcb400000,0x0000002fcb500000)]
  0x0000019d7f781800 JavaThread "C2 CompilerThread0" daemon [_thread_blocked, id=15352, stack(0x0000002fcb500000,0x0000002fcb600000)]
  0x0000019d7f782800 JavaThread "C1 CompilerThread0" daemon [_thread_blocked, id=13284, stack(0x0000002fcb600000,0x0000002fcb700000)]
  0x0000019d7f78a800 JavaThread "Sweeper thread" daemon [_thread_blocked, id=5564, stack(0x0000002fcb700000,0x0000002fcb800000)]
  0x0000019d02285000 JavaThread "Common-Cleaner" daemon [_thread_blocked, id=14124, stack(0x0000002fcb800000,0x0000002fcb900000)]
  0x0000019d056b5800 JavaThread "Daemon health stats" [_thread_blocked, id=17604, stack(0x0000002fcbd00000,0x0000002fcbe00000)]
  0x0000019d04276000 JavaThread "Incoming local TCP Connector on port 60396" [_thread_in_native, id=19580, stack(0x0000002fcba00000,0x0000002fcbb00000)]
  0x0000019d066c1800 JavaThread "Daemon periodic checks" [_thread_blocked, id=14324, stack(0x0000002fcbe00000,0x0000002fcbf00000)]
  0x0000019d036f3000 JavaThread "Daemon" [_thread_blocked, id=18068, stack(0x0000002fcbf00000,0x0000002fcc000000)]
  0x0000019d03c39800 JavaThread "Handler for socket connection from /127.0.0.1:60396 to /127.0.0.1:60397" [_thread_in_native, id=3232, stack(0x0000002fcc000000,0x0000002fcc100000)]
  0x0000019d043dd800 JavaThread "Cancel handler" [_thread_blocked, id=18632, stack(0x0000002fcc100000,0x0000002fcc200000)]
  0x0000019d039be000 JavaThread "Daemon worker" [_thread_blocked, id=14444, stack(0x0000002fcc200000,0x0000002fcc300000)]
  0x0000019d04c2c000 JavaThread "Asynchronous log dispatcher for DefaultDaemonConnection: socket connection from /127.0.0.1:60396 to /127.0.0.1:60397" [_thread_blocked, id=16468, stack(0x0000002fcc300000,0x0000002fcc400000)]
  0x0000019d03541000 JavaThread "Stdin handler" [_thread_blocked, id=15956, stack(0x0000002fcc400000,0x0000002fcc500000)]
  0x0000019d04c22000 JavaThread "Daemon client event forwarder" [_thread_blocked, id=8112, stack(0x0000002fcc500000,0x0000002fcc600000)]
  0x0000019d04c1f800 JavaThread "Cache worker for file hash cache (C:\Users\SMART WAY\.gradle\wrapper\dists\gradle-7.0.2\caches\7.0.2\fileHashes)" [_thread_blocked, id=19800, stack(0x0000002fcc700000,0x0000002fcc800000)]
  0x0000019d04c20800 JavaThread "File lock request listener" [_thread_in_native, id=6456, stack(0x0000002fcc800000,0x0000002fcc900000)]
  0x0000019d04c26000 JavaThread "Cache worker for journal cache (C:\Users\SMART WAY\.gradle\wrapper\dists\gradle-7.0.2\caches\journal-1)" [_thread_blocked, id=17176, stack(0x0000002fcc900000,0x0000002fcca00000)]
  0x0000019d04e7e800 JavaThread "C2 CompilerThread1" daemon [_thread_blocked, id=20348, stack(0x0000002fcca00000,0x0000002fccb00000)]
  0x0000019d04c23800 JavaThread "Cache worker for file hash cache (C:\Users\SMART WAY\AndroidStudioProjects\MyApplication333333\.gradle\7.0.2\fileHashes)" [_thread_blocked, id=18968, stack(0x0000002fccb00000,0x0000002fccc00000)]
  0x0000019d04c23000 JavaThread "File watcher server" daemon [_thread_blocked, id=18732, stack(0x0000002fccc00000,0x0000002fccd00000)]
  0x0000019d04c24800 JavaThread "File watcher consumer" daemon [_thread_blocked, id=19836, stack(0x0000002fccd00000,0x0000002fcce00000)]
  0x0000019d04c21000 JavaThread "Cache worker for checksums cache (C:\Users\SMART WAY\AndroidStudioProjects\MyApplication333333\.gradle\checksums)" [_thread_blocked, id=19640, stack(0x0000002fcce00000,0x0000002fccf00000)]
  0x0000019d04c25800 JavaThread "Cache worker for cache directory md-supplier (C:\Users\SMART WAY\.gradle\wrapper\dists\gradle-7.0.2\caches\7.0.2\md-supplier)" [_thread_blocked, id=11528, stack(0x0000002fccf00000,0x0000002fcd000000)]
  0x0000019d08c61000 JavaThread "Cache worker for cache directory md-rule (C:\Users\SMART WAY\.gradle\wrapper\dists\gradle-7.0.2\caches\7.0.2\md-rule)" [_thread_blocked, id=13568, stack(0x0000002fcd000000,0x0000002fcd100000)]
  0x0000019d08c5f000 JavaThread "Cache worker for execution history cache (C:\Users\SMART WAY\.gradle\wrapper\dists\gradle-7.0.2\caches\7.0.2\executionHistory)" [_thread_blocked, id=11724, stack(0x0000002fcd100000,0x0000002fcd200000)]
  0x0000019d08c63800 JavaThread "jar transforms" [_thread_blocked, id=18668, stack(0x0000002fcd200000,0x0000002fcd300000)]
  0x0000019d08c61800 JavaThread "jar transforms Thread 2" [_thread_blocked, id=16404, stack(0x0000002fcd300000,0x0000002fcd400000)]
  0x0000019d08c5d800 JavaThread "Cache worker for file content cache (C:\Users\SMART WAY\.gradle\wrapper\dists\gradle-7.0.2\caches\7.0.2\fileContent)" [_thread_blocked, id=16228, stack(0x0000002fcd400000,0x0000002fcd500000)]
  0x0000019d08c5e800 JavaThread "Cache worker for dependencies-accessors (C:\Users\SMART WAY\AndroidStudioProjects\MyApplication333333\.gradle\7.0.2\dependencies-accessors)" [_thread_blocked, id=11840, stack(0x0000002fcd500000,0x0000002fcd600000)]
  0x0000019d08c65000 JavaThread "jar transforms Thread 3" [_thread_blocked, id=7936, stack(0x0000002fcd600000,0x0000002fcd700000)]
  0x0000019d08c6a000 JavaThread "Cache worker for Build Output Cleanup Cache (C:\Users\SMART WAY\AndroidStudioProjects\MyApplication333333\.gradle\buildOutputCleanup)" [_thread_blocked, id=18396, stack(0x0000002fcd700000,0x0000002fcd800000)]
  0x0000019d08c6b800 JavaThread "Build operations" [_thread_blocked, id=11832, stack(0x0000002fcd800000,0x0000002fcd900000)]
  0x0000019d08c66000 JavaThread "Build operations Thread 2" [_thread_blocked, id=15904, stack(0x0000002fcd900000,0x0000002fcda00000)]
  0x0000019d08c6a800 JavaThread "Build operations Thread 3" [_thread_blocked, id=19056, stack(0x0000002fcda00000,0x0000002fcdb00000)]
  0x0000019d08c66800 JavaThread "Build operations Thread 4" [_thread_blocked, id=9692, stack(0x0000002fcdb00000,0x0000002fcdc00000)]
  0x0000019d08c68000 JavaThread "jar transforms Thread 4" [_thread_blocked, id=7348, stack(0x0000002fcdc00000,0x0000002fcdd00000)]
  0x0000019d05346800 JavaThread "Memory manager" [_thread_blocked, id=10560, stack(0x0000002fcdd00000,0x0000002fcde00000)]
  0x0000019d05345800 JavaThread "build event listener" [_thread_blocked, id=18324, stack(0x0000002fcde00000,0x0000002fcdf00000)]
  0x0000019d05349000 JavaThread "Execution worker for ':'" [_thread_blocked, id=11388, stack(0x0000002fcdf00000,0x0000002fce000000)]
  0x0000019d05348000 JavaThread "Execution worker for ':' Thread 2" [_thread_blocked, id=19720, stack(0x0000002fce000000,0x0000002fce100000)]
  0x0000019d05344000 JavaThread "Execution worker for ':' Thread 3" [_thread_blocked, id=1224, stack(0x0000002fce100000,0x0000002fce200000)]
  0x0000019d05344800 JavaThread "Cache worker for execution history cache (C:\Users\SMART WAY\AndroidStudioProjects\MyApplication333333\.gradle\7.0.2\executionHistory)" [_thread_blocked, id=16308, stack(0x0000002fce200000,0x0000002fce300000)]
  0x0000019d05347000 JavaThread "WorkerExecutor Queue" [_thread_blocked, id=17036, stack(0x0000002fce300000,0x0000002fce400000)]
  0x0000019d05343000 JavaThread "WorkerExecutor Queue Thread 2" [_thread_blocked, id=10096, stack(0x0000002fce400000,0x0000002fce500000)]
  0x0000019d0534f800 JavaThread "WorkerExecutor Queue Thread 3" [_thread_blocked, id=15108, stack(0x0000002fce500000,0x0000002fce600000)]
  0x0000019d0534a800 JavaThread "WorkerExecutor Queue Thread 4" [_thread_blocked, id=1896, stack(0x0000002fce600000,0x0000002fce700000)]
  0x0000019d0534e800 JavaThread "ForkJoinPool-1-worker-3" daemon [_thread_blocked, id=14320, stack(0x0000002fce700000,0x0000002fce800000)]
  0x0000019d05349800 JavaThread "ForkJoinPool-1-worker-5" daemon [_thread_blocked, id=16420, stack(0x0000002fce800000,0x0000002fce900000)]
  0x0000019d0534d000 JavaThread "ForkJoinPool-1-worker-7" daemon [_thread_blocked, id=18952, stack(0x0000002fce900000,0x0000002fcea00000)]
  0x0000019d0534c000 JavaThread "ForkJoinPool-1-worker-1" daemon [_thread_blocked, id=9744, stack(0x0000002fcea00000,0x0000002fceb00000)]
  0x0000019d0534d800 JavaThread "pool-3-thread-1" [_thread_blocked, id=18868, stack(0x0000002fceb00000,0x0000002fcec00000)]
  0x0000019d05350000 JavaThread "stderr" [_thread_in_native, id=17712, stack(0x0000002fcec00000,0x0000002fced00000)]
  0x0000019d05351000 JavaThread "stdout" [_thread_in_native, id=19380, stack(0x0000002fced00000,0x0000002fcee00000)]

Other Threads:
=>0x0000019d7f72c000 VMThread "VM Thread" [stack: 0x0000002fcaf00000,0x0000002fcb000000] [id=10792]
  0x0000019d022a5800 WatcherThread [stack: 0x0000002fcb900000,0x0000002fcba00000] [id=14860]
  0x0000019d65c51000 GCTaskThread "GC Thread#0" [stack: 0x0000002fcaa00000,0x0000002fcab00000] [id=11796]
  0x0000019d02527800 GCTaskThread "GC Thread#1" [stack: 0x0000002fcbb00000,0x0000002fcbc00000] [id=7772]
  0x0000019d026cb000 GCTaskThread "GC Thread#2" [stack: 0x0000002fcbc00000,0x0000002fcbd00000] [id=12712]
  0x0000019d0404e800 GCTaskThread "GC Thread#3" [stack: 0x0000002fcc600000,0x0000002fcc700000] [id=17012]
  0x0000019d65c86800 ConcurrentGCThread "G1 Main Marker" [stack: 0x0000002fcab00000,0x0000002fcac00000] [id=3024]
  0x0000019d65c87800 ConcurrentGCThread "G1 Conc#0" [stack: 0x0000002fcac00000,0x0000002fcad00000] [id=19440]
  0x0000019d65d15000 ConcurrentGCThread "G1 Refine#0" [stack: 0x0000002fcad00000,0x0000002fcae00000] [id=18536]
  0x0000019d06b1c800 ConcurrentGCThread "G1 Refine#1" [stack: 0x0000002fcee00000,0x0000002fcef00000] [id=5788]
  0x0000019d06b1a000 ConcurrentGCThread "G1 Refine#2" [stack: 0x0000002fcef00000,0x0000002fcf000000] [id=20436]
  0x0000019d65d16000 ConcurrentGCThread "G1 Young RemSet Sampling" [stack: 0x0000002fcae00000,0x0000002fcaf00000] [id=1824]

Threads with active compile tasks:

VM state:at safepoint (normal execution)

VM Mutex/Monitor currently owned by a thread:  ([mutex/lock_event])
[0x0000019d65c38820] Threads_lock - owner thread: 0x0000019d7f72c000
[0x0000019d65c39090] Heap_lock - owner thread: 0x0000019d05349800

Heap address: 0x0000000080000000, size: 2048 MB, Compressed Oops mode: 32-bit
Narrow klass base: 0x0000000000000000, Narrow klass shift: 3
Compressed class space size: 1073741824 Address: 0x0000000100000000

Heap:
 garbage-first heap   total 347136K, used 166018K [0x0000000080000000, 0x0000000100000000)
  region size 1024K, 5 young (5120K), 5 survivors (5120K)
 Metaspace       used 97516K, capacity 99900K, committed 100028K, reserved 1136640K
  class space    used 12769K, capacity 13654K, committed 13696K, reserved 1048576K
Heap Regions: E=young(eden), S=young(survivor), O=old, HS=humongous(starts), HC=humongous(continues), CS=collection set, F=free, A=archive, TAMS=top-at-mark-start (previous, next)
|   0|0x0000000080000000, 0x0000000080100000, 0x0000000080100000|100%|HS|  |TAMS 0x0000000080100000, 0x0000000080000000| Complete 
|   1|0x0000000080100000, 0x0000000080200000, 0x0000000080200000|100%|HC|  |TAMS 0x0000000080200000, 0x0000000080100000| Complete 
|   2|0x0000000080200000, 0x0000000080300000, 0x0000000080300000|100%|HC|  |TAMS 0x0000000080300000, 0x0000000080200000| Complete 
|   3|0x0000000080300000, 0x0000000080400000, 0x0000000080400000|100%| O|  |TAMS 0x0000000080400000, 0x0000000080300000| Untracked 
|   4|0x0000000080400000, 0x0000000080500000, 0x0000000080500000|100%| O|  |TAMS 0x0000000080500000, 0x0000000080400000| Untracked 
|   5|0x0000000080500000, 0x0000000080600000, 0x0000000080600000|100%| O|  |TAMS 0x0000000080600000, 0x0000000080500000| Untracked 
|   6|0x0000000080600000, 0x0000000080700000, 0x0000000080700000|100%| O|  |TAMS 0x0000000080700000, 0x0000000080600000| Untracked 
|   7|0x0000000080700000, 0x0000000080800000, 0x0000000080800000|100%| O|  |TAMS 0x0000000080800000, 0x0000000080700000| Complete 
|   8|0x0000000080800000, 0x0000000080900000, 0x0000000080900000|100%| O|  |TAMS 0x0000000080900000, 0x0000000080800000| Untracked 
|   9|0x0000000080900000, 0x0000000080a00000, 0x0000000080a00000|100%| O|  |TAMS 0x0000000080a00000, 0x0000000080900000| Untracked 
|  10|0x0000000080a00000, 0x0000000080b00000, 0x0000000080b00000|100%| O|  |TAMS 0x0000000080b00000, 0x0000000080a00000| Untracked 
|  11|0x0000000080b00000, 0x0000000080c00000, 0x0000000080c00000|100%| O|  |TAMS 0x0000000080c00000, 0x0000000080b00000| Untracked 
|  12|0x0000000080c00000, 0x0000000080d00000, 0x0000000080d00000|100%| O|  |TAMS 0x0000000080d00000, 0x0000000080c00000| Untracked 
|  13|0x0000000080d00000, 0x0000000080e00000, 0x0000000080e00000|100%| O|  |TAMS 0x0000000080e00000, 0x0000000080d00000| Untracked 
|  14|0x0000000080e00000, 0x0000000080f00000, 0x0000000080f00000|100%|HS|  |TAMS 0x0000000080f00000, 0x0000000080e00000| Complete 
|  15|0x0000000080f00000, 0x0000000081000000, 0x0000000081000000|100%| O|  |TAMS 0x0000000081000000, 0x0000000080f00000| Untracked 
|  16|0x0000000081000000, 0x0000000081100000, 0x0000000081100000|100%| O|  |TAMS 0x0000000081100000, 0x0000000081000000| Untracked 
|  17|0x0000000081100000, 0x0000000081200000, 0x0000000081200000|100%| O|  |TAMS 0x0000000081200000, 0x0000000081100000| Untracked 
|  18|0x0000000081200000, 0x0000000081300000, 0x0000000081300000|100%| O|  |TAMS 0x0000000081300000, 0x0000000081200000| Untracked 
|  19|0x0000000081300000, 0x0000000081400000, 0x0000000081400000|100%| O|  |TAMS 0x0000000081400000, 0x0000000081300000| Untracked 
|  20|0x0000000081400000, 0x0000000081500000, 0x0000000081500000|100%| O|  |TAMS 0x0000000081500000, 0x0000000081400000| Untracked 
|  21|0x0000000081500000, 0x0000000081600000, 0x0000000081600000|100%| O|  |TAMS 0x0000000081600000, 0x0000000081500000| Untracked 
|  22|0x0000000081600000, 0x0000000081700000, 0x0000000081700000|100%| O|  |TAMS 0x0000000081700000, 0x0000000081600000| Complete 
|  23|0x0000000081700000, 0x0000000081800000, 0x0000000081800000|100%|HS|  |TAMS 0x0000000081800000, 0x0000000081700000| Complete 
|  24|0x0000000081800000, 0x0000000081900000, 0x0000000081900000|100%|HS|  |TAMS 0x0000000081900000, 0x0000000081800000| Complete 
|  25|0x0000000081900000, 0x0000000081a00000, 0x0000000081a00000|100%|HS|  |TAMS 0x0000000081a00000, 0x0000000081900000| Complete 
|  26|0x0000000081a00000, 0x0000000081b00000, 0x0000000081b00000|100%|HC|  |TAMS 0x0000000081b00000, 0x0000000081a00000| Complete 
|  27|0x0000000081b00000, 0x0000000081c00000, 0x0000000081c00000|100%|HC|  |TAMS 0x0000000081c00000, 0x0000000081b00000| Complete 
|  28|0x0000000081c00000, 0x0000000081d00000, 0x0000000081d00000|100%|HS|  |TAMS 0x0000000081d00000, 0x0000000081c00000| Complete 
|  29|0x0000000081d00000, 0x0000000081e00000, 0x0000000081e00000|100%|HC|  |TAMS 0x0000000081e00000, 0x0000000081d00000| Complete 
|  30|0x0000000081e00000, 0x0000000081f00000, 0x0000000081f00000|100%| O|  |TAMS 0x0000000081f00000, 0x0000000081e00000| Untracked 
|  31|0x0000000081f00000, 0x0000000082000000, 0x0000000082000000|100%| O|  |TAMS 0x0000000082000000, 0x0000000081f00000| Untracked 
|  32|0x0000000082000000, 0x0000000082100000, 0x0000000082100000|100%| O|  |TAMS 0x0000000082100000, 0x0000000082000000| Untracked 
|  33|0x0000000082100000, 0x0000000082200000, 0x0000000082200000|100%| O|  |TAMS 0x0000000082200000, 0x0000000082100000| Untracked 
|  34|0x0000000082200000, 0x0000000082300000, 0x0000000082300000|100%| O|  |TAMS 0x0000000082300000, 0x0000000082200000| Untracked 
|  35|0x0000000082300000, 0x0000000082400000, 0x0000000082400000|100%| O|  |TAMS 0x0000000082400000, 0x0000000082300000| Untracked 
|  36|0x0000000082400000, 0x0000000082500000, 0x0000000082500000|100%| O|  |TAMS 0x0000000082500000, 0x0000000082400000| Untracked 
|  37|0x0000000082500000, 0x0000000082600000, 0x0000000082600000|100%| O|  |TAMS 0x0000000082600000, 0x0000000082500000| Untracked 
|  38|0x0000000082600000, 0x0000000082700000, 0x0000000082700000|100%| O|  |TAMS 0x0000000082700000, 0x0000000082600000| Complete 
|  39|0x0000000082700000, 0x0000000082800000, 0x0000000082800000|100%| O|  |TAMS 0x0000000082800000, 0x0000000082700000| Complete 
|  40|0x0000000082800000, 0x0000000082900000, 0x0000000082900000|100%| O|  |TAMS 0x0000000082900000, 0x0000000082800000| Untracked 
|  41|0x0000000082900000, 0x0000000082a00000, 0x0000000082a00000|100%| O|  |TAMS 0x0000000082a00000, 0x0000000082900000| Untracked 
|  42|0x0000000082a00000, 0x0000000082b00000, 0x0000000082b00000|100%| O|  |TAMS 0x0000000082b00000, 0x0000000082a00000| Untracked 
|  43|0x0000000082b00000, 0x0000000082c00000, 0x0000000082c00000|100%| O|  |TAMS 0x0000000082c00000, 0x0000000082b00000| Untracked 
|  44|0x0000000082c00000, 0x0000000082d00000, 0x0000000082d00000|100%| O|  |TAMS 0x0000000082d00000, 0x0000000082c00000| Untracked 
|  45|0x0000000082d00000, 0x0000000082e00000, 0x0000000082e00000|100%| O|  |TAMS 0x0000000082e00000, 0x0000000082d00000| Untracked 
|  46|0x0000000082e00000, 0x0000000082f00000, 0x0000000082f00000|100%| O|  |TAMS 0x0000000082f00000, 0x0000000082e00000| Untracked 
|  47|0x0000000082f00000, 0x0000000083000000, 0x0000000083000000|100%| O|  |TAMS 0x0000000083000000, 0x0000000082f00000| Untracked 
|  48|0x0000000083000000, 0x0000000083100000, 0x0000000083100000|100%| O|  |TAMS 0x0000000083100000, 0x0000000083000000| Untracked 
|  49|0x0000000083100000, 0x0000000083200000, 0x0000000083200000|100%| O|  |TAMS 0x0000000083200000, 0x0000000083100000| Complete 
|  50|0x0000000083200000, 0x0000000083300000, 0x0000000083300000|100%| O|  |TAMS 0x0000000083300000, 0x0000000083200000| Untracked 
|  51|0x0000000083300000, 0x0000000083400000, 0x0000000083400000|100%| O|  |TAMS 0x0000000083400000, 0x0000000083300000| Untracked 
|  52|0x0000000083400000, 0x0000000083500000, 0x0000000083500000|100%| O|  |TAMS 0x0000000083500000, 0x0000000083400000| Untracked 
|  53|0x0000000083500000, 0x0000000083600000, 0x0000000083600000|100%| O|  |TAMS 0x0000000083600000, 0x0000000083500000| Untracked 
|  54|0x0000000083600000, 0x0000000083700000, 0x0000000083700000|100%| O|  |TAMS 0x0000000083700000, 0x0000000083600000| Untracked 
|  55|0x0000000083700000, 0x0000000083800000, 0x0000000083800000|100%| O|  |TAMS 0x0000000083800000, 0x0000000083700000| Complete 
|  56|0x0000000083800000, 0x0000000083900000, 0x0000000083900000|100%| O|  |TAMS 0x0000000083900000, 0x0000000083800000| Complete 
|  57|0x0000000083900000, 0x0000000083a00000, 0x0000000083a00000|100%| O|  |TAMS 0x0000000083a00000, 0x0000000083900000| Untracked 
|  58|0x0000000083a00000, 0x0000000083b00000, 0x0000000083b00000|100%| O|  |TAMS 0x0000000083b00000, 0x0000000083a00000| Complete 
|  59|0x0000000083b00000, 0x0000000083c00000, 0x0000000083c00000|100%| O|  |TAMS 0x0000000083c00000, 0x0000000083b00000| Untracked 
|  60|0x0000000083c00000, 0x0000000083d00000, 0x0000000083d00000|100%| O|  |TAMS 0x0000000083d00000, 0x0000000083c00000| Untracked 
|  61|0x0000000083d00000, 0x0000000083e00000, 0x0000000083e00000|100%| O|  |TAMS 0x0000000083e00000, 0x0000000083d00000| Untracked 
|  62|0x0000000083e00000, 0x0000000083f00000, 0x0000000083f00000|100%| O|  |TAMS 0x0000000083f00000, 0x0000000083e00000| Complete 
|  63|0x0000000083f00000, 0x0000000084000000, 0x0000000084000000|100%| O|  |TAMS 0x0000000084000000, 0x0000000083f00000| Untracked 
|  64|0x0000000084000000, 0x0000000084100000, 0x0000000084100000|100%| O|  |TAMS 0x0000000084100000, 0x0000000084000000| Untracked 
|  65|0x0000000084100000, 0x0000000084200000, 0x0000000084200000|100%| O|  |TAMS 0x0000000084200000, 0x0000000084100000| Untracked 
|  66|0x0000000084200000, 0x0000000084300000, 0x0000000084300000|100%| O|  |TAMS 0x0000000084300000, 0x0000000084200000| Complete 
|  67|0x0000000084300000, 0x0000000084400000, 0x0000000084400000|100%|HS|  |TAMS 0x0000000084400000, 0x0000000084300000| Complete 
|  68|0x0000000084400000, 0x0000000084500000, 0x0000000084500000|100%|HC|  |TAMS 0x0000000084500000, 0x0000000084400000| Complete 
|  69|0x0000000084500000, 0x0000000084600000, 0x0000000084600000|100%|HS|  |TAMS 0x0000000084600000, 0x0000000084500000| Complete 
|  70|0x0000000084600000, 0x0000000084700000, 0x0000000084700000|100%|HS|  |TAMS 0x0000000084700000, 0x0000000084600000| Complete 
|  71|0x0000000084700000, 0x0000000084800000, 0x0000000084800000|100%|HC|  |TAMS 0x0000000084800000, 0x0000000084700000| Complete 
|  72|0x0000000084800000, 0x0000000084900000, 0x0000000084900000|100%|HC|  |TAMS 0x0000000084900000, 0x0000000084800000| Complete 
|  73|0x0000000084900000, 0x0000000084a00000, 0x0000000084a00000|100%|HS|  |TAMS 0x0000000084a00000, 0x0000000084900000| Complete 
|  74|0x0000000084a00000, 0x0000000084b00000, 0x0000000084b00000|100%|HS|  |TAMS 0x0000000084b00000, 0x0000000084a00000| Complete 
|  75|0x0000000084b00000, 0x0000000084c00000, 0x0000000084c00000|100%| O|  |TAMS 0x0000000084c00000, 0x0000000084b00000| Complete 
|  76|0x0000000084c00000, 0x0000000084d00000, 0x0000000084d00000|100%| O|  |TAMS 0x0000000084d00000, 0x0000000084c00000| Untracked 
|  77|0x0000000084d00000, 0x0000000084e00000, 0x0000000084e00000|100%| O|  |TAMS 0x0000000084e00000, 0x0000000084d00000| Untracked 
|  78|0x0000000084e00000, 0x0000000084f00000, 0x0000000084f00000|100%| O|  |TAMS 0x0000000084f00000, 0x0000000084e00000| Untracked 
|  79|0x0000000084f00000, 0x0000000085000000, 0x0000000085000000|100%| O|  |TAMS 0x0000000085000000, 0x0000000084f00000| Untracked 
|  80|0x0000000085000000, 0x0000000085100000, 0x0000000085100000|100%| O|  |TAMS 0x0000000085100000, 0x0000000085000000| Untracked 
|  81|0x0000000085100000, 0x0000000085200000, 0x0000000085200000|100%| O|  |TAMS 0x0000000085200000, 0x0000000085100000| Untracked 
|  82|0x0000000085200000, 0x0000000085300000, 0x0000000085300000|100%| O|  |TAMS 0x0000000085300000, 0x0000000085200000| Untracked 
|  83|0x0000000085300000, 0x0000000085400000, 0x0000000085400000|100%| O|  |TAMS 0x0000000085400000, 0x0000000085300000| Untracked 
|  84|0x0000000085400000, 0x0000000085500000, 0x0000000085500000|100%| O|  |TAMS 0x0000000085500000, 0x0000000085400000| Untracked 
|  85|0x0000000085500000, 0x0000000085600000, 0x0000000085600000|100%| O|  |TAMS 0x0000000085600000, 0x0000000085500000| Untracked 
|  86|0x0000000085600000, 0x0000000085700000, 0x0000000085700000|100%| O|  |TAMS 0x0000000085700000, 0x0000000085600000| Untracked 
|  87|0x0000000085700000, 0x0000000085800000, 0x0000000085800000|100%| O|  |TAMS 0x0000000085800000, 0x0000000085700000| Complete 
|  88|0x0000000085800000, 0x0000000085900000, 0x0000000085900000|100%| O|  |TAMS 0x0000000085900000, 0x0000000085800000| Untracked 
|  89|0x0000000085900000, 0x0000000085a00000, 0x0000000085a00000|100%| O|  |TAMS 0x0000000085a00000, 0x0000000085900000| Untracked 
|  90|0x0000000085a00000, 0x0000000085b00000, 0x0000000085b00000|100%| O|  |TAMS 0x0000000085b00000, 0x0000000085a00000| Untracked 
|  91|0x0000000085b00000, 0x0000000085c00000, 0x0000000085c00000|100%| O|  |TAMS 0x0000000085c00000, 0x0000000085b00000| Untracked 
|  92|0x0000000085c00000, 0x0000000085d00000, 0x0000000085d00000|100%| O|  |TAMS 0x0000000085d00000, 0x0000000085c00000| Complete 
|  93|0x0000000085d00000, 0x0000000085e00000, 0x0000000085e00000|100%| O|  |TAMS 0x0000000085e00000, 0x0000000085d00000| Untracked 
|  94|0x0000000085e00000, 0x0000000085f00000, 0x0000000085f00000|100%| O|  |TAMS 0x0000000085f00000, 0x0000000085e00000| Complete 
|  95|0x0000000085f00000, 0x0000000086000000, 0x0000000086000000|100%| O|  |TAMS 0x0000000086000000, 0x0000000085f00000| Untracked 
|  96|0x0000000086000000, 0x0000000086100000, 0x0000000086100000|100%| O|  |TAMS 0x0000000086100000, 0x0000000086000000| Complete 
|  97|0x0000000086100000, 0x0000000086200000, 0x0000000086200000|100%| O|  |TAMS 0x0000000086200000, 0x0000000086100000| Complete 
|  98|0x0000000086200000, 0x0000000086300000, 0x0000000086300000|100%| O|  |TAMS 0x0000000086300000, 0x0000000086200000| Complete 
|  99|0x0000000086300000, 0x0000000086400000, 0x0000000086400000|100%| O|  |TAMS 0x0000000086400000, 0x0000000086300000| Complete 
| 100|0x0000000086400000, 0x0000000086500000, 0x0000000086500000|100%| O|  |TAMS 0x0000000086500000, 0x0000000086400000| Complete 
| 101|0x0000000086500000, 0x0000000086600000, 0x0000000086600000|100%| O|  |TAMS 0x0000000086600000, 0x0000000086500000| Untracked 
| 102|0x0000000086600000, 0x0000000086700000, 0x0000000086700000|100%| O|  |TAMS 0x0000000086700000, 0x0000000086600000| Untracked 
| 103|0x0000000086700000, 0x0000000086800000, 0x0000000086800000|100%| O|  |TAMS 0x0000000086800000, 0x0000000086700000| Untracked 
| 104|0x0000000086800000, 0x0000000086900000, 0x0000000086900000|100%| O|  |TAMS 0x0000000086900000, 0x0000000086800000| Untracked 
| 105|0x0000000086900000, 0x0000000086a00000, 0x0000000086a00000|100%| O|  |TAMS 0x0000000086a00000, 0x0000000086900000| Complete 
| 106|0x0000000086a00000, 0x0000000086b00000, 0x0000000086b00000|100%| O|  |TAMS 0x0000000086b00000, 0x0000000086a00000| Untracked 
| 107|0x0000000086b00000, 0x0000000086c00000, 0x0000000086c00000|100%| O|  |TAMS 0x0000000086c00000, 0x0000000086b00000| Untracked 
| 108|0x0000000086c00000, 0x0000000086d00000, 0x0000000086d00000|100%| O|  |TAMS 0x0000000086d00000, 0x0000000086c00000| Untracked 
| 109|0x0000000086d00000, 0x0000000086e00000, 0x0000000086e00000|100%| O|  |TAMS 0x0000000086e00000, 0x0000000086d00000| Untracked 
| 110|0x0000000086e00000, 0x0000000086f00000, 0x0000000086f00000|100%| O|  |TAMS 0x0000000086f00000, 0x0000000086e00000| Untracked 
| 111|0x0000000086f00000, 0x0000000087000000, 0x0000000087000000|100%| O|  |TAMS 0x0000000087000000, 0x0000000086f00000| Untracked 
| 112|0x0000000087000000, 0x0000000087100000, 0x0000000087100000|100%| O|  |TAMS 0x0000000087100000, 0x0000000087000000| Untracked 
| 113|0x0000000087100000, 0x0000000087200000, 0x0000000087200000|100%| O|  |TAMS 0x0000000087200000, 0x0000000087100000| Untracked 
| 114|0x0000000087200000, 0x0000000087300000, 0x0000000087300000|100%| O|  |TAMS 0x0000000087300000, 0x0000000087200000| Untracked 
| 115|0x0000000087300000, 0x0000000087400000, 0x0000000087400000|100%| O|  |TAMS 0x0000000087400000, 0x0000000087300000| Untracked 
| 116|0x0000000087400000, 0x0000000087500000, 0x0000000087500000|100%| O|  |TAMS 0x0000000087500000, 0x0000000087400000| Complete 
| 117|0x0000000087500000, 0x0000000087600000, 0x0000000087600000|100%| O|  |TAMS 0x0000000087600000, 0x0000000087500000| Complete 
| 118|0x0000000087600000, 0x0000000087700000, 0x0000000087700000|100%| O|  |TAMS 0x0000000087700000, 0x0000000087600000| Untracked 
| 119|0x0000000087700000, 0x0000000087800000, 0x0000000087800000|100%| O|  |TAMS 0x0000000087800000, 0x0000000087700000| Untracked 
| 120|0x0000000087800000, 0x0000000087900000, 0x0000000087900000|100%| O|  |TAMS 0x0000000087900000, 0x0000000087800000| Complete 
| 121|0x0000000087900000, 0x0000000087a00000, 0x0000000087a00000|100%| O|  |TAMS 0x0000000087a00000, 0x0000000087900000| Complete 
| 122|0x0000000087a00000, 0x0000000087b00000, 0x0000000087b00000|100%| O|  |TAMS 0x0000000087b00000, 0x0000000087a00000| Untracked 
| 123|0x0000000087b00000, 0x0000000087c00000, 0x0000000087c00000|100%| O|  |TAMS 0x0000000087c00000, 0x0000000087b00000| Untracked 
| 124|0x0000000087c00000, 0x0000000087d00000, 0x0000000087d00000|100%| O|  |TAMS 0x0000000087d00000, 0x0000000087c00000| Untracked 
| 125|0x0000000087d00000, 0x0000000087e00000, 0x0000000087e00000|100%| O|  |TAMS 0x0000000087e00000, 0x0000000087d00000| Untracked 
| 126|0x0000000087e00000, 0x0000000087f00000, 0x0000000087f00000|100%| O|  |TAMS 0x0000000087f00000, 0x0000000087e00000| Untracked 
| 127|0x0000000087f00000, 0x0000000088000000, 0x0000000088000000|100%| O|  |TAMS 0x0000000088000000, 0x0000000087f00000| Untracked 
| 128|0x0000000088000000, 0x0000000088100000, 0x0000000088100000|100%| O|  |TAMS 0x0000000088100000, 0x0000000088000000| Untracked 
| 129|0x0000000088100000, 0x0000000088200000, 0x0000000088200000|100%| O|  |TAMS 0x0000000088200000, 0x0000000088100000| Untracked 
| 130|0x0000000088200000, 0x0000000088300000, 0x0000000088300000|100%| O|  |TAMS 0x0000000088300000, 0x0000000088200000| Untracked 
| 131|0x0000000088300000, 0x0000000088400000, 0x0000000088400000|100%| O|  |TAMS 0x0000000088400000, 0x0000000088300000| Untracked 
| 132|0x0000000088400000, 0x0000000088500000, 0x0000000088500000|100%| O|  |TAMS 0x0000000088500000, 0x0000000088400000| Untracked 
| 133|0x0000000088500000, 0x0000000088600000, 0x0000000088600000|100%| O|  |TAMS 0x0000000088600000, 0x0000000088500000| Untracked 
| 134|0x0000000088600000, 0x0000000088700000, 0x0000000088700000|100%| O|  |TAMS 0x0000000088700000, 0x0000000088600000| Untracked 
| 135|0x0000000088700000, 0x0000000088800000, 0x0000000088800000|100%| O|  |TAMS 0x0000000088800000, 0x0000000088700000| Untracked 
| 136|0x0000000088800000, 0x0000000088900000, 0x0000000088900000|100%| O|  |TAMS 0x0000000088900000, 0x0000000088800000| Untracked 
| 137|0x0000000088900000, 0x0000000088a00000, 0x0000000088a00000|100%| O|  |TAMS 0x0000000088a00000, 0x0000000088900000| Complete 
| 138|0x0000000088a00000, 0x0000000088b00000, 0x0000000088b00000|100%| O|  |TAMS 0x0000000088b00000, 0x0000000088a00000| Untracked 
| 139|0x0000000088b00000, 0x0000000088c00000, 0x0000000088c00000|100%| O|  |TAMS 0x0000000088c00000, 0x0000000088b00000| Untracked 
| 140|0x0000000088c00000, 0x0000000088d00000, 0x0000000088d00000|100%| O|  |TAMS 0x0000000088d00000, 0x0000000088c00000| Complete 
| 141|0x0000000088d00000, 0x0000000088e00000, 0x0000000088e00000|100%| O|  |TAMS 0x0000000088e00000, 0x0000000088d00000| Complete 
| 142|0x0000000088e00000, 0x0000000088f00000, 0x0000000088f00000|100%| O|  |TAMS 0x0000000088f00000, 0x0000000088e00000| Complete 
| 143|0x0000000088f00000, 0x0000000089000000, 0x0000000089000000|100%| O|  |TAMS 0x0000000089000000, 0x0000000088f00000| Untracked 
| 144|0x0000000089000000, 0x0000000089100000, 0x0000000089100000|100%| O|  |TAMS 0x0000000089100000, 0x0000000089000000| Untracked 
| 145|0x0000000089100000, 0x0000000089200000, 0x0000000089200000|100%| O|  |TAMS 0x0000000089200000, 0x0000000089100000| Untracked 
| 146|0x0000000089200000, 0x0000000089300000, 0x0000000089300000|100%| O|  |TAMS 0x0000000089300000, 0x0000000089200000| Complete 
| 147|0x0000000089300000, 0x00000000893f0800, 0x0000000089400000| 93%| O|  |TAMS 0x00000000893f0800, 0x0000000089300000| Untracked 
| 148|0x0000000089400000, 0x0000000089500000, 0x0000000089500000|100%|HS|  |TAMS 0x0000000089400000, 0x0000000089400000| Complete 
| 149|0x0000000089500000, 0x0000000089600000, 0x0000000089600000|100%|HS|  |TAMS 0x0000000089500000, 0x0000000089500000| Complete 
| 150|0x0000000089600000, 0x0000000089700000, 0x0000000089700000|100%|HS|  |TAMS 0x0000000089600000, 0x0000000089600000| Complete 
| 151|0x0000000089700000, 0x0000000089800000, 0x0000000089800000|100%|HC|  |TAMS 0x0000000089700000, 0x0000000089700000| Complete 
| 152|0x0000000089800000, 0x0000000089900000, 0x0000000089900000|100%|HS|  |TAMS 0x0000000089800000, 0x0000000089800000| Complete 
| 153|0x0000000089900000, 0x0000000089a00000, 0x0000000089a00000|100%|HC|  |TAMS 0x0000000089900000, 0x0000000089900000| Complete 
| 154|0x0000000089a00000, 0x0000000089b00000, 0x0000000089b00000|100%|HS|  |TAMS 0x0000000089a00000, 0x0000000089a00000| Complete 
| 155|0x0000000089b00000, 0x0000000089c00000, 0x0000000089c00000|100%|HS|  |TAMS 0x0000000089b00000, 0x0000000089b00000| Complete 
| 156|0x0000000089c00000, 0x0000000089d00000, 0x0000000089d00000|100%|HS|  |TAMS 0x0000000089c00000, 0x0000000089c00000| Complete 
| 157|0x0000000089d00000, 0x0000000089e00000, 0x0000000089e00000|100%|HC|  |TAMS 0x0000000089d00000, 0x0000000089d00000| Complete 
| 158|0x0000000089e00000, 0x0000000089e00000, 0x0000000089f00000|  0%| F|  |TAMS 0x0000000089e00000, 0x0000000089e00000| Untracked 
| 159|0x0000000089f00000, 0x0000000089f00000, 0x000000008a000000|  0%| F|  |TAMS 0x0000000089f00000, 0x0000000089f00000| Untracked 
| 160|0x000000008a000000, 0x000000008a000000, 0x000000008a100000|  0%| F|  |TAMS 0x000000008a000000, 0x000000008a000000| Untracked 
| 161|0x000000008a100000, 0x000000008a100000, 0x000000008a200000|  0%| F|  |TAMS 0x000000008a100000, 0x000000008a100000| Untracked 
| 162|0x000000008a200000, 0x000000008a200000, 0x000000008a300000|  0%| F|  |TAMS 0x000000008a200000, 0x000000008a200000| Untracked 
| 163|0x000000008a300000, 0x000000008a300000, 0x000000008a400000|  0%| F|  |TAMS 0x000000008a300000, 0x000000008a300000| Untracked 
| 164|0x000000008a400000, 0x000000008a400000, 0x000000008a500000|  0%| F|  |TAMS 0x000000008a400000, 0x000000008a400000| Untracked 
| 165|0x000000008a500000, 0x000000008a500000, 0x000000008a600000|  0%| F|  |TAMS 0x000000008a500000, 0x000000008a500000| Untracked 
| 166|0x000000008a600000, 0x000000008a600000, 0x000000008a700000|  0%| F|  |TAMS 0x000000008a600000, 0x000000008a600000| Untracked 
| 167|0x000000008a700000, 0x000000008a700000, 0x000000008a800000|  0%| F|  |TAMS 0x000000008a700000, 0x000000008a700000| Untracked 
| 168|0x000000008a800000, 0x000000008a800000, 0x000000008a900000|  0%| F|  |TAMS 0x000000008a800000, 0x000000008a800000| Untracked 
| 169|0x000000008a900000, 0x000000008a900000, 0x000000008aa00000|  0%| F|  |TAMS 0x000000008a900000, 0x000000008a900000| Untracked 
| 170|0x000000008aa00000, 0x000000008aa00000, 0x000000008ab00000|  0%| F|  |TAMS 0x000000008aa00000, 0x000000008aa00000| Untracked 
| 171|0x000000008ab00000, 0x000000008ab00000, 0x000000008ac00000|  0%| F|  |TAMS 0x000000008ab00000, 0x000000008ab00000| Untracked 
| 172|0x000000008ac00000, 0x000000008ac00000, 0x000000008ad00000|  0%| F|  |TAMS 0x000000008ac00000, 0x000000008ac00000| Untracked 
| 173|0x000000008ad00000, 0x000000008ad00000, 0x000000008ae00000|  0%| F|  |TAMS 0x000000008ad00000, 0x000000008ad00000| Untracked 
| 174|0x000000008ae00000, 0x000000008ae00000, 0x000000008af00000|  0%| F|  |TAMS 0x000000008ae00000, 0x000000008ae00000| Untracked 
| 175|0x000000008af00000, 0x000000008af00000, 0x000000008b000000|  0%| F|  |TAMS 0x000000008af00000, 0x000000008af00000| Untracked 
| 176|0x000000008b000000, 0x000000008b000000, 0x000000008b100000|  0%| F|  |TAMS 0x000000008b000000, 0x000000008b000000| Untracked 
| 177|0x000000008b100000, 0x000000008b100000, 0x000000008b200000|  0%| F|  |TAMS 0x000000008b100000, 0x000000008b100000| Untracked 
| 178|0x000000008b200000, 0x000000008b200000, 0x000000008b300000|  0%| F|  |TAMS 0x000000008b200000, 0x000000008b200000| Untracked 
| 179|0x000000008b300000, 0x000000008b300000, 0x000000008b400000|  0%| F|  |TAMS 0x000000008b300000, 0x000000008b300000| Untracked 
| 180|0x000000008b400000, 0x000000008b400000, 0x000000008b500000|  0%| F|  |TAMS 0x000000008b400000, 0x000000008b400000| Untracked 
| 181|0x000000008b500000, 0x000000008b500000, 0x000000008b600000|  0%| F|  |TAMS 0x000000008b500000, 0x000000008b500000| Untracked 
| 182|0x000000008b600000, 0x000000008b600000, 0x000000008b700000|  0%| F|  |TAMS 0x000000008b600000, 0x000000008b600000| Untracked 
| 183|0x000000008b700000, 0x000000008b700000, 0x000000008b800000|  0%| F|  |TAMS 0x000000008b700000, 0x000000008b700000| Untracked 
| 184|0x000000008b800000, 0x000000008b800000, 0x000000008b900000|  0%| F|  |TAMS 0x000000008b800000, 0x000000008b800000| Untracked 
| 185|0x000000008b900000, 0x000000008b900000, 0x000000008ba00000|  0%| F|  |TAMS 0x000000008b900000, 0x000000008b900000| Untracked 
| 186|0x000000008ba00000, 0x000000008ba00000, 0x000000008bb00000|  0%| F|  |TAMS 0x000000008ba00000, 0x000000008ba00000| Untracked 
| 187|0x000000008bb00000, 0x000000008bb00000, 0x000000008bc00000|  0%| F|  |TAMS 0x000000008bb00000, 0x000000008bb00000| Untracked 
| 188|0x000000008bc00000, 0x000000008bc00000, 0x000000008bd00000|  0%| F|  |TAMS 0x000000008bc00000, 0x000000008bc00000| Untracked 
| 189|0x000000008bd00000, 0x000000008bd00000, 0x000000008be00000|  0%| F|  |TAMS 0x000000008bd00000, 0x000000008bd00000| Untracked 
| 190|0x000000008be00000, 0x000000008be00000, 0x000000008bf00000|  0%| F|  |TAMS 0x000000008be00000, 0x000000008be00000| Untracked 
| 191|0x000000008bf00000, 0x000000008bf00000, 0x000000008c000000|  0%| F|  |TAMS 0x000000008bf00000, 0x000000008bf00000| Untracked 
| 192|0x000000008c000000, 0x000000008c000000, 0x000000008c100000|  0%| F|  |TAMS 0x000000008c000000, 0x000000008c000000| Untracked 
| 193|0x000000008c100000, 0x000000008c100000, 0x000000008c200000|  0%| F|  |TAMS 0x000000008c100000, 0x000000008c100000| Untracked 
| 194|0x000000008c200000, 0x000000008c230030, 0x000000008c300000| 18%| S|CS|TAMS 0x000000008c200000, 0x000000008c200000| Complete 
| 195|0x000000008c300000, 0x000000008c400000, 0x000000008c400000|100%| S|CS|TAMS 0x000000008c300000, 0x000000008c300000| Complete 
| 196|0x000000008c400000, 0x000000008c500000, 0x000000008c500000|100%| S|CS|TAMS 0x000000008c400000, 0x000000008c400000| Complete 
| 197|0x000000008c500000, 0x000000008c600000, 0x000000008c600000|100%| S|CS|TAMS 0x000000008c500000, 0x000000008c500000| Complete 
| 198|0x000000008c600000, 0x000000008c700000, 0x000000008c700000|100%| S|CS|TAMS 0x000000008c600000, 0x000000008c600000| Complete 
| 199|0x000000008c700000, 0x000000008c700000, 0x000000008c800000|  0%| F|  |TAMS 0x000000008c700000, 0x000000008c700000| Untracked 
| 200|0x000000008c800000, 0x000000008c800000, 0x000000008c900000|  0%| F|  |TAMS 0x000000008c800000, 0x000000008c800000| Untracked 
| 201|0x000000008c900000, 0x000000008c900000, 0x000000008ca00000|  0%| F|  |TAMS 0x000000008c900000, 0x000000008c900000| Untracked 
| 202|0x000000008ca00000, 0x000000008ca00000, 0x000000008cb00000|  0%| F|  |TAMS 0x000000008ca00000, 0x000000008ca00000| Untracked 
| 203|0x000000008cb00000, 0x000000008cb00000, 0x000000008cc00000|  0%| F|  |TAMS 0x000000008cb00000, 0x000000008cb00000| Untracked 
| 204|0x000000008cc00000, 0x000000008cc00000, 0x000000008cd00000|  0%| F|  |TAMS 0x000000008cc00000, 0x000000008cc00000| Untracked 
| 205|0x000000008cd00000, 0x000000008cd00000, 0x000000008ce00000|  0%| F|  |TAMS 0x000000008cd00000, 0x000000008cd00000| Untracked 
| 206|0x000000008ce00000, 0x000000008ce00000, 0x000000008cf00000|  0%| F|  |TAMS 0x000000008ce00000, 0x000000008ce00000| Untracked 
| 207|0x000000008cf00000, 0x000000008cf00000, 0x000000008d000000|  0%| F|  |TAMS 0x000000008cf00000, 0x000000008cf00000| Untracked 
| 208|0x000000008d000000, 0x000000008d000000, 0x000000008d100000|  0%| F|  |TAMS 0x000000008d000000, 0x000000008d000000| Untracked 
| 209|0x000000008d100000, 0x000000008d100000, 0x000000008d200000|  0%| F|  |TAMS 0x000000008d100000, 0x000000008d100000| Untracked 
| 210|0x000000008d200000, 0x000000008d200000, 0x000000008d300000|  0%| F|  |TAMS 0x000000008d200000, 0x000000008d200000| Untracked 
| 211|0x000000008d300000, 0x000000008d300000, 0x000000008d400000|  0%| F|  |TAMS 0x000000008d300000, 0x000000008d300000| Untracked 
| 212|0x000000008d400000, 0x000000008d400000, 0x000000008d500000|  0%| F|  |TAMS 0x000000008d400000, 0x000000008d400000| Untracked 
| 213|0x000000008d500000, 0x000000008d500000, 0x000000008d600000|  0%| F|  |TAMS 0x000000008d500000, 0x000000008d500000| Untracked 
| 214|0x000000008d600000, 0x000000008d600000, 0x000000008d700000|  0%| F|  |TAMS 0x000000008d600000, 0x000000008d600000| Untracked 
| 215|0x000000008d700000, 0x000000008d700000, 0x000000008d800000|  0%| F|  |TAMS 0x000000008d700000, 0x000000008d700000| Untracked 
| 216|0x000000008d800000, 0x000000008d800000, 0x000000008d900000|  0%| F|  |TAMS 0x000000008d800000, 0x000000008d800000| Untracked 
| 217|0x000000008d900000, 0x000000008d900000, 0x000000008da00000|  0%| F|  |TAMS 0x000000008d900000, 0x000000008d900000| Untracked 
| 218|0x000000008da00000, 0x000000008da00000, 0x000000008db00000|  0%| F|  |TAMS 0x000000008da00000, 0x000000008da00000| Untracked 
| 219|0x000000008db00000, 0x000000008db00000, 0x000000008dc00000|  0%| F|  |TAMS 0x000000008db00000, 0x000000008db00000| Untracked 
| 220|0x000000008dc00000, 0x000000008dc00000, 0x000000008dd00000|  0%| F|  |TAMS 0x000000008dc00000, 0x000000008dc00000| Untracked 
| 221|0x000000008dd00000, 0x000000008dd00000, 0x000000008de00000|  0%| F|  |TAMS 0x000000008dd00000, 0x000000008dd00000| Untracked 
| 222|0x000000008de00000, 0x000000008de00000, 0x000000008df00000|  0%| F|  |TAMS 0x000000008de00000, 0x000000008de00000| Untracked 
| 223|0x000000008df00000, 0x000000008df00000, 0x000000008e000000|  0%| F|  |TAMS 0x000000008df00000, 0x000000008df00000| Untracked 
| 224|0x000000008e000000, 0x000000008e000000, 0x000000008e100000|  0%| F|  |TAMS 0x000000008e000000, 0x000000008e000000| Untracked 
| 225|0x000000008e100000, 0x000000008e100000, 0x000000008e200000|  0%| F|  |TAMS 0x000000008e100000, 0x000000008e100000| Untracked 
| 226|0x000000008e200000, 0x000000008e200000, 0x000000008e300000|  0%| F|  |TAMS 0x000000008e200000, 0x000000008e200000| Untracked 
| 227|0x000000008e300000, 0x000000008e300000, 0x000000008e400000|  0%| F|  |TAMS 0x000000008e300000, 0x000000008e300000| Untracked 
| 228|0x000000008e400000, 0x000000008e400000, 0x000000008e500000|  0%| F|  |TAMS 0x000000008e400000, 0x000000008e400000| Untracked 
| 229|0x000000008e500000, 0x000000008e500000, 0x000000008e600000|  0%| F|  |TAMS 0x000000008e500000, 0x000000008e500000| Untracked 
| 230|0x000000008e600000, 0x000000008e600000, 0x000000008e700000|  0%| F|  |TAMS 0x000000008e600000, 0x000000008e600000| Untracked 
| 231|0x000000008e700000, 0x000000008e700000, 0x000000008e800000|  0%| F|  |TAMS 0x000000008e700000, 0x000000008e700000| Untracked 
| 232|0x000000008e800000, 0x000000008e800000, 0x000000008e900000|  0%| F|  |TAMS 0x000000008e800000, 0x000000008e800000| Untracked 
| 233|0x000000008e900000, 0x000000008e900000, 0x000000008ea00000|  0%| F|  |TAMS 0x000000008e900000, 0x000000008e900000| Untracked 
| 234|0x000000008ea00000, 0x000000008ea00000, 0x000000008eb00000|  0%| F|  |TAMS 0x000000008ea00000, 0x000000008ea00000| Untracked 
| 235|0x000000008eb00000, 0x000000008eb00000, 0x000000008ec00000|  0%| F|  |TAMS 0x000000008eb00000, 0x000000008eb00000| Untracked 
| 236|0x000000008ec00000, 0x000000008ec00000, 0x000000008ed00000|  0%| F|  |TAMS 0x000000008ec00000, 0x000000008ec00000| Untracked 
| 237|0x000000008ed00000, 0x000000008ed00000, 0x000000008ee00000|  0%| F|  |TAMS 0x000000008ed00000, 0x000000008ed00000| Untracked 
| 238|0x000000008ee00000, 0x000000008ee00000, 0x000000008ef00000|  0%| F|  |TAMS 0x000000008ee00000, 0x000000008ee00000| Untracked 

Card table byte_map: [0x0000019d7a920000,0x0000019d7ad20000] _byte_map_base: 0x0000019d7a520000

Marking Bits (Prev, Next): (CMBitMap*) 0x0000019d65c7dd28, (CMBitMap*) 0x0000019d65c7dd60
 Prev Bits: [0x0000019d7b120000, 0x0000019d7d120000)
 Next Bits: [0x0000019d7d120000, 0x0000019d7f120000)

Polling page: 0x0000019d65b00000

Metaspace:

Usage:
  Non-class:     84.22 MB capacity,    82.76 MB ( 98%) used,     1.19 MB (  1%) free+waste,   281.00 KB ( <1%) overhead. 
      Class:     13.33 MB capacity,    12.47 MB ( 94%) used,   759.52 KB (  6%) free+waste,   125.13 KB ( <1%) overhead. 
       Both:     97.56 MB capacity,    95.23 MB ( 98%) used,     1.93 MB (  2%) free+waste,   406.13 KB ( <1%) overhead. 

Virtual space:
  Non-class space:       86.00 MB reserved,      84.31 MB ( 98%) committed 
      Class space:        1.00 GB reserved,      13.38 MB (  1%) committed 
             Both:        1.08 GB reserved,      97.68 MB (  9%) committed 

Chunk freelists:
   Non-Class:  22.00 KB
       Class:  10.00 KB
        Both:  32.00 KB

MaxMetaspaceSize: 17179869184.00 GB
CompressedClassSpaceSize: 1.00 GB

CodeHeap 'non-profiled nmethods': size=120064Kb used=7700Kb max_used=7700Kb free=112363Kb
 bounds [0x0000019d729c0000, 0x0000019d73150000, 0x0000019d79f00000]
CodeHeap 'profiled nmethods': size=120000Kb used=26069Kb max_used=26069Kb free=93930Kb
 bounds [0x0000019d6b490000, 0x0000019d6ce10000, 0x0000019d729c0000]
CodeHeap 'non-nmethods': size=5696Kb used=2307Kb max_used=2375Kb free=3388Kb
 bounds [0x0000019d6af00000, 0x0000019d6b170000, 0x0000019d6b490000]
 total_blobs=13016 nmethods=12104 adapters=823
 compilation: enabled
              stopped_count=0, restarted_count=0
 full_count=0

Compilation events (20 events):
Event: 30.052 Thread 0x0000019d7f781800 nmethod 11960 0x0000019d73142610 code [0x0000019d731427a0, 0x0000019d731427f8]
Event: 30.052 Thread 0x0000019d7f781800 11961       4       com.android.tools.r8.graph.v0$d::<init> (8 bytes)
Event: 30.054 Thread 0x0000019d04e7e800 nmethod 12225 0x0000019d73142890 code [0x0000019d73142a40, 0x0000019d73142fd8]
Event: 30.054 Thread 0x0000019d04e7e800 12227       4       com.android.tools.r8.internal.Su$$Lambda$1185/0x0000000100d4e040::applyAsInt (12 bytes)
Event: 30.056 Thread 0x0000019d7f781800 nmethod 11961 0x0000019d73143310 code [0x0000019d731434a0, 0x0000019d73143758]
Event: 30.056 Thread 0x0000019d7f781800 11962       4       com.android.tools.r8.graph.v0$d::<init> (13 bytes)
Event: 30.059 Thread 0x0000019d04e7e800 nmethod 12227 0x0000019d73143810 code [0x0000019d731439e0, 0x0000019d73143ca8]
Event: 30.059 Thread 0x0000019d7f781800 nmethod 11962 0x0000019d73143f90 code [0x0000019d73144120, 0x0000019d731443d8]
Event: 30.062 Thread 0x0000019d7f782800 12228       3       java.util.TimSort::gallopRight (335 bytes)
Event: 30.063 Thread 0x0000019d7f782800 nmethod 12228 0x0000019d6ce01a10 code [0x0000019d6ce01c60, 0x0000019d6ce02758]
Event: 30.063 Thread 0x0000019d7f782800 12229       3       com.android.tools.r8.internal.l8::a (24 bytes)
Event: 30.064 Thread 0x0000019d7f782800 nmethod 12229 0x0000019d6ce02b10 code [0x0000019d6ce02d00, 0x0000019d6ce030b8]
Event: 30.074 Thread 0x0000019d7f782800 12230       3       java.util.TimSort::gallopLeft (335 bytes)
Event: 30.075 Thread 0x0000019d7f782800 nmethod 12230 0x0000019d6ce03210 code [0x0000019d6ce03460, 0x0000019d6ce03f38]
Event: 30.076 Thread 0x0000019d7f782800 12231       3       java.util.TimSort::mergeCollapse (134 bytes)
Event: 30.077 Thread 0x0000019d7f782800 nmethod 12231 0x0000019d6ce04310 code [0x0000019d6ce04500, 0x0000019d6ce04a28]
Event: 30.081 Thread 0x0000019d7f782800 12232       3       java.util.TimSort::mergeAt (358 bytes)
Event: 30.082 Thread 0x0000019d7f782800 nmethod 12232 0x0000019d6ce04c90 code [0x0000019d6ce04ec0, 0x0000019d6ce05458]
Event: 30.097 Thread 0x0000019d04e7e800 12233       4       com.android.tools.r8.internal.l8::a (24 bytes)
Event: 30.108 Thread 0x0000019d04e7e800 nmethod 12233 0x0000019d73144490 code [0x0000019d73144680, 0x0000019d73144cb8]

GC Heap History (20 events):
Event: 15.935 GC heap after
{Heap after GC invocations=18 (full 0):
 garbage-first heap   total 157696K, used 64324K [0x0000000080000000, 0x0000000100000000)
  region size 1024K, 9 young (9216K), 9 survivors (9216K)
 Metaspace       used 74402K, capacity 76163K, committed 76476K, reserved 1116160K
  class space    used 9618K, capacity 10257K, committed 10368K, reserved 1048576K
}
Event: 17.131 GC heap before
{Heap before GC invocations=18 (full 0):
 garbage-first heap   total 157696K, used 124740K [0x0000000080000000, 0x0000000100000000)
  region size 1024K, 68 young (69632K), 9 survivors (9216K)
 Metaspace       used 80960K, capacity 82915K, committed 83132K, reserved 1122304K
  class space    used 10585K, capacity 11304K, committed 11392K, reserved 1048576K
}
Event: 17.151 GC heap after
{Heap after GC invocations=19 (full 0):
 garbage-first heap   total 189440K, used 68586K [0x0000000080000000, 0x0000000100000000)
  region size 1024K, 9 young (9216K), 9 survivors (9216K)
 Metaspace       used 80960K, capacity 82915K, committed 83132K, reserved 1122304K
  class space    used 10585K, capacity 11304K, committed 11392K, reserved 1048576K
}
Event: 19.137 GC heap before
{Heap before GC invocations=19 (full 0):
 garbage-first heap   total 189440K, used 138218K [0x0000000080000000, 0x0000000100000000)
  region size 1024K, 78 young (79872K), 9 survivors (9216K)
 Metaspace       used 83389K, capacity 85452K, committed 85692K, reserved 1124352K
  class space    used 10809K, capacity 11597K, committed 11648K, reserved 1048576K
}
Event: 19.156 GC heap after
{Heap after GC invocations=20 (full 0):
 garbage-first heap   total 189440K, used 73105K [0x0000000080000000, 0x0000000100000000)
  region size 1024K, 9 young (9216K), 9 survivors (9216K)
 Metaspace       used 83389K, capacity 85452K, committed 85692K, reserved 1124352K
  class space    used 10809K, capacity 11597K, committed 11648K, reserved 1048576K
}
Event: 20.298 GC heap before
{Heap before GC invocations=20 (full 0):
 garbage-first heap   total 189440K, used 143761K [0x0000000080000000, 0x0000000100000000)
  region size 1024K, 79 young (80896K), 9 survivors (9216K)
 Metaspace       used 87860K, capacity 90007K, committed 90044K, reserved 1128448K
  class space    used 11366K, capacity 12140K, committed 12160K, reserved 1048576K
}
Event: 20.316 GC heap after
{Heap after GC invocations=21 (full 0):
 garbage-first heap   total 189440K, used 76609K [0x0000000080000000, 0x0000000100000000)
  region size 1024K, 8 young (8192K), 8 survivors (8192K)
 Metaspace       used 87860K, capacity 90007K, committed 90044K, reserved 1128448K
  class space    used 11366K, capacity 12140K, committed 12160K, reserved 1048576K
}
Event: 22.614 GC heap before
{Heap before GC invocations=21 (full 0):
 garbage-first heap   total 189440K, used 151361K [0x0000000080000000, 0x0000000100000000)
  region size 1024K, 67 young (68608K), 8 survivors (8192K)
 Metaspace       used 91497K, capacity 93703K, committed 93884K, reserved 1130496K
  class space    used 11849K, capacity 12649K, committed 12672K, reserved 1048576K
}
Event: 22.646 GC heap after
{Heap after GC invocations=22 (full 0):
 garbage-first heap   total 189440K, used 96809K [0x0000000080000000, 0x0000000100000000)
  region size 1024K, 10 young (10240K), 10 survivors (10240K)
 Metaspace       used 91497K, capacity 93703K, committed 93884K, reserved 1130496K
  class space    used 11849K, capacity 12649K, committed 12672K, reserved 1048576K
}
Event: 24.150 GC heap before
{Heap before GC invocations=23 (full 0):
 garbage-first heap   total 189440K, used 153129K [0x0000000080000000, 0x0000000100000000)
  region size 1024K, 62 young (63488K), 10 survivors (10240K)
 Metaspace       used 91867K, capacity 94016K, committed 94268K, reserved 1130496K
  class space    used 11877K, capacity 12682K, committed 12800K, reserved 1048576K
}
Event: 24.292 GC heap after
{Heap after GC invocations=24 (full 0):
 garbage-first heap   total 189440K, used 113664K [0x0000000080000000, 0x0000000100000000)
  region size 1024K, 9 young (9216K), 9 survivors (9216K)
 Metaspace       used 91867K, capacity 94016K, committed 94268K, reserved 1130496K
  class space    used 11877K, capacity 12682K, committed 12800K, reserved 1048576K
}
Event: 25.693 GC heap before
{Heap before GC invocations=25 (full 0):
 garbage-first heap   total 189440K, used 152576K [0x0000000080000000, 0x0000000100000000)
  region size 1024K, 46 young (47104K), 9 survivors (9216K)
 Metaspace       used 94655K, capacity 97009K, committed 97084K, reserved 1132544K
  class space    used 12398K, capacity 13264K, committed 13312K, reserved 1048576K
}
Event: 25.748 GC heap after
{Heap after GC invocations=26 (full 0):
 garbage-first heap   total 244736K, used 129024K [0x0000000080000000, 0x0000000100000000)
  region size 1024K, 6 young (6144K), 6 survivors (6144K)
 Metaspace       used 94655K, capacity 97009K, committed 97084K, reserved 1132544K
  class space    used 12398K, capacity 13264K, committed 13312K, reserved 1048576K
}
Event: 26.661 GC heap before
{Heap before GC invocations=26 (full 0):
 garbage-first heap   total 244736K, used 178176K [0x0000000080000000, 0x0000000100000000)
  region size 1024K, 55 young (56320K), 6 survivors (6144K)
 Metaspace       used 95510K, capacity 97831K, committed 97980K, reserved 1134592K
  class space    used 12517K, capacity 13387K, committed 13440K, reserved 1048576K
}
Event: 26.834 GC heap after
{Heap after GC invocations=27 (full 0):
 garbage-first heap   total 244736K, used 152576K [0x0000000080000000, 0x0000000100000000)
  region size 1024K, 7 young (7168K), 7 survivors (7168K)
 Metaspace       used 95510K, capacity 97831K, committed 97980K, reserved 1134592K
  class space    used 12517K, capacity 13387K, committed 13440K, reserved 1048576K
}
Event: 27.780 GC heap before
{Heap before GC invocations=28 (full 0):
 garbage-first heap   total 244736K, used 181248K [0x0000000080000000, 0x0000000100000000)
  region size 1024K, 43 young (44032K), 7 survivors (7168K)
 Metaspace       used 97249K, capacity 99664K, committed 99772K, reserved 1136640K
  class space    used 12747K, capacity 13646K, committed 13696K, reserved 1048576K
}
Event: 27.810 GC heap after
{Heap after GC invocations=29 (full 0):
 garbage-first heap   total 244736K, used 151742K [0x0000000080000000, 0x0000000100000000)
  region size 1024K, 6 young (6144K), 6 survivors (6144K)
 Metaspace       used 97249K, capacity 99664K, committed 99772K, reserved 1136640K
  class space    used 12747K, capacity 13646K, committed 13696K, reserved 1048576K
}
Event: 27.992 GC heap before
{Heap before GC invocations=29 (full 0):
 garbage-first heap   total 244736K, used 159934K [0x0000000080000000, 0x0000000100000000)
  region size 1024K, 16 young (16384K), 6 survivors (6144K)
 Metaspace       used 97262K, capacity 99729K, committed 100028K, reserved 1136640K
  class space    used 12747K, capacity 13646K, committed 13696K, reserved 1048576K
}
Event: 28.021 GC heap after
{Heap after GC invocations=30 (full 0):
 garbage-first heap   total 244736K, used 153322K [0x0000000080000000, 0x0000000100000000)
  region size 1024K, 2 young (2048K), 2 survivors (2048K)
 Metaspace       used 97262K, capacity 99729K, committed 100028K, reserved 1136640K
  class space    used 12747K, capacity 13646K, committed 13696K, reserved 1048576K
}
Event: 30.147 GC heap before
{Heap before GC invocations=31 (full 0):
 garbage-first heap   total 244736K, used 201450K [0x0000000080000000, 0x0000000100000000)
  region size 1024K, 40 young (40960K), 2 survivors (2048K)
 Metaspace       used 97516K, capacity 99900K, committed 100028K, reserved 1136640K
  class space    used 12769K, capacity 13654K, committed 13696K, reserved 1048576K
}

Deoptimization events (20 events):
Event: 29.991 Thread 0x0000019d05349800 Uncommon trap: trap_request=0xffffffde fr.pc=0x0000019d73080efc relative=0x000000000000011c
Event: 29.991 Thread 0x0000019d05349800 Uncommon trap: reason=class_check action=maybe_recompile pc=0x0000019d73080efc method=com.android.tools.r8.graph.X.a(Lcom/android/tools/r8/internal/BE;Lcom/android/tools/r8/internal/e8;)I @ 6 c2
Event: 29.991 Thread 0x0000019d05349800 DEOPT PACKING pc=0x0000019d73080efc sp=0x0000002fce8fe4e0
Event: 29.991 Thread 0x0000019d05349800 DEOPT UNPACKING pc=0x0000019d6af278af sp=0x0000002fce8fe480 mode 2
Event: 29.991 Thread 0x0000019d05349800 Uncommon trap: trap_request=0xffffffc6 fr.pc=0x0000019d73134708 relative=0x00000000000006a8
Event: 29.991 Thread 0x0000019d05349800 Uncommon trap: reason=bimorphic_or_optimized_type_check action=maybe_recompile pc=0x0000019d73134708 method=com.android.tools.r8.internal.Su.a(Lcom/android/tools/r8/internal/e8;Lcom/android/tools/r8/internal/BE;Lcom/android/tools/r8/internal/BE;)I @ 3 c2
Event: 29.991 Thread 0x0000019d05349800 DEOPT PACKING pc=0x0000019d73134708 sp=0x0000002fce8fe5b0
Event: 29.991 Thread 0x0000019d05349800 DEOPT UNPACKING pc=0x0000019d6af278af sp=0x0000002fce8fe4f8 mode 2
Event: 29.991 Thread 0x0000019d05349800 Uncommon trap: trap_request=0xffffffde fr.pc=0x0000019d73080efc relative=0x000000000000011c
Event: 29.991 Thread 0x0000019d05349800 Uncommon trap: reason=class_check action=maybe_recompile pc=0x0000019d73080efc method=com.android.tools.r8.graph.X.a(Lcom/android/tools/r8/internal/BE;Lcom/android/tools/r8/internal/e8;)I @ 6 c2
Event: 29.991 Thread 0x0000019d05349800 DEOPT PACKING pc=0x0000019d73080efc sp=0x0000002fce8fe4e0
Event: 29.991 Thread 0x0000019d05349800 DEOPT UNPACKING pc=0x0000019d6af278af sp=0x0000002fce8fe480 mode 2
Event: 29.991 Thread 0x0000019d05349800 Uncommon trap: trap_request=0xffffffc6 fr.pc=0x0000019d73134708 relative=0x00000000000006a8
Event: 29.991 Thread 0x0000019d05349800 Uncommon trap: reason=bimorphic_or_optimized_type_check action=maybe_recompile pc=0x0000019d73134708 method=com.android.tools.r8.internal.Su.a(Lcom/android/tools/r8/internal/e8;Lcom/android/tools/r8/internal/BE;Lcom/android/tools/r8/internal/BE;)I @ 3 c2
Event: 29.991 Thread 0x0000019d05349800 DEOPT PACKING pc=0x0000019d73134708 sp=0x0000002fce8fe5b0
Event: 29.991 Thread 0x0000019d05349800 DEOPT UNPACKING pc=0x0000019d6af278af sp=0x0000002fce8fe4f8 mode 2
Event: 29.991 Thread 0x0000019d05349800 Uncommon trap: trap_request=0xffffffde fr.pc=0x0000019d73080efc relative=0x000000000000011c
Event: 29.991 Thread 0x0000019d05349800 Uncommon trap: reason=class_check action=maybe_recompile pc=0x0000019d73080efc method=com.android.tools.r8.graph.X.a(Lcom/android/tools/r8/internal/BE;Lcom/android/tools/r8/internal/e8;)I @ 6 c2
Event: 29.991 Thread 0x0000019d05349800 DEOPT PACKING pc=0x0000019d73080efc sp=0x0000002fce8fe4e0
Event: 29.991 Thread 0x0000019d05349800 DEOPT UNPACKING pc=0x0000019d6af278af sp=0x0000002fce8fe480 mode 2

Classes redefined (0 events):
No events

Internal exceptions (20 events):
Event: 24.853 Thread 0x0000019d039be000 Exception <a 'java/lang/NoSuchMethodError'{0x000000008b2cef60}: <clinit>> (0x000000008b2cef60) thrown at [./src/hotspot/share/prims/jni.cpp, line 1362]
Event: 24.993 Thread 0x0000019d0534f800 Exception <a 'java/lang/NoSuchMethodError'{0x000000008ad4ef28}: 'void java.lang.invoke.DirectMethodHandle$Holder.invokeStatic(java.lang.Object, long)'> (0x000000008ad4ef28) thrown at [./src/hotspot/share/interpreter/linkResolver.cpp, line 773]
Event: 24.993 Thread 0x0000019d0534f800 Exception <a 'java/lang/NoSuchMethodError'{0x000000008ad7a878}: 'java.lang.Object java.lang.invoke.DirectMethodHandle$Holder.invokeStatic(java.lang.Object, long)'> (0x000000008ad7a878) thrown at [./src/hotspot/share/interpreter/linkResolver.cpp, line 773]
Event: 24.996 Thread 0x0000019d0534f800 Exception <a 'java/lang/NoSuchMethodError'{0x000000008ad89080}: 'java.lang.Object java.lang.invoke.DirectMethodHandle$Holder.invokeStaticInit(java.lang.Object, java.lang.Object, long, java.lang.Object)'> (0x000000008ad89080) thrown at [./src/hotspot/share/interpreter/linkResolver.cpp, line 773]
Event: 25.002 Thread 0x0000019d0534f800 Exception <a 'java/lang/NoSuchMethodError'{0x000000008ad8f470}: 'java.lang.Object java.lang.invoke.DirectMethodHandle$Holder.invokeStatic(java.lang.Object, java.lang.Object, long)'> (0x000000008ad8f470) thrown at [./src/hotspot/share/interpreter/linkResolver.cpp, line 773]
Event: 25.002 Thread 0x0000019d0534f800 Exception <a 'java/lang/NoSuchMethodError'{0x000000008ad95ca8}: 'java.lang.Object java.lang.invoke.Invokers$Holder.linkToTargetMethod(java.lang.Object, long, java.lang.Object)'> (0x000000008ad95ca8) thrown at [./src/hotspot/share/interpreter/linkResolver.cpp, line 773]
Event: 25.024 Thread 0x0000019d05349800 Exception <a 'java/lang/IncompatibleClassChangeError'{0x000000008ac0cc70}: Found class java.lang.Object, but interface was expected> (0x000000008ac0cc70) thrown at [./src/hotspot/share/interpreter/linkResolver.cpp, line 839]
Event: 25.029 Thread 0x0000019d05349800 Exception <a 'java/lang/IncompatibleClassChangeError'{0x000000008ac2cb58}: Found class java.lang.Object, but interface was expected> (0x000000008ac2cb58) thrown at [./src/hotspot/share/interpreter/linkResolver.cpp, line 839]
Event: 25.030 Thread 0x0000019d05349800 Exception <a 'java/lang/IncompatibleClassChangeError'{0x000000008ac34478}: Found class java.lang.Object, but interface was expected> (0x000000008ac34478) thrown at [./src/hotspot/share/interpreter/linkResolver.cpp, line 839]
Event: 26.507 Thread 0x0000019d0534a800 Exception <a 'java/lang/NoSuchMethodError'{0x000000008c034a78}: 'int java.lang.invoke.DirectMethodHandle$Holder.invokeVirtual(java.lang.Object, java.lang.Object, java.lang.Object, java.lang.Object)'> (0x000000008c034a78) thrown at [./src/hotspot/share/interpreter/linkResolver.cpp, line 773]
Event: 26.570 Thread 0x0000019d0534a800 Exception <a 'java/lang/NoSuchMethodError'{0x000000008be156f0}: 'void java.lang.invoke.DirectMethodHandle$Holder.invokeStatic(java.lang.Object, java.lang.Object, java.lang.Object, int)'> (0x000000008be156f0) thrown at [./src/hotspot/share/interpreter/linkResolver.cpp, line 773]
Event: 26.572 Thread 0x0000019d0534a800 Exception <a 'java/lang/IncompatibleClassChangeError'{0x000000008be1d7d8}: Found class java.lang.Object, but interface was expected> (0x000000008be1d7d8) thrown at [./src/hotspot/share/interpreter/linkResolver.cpp, line 839]
Event: 26.579 Thread 0x0000019d0534c000 Exception <a 'java/lang/NoSuchMethodError'{0x000000008c28afa8}: 'int java.lang.invoke.DirectMethodHandle$Holder.invokeVirtual(java.lang.Object, java.lang.Object, java.lang.Object)'> (0x000000008c28afa8) thrown at [./src/hotspot/share/interpreter/linkResolver.cpp, line 773]
Event: 26.598 Thread 0x0000019d0534f800 Exception <a 'java/lang/NoSuchMethodError'{0x000000008bec0d08}: 'int java.lang.invoke.DirectMethodHandle$Holder.invokeSpecialIFC(java.lang.Object, java.lang.Object, java.lang.Object)'> (0x000000008bec0d08) thrown at [./src/hotspot/share/interpreter/linkResolver.cpp, line 773]
Event: 27.350 Thread 0x0000019d0534a800 Exception <a 'java/lang/NoSuchMethodError'{0x000000008dec5ed0}: 'java.lang.Object java.lang.invoke.Invokers$Holder.linkToTargetMethod(java.lang.Object, int, java.lang.Object, java.lang.Object, java.lang.Object, java.lang.Object)'> (0x000000008dec5ed0) thrown at [./src/hotspot/share/interpreter/linkResolver.cpp, line 773]
Event: 27.350 Thread 0x0000019d0534a800 Exception <a 'java/lang/NoSuchMethodError'{0x000000008dec9b88}: 'void java.lang.invoke.DirectMethodHandle$Holder.invokeSpecial(java.lang.Object, java.lang.Object, java.lang.Object, java.lang.Object, java.lang.Object, java.lang.Object, java.lang.Object, java.lang.Object, java.lang.Object)'> (0x000000008dec9b88) thrown at [./src/hotspot/share/interpreter/linkResolver.cpp, line 773]
Event: 27.351 Thread 0x0000019d0534a800 Exception <a 'java/lang/NoSuchMethodError'{0x000000008ded2fc8}: 'java.lang.Object java.lang.invoke.Invokers$Holder.linkToTargetMethod(java.lang.Object, java.lang.Object, java.lang.Object, java.lang.Object, java.lang.Object, java.lang.Object, java.lang.Object)'> (0x000000008ded2fc8) thrown at [./src/hotspot/share/interpreter/linkResolver.cpp, line 773]
Event: 27.355 Thread 0x0000019d0534a800 Exception <a 'java/lang/NoSuchMethodError'{0x000000008dee4ba8}: 'void java.lang.invoke.DirectMethodHandle$Holder.invokeStatic(java.lang.Object, java.lang.Object, java.lang.Object, java.lang.Object, java.lang.Object, java.lang.Object, java.lang.Object, java.lang.Object)'> (0x000000008dee4ba8) thrown at [./src/hotspot/share/interpreter/linkResolver.cpp, line 773]
Event: 27.381 Thread 0x0000019d0534a800 Implicit null exception at 0x0000019d730884c7 to 0x0000019d730890a4
Event: 29.552 Thread 0x0000019d0534a800 Exception <a 'java/lang/IncompatibleClassChangeError'{0x000000008d8efd50}: Found class java.lang.Object, but interface was expected> (0x000000008d8efd50) thrown at [./src/hotspot/share/interpreter/linkResolver.cpp, line 839]

Events (20 events):
Event: 29.850 loading class java/util/IdentityHashMap$IdentityHashMapSpliterator
Event: 29.850 loading class java/util/IdentityHashMap$IdentityHashMapSpliterator done
Event: 29.850 loading class java/util/IdentityHashMap$KeySpliterator done
Event: 29.850 loading class com/android/tools/r8/internal/Su$b
Event: 29.850 loading class com/android/tools/r8/internal/Su$b done
Event: 29.850 loading class com/android/tools/r8/graph/Z
Event: 29.850 loading class com/android/tools/r8/graph/Z done
Event: 29.850 loading class com/android/tools/r8/internal/Su$b
Event: 29.850 loading class com/android/tools/r8/internal/Su$b done
Event: 29.877 loading class com/android/tools/r8/graph/a0
Event: 29.877 loading class com/android/tools/r8/graph/a0 done
Event: 29.877 loading class com/android/tools/r8/internal/Su
Event: 29.877 loading class com/android/tools/r8/internal/Su done
Event: 29.881 loading class com/android/tools/r8/internal/f8
Event: 29.881 loading class com/android/tools/r8/internal/f8 done
Event: 29.984 loading class com/android/tools/r8/graph/X
Event: 29.984 loading class com/android/tools/r8/graph/X done
Event: 29.984 loading class com/android/tools/r8/internal/Su
Event: 29.984 loading class com/android/tools/r8/internal/Su done
Event: 30.147 Executing VM operation: G1CollectForAllocation


Dynamic libraries:
0x00007ff7d6270000 - 0x00007ff7d627a000 	C:\Program Files\Android\Android Studio1\jre\bin\java.exe
0x00007ffcb18b0000 - 0x00007ffcb1aa5000 	C:\WINDOWS\SYSTEM32\ntdll.dll
0x00007ffcb04d0000 - 0x00007ffcb058d000 	C:\WINDOWS\System32\KERNEL32.DLL
0x00007ffcaf340000 - 0x00007ffcaf609000 	C:\WINDOWS\System32\KERNELBASE.dll
0x00007ffcaf0f0000 - 0x00007ffcaf1f0000 	C:\WINDOWS\System32\ucrtbase.dll
0x00007ffca5c20000 - 0x00007ffca5c37000 	C:\Program Files\Android\Android Studio1\jre\bin\VCRUNTIME140.dll
0x00007ffca5d60000 - 0x00007ffca5d79000 	C:\Program Files\Android\Android Studio1\jre\bin\jli.dll
0x00007ffcafc40000 - 0x00007ffcafde0000 	C:\WINDOWS\System32\USER32.dll
0x00007ffca4010000 - 0x00007ffca42aa000 	C:\WINDOWS\WinSxS\amd64_microsoft.windows.common-controls_6595b64144ccf1df_6.0.19041.1110_none_60b5254171f9507e\COMCTL32.dll
0x00007ffcaf070000 - 0x00007ffcaf092000 	C:\WINDOWS\System32\win32u.dll
0x00007ffcb0a70000 - 0x00007ffcb0b0e000 	C:\WINDOWS\System32\msvcrt.dll
0x00007ffcb0990000 - 0x00007ffcb09ba000 	C:\WINDOWS\System32\GDI32.dll
0x00007ffcaf800000 - 0x00007ffcaf90b000 	C:\WINDOWS\System32\gdi32full.dll
0x00007ffcaf2a0000 - 0x00007ffcaf33d000 	C:\WINDOWS\System32\msvcp_win.dll
0x00007ffcb0960000 - 0x00007ffcb0990000 	C:\WINDOWS\System32\IMM32.DLL
0x00007ffc84a20000 - 0x00007ffc84abd000 	C:\Program Files\Android\Android Studio1\jre\bin\msvcp140.dll
0x00007ffc53560000 - 0x00007ffc5402f000 	C:\Program Files\Android\Android Studio1\jre\bin\server\jvm.dll
0x00007ffcb09c0000 - 0x00007ffcb0a6c000 	C:\WINDOWS\System32\ADVAPI32.dll
0x00007ffcaf910000 - 0x00007ffcaf9ab000 	C:\WINDOWS\System32\sechost.dll
0x00007ffcafe40000 - 0x00007ffcaff6a000 	C:\WINDOWS\System32\RPCRT4.dll
0x00007ffcb0160000 - 0x00007ffcb0168000 	C:\WINDOWS\System32\PSAPI.DLL
0x00007ffca9f50000 - 0x00007ffca9f59000 	C:\WINDOWS\SYSTEM32\WSOCK32.dll
0x00007ffca5c90000 - 0x00007ffca5c9a000 	C:\WINDOWS\SYSTEM32\VERSION.dll
0x00007ffca1110000 - 0x00007ffca1137000 	C:\WINDOWS\SYSTEM32\WINMM.dll
0x00007ffcb00f0000 - 0x00007ffcb015b000 	C:\WINDOWS\System32\WS2_32.dll
0x00007ffcacef0000 - 0x00007ffcacf02000 	C:\WINDOWS\SYSTEM32\kernel.appcore.dll
0x00007ffca3eb0000 - 0x00007ffca3ec1000 	C:\Program Files\Android\Android Studio1\jre\bin\verify.dll
0x00007ffca6660000 - 0x00007ffca6844000 	C:\WINDOWS\SYSTEM32\DBGHELP.DLL
0x00007ffca65d0000 - 0x00007ffca65fc000 	C:\WINDOWS\SYSTEM32\dbgcore.DLL
0x00007ffcaefe0000 - 0x00007ffcaf063000 	C:\WINDOWS\System32\bcryptPrimitives.dll
0x00007ffca3d00000 - 0x00007ffca3d29000 	C:\Program Files\Android\Android Studio1\jre\bin\java.dll
0x00007ffca7be0000 - 0x00007ffca7beb000 	C:\Program Files\Android\Android Studio1\jre\bin\jimage.dll
0x00007ffc9b1c0000 - 0x00007ffc9b1d8000 	C:\Program Files\Android\Android Studio1\jre\bin\zip.dll
0x00007ffcb0c30000 - 0x00007ffcb136f000 	C:\WINDOWS\System32\SHELL32.dll
0x00007ffcad0f0000 - 0x00007ffcad880000 	C:\WINDOWS\SYSTEM32\windows.storage.dll
0x00007ffcb0170000 - 0x00007ffcb04c5000 	C:\WINDOWS\System32\combase.dll
0x00007ffcaea40000 - 0x00007ffcaea6c000 	C:\WINDOWS\SYSTEM32\Wldp.dll
0x00007ffcafb80000 - 0x00007ffcafc2e000 	C:\WINDOWS\System32\SHCORE.dll
0x00007ffcafde0000 - 0x00007ffcafe35000 	C:\WINDOWS\System32\shlwapi.dll
0x00007ffcaef20000 - 0x00007ffcaef3f000 	C:\WINDOWS\SYSTEM32\profapi.dll
0x00007ffc9b1a0000 - 0x00007ffc9b1ba000 	C:\Program Files\Android\Android Studio1\jre\bin\net.dll
0x00007ffca6850000 - 0x00007ffca6958000 	C:\WINDOWS\SYSTEM32\WINHTTP.dll
0x00007ffcae7a0000 - 0x00007ffcae80a000 	C:\WINDOWS\system32\mswsock.dll
0x00007ffc9b180000 - 0x00007ffc9b194000 	C:\Program Files\Android\Android Studio1\jre\bin\nio.dll
0x00007ffc999a0000 - 0x00007ffc999c7000 	C:\Users\SMART WAY\.gradle\wrapper\dists\gradle-7.0.2\native\8bec1ad78214c89d9ad589b4d07fe93259594b29d510b10fafb7a158f7737e5d\windows-amd64\native-platform.dll
0x00007ffc6fc00000 - 0x00007ffc6fd3d000 	C:\Users\SMART WAY\.gradle\wrapper\dists\gradle-7.0.2\native\53dbd7edfb1c66fb8903c78663c9afc45aea4f116125fa6feffd364cf09443e8\windows-amd64\native-platform-file-events.dll
0x00007ffca6440000 - 0x00007ffca644a000 	C:\Program Files\Android\Android Studio1\jre\bin\management.dll
0x00007ffca5390000 - 0x00007ffca539c000 	C:\Program Files\Android\Android Studio1\jre\bin\management_ext.dll
0x00007ffcae9a0000 - 0x00007ffcae9b8000 	C:\WINDOWS\SYSTEM32\CRYPTSP.dll
0x00007ffcae0b0000 - 0x00007ffcae0e4000 	C:\WINDOWS\system32\rsaenh.dll
0x00007ffcaf7d0000 - 0x00007ffcaf7f7000 	C:\WINDOWS\System32\bcrypt.dll
0x00007ffcaeee0000 - 0x00007ffcaef0e000 	C:\WINDOWS\SYSTEM32\USERENV.dll
0x00007ffcae990000 - 0x00007ffcae99c000 	C:\WINDOWS\SYSTEM32\CRYPTBASE.dll
0x00007ffcae440000 - 0x00007ffcae47b000 	C:\WINDOWS\SYSTEM32\IPHLPAPI.DLL
0x00007ffcb00e0000 - 0x00007ffcb00e8000 	C:\WINDOWS\System32\NSI.dll
0x00007ffca6500000 - 0x00007ffca6517000 	C:\WINDOWS\SYSTEM32\dhcpcsvc6.DLL
0x00007ffca6da0000 - 0x00007ffca6dbd000 	C:\WINDOWS\SYSTEM32\dhcpcsvc.DLL
0x00007ffcae480000 - 0x00007ffcae54c000 	C:\WINDOWS\SYSTEM32\DNSAPI.dll

dbghelp: loaded successfully - version: 4.0.5 - missing functions: none
symbol engine: initialized successfully - sym options: 0x614 - pdb path: .;C:\Program Files\Android\Android Studio1\jre\bin;C:\WINDOWS\SYSTEM32;C:\WINDOWS\WinSxS\amd64_microsoft.windows.common-controls_6595b64144ccf1df_6.0.19041.1110_none_60b5254171f9507e;C:\Program Files\Android\Android Studio1\jre\bin\server;C:\Users\SMART WAY\.gradle\wrapper\dists\gradle-7.0.2\native\8bec1ad78214c89d9ad589b4d07fe93259594b29d510b10fafb7a158f7737e5d\windows-amd64;C:\Users\SMART WAY\.gradle\wrapper\dists\gradle-7.0.2\native\53dbd7edfb1c66fb8903c78663c9afc45aea4f116125fa6feffd364cf09443e8\windows-amd64

VM Arguments:
jvm_args: --add-opens=java.base/java.util=ALL-UNNAMED --add-opens=java.base/java.lang=ALL-UNNAMED --add-opens=java.base/java.lang.invoke=ALL-UNNAMED --add-opens=java.base/java.util=ALL-UNNAMED --add-opens=java.prefs/java.util.prefs=ALL-UNNAMED --add-opens=java.prefs/java.util.prefs=ALL-UNNAMED --add-opens=java.base/java.nio.charset=ALL-UNNAMED --add-opens=java.base/java.net=ALL-UNNAMED --add-opens=java.base/java.util.concurrent.atomic=ALL-UNNAMED -Xmx2048m -Dfile.encoding=UTF-8 -Duser.country=US -Duser.language=en -Duser.variant 
java_command: org.gradle.launcher.daemon.bootstrap.GradleDaemon 7.0.2
java_class_path (initial): C:\Users\SMART WAY\.gradle\wrapper\dists\gradle-7.0.2\wrapper\dists\gradle-7.0.2-bin\857tjihv64xamwrf0h14cai3r\gradle-7.0.2\lib\gradle-launcher-7.0.2.jar
Launcher Type: SUN_STANDARD

[Global flags]
     intx CICompilerCount                          = 3                                         {product} {ergonomic}
     uint ConcGCThreads                            = 1                                         {product} {ergonomic}
     uint G1ConcRefinementThreads                  = 4                                         {product} {ergonomic}
   size_t G1HeapRegionSize                         = 1048576                                   {product} {ergonomic}
    uintx GCDrainStackTargetSize                   = 64                                        {product} {ergonomic}
   size_t InitialHeapSize                          = 134217728                                 {product} {ergonomic}
   size_t MarkStackSize                            = 4194304                                   {product} {ergonomic}
   size_t MaxHeapSize                              = 2147483648                                {product} {command line}
   size_t MaxNewSize                               = 1287651328                                {product} {ergonomic}
   size_t MinHeapDeltaBytes                        = 1048576                                   {product} {ergonomic}
    uintx NonNMethodCodeHeapSize                   = 5830732                                {pd product} {ergonomic}
    uintx NonProfiledCodeHeapSize                  = 122913754                              {pd product} {ergonomic}
    uintx ProfiledCodeHeapSize                     = 122913754                              {pd product} {ergonomic}
    uintx ReservedCodeCacheSize                    = 251658240                              {pd product} {ergonomic}
     bool SegmentedCodeCache                       = true                                      {product} {ergonomic}
     bool UseCompressedClassPointers               = true                                 {lp64_product} {ergonomic}
     bool UseCompressedOops                        = true                                 {lp64_product} {ergonomic}
     bool UseG1GC                                  = true                                      {product} {ergonomic}
     bool UseLargePagesIndividualAllocation        = false                                  {pd product} {ergonomic}

Logging:
Log output configuration:
 #0: stdout all=warning uptime,level,tags
 #1: stderr all=off uptime,level,tags

Environment Variables:
PATH=C:\Program Files\Common Files\Oracle\Java\javapath;C:\WINDOWS\system32;C:\WINDOWS;C:\WINDOWS\System32\Wbem;C:\WINDOWS\System32\WindowsPowerShell\v1.0\;C:\WINDOWS\System32\OpenSSH\;C:\Program Files\Git\cmd;C:\Users\SMART WAY\AppData\Local\Microsoft\WindowsApps;C:\Users\SMART WAY\.gradle\wrapper\dists\gradle-7.0;C:\Users\SMART WAY\.gradle\wrapper\dists\gradle-7.1\bin;C:\Users\SMART WAY\.gradle\wrapper\dists\gradle-7.0.2\bin;
USERNAME=SMART WAY
OS=Windows_NT
PROCESSOR_IDENTIFIER=Intel64 Family 6 Model 61 Stepping 4, GenuineIntel



---------------  S Y S T E M  ---------------

OS: Windows 10 , 64 bit Build 19041 (10.0.19041.1151)
OS uptime: 12 days 2:24 hours

CPU:total 4 (initial active 4) (2 cores per cpu, 2 threads per core) family 6 model 61 stepping 4 microcode 0x2f, cmov, cx8, fxsr, mmx, sse, sse2, sse3, ssse3, sse4.1, sse4.2, popcnt, avx, avx2, aes, clmul, erms, rtm, 3dnowpref, lzcnt, ht, tsc, tscinvbit, bmi1, bmi2, adx, fma

Memory: 4k page, system-wide physical 8067M (345M free)
TotalPageFile size 21538M (AvailPageFile size 86M)
current process WorkingSet (physical memory assigned to process): 463M, peak: 506M
current process commit charge ("private bytes"): 557M, peak: 657M

vm_info: OpenJDK 64-Bit Server VM (11.0.10+0-b96-7249189) for windows-amd64 JRE (11.0.10+0-b96-7249189), built on Mar 31 2021 21:44:00 by "builder" with MS VC++ 14.0 (VS2015)

END.
