#
# There is insufficient memory for the Java Runtime Environment to continue.
# Native memory allocation (mmap) failed to map 134217728 bytes for Failed to commit area from 0x0000000081e00000 to 0x0000000089e00000 of length 134217728.
# Possible reasons:
#   The system is out of physical RAM or swap space
#   The process is running with CompressedOops enabled, and the Java Heap may be blocking the growth of the native heap
# Possible solutions:
#   Reduce memory load on the system
#   Increase physical memory or swap space
#   Check if swap backing store is full
#   Decrease Java heap size (-Xmx/-Xms)
#   Decrease number of Java threads
#   Decrease Java thread stack sizes (-Xss)
#   Set larger code cache with -XX:ReservedCodeCacheSize=
# This output file may be truncated or incomplete.
#
#  Out of Memory Error (./src/hotspot/os/windows/os_windows.cpp:3301), pid=19392, tid=16564
#
# JRE version:  (11.0.10) (build )
# Java VM: OpenJDK 64-Bit Server VM (11.0.10+0-b96-7249189, mixed mode, sharing, tiered, compressed oops, g1 gc, windows-amd64)
# No core dump will be written. Minidumps are not enabled by default on client versions of Windows
#

---------------  S U M M A R Y ------------

Command Line: org.jetbrains.kotlin.cli.jvm.K2JVMCompiler @C:\Users\SMART WAY\AndroidStudioProjects\MyApplication333333\app\build\20210823_15729016191152489866.compiler.options

Host: Intel(R) Core(TM) i7-5600U CPU @ 2.60GHz, 4 cores, 7G,  Windows 10 , 64 bit Build 19041 (10.0.19041.1151)
Time: Mon Aug 23 01:09:27 2021 Arabic Standard Time elapsed time: 0.011585 seconds (0d 0h 0m 0s)

---------------  T H R E A D  ---------------

Current thread (0x000001f2c69ab000):  JavaThread "Unknown thread" [_thread_in_vm, id=16564, stack(0x000000ddff400000,0x000000ddff500000)]

Stack: [0x000000ddff400000,0x000000ddff500000]
Native frames: (J=compiled Java code, j=interpreted, Vv=VM code, C=native code)
V  [jvm.dll+0x5ecfaa]
V  [jvm.dll+0x722bd5]
V  [jvm.dll+0x72412d]
V  [jvm.dll+0x7247e3]
V  [jvm.dll+0x242928]
V  [jvm.dll+0x5ea374]
V  [jvm.dll+0x5df425]
V  [jvm.dll+0x2fdebb]
V  [jvm.dll+0x2fde2a]
V  [jvm.dll+0x2fdd02]
V  [jvm.dll+0x302bf6]
V  [jvm.dll+0x34b2a3]
V  [jvm.dll+0x34b9a6]
V  [jvm.dll+0x34b3a3]
V  [jvm.dll+0x2d8888]
V  [jvm.dll+0x2d9a37]
V  [jvm.dll+0x701737]
V  [jvm.dll+0x702f2c]
V  [jvm.dll+0x3587d9]
V  [jvm.dll+0x6e4fae]
V  [jvm.dll+0x3c0be3]
V  [jvm.dll+0x3c2e91]
C  [jli.dll+0x5373]
C  [ucrtbase.dll+0x21bb2]
C  [KERNEL32.DLL+0x17034]
C  [ntdll.dll+0x52651]


---------------  P R O C E S S  ---------------

Threads class SMR info:
_java_thread_list=0x000001f2c50f9230, length=0, elements={
}

Java Threads: ( => current thread )

Other Threads:
  0x000001f2c69c4000 GCTaskThread "GC Thread#0" [stack: 0x000000ddff500000,0x000000ddff600000] [id=20360]
  0x000001f2c69f3000 ConcurrentGCThread "G1 Main Marker" [stack: 0x000000ddff600000,0x000000ddff700000] [id=1664]
  0x000001f2c69f4800 ConcurrentGCThread "G1 Conc#0" [stack: 0x000000ddff700000,0x000000ddff800000] [id=8968]

[error occurred during error reporting (printing all threads), id 0xc0000005, EXCEPTION_ACCESS_VIOLATION (0xc0000005) at pc=0x00007ffc53849107]

VM state:not at safepoint (not fully initialized)

VM Mutex/Monitor currently owned by a thread:  ([mutex/lock_event])
[0x000001f2c69a6bc0] Heap_lock - owner thread: 0x000001f2c69ab000

Heap address: 0x0000000081e00000, size: 2018 MB, Compressed Oops mode: Non-zero based: 0x0000000081e00000
Narrow klass base: 0x0000000000000000, Narrow klass shift: 0

GC Heap History (0 events):
No events

Deoptimization events (0 events):
No events

Classes redefined (0 events):
No events

Internal exceptions (0 events):
No events

Events (1 events):
Event: 0.007 Loaded shared library C:\Program Files\Android\Android Studio1\jre\bin\zip.dll


Dynamic libraries:
0x00007ff7d6270000 - 0x00007ff7d627a000 	C:\Program Files\Android\Android Studio1\jre\bin\java.exe
0x00007ffcb18b0000 - 0x00007ffcb1aa5000 	C:\WINDOWS\SYSTEM32\ntdll.dll
0x00007ffcb04d0000 - 0x00007ffcb058d000 	C:\WINDOWS\System32\KERNEL32.DLL
0x00007ffcaf340000 - 0x00007ffcaf609000 	C:\WINDOWS\System32\KERNELBASE.dll
0x00007ffcaf0f0000 - 0x00007ffcaf1f0000 	C:\WINDOWS\System32\ucrtbase.dll
0x00007ffca5c20000 - 0x00007ffca5c37000 	C:\Program Files\Android\Android Studio1\jre\bin\VCRUNTIME140.dll
0x00007ffca5d60000 - 0x00007ffca5d79000 	C:\Program Files\Android\Android Studio1\jre\bin\jli.dll
0x00007ffcafc40000 - 0x00007ffcafde0000 	C:\WINDOWS\System32\USER32.dll
0x00007ffcaf070000 - 0x00007ffcaf092000 	C:\WINDOWS\System32\win32u.dll
0x00007ffca4010000 - 0x00007ffca42aa000 	C:\WINDOWS\WinSxS\amd64_microsoft.windows.common-controls_6595b64144ccf1df_6.0.19041.1110_none_60b5254171f9507e\COMCTL32.dll
0x00007ffcb0990000 - 0x00007ffcb09ba000 	C:\WINDOWS\System32\GDI32.dll
0x00007ffcb0a70000 - 0x00007ffcb0b0e000 	C:\WINDOWS\System32\msvcrt.dll
0x00007ffcaf800000 - 0x00007ffcaf90b000 	C:\WINDOWS\System32\gdi32full.dll
0x00007ffcaf2a0000 - 0x00007ffcaf33d000 	C:\WINDOWS\System32\msvcp_win.dll
0x00007ffcb0960000 - 0x00007ffcb0990000 	C:\WINDOWS\System32\IMM32.DLL
0x00007ffc84a20000 - 0x00007ffc84abd000 	C:\Program Files\Android\Android Studio1\jre\bin\msvcp140.dll
0x00007ffc53560000 - 0x00007ffc5402f000 	C:\Program Files\Android\Android Studio1\jre\bin\server\jvm.dll
0x00007ffcb09c0000 - 0x00007ffcb0a6c000 	C:\WINDOWS\System32\ADVAPI32.dll
0x00007ffcaf910000 - 0x00007ffcaf9ab000 	C:\WINDOWS\System32\sechost.dll
0x00007ffcafe40000 - 0x00007ffcaff6a000 	C:\WINDOWS\System32\RPCRT4.dll
0x00007ffcb0160000 - 0x00007ffcb0168000 	C:\WINDOWS\System32\PSAPI.DLL
0x00007ffca5c90000 - 0x00007ffca5c9a000 	C:\WINDOWS\SYSTEM32\VERSION.dll
0x00007ffca9f50000 - 0x00007ffca9f59000 	C:\WINDOWS\SYSTEM32\WSOCK32.dll
0x00007ffca1110000 - 0x00007ffca1137000 	C:\WINDOWS\SYSTEM32\WINMM.dll
0x00007ffcb00f0000 - 0x00007ffcb015b000 	C:\WINDOWS\System32\WS2_32.dll
0x00007ffcacef0000 - 0x00007ffcacf02000 	C:\WINDOWS\SYSTEM32\kernel.appcore.dll
0x00007ffca3eb0000 - 0x00007ffca3ec1000 	C:\Program Files\Android\Android Studio1\jre\bin\verify.dll
0x00007ffca6660000 - 0x00007ffca6844000 	C:\WINDOWS\SYSTEM32\DBGHELP.DLL
0x00007ffca65d0000 - 0x00007ffca65fc000 	C:\WINDOWS\SYSTEM32\dbgcore.DLL
0x00007ffcaefe0000 - 0x00007ffcaf063000 	C:\WINDOWS\System32\bcryptPrimitives.dll
0x00007ffca3d00000 - 0x00007ffca3d29000 	C:\Program Files\Android\Android Studio1\jre\bin\java.dll
0x00007ffca7be0000 - 0x00007ffca7beb000 	C:\Program Files\Android\Android Studio1\jre\bin\jimage.dll
0x00007ffc9b1c0000 - 0x00007ffc9b1d8000 	C:\Program Files\Android\Android Studio1\jre\bin\zip.dll

dbghelp: loaded successfully - version: 4.0.5 - missing functions: none
symbol engine: initialized successfully - sym options: 0x614 - pdb path: .;C:\Program Files\Android\Android Studio1\jre\bin;C:\WINDOWS\SYSTEM32;C:\WINDOWS\WinSxS\amd64_microsoft.windows.common-controls_6595b64144ccf1df_6.0.19041.1110_none_60b5254171f9507e;C:\Program Files\Android\Android Studio1\jre\bin\server

VM Arguments:
java_command: org.jetbrains.kotlin.cli.jvm.K2JVMCompiler @C:\Users\SMART WAY\AndroidStudioProjects\MyApplication333333\app\build\20210823_15729016191152489866.compiler.options
java_class_path (initial): C:\Users\SMART WAY\.gradle\wrapper\dists\gradle-7.0.2\caches\modules-2\files-2.1\org.jetbrains.kotlin\kotlin-compiler-embeddable\1.5.21\40ddbcae9ff100473f95370c2d589ba3fc48eed5\kotlin-compiler-embeddable-1.5.21.jar;C:\Users\SMART WAY\.gradle\wrapper\dists\gradle-7.0.2\caches\modules-2\files-2.1\org.jetbrains.kotlin\kotlin-reflect\1.5.21\802f1f39735ae1eb2b75714a40fa19bb2e687e96\kotlin-reflect-1.5.21.jar;C:\Users\SMART WAY\.gradle\wrapper\dists\gradle-7.0.2\caches\modules-2\files-2.1\org.jetbrains.kotlin\kotlin-stdlib\1.5.21\2f537cad7e9eeb9da73738c8812e1e4cf9b62e4e\kotlin-stdlib-1.5.21.jar;C:\Users\SMART WAY\.gradle\wrapper\dists\gradle-7.0.2\caches\modules-2\files-2.1\org.jetbrains.kotlin\kotlin-script-runtime\1.5.21\96d49e89873fde985750af354b6eabb60cfa999b\kotlin-script-runtime-1.5.21.jar;C:\Users\SMART WAY\.gradle\wrapper\dists\gradle-7.0.2\caches\modules-2\files-2.1\org.jetbrains.kotlin\kotlin-daemon-embeddable\1.5.21\17255809e66a940dfdf6289bccbdfb5a09f3145\kotlin-daemon-embeddable-1.5.21.jar;C:\Users\SMART WAY\.gradle\wrapper\dists\gradle-7.0.2\caches\modules-2\files-2.1\org.jetbrains.intellij.deps\trove4j\1.0.20181211\216c2e14b070f334479d800987affe4054cd563f\trove4j-1.0.20181211.jar;C:\Users\SMART WAY\.gradle\wrapper\dists\gradle-7.0.2\caches\modules-2\files-2.1\org.jetbrains\annotations\13.0\919f0dfe192fb4e063e7dacadee7f8bb9a2672a9\annotations-13.0.jar;C:\Users\SMART WAY\.gradle\wrapper\dists\gradle-7.0.2\caches\modules-2\files-2.1\org.jetbrains.kotlin\kotlin-stdlib-common\1.5.21\cc8bf3586fd2ebcf234058b9440bb406e62dfacb\kotlin-stdlib-common-1.5.21.jar
Launcher Type: SUN_STANDARD

[Global flags]
     intx CICompilerCount                          = 3                                         {product} {ergonomic}
     uint ConcGCThreads                            = 1                                         {product} {ergonomic}
     uint G1ConcRefinementThreads                  = 4                                         {product} {ergonomic}
   size_t G1HeapRegionSize                         = 1048576                                   {product} {ergonomic}
    uintx GCDrainStackTargetSize                   = 64                                        {product} {ergonomic}
   size_t InitialHeapSize                          = 134217728                                 {product} {ergonomic}
   size_t MarkStackSize                            = 4194304                                   {product} {ergonomic}
   size_t MaxHeapSize                              = 2116026368                                {product} {ergonomic}
   size_t MinHeapDeltaBytes                        = 1048576                                   {product} {ergonomic}
    uintx NonNMethodCodeHeapSize                   = 5830732                                {pd product} {ergonomic}
    uintx NonProfiledCodeHeapSize                  = 122913754                              {pd product} {ergonomic}
    uintx ProfiledCodeHeapSize                     = 122913754                              {pd product} {ergonomic}
    uintx ReservedCodeCacheSize                    = 251658240                              {pd product} {ergonomic}
     bool SegmentedCodeCache                       = true                                      {product} {ergonomic}
     bool UseCompressedClassPointers               = true                                 {lp64_product} {ergonomic}
     bool UseCompressedOops                        = true                                 {lp64_product} {ergonomic}
     bool UseG1GC                                  = true                                      {product} {ergonomic}
     bool UseLargePagesIndividualAllocation        = false                                  {pd product} {ergonomic}

Logging:
Log output configuration:
 #0: stdout all=warning uptime,level,tags
 #1: stderr all=off uptime,level,tags

Environment Variables:
PATH=C:\Program Files\Common Files\Oracle\Java\javapath;C:\WINDOWS\system32;C:\WINDOWS;C:\WINDOWS\System32\Wbem;C:\WINDOWS\System32\WindowsPowerShell\v1.0\;C:\WINDOWS\System32\OpenSSH\;C:\Program Files\Git\cmd;C:\Users\SMART WAY\AppData\Local\Microsoft\WindowsApps;C:\Users\SMART WAY\.gradle\wrapper\dists\gradle-7.0;C:\Users\SMART WAY\.gradle\wrapper\dists\gradle-7.1\bin;C:\Users\SMART WAY\.gradle\wrapper\dists\gradle-7.0.2\bin;
USERNAME=SMART WAY
OS=Windows_NT
PROCESSOR_IDENTIFIER=Intel64 Family 6 Model 61 Stepping 4, GenuineIntel



---------------  S Y S T E M  ---------------

OS: Windows 10 , 64 bit Build 19041 (10.0.19041.1151)
OS uptime: 12 days 2:22 hours

CPU:total 4 (initial active 4) (2 cores per cpu, 2 threads per core) family 6 model 61 stepping 4 microcode 0x2f, cmov, cx8, fxsr, mmx, sse, sse2, sse3, ssse3, sse4.1, sse4.2, popcnt, avx, avx2, aes, clmul, erms, rtm, 3dnowpref, lzcnt, ht, tsc, tscinvbit, bmi1, bmi2, adx, fma

Memory: 4k page, system-wide physical 8067M (309M free)
TotalPageFile size 21538M (AvailPageFile size 104M)
current process WorkingSet (physical memory assigned to process): 9M, peak: 9M
current process commit charge ("private bytes"): 51M, peak: 179M

vm_info: OpenJDK 64-Bit Server VM (11.0.10+0-b96-7249189) for windows-amd64 JRE (11.0.10+0-b96-7249189), built on Mar 31 2021 21:44:00 by "builder" with MS VC++ 14.0 (VS2015)

END.
