#
# There is insufficient memory for the Java Runtime Environment to continue.
# Native memory allocation (mmap) failed to map 27262976 bytes for Failed to commit area from 0x0000000089e00000 to 0x000000008b800000 of length 27262976.
# Possible reasons:
#   The system is out of physical RAM or swap space
#   The process is running with CompressedOops enabled, and the Java Heap may be blocking the growth of the native heap
# Possible solutions:
#   Reduce memory load on the system
#   Increase physical memory or swap space
#   Check if swap backing store is full
#   Decrease Java heap size (-Xmx/-Xms)
#   Decrease number of Java threads
#   Decrease Java thread stack sizes (-Xss)
#   Set larger code cache with -XX:ReservedCodeCacheSize=
#   JVM is running with Unscaled Compressed Oops mode in which the Java heap is
#     placed in the first 4GB address space. The Java Heap base address is the
#     maximum limit for the native heap growth. Please use -XX:HeapBaseMinAddress
#     to set the Java Heap base and to place the Java Heap above 4GB virtual address.
# This output file may be truncated or incomplete.
#
#  Out of Memory Error (./src/hotspot/os/windows/os_windows.cpp:3301), pid=15888, tid=4216
#
# JRE version: OpenJDK Runtime Environment (11.0.10) (build 11.0.10+0-b96-7249189)
# Java VM: OpenJDK 64-Bit Server VM (11.0.10+0-b96-7249189, mixed mode, tiered, compressed oops, g1 gc, windows-amd64)
# No core dump will be written. Minidumps are not enabled by default on client versions of Windows
#

---------------  S U M M A R Y ------------

Command Line: org.jetbrains.kotlin.cli.jvm.K2JVMCompiler @C:\Users\SMART WAY\AndroidStudioProjects\MyApplication333333\app\build\20210823_6433307612785902929.compiler.options

Host: Intel(R) Core(TM) i7-5600U CPU @ 2.60GHz, 4 cores, 7G,  Windows 10 , 64 bit Build 19041 (10.0.19041.1151)
Time: Mon Aug 23 00:49:43 2021 Arabic Standard Time elapsed time: 4.218972 seconds (0d 0h 0m 4s)

---------------  T H R E A D  ---------------

Current thread (0x00000214d203d000):  VMThread "VM Thread" [stack: 0x000000c208500000,0x000000c208600000] [id=4216]

Stack: [0x000000c208500000,0x000000c208600000]
[error occurred during error reporting (printing stack bounds), id 0xc0000005, EXCEPTION_ACCESS_VIOLATION (0xc0000005) at pc=0x00000214bb8d0f2d]

Native frames: (J=compiled Java code, j=interpreted, Vv=VM code, C=native code)
V  [jvm.dll+0x5ecfaa]
V  [jvm.dll+0x722bd5]
V  [jvm.dll+0x72412d]
V  [jvm.dll+0x724745]
V  [jvm.dll+0x7246fb]
V  [jvm.dll+0x5ec348]
V  [jvm.dll+0x5ecad8]
C  [ntdll.dll+0xa217f]
C  [ntdll.dll+0x51454]
C  [ntdll.dll+0xa0cae]
C  0x00000214bb8d0f2d

VM_Operation (0x000000c207ffbee0): CollectForMetadataAllocation, mode: safepoint, requested by thread 0x00000214b65eb000


---------------  P R O C E S S  ---------------

Threads class SMR info:
_java_thread_list=0x00000214d75d2410, length=11, elements={
0x00000214b65eb000, 0x00000214d2065000, 0x00000214d206b800, 0x00000214d2082000,
0x00000214d2085800, 0x00000214d2087000, 0x00000214d208e800, 0x00000214d2093800,
0x00000214d2096800, 0x00000214d2b5f800, 0x00000214d4900000
}

Java Threads: ( => current thread )
  0x00000214b65eb000 JavaThread "main" [_thread_blocked, id=2792, stack(0x000000c207f00000,0x000000c208000000)]
  0x00000214d2065000 JavaThread "Reference Handler" daemon [_thread_blocked, id=12852, stack(0x000000c208600000,0x000000c208700000)]
  0x00000214d206b800 JavaThread "Finalizer" daemon [_thread_blocked, id=20468, stack(0x000000c208700000,0x000000c208800000)]
  0x00000214d2082000 JavaThread "Signal Dispatcher" daemon [_thread_blocked, id=6184, stack(0x000000c208800000,0x000000c208900000)]
  0x00000214d2085800 JavaThread "Attach Listener" daemon [_thread_blocked, id=1236, stack(0x000000c208900000,0x000000c208a00000)]
  0x00000214d2087000 JavaThread "Service Thread" daemon [_thread_blocked, id=17624, stack(0x000000c208a00000,0x000000c208b00000)]
  0x00000214d208e800 JavaThread "C2 CompilerThread0" daemon [_thread_blocked, id=2548, stack(0x000000c208b00000,0x000000c208c00000)]
  0x00000214d2093800 JavaThread "C1 CompilerThread0" daemon [_thread_blocked, id=17940, stack(0x000000c208c00000,0x000000c208d00000)]
  0x00000214d2096800 JavaThread "Sweeper thread" daemon [_thread_blocked, id=8356, stack(0x000000c208d00000,0x000000c208e00000)]
  0x00000214d2b5f800 JavaThread "Common-Cleaner" daemon [_thread_blocked, id=18468, stack(0x000000c208f00000,0x000000c209000000)]
  0x00000214d4900000 JavaThread "C2 CompilerThread1" daemon [_thread_blocked, id=18700, stack(0x000000c209000000,0x000000c209100000)]

Other Threads:
=>0x00000214d203d000 VMThread "VM Thread" [stack: 0x000000c208500000,0x000000c208600000] [id=4216]
  0x00000214d2b40000 WatcherThread [stack: 0x000000c208e00000,0x000000c208f00000] [id=13296]
  0x00000214b6602800 GCTaskThread "GC Thread#0" [stack: 0x000000c208000000,0x000000c208100000] [id=10176]
  0x00000214d3033000 GCTaskThread "GC Thread#1" [stack: 0x000000c209100000,0x000000c209200000] [id=11708]
  0x00000214d3033800 GCTaskThread "GC Thread#2" [stack: 0x000000c209200000,0x000000c209300000] [id=16356]
  0x00000214b6634000 ConcurrentGCThread "G1 Main Marker" [stack: 0x000000c208100000,0x000000c208200000] [id=2312]
  0x00000214b6635800 ConcurrentGCThread "G1 Conc#0" [stack: 0x000000c208200000,0x000000c208300000] [id=19704]
  0x00000214b66c6000 ConcurrentGCThread "G1 Refine#0" [stack: 0x000000c208300000,0x000000c208400000] [id=19284]
  0x00000214b66c8000 ConcurrentGCThread "G1 Young RemSet Sampling" [stack: 0x000000c208400000,0x000000c208500000] [id=16644]

Threads with active compile tasks:
C2 CompilerThread0   4227 2847       4       java.lang.Class::getPackageName (81 bytes)

VM state:at safepoint (normal execution)

VM Mutex/Monitor currently owned by a thread:  ([mutex/lock_event])
[0x00000214b65e63c0] Threads_lock - owner thread: 0x00000214d203d000
[0x00000214b65e6600] Heap_lock - owner thread: 0x00000214b65eb000

Heap address: 0x0000000081e00000, size: 2018 MB, Compressed Oops mode: 32-bit
Narrow klass base: 0x0000000000000000, Narrow klass shift: 3
Compressed class space size: 1073741824 Address: 0x0000000100000000

Heap:
 garbage-first heap   total 157696K, used 27971K [0x0000000081e00000, 0x0000000100000000)
  region size 1024K, 5 young (5120K), 5 survivors (5120K)
 Metaspace       used 41180K, capacity 41612K, committed 41680K, reserved 1097728K
  class space    used 4906K, capacity 5060K, committed 5120K, reserved 1048576K
Heap Regions: E=young(eden), S=young(survivor), O=old, HS=humongous(starts), HC=humongous(continues), CS=collection set, F=free, A=archive, TAMS=top-at-mark-start (previous, next)
|   0|0x0000000081e00000, 0x0000000081f00000, 0x0000000081f00000|100%|HS|  |TAMS 0x0000000081f00000, 0x0000000081f00000| Complete 
|   1|0x0000000081f00000, 0x0000000082000000, 0x0000000082000000|100%|HC|  |TAMS 0x0000000082000000, 0x0000000082000000| Complete 
|   2|0x0000000082000000, 0x0000000082100000, 0x0000000082100000|100%|HC|  |TAMS 0x0000000082100000, 0x0000000082100000| Complete 
|   3|0x0000000082100000, 0x0000000082200000, 0x0000000082200000|100%| O|  |TAMS 0x0000000082200000, 0x0000000082200000| Untracked 
|   4|0x0000000082200000, 0x0000000082300000, 0x0000000082300000|100%| O|  |TAMS 0x0000000082300000, 0x0000000082300000| Untracked 
|   5|0x0000000082300000, 0x0000000082400000, 0x0000000082400000|100%|HS|  |TAMS 0x0000000082400000, 0x0000000082400000| Complete 
|   6|0x0000000082400000, 0x0000000082500000, 0x0000000082500000|100%|HC|  |TAMS 0x0000000082500000, 0x0000000082500000| Complete 
|   7|0x0000000082500000, 0x0000000082600000, 0x0000000082600000|100%|HC|  |TAMS 0x0000000082600000, 0x0000000082600000| Complete 
|   8|0x0000000082600000, 0x0000000082700000, 0x0000000082700000|100%|HS|  |TAMS 0x0000000082700000, 0x0000000082700000| Complete 
|   9|0x0000000082700000, 0x0000000082800000, 0x0000000082800000|100%|HC|  |TAMS 0x0000000082800000, 0x0000000082800000| Complete 
|  10|0x0000000082800000, 0x0000000082900000, 0x0000000082900000|100%|HC|  |TAMS 0x0000000082900000, 0x0000000082900000| Complete 
|  11|0x0000000082900000, 0x0000000082a00000, 0x0000000082a00000|100%| O|  |TAMS 0x0000000082a00000, 0x0000000082a00000| Untracked 
|  12|0x0000000082a00000, 0x0000000082b00000, 0x0000000082b00000|100%| O|  |TAMS 0x0000000082b00000, 0x0000000082b00000| Untracked 
|  13|0x0000000082b00000, 0x0000000082c00000, 0x0000000082c00000|100%| O|  |TAMS 0x0000000082c00000, 0x0000000082c00000| Untracked 
|  14|0x0000000082c00000, 0x0000000082d00000, 0x0000000082d00000|100%| O|  |TAMS 0x0000000082d00000, 0x0000000082d00000| Untracked 
|  15|0x0000000082d00000, 0x0000000082e00000, 0x0000000082e00000|100%|HS|  |TAMS 0x0000000082e00000, 0x0000000082e00000| Complete 
|  16|0x0000000082e00000, 0x0000000082f00000, 0x0000000082f00000|100%|HC|  |TAMS 0x0000000082f00000, 0x0000000082f00000| Complete 
|  17|0x0000000082f00000, 0x0000000083000000, 0x0000000083000000|100%| O|  |TAMS 0x0000000083000000, 0x0000000083000000| Untracked 
|  18|0x0000000083000000, 0x0000000083100000, 0x0000000083100000|100%| O|  |TAMS 0x0000000083100000, 0x0000000083100000| Untracked 
|  19|0x0000000083100000, 0x0000000083200000, 0x0000000083200000|100%| O|  |TAMS 0x0000000083200000, 0x0000000083200000| Untracked 
|  20|0x0000000083200000, 0x0000000083300000, 0x0000000083300000|100%| O|  |TAMS 0x0000000083300000, 0x0000000083300000| Untracked 
|  21|0x0000000083300000, 0x0000000083400000, 0x0000000083400000|100%| O|  |TAMS 0x0000000083400000, 0x0000000083400000| Untracked 
|  22|0x0000000083400000, 0x00000000834b5400, 0x0000000083500000| 70%| O|  |TAMS 0x00000000834b5400, 0x00000000834b5400| Untracked 
|  23|0x0000000083500000, 0x0000000083500000, 0x0000000083600000|  0%| F|  |TAMS 0x0000000083500000, 0x0000000083500000| Untracked 
|  24|0x0000000083600000, 0x0000000083600000, 0x0000000083700000|  0%| F|  |TAMS 0x0000000083600000, 0x0000000083600000| Untracked 
|  25|0x0000000083700000, 0x0000000083700000, 0x0000000083800000|  0%| F|  |TAMS 0x0000000083700000, 0x0000000083700000| Untracked 
|  26|0x0000000083800000, 0x0000000083800000, 0x0000000083900000|  0%| F|  |TAMS 0x0000000083800000, 0x0000000083800000| Untracked 
|  27|0x0000000083900000, 0x0000000083900000, 0x0000000083a00000|  0%| F|  |TAMS 0x0000000083900000, 0x0000000083900000| Untracked 
|  28|0x0000000083a00000, 0x0000000083a00000, 0x0000000083b00000|  0%| F|  |TAMS 0x0000000083a00000, 0x0000000083a00000| Untracked 
|  29|0x0000000083b00000, 0x0000000083b00000, 0x0000000083c00000|  0%| F|  |TAMS 0x0000000083b00000, 0x0000000083b00000| Untracked 
|  30|0x0000000083c00000, 0x0000000083c00000, 0x0000000083d00000|  0%| F|  |TAMS 0x0000000083c00000, 0x0000000083c00000| Untracked 
|  31|0x0000000083d00000, 0x0000000083d00000, 0x0000000083e00000|  0%| F|  |TAMS 0x0000000083d00000, 0x0000000083d00000| Untracked 
|  32|0x0000000083e00000, 0x0000000083e00000, 0x0000000083f00000|  0%| F|  |TAMS 0x0000000083e00000, 0x0000000083e00000| Untracked 
|  33|0x0000000083f00000, 0x0000000083f00000, 0x0000000084000000|  0%| F|  |TAMS 0x0000000083f00000, 0x0000000083f00000| Untracked 
|  34|0x0000000084000000, 0x0000000084000000, 0x0000000084100000|  0%| F|  |TAMS 0x0000000084000000, 0x0000000084000000| Untracked 
|  35|0x0000000084100000, 0x0000000084100000, 0x0000000084200000|  0%| F|  |TAMS 0x0000000084100000, 0x0000000084100000| Untracked 
|  36|0x0000000084200000, 0x0000000084200000, 0x0000000084300000|  0%| F|  |TAMS 0x0000000084200000, 0x0000000084200000| Untracked 
|  37|0x0000000084300000, 0x0000000084300000, 0x0000000084400000|  0%| F|  |TAMS 0x0000000084300000, 0x0000000084300000| Untracked 
|  38|0x0000000084400000, 0x0000000084400000, 0x0000000084500000|  0%| F|  |TAMS 0x0000000084400000, 0x0000000084400000| Untracked 
|  39|0x0000000084500000, 0x0000000084500000, 0x0000000084600000|  0%| F|  |TAMS 0x0000000084500000, 0x0000000084500000| Untracked 
|  40|0x0000000084600000, 0x0000000084600000, 0x0000000084700000|  0%| F|  |TAMS 0x0000000084600000, 0x0000000084600000| Untracked 
|  41|0x0000000084700000, 0x0000000084700000, 0x0000000084800000|  0%| F|  |TAMS 0x0000000084700000, 0x0000000084700000| Untracked 
|  42|0x0000000084800000, 0x0000000084800000, 0x0000000084900000|  0%| F|  |TAMS 0x0000000084800000, 0x0000000084800000| Untracked 
|  43|0x0000000084900000, 0x0000000084900000, 0x0000000084a00000|  0%| F|  |TAMS 0x0000000084900000, 0x0000000084900000| Untracked 
|  44|0x0000000084a00000, 0x0000000084a00000, 0x0000000084b00000|  0%| F|  |TAMS 0x0000000084a00000, 0x0000000084a00000| Untracked 
|  45|0x0000000084b00000, 0x0000000084b00000, 0x0000000084c00000|  0%| F|  |TAMS 0x0000000084b00000, 0x0000000084b00000| Untracked 
|  46|0x0000000084c00000, 0x0000000084c00000, 0x0000000084d00000|  0%| F|  |TAMS 0x0000000084c00000, 0x0000000084c00000| Untracked 
|  47|0x0000000084d00000, 0x0000000084d00000, 0x0000000084e00000|  0%| F|  |TAMS 0x0000000084d00000, 0x0000000084d00000| Untracked 
|  48|0x0000000084e00000, 0x0000000084e00000, 0x0000000084f00000|  0%| F|  |TAMS 0x0000000084e00000, 0x0000000084e00000| Untracked 
|  49|0x0000000084f00000, 0x0000000084f00000, 0x0000000085000000|  0%| F|  |TAMS 0x0000000084f00000, 0x0000000084f00000| Untracked 
|  50|0x0000000085000000, 0x0000000085000000, 0x0000000085100000|  0%| F|  |TAMS 0x0000000085000000, 0x0000000085000000| Untracked 
|  51|0x0000000085100000, 0x0000000085100000, 0x0000000085200000|  0%| F|  |TAMS 0x0000000085100000, 0x0000000085100000| Untracked 
|  52|0x0000000085200000, 0x0000000085200000, 0x0000000085300000|  0%| F|  |TAMS 0x0000000085200000, 0x0000000085200000| Untracked 
|  53|0x0000000085300000, 0x0000000085300000, 0x0000000085400000|  0%| F|  |TAMS 0x0000000085300000, 0x0000000085300000| Untracked 
|  54|0x0000000085400000, 0x0000000085400000, 0x0000000085500000|  0%| F|  |TAMS 0x0000000085400000, 0x0000000085400000| Untracked 
|  55|0x0000000085500000, 0x0000000085500000, 0x0000000085600000|  0%| F|  |TAMS 0x0000000085500000, 0x0000000085500000| Untracked 
|  56|0x0000000085600000, 0x0000000085600000, 0x0000000085700000|  0%| F|  |TAMS 0x0000000085600000, 0x0000000085600000| Untracked 
|  57|0x0000000085700000, 0x0000000085700000, 0x0000000085800000|  0%| F|  |TAMS 0x0000000085700000, 0x0000000085700000| Untracked 
|  58|0x0000000085800000, 0x0000000085800000, 0x0000000085900000|  0%| F|  |TAMS 0x0000000085800000, 0x0000000085800000| Untracked 
|  59|0x0000000085900000, 0x0000000085900000, 0x0000000085a00000|  0%| F|  |TAMS 0x0000000085900000, 0x0000000085900000| Untracked 
|  60|0x0000000085a00000, 0x0000000085a00000, 0x0000000085b00000|  0%| F|  |TAMS 0x0000000085a00000, 0x0000000085a00000| Untracked 
|  61|0x0000000085b00000, 0x0000000085b00000, 0x0000000085c00000|  0%| F|  |TAMS 0x0000000085b00000, 0x0000000085b00000| Untracked 
|  62|0x0000000085c00000, 0x0000000085c00000, 0x0000000085d00000|  0%| F|  |TAMS 0x0000000085c00000, 0x0000000085c00000| Untracked 
|  63|0x0000000085d00000, 0x0000000085d00000, 0x0000000085e00000|  0%| F|  |TAMS 0x0000000085d00000, 0x0000000085d00000| Untracked 
|  64|0x0000000085e00000, 0x0000000085e00000, 0x0000000085f00000|  0%| F|  |TAMS 0x0000000085e00000, 0x0000000085e00000| Untracked 
|  65|0x0000000085f00000, 0x0000000085f00000, 0x0000000086000000|  0%| F|  |TAMS 0x0000000085f00000, 0x0000000085f00000| Untracked 
|  66|0x0000000086000000, 0x0000000086000000, 0x0000000086100000|  0%| F|  |TAMS 0x0000000086000000, 0x0000000086000000| Untracked 
|  67|0x0000000086100000, 0x0000000086100000, 0x0000000086200000|  0%| F|  |TAMS 0x0000000086100000, 0x0000000086100000| Untracked 
|  68|0x0000000086200000, 0x0000000086200000, 0x0000000086300000|  0%| F|  |TAMS 0x0000000086200000, 0x0000000086200000| Untracked 
|  69|0x0000000086300000, 0x0000000086300000, 0x0000000086400000|  0%| F|  |TAMS 0x0000000086300000, 0x0000000086300000| Untracked 
|  70|0x0000000086400000, 0x0000000086400000, 0x0000000086500000|  0%| F|  |TAMS 0x0000000086400000, 0x0000000086400000| Untracked 
|  71|0x0000000086500000, 0x0000000086500000, 0x0000000086600000|  0%| F|  |TAMS 0x0000000086500000, 0x0000000086500000| Untracked 
|  72|0x0000000086600000, 0x0000000086600000, 0x0000000086700000|  0%| F|  |TAMS 0x0000000086600000, 0x0000000086600000| Untracked 
|  73|0x0000000086700000, 0x0000000086700000, 0x0000000086800000|  0%| F|  |TAMS 0x0000000086700000, 0x0000000086700000| Untracked 
|  74|0x0000000086800000, 0x0000000086800000, 0x0000000086900000|  0%| F|  |TAMS 0x0000000086800000, 0x0000000086800000| Untracked 
|  75|0x0000000086900000, 0x0000000086900000, 0x0000000086a00000|  0%| F|  |TAMS 0x0000000086900000, 0x0000000086900000| Untracked 
|  76|0x0000000086a00000, 0x0000000086a00000, 0x0000000086b00000|  0%| F|  |TAMS 0x0000000086a00000, 0x0000000086a00000| Untracked 
|  77|0x0000000086b00000, 0x0000000086b00000, 0x0000000086c00000|  0%| F|  |TAMS 0x0000000086b00000, 0x0000000086b00000| Untracked 
|  78|0x0000000086c00000, 0x0000000086c00000, 0x0000000086d00000|  0%| F|  |TAMS 0x0000000086c00000, 0x0000000086c00000| Untracked 
|  79|0x0000000086d00000, 0x0000000086d00000, 0x0000000086e00000|  0%| F|  |TAMS 0x0000000086d00000, 0x0000000086d00000| Untracked 
|  80|0x0000000086e00000, 0x0000000086e00000, 0x0000000086f00000|  0%| F|  |TAMS 0x0000000086e00000, 0x0000000086e00000| Untracked 
|  81|0x0000000086f00000, 0x0000000086f00000, 0x0000000087000000|  0%| F|  |TAMS 0x0000000086f00000, 0x0000000086f00000| Untracked 
|  82|0x0000000087000000, 0x0000000087000000, 0x0000000087100000|  0%| F|  |TAMS 0x0000000087000000, 0x0000000087000000| Untracked 
|  83|0x0000000087100000, 0x0000000087100000, 0x0000000087200000|  0%| F|  |TAMS 0x0000000087100000, 0x0000000087100000| Untracked 
|  84|0x0000000087200000, 0x0000000087200000, 0x0000000087300000|  0%| F|  |TAMS 0x0000000087200000, 0x0000000087200000| Untracked 
|  85|0x0000000087300000, 0x0000000087300000, 0x0000000087400000|  0%| F|  |TAMS 0x0000000087300000, 0x0000000087300000| Untracked 
|  86|0x0000000087400000, 0x0000000087400000, 0x0000000087500000|  0%| F|  |TAMS 0x0000000087400000, 0x0000000087400000| Untracked 
|  87|0x0000000087500000, 0x0000000087500000, 0x0000000087600000|  0%| F|  |TAMS 0x0000000087500000, 0x0000000087500000| Untracked 
|  88|0x0000000087600000, 0x0000000087600000, 0x0000000087700000|  0%| F|  |TAMS 0x0000000087600000, 0x0000000087600000| Untracked 
|  89|0x0000000087700000, 0x0000000087700000, 0x0000000087800000|  0%| F|  |TAMS 0x0000000087700000, 0x0000000087700000| Untracked 
|  90|0x0000000087800000, 0x0000000087800000, 0x0000000087900000|  0%| F|  |TAMS 0x0000000087800000, 0x0000000087800000| Untracked 
|  91|0x0000000087900000, 0x0000000087900000, 0x0000000087a00000|  0%| F|  |TAMS 0x0000000087900000, 0x0000000087900000| Untracked 
|  92|0x0000000087a00000, 0x0000000087a00000, 0x0000000087b00000|  0%| F|  |TAMS 0x0000000087a00000, 0x0000000087a00000| Untracked 
|  93|0x0000000087b00000, 0x0000000087b00000, 0x0000000087c00000|  0%| F|  |TAMS 0x0000000087b00000, 0x0000000087b00000| Untracked 
|  94|0x0000000087c00000, 0x0000000087c9ba30, 0x0000000087d00000| 60%| S|CS|TAMS 0x0000000087c00000, 0x0000000087c00000| Complete 
|  95|0x0000000087d00000, 0x0000000087e00000, 0x0000000087e00000|100%| S|CS|TAMS 0x0000000087d00000, 0x0000000087d00000| Complete 
|  96|0x0000000087e00000, 0x0000000087f00000, 0x0000000087f00000|100%| S|CS|TAMS 0x0000000087e00000, 0x0000000087e00000| Complete 
|  97|0x0000000087f00000, 0x0000000088000000, 0x0000000088000000|100%| S|CS|TAMS 0x0000000087f00000, 0x0000000087f00000| Complete 
|  98|0x0000000088000000, 0x0000000088100000, 0x0000000088100000|100%| S|CS|TAMS 0x0000000088000000, 0x0000000088000000| Complete 
|  99|0x0000000088100000, 0x0000000088100000, 0x0000000088200000|  0%| F|  |TAMS 0x0000000088100000, 0x0000000088100000| Untracked 
| 100|0x0000000088200000, 0x0000000088200000, 0x0000000088300000|  0%| F|  |TAMS 0x0000000088200000, 0x0000000088200000| Untracked 
| 101|0x0000000088300000, 0x0000000088300000, 0x0000000088400000|  0%| F|  |TAMS 0x0000000088300000, 0x0000000088300000| Untracked 
| 102|0x0000000088400000, 0x0000000088400000, 0x0000000088500000|  0%| F|  |TAMS 0x0000000088400000, 0x0000000088400000| Untracked 
| 103|0x0000000088500000, 0x0000000088500000, 0x0000000088600000|  0%| F|  |TAMS 0x0000000088500000, 0x0000000088500000| Untracked 
| 104|0x0000000088600000, 0x0000000088600000, 0x0000000088700000|  0%| F|  |TAMS 0x0000000088600000, 0x0000000088600000| Untracked 
| 105|0x0000000088700000, 0x0000000088700000, 0x0000000088800000|  0%| F|  |TAMS 0x0000000088700000, 0x0000000088700000| Untracked 
| 106|0x0000000088800000, 0x0000000088800000, 0x0000000088900000|  0%| F|  |TAMS 0x0000000088800000, 0x0000000088800000| Untracked 
| 107|0x0000000088900000, 0x0000000088900000, 0x0000000088a00000|  0%| F|  |TAMS 0x0000000088900000, 0x0000000088900000| Untracked 
| 108|0x0000000088a00000, 0x0000000088a00000, 0x0000000088b00000|  0%| F|  |TAMS 0x0000000088a00000, 0x0000000088a00000| Untracked 
| 109|0x0000000088b00000, 0x0000000088b00000, 0x0000000088c00000|  0%| F|  |TAMS 0x0000000088b00000, 0x0000000088b00000| Untracked 
| 110|0x0000000088c00000, 0x0000000088c00000, 0x0000000088d00000|  0%| F|  |TAMS 0x0000000088c00000, 0x0000000088c00000| Untracked 
| 111|0x0000000088d00000, 0x0000000088d00000, 0x0000000088e00000|  0%| F|  |TAMS 0x0000000088d00000, 0x0000000088d00000| Untracked 
| 112|0x0000000088e00000, 0x0000000088e00000, 0x0000000088f00000|  0%| F|  |TAMS 0x0000000088e00000, 0x0000000088e00000| Untracked 
| 113|0x0000000088f00000, 0x0000000088f00000, 0x0000000089000000|  0%| F|  |TAMS 0x0000000088f00000, 0x0000000088f00000| Untracked 
| 114|0x0000000089000000, 0x0000000089000000, 0x0000000089100000|  0%| F|  |TAMS 0x0000000089000000, 0x0000000089000000| Untracked 
| 115|0x0000000089100000, 0x0000000089100000, 0x0000000089200000|  0%| F|  |TAMS 0x0000000089100000, 0x0000000089100000| Untracked 
| 116|0x0000000089200000, 0x0000000089200000, 0x0000000089300000|  0%| F|  |TAMS 0x0000000089200000, 0x0000000089200000| Untracked 
| 117|0x0000000089300000, 0x0000000089300000, 0x0000000089400000|  0%| F|  |TAMS 0x0000000089300000, 0x0000000089300000| Untracked 
| 118|0x0000000089400000, 0x0000000089400000, 0x0000000089500000|  0%| F|  |TAMS 0x0000000089400000, 0x0000000089400000| Untracked 
| 119|0x0000000089500000, 0x0000000089500000, 0x0000000089600000|  0%| F|  |TAMS 0x0000000089500000, 0x0000000089500000| Untracked 
| 120|0x0000000089600000, 0x0000000089600000, 0x0000000089700000|  0%| F|  |TAMS 0x0000000089600000, 0x0000000089600000| Untracked 
| 121|0x0000000089700000, 0x0000000089700000, 0x0000000089800000|  0%| F|  |TAMS 0x0000000089700000, 0x0000000089700000| Untracked 
| 122|0x0000000089800000, 0x0000000089800000, 0x0000000089900000|  0%| F|  |TAMS 0x0000000089800000, 0x0000000089800000| Untracked 
| 123|0x0000000089900000, 0x0000000089900000, 0x0000000089a00000|  0%| F|  |TAMS 0x0000000089900000, 0x0000000089900000| Untracked 
| 124|0x0000000089a00000, 0x0000000089a00000, 0x0000000089b00000|  0%| F|  |TAMS 0x0000000089a00000, 0x0000000089a00000| Untracked 
| 125|0x0000000089b00000, 0x0000000089b00000, 0x0000000089c00000|  0%| F|  |TAMS 0x0000000089b00000, 0x0000000089b00000| Untracked 
| 126|0x0000000089c00000, 0x0000000089c00000, 0x0000000089d00000|  0%| F|  |TAMS 0x0000000089c00000, 0x0000000089c00000| Untracked 
| 127|0x0000000089d00000, 0x0000000089d00000, 0x0000000089e00000|  0%| F|  |TAMS 0x0000000089d00000, 0x0000000089d00000| Untracked 

Card table byte_map: [0x00000214cb300000,0x00000214cb700000] _byte_map_base: 0x00000214caef1000

Marking Bits (Prev, Next): (CMBitMap*) 0x00000214b662b698, (CMBitMap*) 0x00000214b662b6d0
 Prev Bits: [0x00000214cbb00000, 0x00000214cda88000)
 Next Bits: [0x00000214cda90000, 0x00000214cfa18000)

Polling page: 0x00000214b63e0000

Metaspace:

Usage:
  Non-class:     35.70 MB capacity,    35.42 MB (>99%) used,   221.41 KB ( <1%) free+waste,    56.81 KB ( <1%) overhead. 
      Class:      4.94 MB capacity,     4.79 MB ( 97%) used,   129.58 KB (  3%) free+waste,    24.19 KB ( <1%) overhead. 
       Both:     40.64 MB capacity,    40.21 MB ( 99%) used,   350.99 KB ( <1%) free+waste,    81.00 KB ( <1%) overhead. 

Virtual space:
  Non-class space:       48.00 MB reserved,      35.70 MB ( 74%) committed 
      Class space:        1.00 GB reserved,       5.00 MB ( <1%) committed 
             Both:        1.05 GB reserved,      40.70 MB (  4%) committed 

Chunk freelists:
   Non-Class:  8.00 KB
       Class:  28.00 KB
        Both:  36.00 KB

MaxMetaspaceSize: 17179869184.00 GB
CompressedClassSpaceSize: 1.00 GB

CodeHeap 'non-profiled nmethods': size=120064Kb used=1110Kb max_used=1110Kb free=118954Kb
 bounds [0x00000214c3390000, 0x00000214c3600000, 0x00000214ca8d0000]
CodeHeap 'profiled nmethods': size=120000Kb used=5757Kb max_used=5757Kb free=114242Kb
 bounds [0x00000214bbe60000, 0x00000214bc400000, 0x00000214c3390000]
CodeHeap 'non-nmethods': size=5696Kb used=1178Kb max_used=1217Kb free=4517Kb
 bounds [0x00000214bb8d0000, 0x00000214bbb40000, 0x00000214bbe60000]
 total_blobs=3362 nmethods=2836 adapters=437
 compilation: enabled
              stopped_count=0, restarted_count=0
 full_count=0

Compilation events (20 events):
Event: 4.195 Thread 0x00000214d2093800 nmethod 2837 0x00000214bc3fce90 code [0x00000214bc3fd060, 0x00000214bc3fd298]
Event: 4.195 Thread 0x00000214d2093800 2838       3       gnu.trove.TIntObjectHashMap::index (143 bytes)
Event: 4.195 Thread 0x00000214d4900000 2840       4       org.jetbrains.kotlin.com.intellij.openapi.util.UserDataHolderBase::<init> (12 bytes)
Event: 4.196 Thread 0x00000214d2093800 nmethod 2838 0x00000214bc3fd390 code [0x00000214bc3fd5c0, 0x00000214bc3fdf88]
Event: 4.196 Thread 0x00000214d2093800 2839       1       gnu.trove.TIntArrayList::size (5 bytes)
Event: 4.196 Thread 0x00000214d2093800 nmethod 2839 0x00000214c34a4b90 code [0x00000214c34a4d40, 0x00000214c34a4df8]
Event: 4.196 Thread 0x00000214d2093800 2841       3       org.jetbrains.kotlin.com.intellij.util.text.ImmutableText::charAt (50 bytes)
Event: 4.196 Thread 0x00000214d2093800 nmethod 2841 0x00000214bc3fe310 code [0x00000214bc3fe4e0, 0x00000214bc3fe818]
Event: 4.196 Thread 0x00000214d2093800 2842       3       org.jetbrains.kotlin.com.intellij.util.text.ImmutableText$Leaf8BitNode::charAt (10 bytes)
Event: 4.196 Thread 0x00000214d2093800 nmethod 2842 0x00000214bc3fe990 code [0x00000214bc3feb40, 0x00000214bc3fecd8]
Event: 4.196 Thread 0x00000214d4900000 nmethod 2840 0x00000214c34a4e90 code [0x00000214c34a5020, 0x00000214c34a5158]
Event: 4.197 Thread 0x00000214d2093800 2843       1       org.jetbrains.kotlin.com.intellij.psi.impl.source.tree.TreeElement::getTreeParent (5 bytes)
Event: 4.197 Thread 0x00000214d2093800 nmethod 2843 0x00000214c34a5210 code [0x00000214c34a53c0, 0x00000214c34a5478]
Event: 4.197 Thread 0x00000214d2093800 2844       3       org.jetbrains.kotlin.com.intellij.openapi.util.UserDataHolderBase::getUserMap (13 bytes)
Event: 4.197 Thread 0x00000214d2093800 nmethod 2844 0x00000214bc3fee10 code [0x00000214bc3fefc0, 0x00000214bc3ff148]
Event: 4.197 Thread 0x00000214d2093800 2845       3       org.jetbrains.kotlin.com.intellij.psi.impl.DebugUtil::checkTreeStructure (11 bytes)
Event: 4.197 Thread 0x00000214d2093800 nmethod 2845 0x00000214bc3ff210 code [0x00000214bc3ff3c0, 0x00000214bc3ff528]
Event: 4.197 Thread 0x00000214d2093800 2846       1       org.jetbrains.kotlin.com.intellij.psi.impl.source.tree.TreeElement::getTreeNext (5 bytes)
Event: 4.197 Thread 0x00000214d2093800 nmethod 2846 0x00000214c34a5510 code [0x00000214c34a56c0, 0x00000214c34a5778]
Event: 4.200 Thread 0x00000214d208e800 2847       4       java.lang.Class::getPackageName (81 bytes)

GC Heap History (9 events):
Event: 0.552 GC heap before
{Heap before GC invocations=0 (full 0):
 garbage-first heap   total 131072K, used 17408K [0x0000000081e00000, 0x0000000100000000)
  region size 1024K, 14 young (14336K), 0 survivors (0K)
 Metaspace       used 9762K, capacity 9935K, committed 10112K, reserved 1058816K
  class space    used 829K, capacity 884K, committed 896K, reserved 1048576K
}
Event: 0.556 GC heap after
{Heap after GC invocations=1 (full 0):
 garbage-first heap   total 131072K, used 5388K [0x0000000081e00000, 0x0000000100000000)
  region size 1024K, 2 young (2048K), 2 survivors (2048K)
 Metaspace       used 9762K, capacity 9935K, committed 10112K, reserved 1058816K
  class space    used 829K, capacity 884K, committed 896K, reserved 1048576K
}
Event: 1.804 GC heap before
{Heap before GC invocations=1 (full 0):
 garbage-first heap   total 131072K, used 52492K [0x0000000081e00000, 0x0000000100000000)
  region size 1024K, 49 young (50176K), 2 survivors (2048K)
 Metaspace       used 20994K, capacity 21166K, committed 21248K, reserved 1069056K
  class space    used 2224K, capacity 2286K, committed 2304K, reserved 1048576K
}
Event: 1.820 GC heap after
{Heap after GC invocations=2 (full 0):
 garbage-first heap   total 131072K, used 9265K [0x0000000081e00000, 0x0000000100000000)
  region size 1024K, 6 young (6144K), 6 survivors (6144K)
 Metaspace       used 20994K, capacity 21166K, committed 21248K, reserved 1069056K
  class space    used 2224K, capacity 2286K, committed 2304K, reserved 1048576K
}
Event: 3.193 GC heap before
{Heap before GC invocations=3 (full 0):
 garbage-first heap   total 131072K, used 68657K [0x0000000081e00000, 0x0000000100000000)
  region size 1024K, 52 young (53248K), 6 survivors (6144K)
 Metaspace       used 30668K, capacity 31083K, committed 31228K, reserved 1077248K
  class space    used 3634K, capacity 3793K, committed 3840K, reserved 1048576K
}
Event: 3.215 GC heap after
{Heap after GC invocations=4 (full 0):
 garbage-first heap   total 131072K, used 23432K [0x0000000081e00000, 0x0000000100000000)
  region size 1024K, 6 young (6144K), 6 survivors (6144K)
 Metaspace       used 30668K, capacity 31083K, committed 31228K, reserved 1077248K
  class space    used 3634K, capacity 3793K, committed 3840K, reserved 1048576K
}
Event: 3.733 GC heap before
{Heap before GC invocations=4 (full 0):
 garbage-first heap   total 131072K, used 46984K [0x0000000081e00000, 0x0000000100000000)
  region size 1024K, 30 young (30720K), 6 survivors (6144K)
 Metaspace       used 35639K, capacity 36016K, committed 36048K, reserved 1081344K
  class space    used 4181K, capacity 4348K, committed 4352K, reserved 1048576K
}
Event: 3.750 GC heap after
{Heap after GC invocations=5 (full 0):
 garbage-first heap   total 131072K, used 26309K [0x0000000081e00000, 0x0000000100000000)
  region size 1024K, 3 young (3072K), 3 survivors (3072K)
 Metaspace       used 35639K, capacity 36016K, committed 36048K, reserved 1081344K
  class space    used 4181K, capacity 4348K, committed 4352K, reserved 1048576K
}
Event: 4.209 GC heap before
{Heap before GC invocations=6 (full 0):
 garbage-first heap   total 131072K, used 51909K [0x0000000081e00000, 0x0000000100000000)
  region size 1024K, 29 young (29696K), 3 survivors (3072K)
 Metaspace       used 41180K, capacity 41612K, committed 41680K, reserved 1097728K
  class space    used 4906K, capacity 5060K, committed 5120K, reserved 1048576K
}

Deoptimization events (20 events):
Event: 4.117 Thread 0x00000214b65eb000 Uncommon trap: trap_request=0xffffff4d fr.pc=0x00000214c33c676c relative=0x0000000000000c4c
Event: 4.117 Thread 0x00000214b65eb000 Uncommon trap: reason=unstable_if action=reinterpret pc=0x00000214c33c676c method=java.lang.StringCoding.encodeUTF8(B[BZ)[B @ 2 c2
Event: 4.117 Thread 0x00000214b65eb000 DEOPT PACKING pc=0x00000214c33c676c sp=0x000000c207ff60c0
Event: 4.117 Thread 0x00000214b65eb000 DEOPT UNPACKING pc=0x00000214bb8f78af sp=0x000000c207ff5eb0 mode 2
Event: 4.117 Thread 0x00000214b65eb000 Uncommon trap: trap_request=0xffffff4d fr.pc=0x00000214c349f4c8 relative=0x0000000000000268
Event: 4.117 Thread 0x00000214b65eb000 Uncommon trap: reason=unstable_if action=reinterpret pc=0x00000214c349f4c8 method=sun.net.www.ParseUtil.firstEncodeIndex(Ljava/lang/String;)I @ 27 c2
Event: 4.117 Thread 0x00000214b65eb000 DEOPT PACKING pc=0x00000214c349f4c8 sp=0x000000c207ff61f0
Event: 4.117 Thread 0x00000214b65eb000 DEOPT UNPACKING pc=0x00000214bb8f78af sp=0x000000c207ff6018 mode 2
Event: 4.117 Thread 0x00000214b65eb000 Uncommon trap: trap_request=0xffffff4d fr.pc=0x00000214c3439f14 relative=0x00000000000001f4
Event: 4.117 Thread 0x00000214b65eb000 Uncommon trap: reason=unstable_if action=reinterpret pc=0x00000214c3439f14 method=java.lang.String.indexOf(II)I @ 4 c2
Event: 4.117 Thread 0x00000214b65eb000 DEOPT PACKING pc=0x00000214c3439f14 sp=0x000000c207ff5e80
Event: 4.117 Thread 0x00000214b65eb000 DEOPT UNPACKING pc=0x00000214bb8f78af sp=0x000000c207ff5e30 mode 2
Event: 4.117 Thread 0x00000214b65eb000 Uncommon trap: trap_request=0xffffff4d fr.pc=0x00000214c34402b0 relative=0x0000000000000190
Event: 4.117 Thread 0x00000214b65eb000 Uncommon trap: reason=unstable_if action=reinterpret pc=0x00000214c34402b0 method=java.lang.String.startsWith(Ljava/lang/String;I)Z @ 46 c2
Event: 4.117 Thread 0x00000214b65eb000 DEOPT PACKING pc=0x00000214c34402b0 sp=0x000000c207ff5f80
Event: 4.117 Thread 0x00000214b65eb000 DEOPT UNPACKING pc=0x00000214bb8f78af sp=0x000000c207ff5ee8 mode 2
Event: 4.132 Thread 0x00000214b65eb000 Uncommon trap: trap_request=0xffffffde fr.pc=0x00000214c34459d4 relative=0x0000000000000254
Event: 4.132 Thread 0x00000214b65eb000 Uncommon trap: reason=class_check action=maybe_recompile pc=0x00000214c34459d4 method=gnu.trove.TObjectHash.computeHashCode(Ljava/lang/Object;)I @ 5 c2
Event: 4.132 Thread 0x00000214b65eb000 DEOPT PACKING pc=0x00000214c34459d4 sp=0x000000c207ffda70
Event: 4.132 Thread 0x00000214b65eb000 DEOPT UNPACKING pc=0x00000214bb8f78af sp=0x000000c207ffd938 mode 2

Classes redefined (0 events):
No events

Internal exceptions (19 events):
Event: 1.473 Thread 0x00000214b65eb000 Exception <a 'java/lang/NoSuchMethodError'{0x0000000087b01d40}: 'int java.lang.invoke.DirectMethodHandle$Holder.invokeSpecialIFC(java.lang.Object, java.lang.Object, int)'> (0x0000000087b01d40) thrown at [./src/hotspot/share/interpreter/linkResolver.cpp, line 773]
Event: 1.676 Thread 0x00000214b65eb000 Exception <a 'java/lang/NoSuchMethodError'{0x0000000087366498}: 'java.lang.Object java.lang.invoke.DirectMethodHandle$Holder.invokeStaticInit(java.lang.Object, int)'> (0x0000000087366498) thrown at [./src/hotspot/share/interpreter/linkResolver.cpp, line 773]
Event: 1.705 Thread 0x00000214b65eb000 Exception <a 'java/lang/NoSuchMethodError'{0x00000000871024d0}: 'long java.lang.invoke.DirectMethodHandle$Holder.invokeStatic(java.lang.Object)'> (0x00000000871024d0) thrown at [./src/hotspot/share/interpreter/linkResolver.cpp, line 773]
Event: 1.706 Thread 0x00000214b65eb000 Exception <a 'java/lang/NoSuchMethodError'{0x0000000087105328}: 'long java.lang.invoke.DirectMethodHandle$Holder.invokeStaticInit(java.lang.Object)'> (0x0000000087105328) thrown at [./src/hotspot/share/interpreter/linkResolver.cpp, line 773]
Event: 1.777 Thread 0x00000214b65eb000 Exception <a 'java/lang/NoSuchMethodError'{0x0000000086e7e8d0}: 'int java.lang.invoke.DirectMethodHandle$Holder.invokeStaticInit(java.lang.Object, java.lang.Object, java.lang.Object)'> (0x0000000086e7e8d0) thrown at [./src/hotspot/share/interpreter/linkResolver.cpp, line 773]
Event: 1.782 Thread 0x00000214b65eb000 Exception <a 'java/lang/NoSuchMethodError'{0x0000000086eab0a8}: 'int java.lang.invoke.DirectMethodHandle$Holder.invokeStaticInit(java.lang.Object, java.lang.Object)'> (0x0000000086eab0a8) thrown at [./src/hotspot/share/interpreter/linkResolver.cpp, line 773]
Event: 2.114 Thread 0x00000214b65eb000 Exception <a 'java/lang/NoSuchMethodError'{0x0000000089414ac8}: 'java.lang.Object java.lang.invoke.DirectMethodHandle$Holder.invokeStatic(java.lang.Object, java.lang.Object, java.lang.Object, java.lang.Object, java.lang.Object, java.lang.Object, java.lang.Object, java.lang.Object, java.lang.Object, java.lang.Object, java.lang.Object, java.lang.Object, java.lang.Object, java.lang.Object, java.lang.Object)'> (0x0000000089414ac8) thrown at [./src/hotspot/share/interpreter/linkResolver.cpp, line 773]
Event: 2.116 Thread 0x00000214b65eb000 Exception <a 'java/lang/NoSuchMethodError'{0x0000000089422ad0}: 'java.lang.Object java.lang.invoke.DirectMethodHandle$Holder.invokeStatic(java.lang.Object, java.lang.Object, java.lang.Object, java.lang.Object, java.lang.Object, java.lang.Object, java.lang.Object, java.lang.Object, java.lang.Object, java.lang.Object, java.lang.Object, java.lang.Object, java.lang.Object, java.lang.Object, java.lang.Object, java.lang.Object)'> (0x0000000089422ad0) thrown at [./src/hotspot/share/interpreter/linkResolver.cpp, l
Event: 2.118 Thread 0x00000214b65eb000 Exception <a 'java/lang/NoSuchMethodError'{0x00000000894309e8}: 'java.lang.Object java.lang.invoke.DirectMethodHandle$Holder.invokeSpecial(java.lang.Object, java.lang.Object, int, int, java.lang.Object, java.lang.Object, java.lang.Object)'> (0x00000000894309e8) thrown at [./src/hotspot/share/interpreter/linkResolver.cpp, line 773]
Event: 2.120 Thread 0x00000214b65eb000 Exception <a 'java/lang/NoSuchMethodError'{0x0000000089434220}: 'java.lang.Object java.lang.invoke.DelegatingMethodHandle$Holder.reinvoke_L(java.lang.Object, int, int, java.lang.Object, java.lang.Object, java.lang.Object)'> (0x0000000089434220) thrown at [./src/hotspot/share/interpreter/linkResolver.cpp, line 773]
Event: 2.120 Thread 0x00000214b65eb000 Exception <a 'java/lang/NoSuchMethodError'{0x00000000894385a8}: 'java.lang.Object java.lang.invoke.DirectMethodHandle$Holder.invokeStatic(java.lang.Object, java.lang.Object, java.lang.Object, java.lang.Object, int)'> (0x00000000894385a8) thrown at [./src/hotspot/share/interpreter/linkResolver.cpp, line 773]
Event: 2.178 Thread 0x00000214b65eb000 Implicit null exception at 0x00000214c34181ac to 0x00000214c341835a
Event: 2.220 Thread 0x00000214b65eb000 Exception <a 'java/lang/NoSuchMethodError'{0x0000000088fbb638}: 'void java.lang.invoke.DirectMethodHandle$Holder.invokeStatic(java.lang.Object, java.lang.Object, java.lang.Object, java.lang.Object)'> (0x0000000088fbb638) thrown at [./src/hotspot/share/interpreter/linkResolver.cpp, line 773]
Event: 2.244 Thread 0x00000214b65eb000 Exception <a 'java/lang/NoSuchMethodError'{0x0000000088d11c28}: 'void java.lang.invoke.DirectMethodHandle$Holder.invokeSpecial(java.lang.Object, java.lang.Object)'> (0x0000000088d11c28) thrown at [./src/hotspot/share/interpreter/linkResolver.cpp, line 773]
Event: 2.288 Thread 0x00000214b65eb000 Exception <a 'java/lang/NoSuchMethodError'{0x0000000088bbd8b8}: 'void java.lang.invoke.DirectMethodHandle$Holder.invokeStaticInit(java.lang.Object, java.lang.Object)'> (0x0000000088bbd8b8) thrown at [./src/hotspot/share/interpreter/linkResolver.cpp, line 773]
Event: 2.299 Thread 0x00000214b65eb000 Exception <a 'java/lang/NoSuchMethodError'{0x0000000088bfca30}: 'void java.lang.invoke.DirectMethodHandle$Holder.invokeInterface(java.lang.Object, java.lang.Object)'> (0x0000000088bfca30) thrown at [./src/hotspot/share/interpreter/linkResolver.cpp, line 773]
Event: 2.397 Thread 0x00000214b65eb000 Exception <a 'java/lang/NoSuchMethodError'{0x000000008862a158}: 'void java.lang.invoke.DirectMethodHandle$Holder.invokeVirtual(java.lang.Object, java.lang.Object)'> (0x000000008862a158) thrown at [./src/hotspot/share/interpreter/linkResolver.cpp, line 773]
Event: 2.410 Thread 0x00000214b65eb000 Exception <a 'java/lang/NoSuchMethodError'{0x00000000886a2e98}: 'int java.lang.invoke.DirectMethodHandle$Holder.invokeVirtual(java.lang.Object, java.lang.Object)'> (0x00000000886a2e98) thrown at [./src/hotspot/share/interpreter/linkResolver.cpp, line 773]
Event: 3.462 Thread 0x00000214b65eb000 Exception <a 'java/lang/NoSuchMethodError'{0x0000000089389908}: 'java.lang.Object java.lang.invoke.DirectMethodHandle$Holder.invokeVirtual(java.lang.Object, java.lang.Object, java.lang.Object)'> (0x0000000089389908) thrown at [./src/hotspot/share/interpreter/linkResolver.cpp, line 773]

Events (20 events):
Event: 4.203 loading class org/jetbrains/kotlin/psi/KtDotQualifiedExpression$Companion done
Event: 4.203 loading class org/jetbrains/kotlin/psi/KtQualifiedExpression$DefaultImpls
Event: 4.203 loading class org/jetbrains/kotlin/psi/KtQualifiedExpression$DefaultImpls done
Event: 4.203 loading class org/jetbrains/kotlin/psi/psiUtil/PsiUtilsKt
Event: 4.203 loading class org/jetbrains/kotlin/psi/psiUtil/PsiUtilsKt done
Event: 4.205 loading class org/jetbrains/kotlin/psi/psiUtil/PsiUtilsKt$siblings$1
Event: 4.205 loading class org/jetbrains/kotlin/psi/psiUtil/PsiUtilsKt$siblings$1 done
Event: 4.205 loading class org/jetbrains/kotlin/psi/psiUtil/PsiUtilsKt$siblings$1$iterator$1
Event: 4.205 loading class org/jetbrains/kotlin/psi/psiUtil/PsiUtilsKt$siblings$1$iterator$1 done
Event: 4.206 loading class org/jetbrains/kotlin/com/intellij/psi/impl/source/SourceTreeToPsiMap
Event: 4.206 loading class org/jetbrains/kotlin/com/intellij/psi/impl/source/SourceTreeToPsiMap done
Event: 4.206 loading class org/jetbrains/kotlin/psi/KtNameReferenceExpression$Companion
Event: 4.206 loading class org/jetbrains/kotlin/psi/KtNameReferenceExpression$Companion done
Event: 4.206 loading class org/jetbrains/kotlin/psi/KtExpressionImpl$Companion
Event: 4.206 loading class org/jetbrains/kotlin/psi/KtExpressionImpl$Companion done
Event: 4.207 loading class org/jetbrains/kotlin/psi/KtSimpleNameExpressionImpl$Companion
Event: 4.207 loading class org/jetbrains/kotlin/psi/KtSimpleNameExpressionImpl$Companion done
Event: 4.207 loading class org/jetbrains/kotlin/psi/KtPsiUtil
Event: 4.207 loading class org/jetbrains/kotlin/psi/KtPsiUtil done
Event: 4.208 Executing VM operation: CollectForMetadataAllocation


Dynamic libraries:
0x00007ff7d6270000 - 0x00007ff7d627a000 	C:\Program Files\Android\Android Studio1\jre\bin\java.exe
0x00007ffcb18b0000 - 0x00007ffcb1aa5000 	C:\WINDOWS\SYSTEM32\ntdll.dll
0x00007ffcb04d0000 - 0x00007ffcb058d000 	C:\WINDOWS\System32\KERNEL32.DLL
0x00007ffcaf340000 - 0x00007ffcaf609000 	C:\WINDOWS\System32\KERNELBASE.dll
0x00007ffcaf0f0000 - 0x00007ffcaf1f0000 	C:\WINDOWS\System32\ucrtbase.dll
0x00007ffca5c20000 - 0x00007ffca5c37000 	C:\Program Files\Android\Android Studio1\jre\bin\VCRUNTIME140.dll
0x00007ffca5d60000 - 0x00007ffca5d79000 	C:\Program Files\Android\Android Studio1\jre\bin\jli.dll
0x00007ffcafc40000 - 0x00007ffcafde0000 	C:\WINDOWS\System32\USER32.dll
0x00007ffcaf070000 - 0x00007ffcaf092000 	C:\WINDOWS\System32\win32u.dll
0x00007ffca4010000 - 0x00007ffca42aa000 	C:\WINDOWS\WinSxS\amd64_microsoft.windows.common-controls_6595b64144ccf1df_6.0.19041.1110_none_60b5254171f9507e\COMCTL32.dll
0x00007ffcb0990000 - 0x00007ffcb09ba000 	C:\WINDOWS\System32\GDI32.dll
0x00007ffcb0a70000 - 0x00007ffcb0b0e000 	C:\WINDOWS\System32\msvcrt.dll
0x00007ffcaf800000 - 0x00007ffcaf90b000 	C:\WINDOWS\System32\gdi32full.dll
0x00007ffcaf2a0000 - 0x00007ffcaf33d000 	C:\WINDOWS\System32\msvcp_win.dll
0x00007ffcb0960000 - 0x00007ffcb0990000 	C:\WINDOWS\System32\IMM32.DLL
0x00007ffc84a20000 - 0x00007ffc84abd000 	C:\Program Files\Android\Android Studio1\jre\bin\msvcp140.dll
0x00007ffc53560000 - 0x00007ffc5402f000 	C:\Program Files\Android\Android Studio1\jre\bin\server\jvm.dll
0x00007ffcb09c0000 - 0x00007ffcb0a6c000 	C:\WINDOWS\System32\ADVAPI32.dll
0x00007ffcaf910000 - 0x00007ffcaf9ab000 	C:\WINDOWS\System32\sechost.dll
0x00007ffcafe40000 - 0x00007ffcaff6a000 	C:\WINDOWS\System32\RPCRT4.dll
0x00007ffcb0160000 - 0x00007ffcb0168000 	C:\WINDOWS\System32\PSAPI.DLL
0x00007ffca9f50000 - 0x00007ffca9f59000 	C:\WINDOWS\SYSTEM32\WSOCK32.dll
0x00007ffca5c90000 - 0x00007ffca5c9a000 	C:\WINDOWS\SYSTEM32\VERSION.dll
0x00007ffcb00f0000 - 0x00007ffcb015b000 	C:\WINDOWS\System32\WS2_32.dll
0x00007ffca1110000 - 0x00007ffca1137000 	C:\WINDOWS\SYSTEM32\WINMM.dll
0x00007ffcacef0000 - 0x00007ffcacf02000 	C:\WINDOWS\SYSTEM32\kernel.appcore.dll
0x00007ffca3eb0000 - 0x00007ffca3ec1000 	C:\Program Files\Android\Android Studio1\jre\bin\verify.dll
0x00007ffca6660000 - 0x00007ffca6844000 	C:\WINDOWS\SYSTEM32\DBGHELP.DLL
0x00007ffca65d0000 - 0x00007ffca65fc000 	C:\WINDOWS\SYSTEM32\dbgcore.DLL
0x00007ffcaefe0000 - 0x00007ffcaf063000 	C:\WINDOWS\System32\bcryptPrimitives.dll
0x00007ffca3d00000 - 0x00007ffca3d29000 	C:\Program Files\Android\Android Studio1\jre\bin\java.dll
0x00007ffca7be0000 - 0x00007ffca7beb000 	C:\Program Files\Android\Android Studio1\jre\bin\jimage.dll
0x00007ffc9b1c0000 - 0x00007ffc9b1d8000 	C:\Program Files\Android\Android Studio1\jre\bin\zip.dll
0x00007ffcb0c30000 - 0x00007ffcb136f000 	C:\WINDOWS\System32\SHELL32.dll
0x00007ffcad0f0000 - 0x00007ffcad880000 	C:\WINDOWS\SYSTEM32\windows.storage.dll
0x00007ffcb0170000 - 0x00007ffcb04c5000 	C:\WINDOWS\System32\combase.dll
0x00007ffcaea40000 - 0x00007ffcaea6c000 	C:\WINDOWS\SYSTEM32\Wldp.dll
0x00007ffcafb80000 - 0x00007ffcafc2e000 	C:\WINDOWS\System32\SHCORE.dll
0x00007ffcafde0000 - 0x00007ffcafe35000 	C:\WINDOWS\System32\shlwapi.dll
0x00007ffcaef20000 - 0x00007ffcaef3f000 	C:\WINDOWS\SYSTEM32\profapi.dll
0x00007ffc9b1a0000 - 0x00007ffc9b1ba000 	C:\Program Files\Android\Android Studio1\jre\bin\net.dll
0x00007ffca6850000 - 0x00007ffca6958000 	C:\WINDOWS\SYSTEM32\WINHTTP.dll
0x00007ffcae7a0000 - 0x00007ffcae80a000 	C:\WINDOWS\system32\mswsock.dll
0x00007ffc9b180000 - 0x00007ffc9b194000 	C:\Program Files\Android\Android Studio1\jre\bin\nio.dll

dbghelp: loaded successfully - version: 4.0.5 - missing functions: none
symbol engine: initialized successfully - sym options: 0x614 - pdb path: .;C:\Program Files\Android\Android Studio1\jre\bin;C:\WINDOWS\SYSTEM32;C:\WINDOWS\WinSxS\amd64_microsoft.windows.common-controls_6595b64144ccf1df_6.0.19041.1110_none_60b5254171f9507e;C:\Program Files\Android\Android Studio1\jre\bin\server

VM Arguments:
java_command: org.jetbrains.kotlin.cli.jvm.K2JVMCompiler @C:\Users\SMART WAY\AndroidStudioProjects\MyApplication333333\app\build\20210823_6433307612785902929.compiler.options
java_class_path (initial): C:\Users\SMART WAY\.gradle\wrapper\dists\gradle-7.0.2\caches\modules-2\files-2.1\org.jetbrains.kotlin\kotlin-compiler-embeddable\1.5.21\40ddbcae9ff100473f95370c2d589ba3fc48eed5\kotlin-compiler-embeddable-1.5.21.jar;C:\Users\SMART WAY\.gradle\wrapper\dists\gradle-7.0.2\caches\modules-2\files-2.1\org.jetbrains.kotlin\kotlin-reflect\1.5.21\802f1f39735ae1eb2b75714a40fa19bb2e687e96\kotlin-reflect-1.5.21.jar;C:\Users\SMART WAY\.gradle\wrapper\dists\gradle-7.0.2\caches\modules-2\files-2.1\org.jetbrains.kotlin\kotlin-stdlib\1.5.21\2f537cad7e9eeb9da73738c8812e1e4cf9b62e4e\kotlin-stdlib-1.5.21.jar;C:\Users\SMART WAY\.gradle\wrapper\dists\gradle-7.0.2\caches\modules-2\files-2.1\org.jetbrains.kotlin\kotlin-script-runtime\1.5.21\96d49e89873fde985750af354b6eabb60cfa999b\kotlin-script-runtime-1.5.21.jar;C:\Users\SMART WAY\.gradle\wrapper\dists\gradle-7.0.2\caches\modules-2\files-2.1\org.jetbrains.kotlin\kotlin-daemon-embeddable\1.5.21\17255809e66a940dfdf6289bccbdfb5a09f3145\kotlin-daemon-embeddable-1.5.21.jar;C:\Users\SMART WAY\.gradle\wrapper\dists\gradle-7.0.2\caches\modules-2\files-2.1\org.jetbrains.intellij.deps\trove4j\1.0.20181211\216c2e14b070f334479d800987affe4054cd563f\trove4j-1.0.20181211.jar;C:\Users\SMART WAY\.gradle\wrapper\dists\gradle-7.0.2\caches\modules-2\files-2.1\org.jetbrains\annotations\13.0\919f0dfe192fb4e063e7dacadee7f8bb9a2672a9\annotations-13.0.jar;C:\Users\SMART WAY\.gradle\wrapper\dists\gradle-7.0.2\caches\modules-2\files-2.1\org.jetbrains.kotlin\kotlin-stdlib-common\1.5.21\cc8bf3586fd2ebcf234058b9440bb406e62dfacb\kotlin-stdlib-common-1.5.21.jar
Launcher Type: SUN_STANDARD

[Global flags]
     intx CICompilerCount                          = 3                                         {product} {ergonomic}
     uint ConcGCThreads                            = 1                                         {product} {ergonomic}
     uint G1ConcRefinementThreads                  = 4                                         {product} {ergonomic}
   size_t G1HeapRegionSize                         = 1048576                                   {product} {ergonomic}
    uintx GCDrainStackTargetSize                   = 64                                        {product} {ergonomic}
   size_t InitialHeapSize                          = 134217728                                 {product} {ergonomic}
   size_t MarkStackSize                            = 4194304                                   {product} {ergonomic}
   size_t MaxHeapSize                              = 2116026368                                {product} {ergonomic}
   size_t MaxNewSize                               = 1268776960                                {product} {ergonomic}
   size_t MinHeapDeltaBytes                        = 1048576                                   {product} {ergonomic}
    uintx NonNMethodCodeHeapSize                   = 5830732                                {pd product} {ergonomic}
    uintx NonProfiledCodeHeapSize                  = 122913754                              {pd product} {ergonomic}
    uintx ProfiledCodeHeapSize                     = 122913754                              {pd product} {ergonomic}
    uintx ReservedCodeCacheSize                    = 251658240                              {pd product} {ergonomic}
     bool SegmentedCodeCache                       = true                                      {product} {ergonomic}
     bool UseCompressedClassPointers               = true                                 {lp64_product} {ergonomic}
     bool UseCompressedOops                        = true                                 {lp64_product} {ergonomic}
     bool UseG1GC                                  = true                                      {product} {ergonomic}
     bool UseLargePagesIndividualAllocation        = false                                  {pd product} {ergonomic}

Logging:
Log output configuration:
 #0: stdout all=warning uptime,level,tags
 #1: stderr all=off uptime,level,tags

Environment Variables:
PATH=C:\Program Files\Common Files\Oracle\Java\javapath;C:\WINDOWS\system32;C:\WINDOWS;C:\WINDOWS\System32\Wbem;C:\WINDOWS\System32\WindowsPowerShell\v1.0\;C:\WINDOWS\System32\OpenSSH\;C:\Program Files\Git\cmd;C:\Users\SMART WAY\AppData\Local\Microsoft\WindowsApps;C:\Users\SMART WAY\.gradle\wrapper\dists\gradle-7.0;C:\Users\SMART WAY\.gradle\wrapper\dists\gradle-7.1\bin;C:\Users\SMART WAY\.gradle\wrapper\dists\gradle-7.0.2\bin;
USERNAME=SMART WAY
OS=Windows_NT
PROCESSOR_IDENTIFIER=Intel64 Family 6 Model 61 Stepping 4, GenuineIntel



---------------  S Y S T E M  ---------------

OS: Windows 10 , 64 bit Build 19041 (10.0.19041.1151)
OS uptime: 12 days 2:02 hours

CPU:total 4 (initial active 4) (2 cores per cpu, 2 threads per core) family 6 model 61 stepping 4 microcode 0x2f, cmov, cx8, fxsr, mmx, sse, sse2, sse3, ssse3, sse4.1, sse4.2, popcnt, avx, avx2, aes, clmul, erms, rtm, 3dnowpref, lzcnt, ht, tsc, tscinvbit, bmi1, bmi2, adx, fma

Memory: 4k page, system-wide physical 8067M (509M free)
TotalPageFile size 21538M (AvailPageFile size 5M)
current process WorkingSet (physical memory assigned to process): 207M, peak: 207M
current process commit charge ("private bytes"): 285M, peak: 311M

vm_info: OpenJDK 64-Bit Server VM (11.0.10+0-b96-7249189) for windows-amd64 JRE (11.0.10+0-b96-7249189), built on Mar 31 2021 21:44:00 by "builder" with MS VC++ 14.0 (VS2015)

END.
