#
# There is insufficient memory for the Java Runtime Environment to continue.
# Native memory allocation (malloc) failed to allocate 1843696 bytes for Chunk::new
# Possible reasons:
#   The system is out of physical RAM or swap space
#   The process is running with CompressedOops enabled, and the Java Heap may be blocking the growth of the native heap
# Possible solutions:
#   Reduce memory load on the system
#   Increase physical memory or swap space
#   Check if swap backing store is full
#   Decrease Java heap size (-Xmx/-Xms)
#   Decrease number of Java threads
#   Decrease Java thread stack sizes (-Xss)
#   Set larger code cache with -XX:ReservedCodeCacheSize=
#   JVM is running with Unscaled Compressed Oops mode in which the Java heap is
#     placed in the first 4GB address space. The Java Heap base address is the
#     maximum limit for the native heap growth. Please use -XX:HeapBaseMinAddress
#     to set the Java Heap base and to place the Java Heap above 4GB virtual address.
# This output file may be truncated or incomplete.
#
#  Out of Memory Error (./src/hotspot/share/memory/arena.cpp:197), pid=17048, tid=17944
#
# JRE version: OpenJDK Runtime Environment (11.0.10) (build 11.0.10+0-b96-7249189)
# Java VM: OpenJDK 64-Bit Server VM (11.0.10+0-b96-7249189, mixed mode, tiered, compressed oops, g1 gc, windows-amd64)
# No core dump will be written. Minidumps are not enabled by default on client versions of Windows
#

---------------  S U M M A R Y ------------

Command Line: --add-opens=java.base/java.util=ALL-UNNAMED --add-opens=java.base/java.lang=ALL-UNNAMED --add-opens=java.base/java.lang.invoke=ALL-UNNAMED --add-opens=java.base/java.util=ALL-UNNAMED --add-opens=java.prefs/java.util.prefs=ALL-UNNAMED --add-opens=java.prefs/java.util.prefs=ALL-UNNAMED --add-opens=java.base/java.nio.charset=ALL-UNNAMED --add-opens=java.base/java.net=ALL-UNNAMED --add-opens=java.base/java.util.concurrent.atomic=ALL-UNNAMED -Xmx2048m -Dfile.encoding=UTF-8 -Duser.country=US -Duser.language=en -Duser.variant org.gradle.launcher.daemon.bootstrap.GradleDaemon 7.0.2

Host: Intel(R) Core(TM) i7-5600U CPU @ 2.60GHz, 4 cores, 7G,  Windows 10 , 64 bit Build 19041 (10.0.19041.1151)
Time: Mon Aug 23 01:29:20 2021 Arabic Standard Time elapsed time: 9.462155 seconds (0d 0h 0m 9s)

---------------  T H R E A D  ---------------

Current thread (0x000001d87170c800):  JavaThread "C2 CompilerThread1" daemon [_thread_in_native, id=17944, stack(0x0000005702200000,0x0000005702300000)]


Current CompileTask:
C2:   9462 3814       4       java.lang.invoke.MethodType::makeImpl (108 bytes)

Stack: [0x0000005702200000,0x0000005702300000]
Native frames: (J=compiled Java code, j=interpreted, Vv=VM code, C=native code)
V  [jvm.dll+0x5ecfaa]
V  [jvm.dll+0x722bd5]
V  [jvm.dll+0x72412d]
V  [jvm.dll+0x7247e3]
V  [jvm.dll+0x242928]
V  [jvm.dll+0xbc4fc]
V  [jvm.dll+0xbca0c]
V  [jvm.dll+0x352d3b]
V  [jvm.dll+0x320ad3]
V  [jvm.dll+0x31ffca]
V  [jvm.dll+0x1fb602]
V  [jvm.dll+0x1fa7f4]
V  [jvm.dll+0x18354c]
V  [jvm.dll+0x208ee7]
V  [jvm.dll+0x207731]
V  [jvm.dll+0x6eb1cf]
V  [jvm.dll+0x6e3d45]
V  [jvm.dll+0x5ebe96]
C  [ucrtbase.dll+0x21bb2]
C  [KERNEL32.DLL+0x17034]
C  [ntdll.dll+0x52651]


---------------  P R O C E S S  ---------------

Threads class SMR info:
_java_thread_list=0x000001d8749fbaa0, length=37, elements={
0x000001d8543b9000, 0x000001d86e715000, 0x000001d86e716000, 0x000001d86e731800,
0x000001d86e733800, 0x000001d86e734800, 0x000001d86e737800, 0x000001d86e739800,
0x000001d86e742000, 0x000001d86f1f1000, 0x000001d8718c0800, 0x000001d86f6ba000,
0x000001d8713f9000, 0x000001d8713f8800, 0x000001d8713a8000, 0x000001d86ff3a800,
0x000001d871772800, 0x000001d87115a000, 0x000001d87119f000, 0x000001d8704d8000,
0x000001d8704dd000, 0x000001d8704d9000, 0x000001d8704d9800, 0x000001d87170c800,
0x000001d8704da800, 0x000001d8704db800, 0x000001d8704dc000, 0x000001d8704d7800,
0x000001d8704de000, 0x000001d873282800, 0x000001d873283800, 0x000001d873284800,
0x000001d873281000, 0x000001d873280800, 0x000001d873286000, 0x000001d873282000,
0x000001d87328c800
}

Java Threads: ( => current thread )
  0x000001d8543b9000 JavaThread "main" [_thread_blocked, id=18536, stack(0x0000005700800000,0x0000005700900000)]
  0x000001d86e715000 JavaThread "Reference Handler" daemon [_thread_blocked, id=9272, stack(0x0000005700f00000,0x0000005701000000)]
  0x000001d86e716000 JavaThread "Finalizer" daemon [_thread_blocked, id=19092, stack(0x0000005701000000,0x0000005701100000)]
  0x000001d86e731800 JavaThread "Signal Dispatcher" daemon [_thread_blocked, id=8632, stack(0x0000005701100000,0x0000005701200000)]
  0x000001d86e733800 JavaThread "Attach Listener" daemon [_thread_blocked, id=19416, stack(0x0000005701200000,0x0000005701300000)]
  0x000001d86e734800 JavaThread "Service Thread" daemon [_thread_blocked, id=5340, stack(0x0000005701300000,0x0000005701400000)]
  0x000001d86e737800 JavaThread "C2 CompilerThread0" daemon [_thread_in_native, id=17416, stack(0x0000005701400000,0x0000005701500000)]
  0x000001d86e739800 JavaThread "C1 CompilerThread0" daemon [_thread_blocked, id=11968, stack(0x0000005701500000,0x0000005701600000)]
  0x000001d86e742000 JavaThread "Sweeper thread" daemon [_thread_blocked, id=6076, stack(0x0000005701600000,0x0000005701700000)]
  0x000001d86f1f1000 JavaThread "Common-Cleaner" daemon [_thread_blocked, id=19496, stack(0x0000005701700000,0x0000005701800000)]
  0x000001d8718c0800 JavaThread "Daemon health stats" [_thread_blocked, id=1984, stack(0x0000005701c00000,0x0000005701d00000)]
  0x000001d86f6ba000 JavaThread "Incoming local TCP Connector on port 53188" [_thread_in_native, id=16596, stack(0x0000005701b00000,0x0000005701c00000)]
  0x000001d8713f9000 JavaThread "Daemon periodic checks" [_thread_blocked, id=11924, stack(0x0000005701d00000,0x0000005701e00000)]
  0x000001d8713f8800 JavaThread "Daemon" [_thread_blocked, id=19408, stack(0x0000005701e00000,0x0000005701f00000)]
  0x000001d8713a8000 JavaThread "Handler for socket connection from /127.0.0.1:53188 to /127.0.0.1:53189" [_thread_in_native, id=11836, stack(0x0000005701f00000,0x0000005702000000)]
  0x000001d86ff3a800 JavaThread "Cancel handler" [_thread_blocked, id=260, stack(0x0000005702000000,0x0000005702100000)]
  0x000001d871772800 JavaThread "Daemon worker" [_thread_in_vm, id=1512, stack(0x0000005702100000,0x0000005702200000)]
  0x000001d87115a000 JavaThread "Asynchronous log dispatcher for DefaultDaemonConnection: socket connection from /127.0.0.1:53188 to /127.0.0.1:53189" [_thread_blocked, id=9744, stack(0x0000005702300000,0x0000005702400000)]
  0x000001d87119f000 JavaThread "Stdin handler" [_thread_blocked, id=18952, stack(0x0000005702400000,0x0000005702500000)]
  0x000001d8704d8000 JavaThread "Daemon client event forwarder" [_thread_blocked, id=17712, stack(0x0000005702500000,0x0000005702600000)]
  0x000001d8704dd000 JavaThread "Cache worker for file hash cache (C:\Users\SMART WAY\.gradle\wrapper\dists\gradle-7.0.2\caches\7.0.2\fileHashes)" [_thread_blocked, id=16168, stack(0x0000005702700000,0x0000005702800000)]
  0x000001d8704d9000 JavaThread "File lock request listener" [_thread_in_native, id=19904, stack(0x0000005702800000,0x0000005702900000)]
  0x000001d8704d9800 JavaThread "Cache worker for journal cache (C:\Users\SMART WAY\.gradle\wrapper\dists\gradle-7.0.2\caches\journal-1)" [_thread_blocked, id=7356, stack(0x0000005702900000,0x0000005702a00000)]
=>0x000001d87170c800 JavaThread "C2 CompilerThread1" daemon [_thread_in_native, id=17944, stack(0x0000005702200000,0x0000005702300000)]
  0x000001d8704da800 JavaThread "Cache worker for file hash cache (C:\Users\SMART WAY\AndroidStudioProjects\MyApplication333333\.gradle\7.0.2\fileHashes)" [_thread_blocked, id=11664, stack(0x0000005702a00000,0x0000005702b00000)]
  0x000001d8704db800 JavaThread "File watcher server" daemon [_thread_in_native, id=13176, stack(0x0000005702b00000,0x0000005702c00000)]
  0x000001d8704dc000 JavaThread "File watcher consumer" daemon [_thread_blocked, id=18660, stack(0x0000005702c00000,0x0000005702d00000)]
  0x000001d8704d7800 JavaThread "Cache worker for checksums cache (C:\Users\SMART WAY\AndroidStudioProjects\MyApplication333333\.gradle\checksums)" [_thread_blocked, id=9176, stack(0x0000005702d00000,0x0000005702e00000)]
  0x000001d8704de000 JavaThread "Cache worker for cache directory md-supplier (C:\Users\SMART WAY\.gradle\wrapper\dists\gradle-7.0.2\caches\7.0.2\md-supplier)" [_thread_blocked, id=20376, stack(0x0000005702e00000,0x0000005702f00000)]
  0x000001d873282800 JavaThread "Cache worker for cache directory md-rule (C:\Users\SMART WAY\.gradle\wrapper\dists\gradle-7.0.2\caches\7.0.2\md-rule)" [_thread_blocked, id=14124, stack(0x0000005702f00000,0x0000005703000000)]
  0x000001d873283800 JavaThread "Cache worker for execution history cache (C:\Users\SMART WAY\.gradle\wrapper\dists\gradle-7.0.2\caches\7.0.2\executionHistory)" [_thread_blocked, id=940, stack(0x0000005703000000,0x0000005703100000)]
  0x000001d873284800 JavaThread "jar transforms" [_thread_blocked, id=13728, stack(0x0000005703100000,0x0000005703200000)]
  0x000001d873281000 JavaThread "jar transforms Thread 2" [_thread_blocked, id=5316, stack(0x0000005703200000,0x0000005703300000)]
  0x000001d873280800 JavaThread "Cache worker for file content cache (C:\Users\SMART WAY\.gradle\wrapper\dists\gradle-7.0.2\caches\7.0.2\fileContent)" [_thread_blocked, id=11840, stack(0x0000005703300000,0x0000005703400000)]
  0x000001d873286000 JavaThread "Cache worker for dependencies-accessors (C:\Users\SMART WAY\AndroidStudioProjects\MyApplication333333\.gradle\7.0.2\dependencies-accessors)" [_thread_blocked, id=18800, stack(0x0000005703400000,0x0000005703500000)]
  0x000001d873282000 JavaThread "jar transforms Thread 3" [_thread_blocked, id=16728, stack(0x0000005703500000,0x0000005703600000)]
  0x000001d87328c800 JavaThread "Cache worker for Build Output Cleanup Cache (C:\Users\SMART WAY\AndroidStudioProjects\MyApplication333333\.gradle\buildOutputCleanup)" [_thread_blocked, id=19804, stack(0x0000005703600000,0x0000005703700000)]

Other Threads:
  0x000001d86e70d800 VMThread "VM Thread" [stack: 0x0000005700e00000,0x0000005700f00000] [id=17540]
  0x000001d86f1fe800 WatcherThread [stack: 0x0000005701800000,0x0000005701900000] [id=17708]
  0x000001d8543d1000 GCTaskThread "GC Thread#0" [stack: 0x0000005700900000,0x0000005700a00000] [id=3024]
  0x000001d86f61f000 GCTaskThread "GC Thread#1" [stack: 0x0000005701900000,0x0000005701a00000] [id=16528]
  0x000001d86f5e0000 GCTaskThread "GC Thread#2" [stack: 0x0000005701a00000,0x0000005701b00000] [id=20100]
  0x000001d87185f000 GCTaskThread "GC Thread#3" [stack: 0x0000005702600000,0x0000005702700000] [id=3168]
  0x000001d854405000 ConcurrentGCThread "G1 Main Marker" [stack: 0x0000005700a00000,0x0000005700b00000] [id=19440]
  0x000001d854406800 ConcurrentGCThread "G1 Conc#0" [stack: 0x0000005700b00000,0x0000005700c00000] [id=6192]
  0x000001d854497000 ConcurrentGCThread "G1 Refine#0" [stack: 0x0000005700c00000,0x0000005700d00000] [id=18168]
  0x000001d854498000 ConcurrentGCThread "G1 Young RemSet Sampling" [stack: 0x0000005700d00000,0x0000005700e00000] [id=10644]

Threads with active compile tasks:
C2 CompilerThread0   9491 3822       4       java.lang.invoke.LambdaForm$Name::replaceNames (174 bytes)
C2 CompilerThread1   9491 3814       4       java.lang.invoke.MethodType::makeImpl (108 bytes)

VM state:not at safepoint (normal execution)

VM Mutex/Monitor currently owned by a thread: None

Heap address: 0x0000000080000000, size: 2048 MB, Compressed Oops mode: 32-bit
Narrow klass base: 0x0000000000000000, Narrow klass shift: 3
Compressed class space size: 1073741824 Address: 0x0000000100000000

Heap:
 garbage-first heap   total 131072K, used 30823K [0x0000000080000000, 0x0000000100000000)
  region size 1024K, 6 young (6144K), 3 survivors (3072K)
 Metaspace       used 45300K, capacity 46430K, committed 46588K, reserved 1089536K
  class space    used 5811K, capacity 6228K, committed 6272K, reserved 1048576K
Heap Regions: E=young(eden), S=young(survivor), O=old, HS=humongous(starts), HC=humongous(continues), CS=collection set, F=free, A=archive, TAMS=top-at-mark-start (previous, next)
|   0|0x0000000080000000, 0x0000000080100000, 0x0000000080100000|100%| O|  |TAMS 0x0000000080100000, 0x0000000080000000| Untracked 
|   1|0x0000000080100000, 0x0000000080200000, 0x0000000080200000|100%| O|  |TAMS 0x0000000080200000, 0x0000000080100000| Untracked 
|   2|0x0000000080200000, 0x0000000080300000, 0x0000000080300000|100%| O|  |TAMS 0x0000000080300000, 0x0000000080200000| Untracked 
|   3|0x0000000080300000, 0x0000000080400000, 0x0000000080400000|100%|HS|  |TAMS 0x0000000080400000, 0x0000000080300000| Complete 
|   4|0x0000000080400000, 0x0000000080500000, 0x0000000080500000|100%|HC|  |TAMS 0x0000000080500000, 0x0000000080400000| Complete 
|   5|0x0000000080500000, 0x0000000080600000, 0x0000000080600000|100%|HC|  |TAMS 0x0000000080600000, 0x0000000080500000| Complete 
|   6|0x0000000080600000, 0x0000000080700000, 0x0000000080700000|100%| O|  |TAMS 0x0000000080700000, 0x0000000080600000| Untracked 
|   7|0x0000000080700000, 0x0000000080800000, 0x0000000080800000|100%| O|  |TAMS 0x0000000080800000, 0x0000000080700000| Untracked 
|   8|0x0000000080800000, 0x0000000080900000, 0x0000000080900000|100%| O|  |TAMS 0x0000000080900000, 0x0000000080800000| Untracked 
|   9|0x0000000080900000, 0x0000000080a00000, 0x0000000080a00000|100%| O|  |TAMS 0x0000000080a00000, 0x0000000080900000| Untracked 
|  10|0x0000000080a00000, 0x0000000080b00000, 0x0000000080b00000|100%| O|  |TAMS 0x0000000080b00000, 0x0000000080a00000| Untracked 
|  11|0x0000000080b00000, 0x0000000080c00000, 0x0000000080c00000|100%| O|  |TAMS 0x0000000080c00000, 0x0000000080b00000| Untracked 
|  12|0x0000000080c00000, 0x0000000080d00000, 0x0000000080d00000|100%| O|  |TAMS 0x0000000080d00000, 0x0000000080c00000| Untracked 
|  13|0x0000000080d00000, 0x0000000080e00000, 0x0000000080e00000|100%| O|  |TAMS 0x0000000080e00000, 0x0000000080d00000| Untracked 
|  14|0x0000000080e00000, 0x0000000080f00000, 0x0000000080f00000|100%| O|  |TAMS 0x0000000080f00000, 0x0000000080e00000| Untracked 
|  15|0x0000000080f00000, 0x0000000081000000, 0x0000000081000000|100%| O|  |TAMS 0x0000000080f9fa00, 0x0000000080f00000| Untracked 
|  16|0x0000000081000000, 0x0000000081000000, 0x0000000081100000|  0%| F|  |TAMS 0x0000000081000000, 0x0000000081000000| Untracked 
|  17|0x0000000081100000, 0x0000000081200000, 0x0000000081200000|100%| O|  |TAMS 0x0000000081100000, 0x0000000081100000| Untracked 
|  18|0x0000000081200000, 0x0000000081300000, 0x0000000081300000|100%| O|  |TAMS 0x0000000081200000, 0x0000000081200000| Untracked 
|  19|0x0000000081300000, 0x0000000081400000, 0x0000000081400000|100%| O|  |TAMS 0x0000000081300000, 0x0000000081300000| Untracked 
|  20|0x0000000081400000, 0x0000000081500000, 0x0000000081500000|100%| O|  |TAMS 0x0000000081400000, 0x0000000081400000| Untracked 
|  21|0x0000000081500000, 0x0000000081600000, 0x0000000081600000|100%| O|  |TAMS 0x0000000081500000, 0x0000000081500000| Untracked 
|  22|0x0000000081600000, 0x0000000081700000, 0x0000000081700000|100%| O|  |TAMS 0x0000000081600000, 0x0000000081600000| Untracked 
|  23|0x0000000081700000, 0x0000000081800000, 0x0000000081800000|100%| O|  |TAMS 0x0000000081700000, 0x0000000081700000| Untracked 
|  24|0x0000000081800000, 0x0000000081900000, 0x0000000081900000|100%| O|  |TAMS 0x0000000081800000, 0x0000000081800000| Untracked 
|  25|0x0000000081900000, 0x0000000081a00000, 0x0000000081a00000|100%| O|  |TAMS 0x0000000081900000, 0x0000000081900000| Untracked 
|  26|0x0000000081a00000, 0x0000000081a6ce00, 0x0000000081b00000| 42%| O|  |TAMS 0x0000000081a00000, 0x0000000081a00000| Untracked 
|  27|0x0000000081b00000, 0x0000000081b00000, 0x0000000081c00000|  0%| F|  |TAMS 0x0000000081b00000, 0x0000000081b00000| Untracked 
|  28|0x0000000081c00000, 0x0000000081c00000, 0x0000000081d00000|  0%| F|  |TAMS 0x0000000081c00000, 0x0000000081c00000| Untracked 
|  29|0x0000000081d00000, 0x0000000081d00000, 0x0000000081e00000|  0%| F|  |TAMS 0x0000000081d00000, 0x0000000081d00000| Untracked 
|  30|0x0000000081e00000, 0x0000000081e00000, 0x0000000081f00000|  0%| F|  |TAMS 0x0000000081e00000, 0x0000000081e00000| Untracked 
|  31|0x0000000081f00000, 0x0000000081f00000, 0x0000000082000000|  0%| F|  |TAMS 0x0000000081f00000, 0x0000000081f00000| Untracked 
|  32|0x0000000082000000, 0x0000000082000000, 0x0000000082100000|  0%| F|  |TAMS 0x0000000082000000, 0x0000000082000000| Untracked 
|  33|0x0000000082100000, 0x0000000082100000, 0x0000000082200000|  0%| F|  |TAMS 0x0000000082100000, 0x0000000082100000| Untracked 
|  34|0x0000000082200000, 0x0000000082200000, 0x0000000082300000|  0%| F|  |TAMS 0x0000000082200000, 0x0000000082200000| Untracked 
|  35|0x0000000082300000, 0x0000000082300000, 0x0000000082400000|  0%| F|  |TAMS 0x0000000082300000, 0x0000000082300000| Untracked 
|  36|0x0000000082400000, 0x0000000082400000, 0x0000000082500000|  0%| F|  |TAMS 0x0000000082400000, 0x0000000082400000| Untracked 
|  37|0x0000000082500000, 0x0000000082500000, 0x0000000082600000|  0%| F|  |TAMS 0x0000000082500000, 0x0000000082500000| Untracked 
|  38|0x0000000082600000, 0x0000000082600000, 0x0000000082700000|  0%| F|  |TAMS 0x0000000082600000, 0x0000000082600000| Untracked 
|  39|0x0000000082700000, 0x0000000082700000, 0x0000000082800000|  0%| F|  |TAMS 0x0000000082700000, 0x0000000082700000| Untracked 
|  40|0x0000000082800000, 0x0000000082800000, 0x0000000082900000|  0%| F|  |TAMS 0x0000000082800000, 0x0000000082800000| Untracked 
|  41|0x0000000082900000, 0x0000000082900000, 0x0000000082a00000|  0%| F|  |TAMS 0x0000000082900000, 0x0000000082900000| Untracked 
|  42|0x0000000082a00000, 0x0000000082a00000, 0x0000000082b00000|  0%| F|  |TAMS 0x0000000082a00000, 0x0000000082a00000| Untracked 
|  43|0x0000000082b00000, 0x0000000082b00000, 0x0000000082c00000|  0%| F|  |TAMS 0x0000000082b00000, 0x0000000082b00000| Untracked 
|  44|0x0000000082c00000, 0x0000000082c00000, 0x0000000082d00000|  0%| F|  |TAMS 0x0000000082c00000, 0x0000000082c00000| Untracked 
|  45|0x0000000082d00000, 0x0000000082d00000, 0x0000000082e00000|  0%| F|  |TAMS 0x0000000082d00000, 0x0000000082d00000| Untracked 
|  46|0x0000000082e00000, 0x0000000082e00000, 0x0000000082f00000|  0%| F|  |TAMS 0x0000000082e00000, 0x0000000082e00000| Untracked 
|  47|0x0000000082f00000, 0x0000000082f00000, 0x0000000083000000|  0%| F|  |TAMS 0x0000000082f00000, 0x0000000082f00000| Untracked 
|  48|0x0000000083000000, 0x0000000083000000, 0x0000000083100000|  0%| F|  |TAMS 0x0000000083000000, 0x0000000083000000| Untracked 
|  49|0x0000000083100000, 0x0000000083100000, 0x0000000083200000|  0%| F|  |TAMS 0x0000000083100000, 0x0000000083100000| Untracked 
|  50|0x0000000083200000, 0x0000000083200000, 0x0000000083300000|  0%| F|  |TAMS 0x0000000083200000, 0x0000000083200000| Untracked 
|  51|0x0000000083300000, 0x0000000083300000, 0x0000000083400000|  0%| F|  |TAMS 0x0000000083300000, 0x0000000083300000| Untracked 
|  52|0x0000000083400000, 0x0000000083400000, 0x0000000083500000|  0%| F|  |TAMS 0x0000000083400000, 0x0000000083400000| Untracked 
|  53|0x0000000083500000, 0x0000000083500000, 0x0000000083600000|  0%| F|  |TAMS 0x0000000083500000, 0x0000000083500000| Untracked 
|  54|0x0000000083600000, 0x0000000083600000, 0x0000000083700000|  0%| F|  |TAMS 0x0000000083600000, 0x0000000083600000| Untracked 
|  55|0x0000000083700000, 0x0000000083700000, 0x0000000083800000|  0%| F|  |TAMS 0x0000000083700000, 0x0000000083700000| Untracked 
|  56|0x0000000083800000, 0x0000000083800000, 0x0000000083900000|  0%| F|  |TAMS 0x0000000083800000, 0x0000000083800000| Untracked 
|  57|0x0000000083900000, 0x0000000083900000, 0x0000000083a00000|  0%| F|  |TAMS 0x0000000083900000, 0x0000000083900000| Untracked 
|  58|0x0000000083a00000, 0x0000000083a00000, 0x0000000083b00000|  0%| F|  |TAMS 0x0000000083a00000, 0x0000000083a00000| Untracked 
|  59|0x0000000083b00000, 0x0000000083b00000, 0x0000000083c00000|  0%| F|  |TAMS 0x0000000083b00000, 0x0000000083b00000| Untracked 
|  60|0x0000000083c00000, 0x0000000083c00000, 0x0000000083d00000|  0%| F|  |TAMS 0x0000000083c00000, 0x0000000083c00000| Untracked 
|  61|0x0000000083d00000, 0x0000000083d00000, 0x0000000083e00000|  0%| F|  |TAMS 0x0000000083d00000, 0x0000000083d00000| Untracked 
|  62|0x0000000083e00000, 0x0000000083e00000, 0x0000000083f00000|  0%| F|  |TAMS 0x0000000083e00000, 0x0000000083e00000| Untracked 
|  63|0x0000000083f00000, 0x0000000083face60, 0x0000000084000000| 67%| S|CS|TAMS 0x0000000083f00000, 0x0000000083f00000| Complete 
|  64|0x0000000084000000, 0x0000000084100000, 0x0000000084100000|100%| S|CS|TAMS 0x0000000084000000, 0x0000000084000000| Complete 
|  65|0x0000000084100000, 0x0000000084200000, 0x0000000084200000|100%| S|CS|TAMS 0x0000000084100000, 0x0000000084100000| Complete 
|  66|0x0000000084200000, 0x0000000084200000, 0x0000000084300000|  0%| F|  |TAMS 0x0000000084200000, 0x0000000084200000| Untracked 
|  67|0x0000000084300000, 0x0000000084300000, 0x0000000084400000|  0%| F|  |TAMS 0x0000000084300000, 0x0000000084300000| Untracked 
|  68|0x0000000084400000, 0x0000000084400000, 0x0000000084500000|  0%| F|  |TAMS 0x0000000084400000, 0x0000000084400000| Untracked 
|  69|0x0000000084500000, 0x0000000084500000, 0x0000000084600000|  0%| F|  |TAMS 0x0000000084500000, 0x0000000084500000| Untracked 
|  70|0x0000000084600000, 0x0000000084600000, 0x0000000084700000|  0%| F|  |TAMS 0x0000000084600000, 0x0000000084600000| Untracked 
|  71|0x0000000084700000, 0x0000000084700000, 0x0000000084800000|  0%| F|  |TAMS 0x0000000084700000, 0x0000000084700000| Untracked 
|  72|0x0000000084800000, 0x0000000084800000, 0x0000000084900000|  0%| F|  |TAMS 0x0000000084800000, 0x0000000084800000| Untracked 
|  73|0x0000000084900000, 0x0000000084900000, 0x0000000084a00000|  0%| F|  |TAMS 0x0000000084900000, 0x0000000084900000| Untracked 
|  74|0x0000000084a00000, 0x0000000084a00000, 0x0000000084b00000|  0%| F|  |TAMS 0x0000000084a00000, 0x0000000084a00000| Untracked 
|  75|0x0000000084b00000, 0x0000000084b00000, 0x0000000084c00000|  0%| F|  |TAMS 0x0000000084b00000, 0x0000000084b00000| Untracked 
|  76|0x0000000084c00000, 0x0000000084c00000, 0x0000000084d00000|  0%| F|  |TAMS 0x0000000084c00000, 0x0000000084c00000| Untracked 
|  77|0x0000000084d00000, 0x0000000084d00000, 0x0000000084e00000|  0%| F|  |TAMS 0x0000000084d00000, 0x0000000084d00000| Untracked 
|  78|0x0000000084e00000, 0x0000000084e00000, 0x0000000084f00000|  0%| F|  |TAMS 0x0000000084e00000, 0x0000000084e00000| Untracked 
|  79|0x0000000084f00000, 0x0000000084f00000, 0x0000000085000000|  0%| F|  |TAMS 0x0000000084f00000, 0x0000000084f00000| Untracked 
|  80|0x0000000085000000, 0x0000000085000000, 0x0000000085100000|  0%| F|  |TAMS 0x0000000085000000, 0x0000000085000000| Untracked 
|  81|0x0000000085100000, 0x0000000085100000, 0x0000000085200000|  0%| F|  |TAMS 0x0000000085100000, 0x0000000085100000| Untracked 
|  82|0x0000000085200000, 0x0000000085200000, 0x0000000085300000|  0%| F|  |TAMS 0x0000000085200000, 0x0000000085200000| Untracked 
|  83|0x0000000085300000, 0x0000000085300000, 0x0000000085400000|  0%| F|  |TAMS 0x0000000085300000, 0x0000000085300000| Untracked 
|  84|0x0000000085400000, 0x0000000085400000, 0x0000000085500000|  0%| F|  |TAMS 0x0000000085400000, 0x0000000085400000| Untracked 
|  85|0x0000000085500000, 0x0000000085500000, 0x0000000085600000|  0%| F|  |TAMS 0x0000000085500000, 0x0000000085500000| Untracked 
|  86|0x0000000085600000, 0x0000000085600000, 0x0000000085700000|  0%| F|  |TAMS 0x0000000085600000, 0x0000000085600000| Untracked 
|  87|0x0000000085700000, 0x0000000085700000, 0x0000000085800000|  0%| F|  |TAMS 0x0000000085700000, 0x0000000085700000| Untracked 
|  88|0x0000000085800000, 0x0000000085800000, 0x0000000085900000|  0%| F|  |TAMS 0x0000000085800000, 0x0000000085800000| Untracked 
|  89|0x0000000085900000, 0x0000000085900000, 0x0000000085a00000|  0%| F|  |TAMS 0x0000000085900000, 0x0000000085900000| Untracked 
|  90|0x0000000085a00000, 0x0000000085a00000, 0x0000000085b00000|  0%| F|  |TAMS 0x0000000085a00000, 0x0000000085a00000| Untracked 
|  91|0x0000000085b00000, 0x0000000085b00000, 0x0000000085c00000|  0%| F|  |TAMS 0x0000000085b00000, 0x0000000085b00000| Untracked 
|  92|0x0000000085c00000, 0x0000000085c00000, 0x0000000085d00000|  0%| F|  |TAMS 0x0000000085c00000, 0x0000000085c00000| Untracked 
|  93|0x0000000085d00000, 0x0000000085d00000, 0x0000000085e00000|  0%| F|  |TAMS 0x0000000085d00000, 0x0000000085d00000| Untracked 
|  94|0x0000000085e00000, 0x0000000085e00000, 0x0000000085f00000|  0%| F|  |TAMS 0x0000000085e00000, 0x0000000085e00000| Untracked 
|  95|0x0000000085f00000, 0x0000000085f00000, 0x0000000086000000|  0%| F|  |TAMS 0x0000000085f00000, 0x0000000085f00000| Untracked 
|  96|0x0000000086000000, 0x0000000086000000, 0x0000000086100000|  0%| F|  |TAMS 0x0000000086000000, 0x0000000086000000| Untracked 
|  97|0x0000000086100000, 0x0000000086100000, 0x0000000086200000|  0%| F|  |TAMS 0x0000000086100000, 0x0000000086100000| Untracked 
|  98|0x0000000086200000, 0x0000000086200000, 0x0000000086300000|  0%| F|  |TAMS 0x0000000086200000, 0x0000000086200000| Untracked 
|  99|0x0000000086300000, 0x0000000086300000, 0x0000000086400000|  0%| F|  |TAMS 0x0000000086300000, 0x0000000086300000| Untracked 
| 100|0x0000000086400000, 0x0000000086400000, 0x0000000086500000|  0%| F|  |TAMS 0x0000000086400000, 0x0000000086400000| Untracked 
| 101|0x0000000086500000, 0x0000000086500000, 0x0000000086600000|  0%| F|  |TAMS 0x0000000086500000, 0x0000000086500000| Untracked 
| 102|0x0000000086600000, 0x0000000086600000, 0x0000000086700000|  0%| F|  |TAMS 0x0000000086600000, 0x0000000086600000| Untracked 
| 103|0x0000000086700000, 0x0000000086700000, 0x0000000086800000|  0%| F|  |TAMS 0x0000000086700000, 0x0000000086700000| Untracked 
| 104|0x0000000086800000, 0x0000000086800000, 0x0000000086900000|  0%| F|  |TAMS 0x0000000086800000, 0x0000000086800000| Untracked 
| 105|0x0000000086900000, 0x0000000086900000, 0x0000000086a00000|  0%| F|  |TAMS 0x0000000086900000, 0x0000000086900000| Untracked 
| 106|0x0000000086a00000, 0x0000000086a00000, 0x0000000086b00000|  0%| F|  |TAMS 0x0000000086a00000, 0x0000000086a00000| Untracked 
| 107|0x0000000086b00000, 0x0000000086b00000, 0x0000000086c00000|  0%| F|  |TAMS 0x0000000086b00000, 0x0000000086b00000| Untracked 
| 108|0x0000000086c00000, 0x0000000086c00000, 0x0000000086d00000|  0%| F|  |TAMS 0x0000000086c00000, 0x0000000086c00000| Untracked 
| 109|0x0000000086d00000, 0x0000000086d00000, 0x0000000086e00000|  0%| F|  |TAMS 0x0000000086d00000, 0x0000000086d00000| Untracked 
| 110|0x0000000086e00000, 0x0000000086e00000, 0x0000000086f00000|  0%| F|  |TAMS 0x0000000086e00000, 0x0000000086e00000| Untracked 
| 111|0x0000000086f00000, 0x0000000086f00000, 0x0000000087000000|  0%| F|  |TAMS 0x0000000086f00000, 0x0000000086f00000| Untracked 
| 112|0x0000000087000000, 0x0000000087000000, 0x0000000087100000|  0%| F|  |TAMS 0x0000000087000000, 0x0000000087000000| Untracked 
| 113|0x0000000087100000, 0x0000000087100000, 0x0000000087200000|  0%| F|  |TAMS 0x0000000087100000, 0x0000000087100000| Untracked 
| 114|0x0000000087200000, 0x0000000087200000, 0x0000000087300000|  0%| F|  |TAMS 0x0000000087200000, 0x0000000087200000| Untracked 
| 115|0x0000000087300000, 0x0000000087300000, 0x0000000087400000|  0%| F|  |TAMS 0x0000000087300000, 0x0000000087300000| Untracked 
| 116|0x0000000087400000, 0x0000000087400000, 0x0000000087500000|  0%| F|  |TAMS 0x0000000087400000, 0x0000000087400000| Untracked 
| 117|0x0000000087500000, 0x0000000087500000, 0x0000000087600000|  0%| F|  |TAMS 0x0000000087500000, 0x0000000087500000| Untracked 
| 118|0x0000000087600000, 0x0000000087600000, 0x0000000087700000|  0%| F|  |TAMS 0x0000000087600000, 0x0000000087600000| Untracked 
| 119|0x0000000087700000, 0x0000000087700000, 0x0000000087800000|  0%| F|  |TAMS 0x0000000087700000, 0x0000000087700000| Untracked 
| 120|0x0000000087800000, 0x0000000087800000, 0x0000000087900000|  0%| F|  |TAMS 0x0000000087800000, 0x0000000087800000| Untracked 
| 121|0x0000000087900000, 0x0000000087900000, 0x0000000087a00000|  0%| F|  |TAMS 0x0000000087900000, 0x0000000087900000| Untracked 
| 122|0x0000000087a00000, 0x0000000087a00000, 0x0000000087b00000|  0%| F|  |TAMS 0x0000000087a00000, 0x0000000087a00000| Untracked 
| 123|0x0000000087b00000, 0x0000000087b00000, 0x0000000087c00000|  0%| F|  |TAMS 0x0000000087b00000, 0x0000000087b00000| Untracked 
| 124|0x0000000087c00000, 0x0000000087c00000, 0x0000000087d00000|  0%| F|  |TAMS 0x0000000087c00000, 0x0000000087c00000| Untracked 
| 125|0x0000000087d00000, 0x0000000087e00000, 0x0000000087e00000|100%| E|  |TAMS 0x0000000087d00000, 0x0000000087d00000| Complete 
| 126|0x0000000087e00000, 0x0000000087f00000, 0x0000000087f00000|100%| E|CS|TAMS 0x0000000087e00000, 0x0000000087e00000| Complete 
| 127|0x0000000087f00000, 0x0000000088000000, 0x0000000088000000|100%| E|CS|TAMS 0x0000000087f00000, 0x0000000087f00000| Complete 

Card table byte_map: [0x000001d8678d0000,0x000001d867cd0000] _byte_map_base: 0x000001d8674d0000

Marking Bits (Prev, Next): (CMBitMap*) 0x000001d8543fc0a8, (CMBitMap*) 0x000001d8543fc0e0
 Prev Bits: [0x000001d8680d0000, 0x000001d86a0d0000)
 Next Bits: [0x000001d86a0d0000, 0x000001d86c0d0000)

Polling page: 0x000001d852aa0000

Metaspace:

Usage:
  Non-class:     39.32 MB capacity,    38.60 MB ( 98%) used,   627.51 KB (  2%) free+waste,   110.81 KB ( <1%) overhead. 
      Class:      6.08 MB capacity,     5.68 MB ( 93%) used,   359.13 KB (  6%) free+waste,    53.25 KB ( <1%) overhead. 
       Both:     45.40 MB capacity,    44.28 MB ( 98%) used,   986.64 KB (  2%) free+waste,   164.06 KB ( <1%) overhead. 

Virtual space:
  Non-class space:       40.00 MB reserved,      39.37 MB ( 98%) committed 
      Class space:        1.00 GB reserved,       6.13 MB ( <1%) committed 
             Both:        1.04 GB reserved,      45.50 MB (  4%) committed 

Chunk freelists:
   Non-Class:  50.00 KB
       Class:  12.00 KB
        Both:  62.00 KB

MaxMetaspaceSize: 17179869184.00 GB
CompressedClassSpaceSize: 1.00 GB

CodeHeap 'non-profiled nmethods': size=120064Kb used=2005Kb max_used=2005Kb free=118059Kb
 bounds [0x000001d85f970000, 0x000001d85fbe0000, 0x000001d866eb0000]
CodeHeap 'profiled nmethods': size=120000Kb used=8209Kb max_used=8209Kb free=111790Kb
 bounds [0x000001d858440000, 0x000001d858c50000, 0x000001d85f970000]
CodeHeap 'non-nmethods': size=5696Kb used=2207Kb max_used=2270Kb free=3488Kb
 bounds [0x000001d857eb0000, 0x000001d858120000, 0x000001d858440000]
 total_blobs=4617 nmethods=3842 adapters=686
 compilation: enabled
              stopped_count=0, restarted_count=0
 full_count=0

Compilation events (20 events):
Event: 9.354 Thread 0x000001d86e739800 3850       3       org.objectweb.asm.FieldWriter::<init> (69 bytes)
Event: 9.355 Thread 0x000001d86e739800 nmethod 3850 0x000001d858c41590 code [0x000001d858c417a0, 0x000001d858c41b68]
Event: 9.355 Thread 0x000001d86e739800 3849       1       com.google.common.collect.LinkedHashMultimap$ValueSet::setSuccessorInValueSet (6 bytes)
Event: 9.355 Thread 0x000001d86e739800 nmethod 3849 0x000001d85fb61990 code [0x000001d85fb61b40, 0x000001d85fb61c38]
Event: 9.355 Thread 0x000001d86e739800 3843       3       sun.reflect.generics.visitor.Reifier::visitTypeVariableSignature (18 bytes)
Event: 9.355 Thread 0x000001d86e739800 nmethod 3843 0x000001d858c41d90 code [0x000001d858c41f60, 0x000001d858c42288]
Event: 9.355 Thread 0x000001d86e739800 3844       3       sun.reflect.generics.factory.CoreReflectionFactory::findTypeVariable (11 bytes)
Event: 9.356 Thread 0x000001d86e739800 nmethod 3844 0x000001d858c42410 code [0x000001d858c425e0, 0x000001d858c427e8]
Event: 9.356 Thread 0x000001d86e739800 3851       3       com.google.common.collect.AbstractMapBasedMultimap$WrappedCollection$WrappedIterator::hasNext (14 bytes)
Event: 9.356 Thread 0x000001d86e739800 nmethod 3851 0x000001d858c42910 code [0x000001d858c42b00, 0x000001d858c42f08]
Event: 9.357 Thread 0x000001d86e739800 3852       3       sun.reflect.generics.reflectiveObjects.LazyReflectiveObjectGenerator::reifyBounds (51 bytes)
Event: 9.358 Thread 0x000001d86e739800 nmethod 3852 0x000001d858c43090 code [0x000001d858c432a0, 0x000001d858c43ac8]
Event: 9.373 Thread 0x000001d86e737800 nmethod 3813 0x000001d85fb61c90 code [0x000001d85fb61f00, 0x000001d85fb63920]
Event: 9.373 Thread 0x000001d86e737800 3818       4       java.lang.invoke.LambdaForm$Name::useCount (42 bytes)
Event: 9.375 Thread 0x000001d86e737800 nmethod 3818 0x000001d85fb64590 code [0x000001d85fb64720, 0x000001d85fb647f8]
Event: 9.375 Thread 0x000001d86e737800 3822       4       java.lang.invoke.LambdaForm$Name::replaceNames (174 bytes)
Event: 9.385 Thread 0x000001d86e739800 3853       1       java.lang.invoke.DirectMethodHandle$Special::isInvokeSpecial (2 bytes)
Event: 9.385 Thread 0x000001d86e739800 nmethod 3853 0x000001d85fb64910 code [0x000001d85fb64ac0, 0x000001d85fb64b78]
Event: 9.446 Thread 0x000001d86e739800 3857       3       java.util.regex.Pattern$TreeInfo::reset (21 bytes)
Event: 9.446 Thread 0x000001d86e739800 nmethod 3857 0x000001d858c43d90 code [0x000001d858c43f40, 0x000001d858c44058]

GC Heap History (18 events):
Event: 1.045 GC heap before
{Heap before GC invocations=0 (full 0):
 garbage-first heap   total 131072K, used 20480K [0x0000000080000000, 0x0000000100000000)
  region size 1024K, 14 young (14336K), 0 survivors (0K)
 Metaspace       used 7040K, capacity 7225K, committed 7424K, reserved 1056768K
  class space    used 615K, capacity 682K, committed 768K, reserved 1048576K
}
Event: 1.050 GC heap after
{Heap after GC invocations=1 (full 0):
 garbage-first heap   total 131072K, used 8287K [0x0000000080000000, 0x0000000100000000)
  region size 1024K, 2 young (2048K), 2 survivors (2048K)
 Metaspace       used 7040K, capacity 7225K, committed 7424K, reserved 1056768K
  class space    used 615K, capacity 682K, committed 768K, reserved 1048576K
}
Event: 1.418 GC heap before
{Heap before GC invocations=1 (full 0):
 garbage-first heap   total 131072K, used 19551K [0x0000000080000000, 0x0000000100000000)
  region size 1024K, 13 young (13312K), 2 survivors (2048K)
 Metaspace       used 9896K, capacity 10066K, committed 10368K, reserved 1058816K
  class space    used 1024K, capacity 1102K, committed 1152K, reserved 1048576K
}
Event: 1.422 GC heap after
{Heap after GC invocations=2 (full 0):
 garbage-first heap   total 131072K, used 9047K [0x0000000080000000, 0x0000000100000000)
  region size 1024K, 1 young (1024K), 1 survivors (1024K)
 Metaspace       used 9896K, capacity 10066K, committed 10368K, reserved 1058816K
  class space    used 1024K, capacity 1102K, committed 1152K, reserved 1048576K
}
Event: 2.118 GC heap before
{Heap before GC invocations=2 (full 0):
 garbage-first heap   total 131072K, used 36695K [0x0000000080000000, 0x0000000100000000)
  region size 1024K, 28 young (28672K), 1 survivors (1024K)
 Metaspace       used 10823K, capacity 11083K, committed 11264K, reserved 1058816K
  class space    used 1127K, capacity 1206K, committed 1280K, reserved 1048576K
}
Event: 2.122 GC heap after
{Heap after GC invocations=3 (full 0):
 garbage-first heap   total 131072K, used 11482K [0x0000000080000000, 0x0000000100000000)
  region size 1024K, 4 young (4096K), 4 survivors (4096K)
 Metaspace       used 10823K, capacity 11083K, committed 11264K, reserved 1058816K
  class space    used 1127K, capacity 1206K, committed 1280K, reserved 1048576K
}
Event: 4.420 GC heap before
{Heap before GC invocations=3 (full 0):
 garbage-first heap   total 131072K, used 52442K [0x0000000080000000, 0x0000000100000000)
  region size 1024K, 44 young (45056K), 4 survivors (4096K)
 Metaspace       used 17833K, capacity 18299K, committed 18432K, reserved 1064960K
  class space    used 2104K, capacity 2238K, committed 2304K, reserved 1048576K
}
Event: 4.427 GC heap after
{Heap after GC invocations=4 (full 0):
 garbage-first heap   total 131072K, used 15962K [0x0000000080000000, 0x0000000100000000)
  region size 1024K, 6 young (6144K), 6 survivors (6144K)
 Metaspace       used 17833K, capacity 18299K, committed 18432K, reserved 1064960K
  class space    used 2104K, capacity 2238K, committed 2304K, reserved 1048576K
}
Event: 4.779 GC heap before
{Heap before GC invocations=4 (full 0):
 garbage-first heap   total 131072K, used 36442K [0x0000000080000000, 0x0000000100000000)
  region size 1024K, 28 young (28672K), 6 survivors (6144K)
 Metaspace       used 20655K, capacity 21166K, committed 21296K, reserved 1069056K
  class space    used 2514K, capacity 2688K, committed 2688K, reserved 1048576K
}
Event: 4.786 GC heap after
{Heap after GC invocations=5 (full 0):
 garbage-first heap   total 131072K, used 16843K [0x0000000080000000, 0x0000000100000000)
  region size 1024K, 5 young (5120K), 5 survivors (5120K)
 Metaspace       used 20655K, capacity 21166K, committed 21296K, reserved 1069056K
  class space    used 2514K, capacity 2688K, committed 2688K, reserved 1048576K
}
Event: 5.644 GC heap before
{Heap before GC invocations=6 (full 0):
 garbage-first heap   total 131072K, used 67019K [0x0000000080000000, 0x0000000100000000)
  region size 1024K, 54 young (55296K), 5 survivors (5120K)
 Metaspace       used 25790K, capacity 26434K, committed 26672K, reserved 1073152K
  class space    used 3368K, capacity 3598K, committed 3712K, reserved 1048576K
}
Event: 5.654 GC heap after
{Heap after GC invocations=7 (full 0):
 garbage-first heap   total 131072K, used 18656K [0x0000000080000000, 0x0000000100000000)
  region size 1024K, 3 young (3072K), 3 survivors (3072K)
 Metaspace       used 25790K, capacity 26434K, committed 26672K, reserved 1073152K
  class space    used 3368K, capacity 3598K, committed 3712K, reserved 1048576K
}
Event: 7.104 GC heap before
{Heap before GC invocations=7 (full 0):
 garbage-first heap   total 131072K, used 76000K [0x0000000080000000, 0x0000000100000000)
  region size 1024K, 60 young (61440K), 3 survivors (3072K)
 Metaspace       used 34794K, capacity 35622K, committed 35708K, reserved 1081344K
  class space    used 4524K, capacity 4832K, committed 4864K, reserved 1048576K
}
Event: 7.125 GC heap after
{Heap after GC invocations=8 (full 0):
 garbage-first heap   total 131072K, used 21982K [0x0000000080000000, 0x0000000100000000)
  region size 1024K, 6 young (6144K), 6 survivors (6144K)
 Metaspace       used 34794K, capacity 35622K, committed 35708K, reserved 1081344K
  class space    used 4524K, capacity 4832K, committed 4864K, reserved 1048576K
}
Event: 8.303 GC heap before
{Heap before GC invocations=9 (full 0):
 garbage-first heap   total 131072K, used 85470K [0x0000000080000000, 0x0000000100000000)
  region size 1024K, 66 young (67584K), 6 survivors (6144K)
 Metaspace       used 39353K, capacity 40218K, committed 40316K, reserved 1085440K
  class space    used 5016K, capacity 5356K, committed 5376K, reserved 1048576K
}
Event: 8.321 GC heap after
{Heap after GC invocations=10 (full 0):
 garbage-first heap   total 131072K, used 27037K [0x0000000080000000, 0x0000000100000000)
  region size 1024K, 9 young (9216K), 9 survivors (9216K)
 Metaspace       used 39353K, capacity 40218K, committed 40316K, reserved 1085440K
  class space    used 5016K, capacity 5356K, committed 5376K, reserved 1048576K
}
Event: 9.421 GC heap before
{Heap before GC invocations=10 (full 0):
 garbage-first heap   total 131072K, used 90525K [0x0000000080000000, 0x0000000100000000)
  region size 1024K, 71 young (72704K), 9 survivors (9216K)
 Metaspace       used 45112K, capacity 46256K, committed 46588K, reserved 1089536K
  class space    used 5786K, capacity 6192K, committed 6272K, reserved 1048576K
}
Event: 9.436 GC heap after
{Heap after GC invocations=11 (full 0):
 garbage-first heap   total 131072K, used 28775K [0x0000000080000000, 0x0000000100000000)
  region size 1024K, 3 young (3072K), 3 survivors (3072K)
 Metaspace       used 45112K, capacity 46256K, committed 46588K, reserved 1089536K
  class space    used 5786K, capacity 6192K, committed 6272K, reserved 1048576K
}

Deoptimization events (20 events):
Event: 8.884 Thread 0x000001d871772800 Uncommon trap: trap_request=0xffffff4d fr.pc=0x000001d85fb07a7c relative=0x0000000000005b3c
Event: 8.884 Thread 0x000001d871772800 Uncommon trap: reason=unstable_if action=reinterpret pc=0x000001d85fb07a7c method=java.net.URLClassLoader.defineClass(Ljava/lang/String;Ljdk/internal/loader/Resource;)Ljava/lang/Class; @ 21 c2
Event: 8.884 Thread 0x000001d871772800 DEOPT PACKING pc=0x000001d85fb07a7c sp=0x00000057021f8b30
Event: 8.884 Thread 0x000001d871772800 DEOPT UNPACKING pc=0x000001d857ed78af sp=0x00000057021f8a90 mode 2
Event: 8.900 Thread 0x000001d871772800 Uncommon trap: trap_request=0xffffff4d fr.pc=0x000001d85fafaa7c relative=0x0000000000005b3c
Event: 8.900 Thread 0x000001d871772800 Uncommon trap: reason=unstable_if action=reinterpret pc=0x000001d85fafaa7c method=java.net.URLClassLoader.defineClass(Ljava/lang/String;Ljdk/internal/loader/Resource;)Ljava/lang/Class; @ 21 c2
Event: 8.900 Thread 0x000001d871772800 DEOPT PACKING pc=0x000001d85fafaa7c sp=0x00000057021f8220
Event: 8.900 Thread 0x000001d871772800 DEOPT UNPACKING pc=0x000001d857ed78af sp=0x00000057021f81e0 mode 2
Event: 9.096 Thread 0x000001d871772800 Uncommon trap: trap_request=0xffffff4d fr.pc=0x000001d85f9e2afc relative=0x00000000000001dc
Event: 9.096 Thread 0x000001d871772800 Uncommon trap: reason=unstable_if action=reinterpret pc=0x000001d85f9e2afc method=java.net.URI$Parser.scan(IILjava/lang/String;)I @ 26 c2
Event: 9.097 Thread 0x000001d871772800 DEOPT PACKING pc=0x000001d85f9e2afc sp=0x00000057021f8c30
Event: 9.097 Thread 0x000001d871772800 DEOPT UNPACKING pc=0x000001d857ed78af sp=0x00000057021f8bb0 mode 2
Event: 9.097 Thread 0x000001d871772800 Uncommon trap: trap_request=0xffffff4d fr.pc=0x000001d85f9bce34 relative=0x0000000000000114
Event: 9.097 Thread 0x000001d871772800 Uncommon trap: reason=unstable_if action=reinterpret pc=0x000001d85f9bce34 method=java.net.URI.match(CJJ)Z @ 45 c2
Event: 9.097 Thread 0x000001d871772800 DEOPT PACKING pc=0x000001d85f9bce34 sp=0x00000057021f8990
Event: 9.097 Thread 0x000001d871772800 DEOPT UNPACKING pc=0x000001d857ed78af sp=0x00000057021f88c8 mode 2
Event: 9.098 Thread 0x000001d871772800 Uncommon trap: trap_request=0xffffff4d fr.pc=0x000001d85f98fcc4 relative=0x00000000000000a4
Event: 9.098 Thread 0x000001d871772800 Uncommon trap: reason=unstable_if action=reinterpret pc=0x000001d85f98fcc4 method=java.net.URI.match(CJJ)Z @ 45 c2
Event: 9.098 Thread 0x000001d871772800 DEOPT PACKING pc=0x000001d85f98fcc4 sp=0x00000057021f8920
Event: 9.098 Thread 0x000001d871772800 DEOPT UNPACKING pc=0x000001d857ed78af sp=0x00000057021f88d0 mode 2

Classes redefined (0 events):
No events

Internal exceptions (20 events):
Event: 8.893 Thread 0x000001d871772800 Exception <a 'java/lang/ClassNotFoundException'{0x0000000086333778}: build_6sviffhmj8g8ai9wt9n9y2ty0BeanInfo> (0x0000000086333778) thrown at [./src/hotspot/share/classfile/systemDictionary.cpp, line 231]
Event: 8.894 Thread 0x000001d871772800 Exception <a 'java/lang/ClassNotFoundException'{0x00000000863495c0}: org/gradle/api/internal/project/ProjectScriptBeanInfo> (0x00000000863495c0) thrown at [./src/hotspot/share/classfile/systemDictionary.cpp, line 231]
Event: 8.895 Thread 0x000001d871772800 Exception <a 'java/lang/ClassNotFoundException'{0x000000008635f5d8}: org/gradle/api/internal/project/ProjectScriptCustomizer> (0x000000008635f5d8) thrown at [./src/hotspot/share/classfile/systemDictionary.cpp, line 231]
Event: 8.896 Thread 0x000001d871772800 Exception <a 'java/lang/ClassNotFoundException'{0x000000008637a7c8}: build_6sviffhmj8g8ai9wt9n9y2ty0Customizer> (0x000000008637a7c8) thrown at [./src/hotspot/share/classfile/systemDictionary.cpp, line 231]
Event: 8.910 Thread 0x000001d871772800 Exception <a 'java/lang/ClassNotFoundException'{0x000000008620ca08}: org/gradle/api/internal/initialization/DefaultScriptHandlerBeanInfo> (0x000000008620ca08) thrown at [./src/hotspot/share/classfile/systemDictionary.cpp, line 231]
Event: 8.911 Thread 0x000001d871772800 Exception <a 'java/lang/ClassNotFoundException'{0x00000000862359c0}: org/gradle/api/internal/initialization/DefaultScriptHandlerCustomizer> (0x00000000862359c0) thrown at [./src/hotspot/share/classfile/systemDictionary.cpp, line 231]
Event: 9.046 Thread 0x000001d871772800 Exception <a 'java/lang/ClassNotFoundException'{0x0000000085bf4ed0}: org/gradle/api/internal/artifacts/dsl/dependencies/DefaultDependencyHandler_DecoratedBeanInfo> (0x0000000085bf4ed0) thrown at [./src/hotspot/share/classfile/systemDictionary.cpp, line 231]
Event: 9.047 Thread 0x000001d871772800 Exception <a 'java/lang/ClassNotFoundException'{0x0000000085a33510}: org/gradle/api/internal/artifacts/dsl/dependencies/DefaultDependencyHandlerBeanInfo> (0x0000000085a33510) thrown at [./src/hotspot/share/classfile/systemDictionary.cpp, line 231]
Event: 9.049 Thread 0x000001d871772800 Exception <a 'java/lang/ClassNotFoundException'{0x0000000085a71a18}: org/gradle/api/internal/artifacts/dsl/dependencies/DefaultDependencyHandlerCustomizer> (0x0000000085a71a18) thrown at [./src/hotspot/share/classfile/systemDictionary.cpp, line 231]
Event: 9.054 Thread 0x000001d871772800 Exception <a 'java/lang/ClassNotFoundException'{0x0000000085ad8f48}: org/gradle/api/internal/artifacts/dsl/dependencies/DefaultDependencyHandler_DecoratedCustomizer> (0x0000000085ad8f48) thrown at [./src/hotspot/share/classfile/systemDictionary.cpp, line 231]
Event: 9.083 Thread 0x000001d871772800 Exception <a 'java/lang/NoSuchMethodError'{0x00000000859e35a0}: 'java.lang.Object java.lang.invoke.DirectMethodHandle$Holder.invokeStatic(java.lang.Object, java.lang.Object, int, java.lang.Object)'> (0x00000000859e35a0) thrown at [./src/hotspot/share/interpreter/linkResolver.cpp, line 773]
Event: 9.083 Thread 0x000001d871772800 Exception <a 'java/lang/NoSuchMethodError'{0x00000000859ea838}: 'java.lang.Object java.lang.invoke.Invokers$Holder.linkToTargetMethod(java.lang.Object, int, java.lang.Object, java.lang.Object)'> (0x00000000859ea838) thrown at [./src/hotspot/share/interpreter/linkResolver.cpp, line 773]
Event: 9.315 Thread 0x000001d871772800 Exception <a 'java/lang/NoSuchMethodError'{0x0000000084701fb8}: 'java.lang.Object java.lang.invoke.DelegatingMethodHandle$Holder.reinvoke_L(java.lang.Object, java.lang.Object, java.lang.Object, java.lang.Object, java.lang.Object, java.lang.Object, java.lang.Object, java.lang.Object, java.lang.Object, java.lang.Object, java.lang.Object, java.lang.Object, java.lang.Object, java.lang.Object, java.lang.Object, java.lang.Object, java.lang.Object, java.lang.Object, java.lang.Object, java.lang.Object, java.lang.O
Event: 9.316 Thread 0x000001d871772800 Exception <a 'java/lang/NoSuchMethodError'{0x000000008470d9c0}: 'java.lang.Object java.lang.invoke.DirectMethodHandle$Holder.invokeSpecial(java.lang.Object, java.lang.Object, java.lang.Object, java.lang.Object, java.lang.Object, java.lang.Object, java.lang.Object, java.lang.Object, java.lang.Object, java.lang.Object, java.lang.Object, java.lang.Object, java.lang.Object, java.lang.Object, java.lang.Object, java.lang.Object, java.lang.Object, java.lang.Object, java.lang.Object, java.lang.Object, java.lang.Ob
Event: 9.316 Thread 0x000001d871772800 Exception <a 'java/lang/NoSuchMethodError'{0x0000000084713bb0}: 'java.lang.Object java.lang.invoke.Invokers$Holder.invoker(java.lang.Object, java.lang.Object, java.lang.Object, java.lang.Object, java.lang.Object, java.lang.Object, java.lang.Object, java.lang.Object, java.lang.Object, java.lang.Object, java.lang.Object, java.lang.Object, java.lang.Object, java.lang.Object, java.lang.Object, java.lang.Object, java.lang.Object, java.lang.Object, java.lang.Object, java.lang.Object, java.lang.Object)'> (0x00000
Event: 9.317 Thread 0x000001d871772800 Exception <a 'java/lang/NoSuchMethodError'{0x000000008471af20}: 'java.lang.Object java.lang.invoke.DelegatingMethodHandle$Holder.delegate(java.lang.Object, java.lang.Object, java.lang.Object, java.lang.Object, java.lang.Object, java.lang.Object, java.lang.Object, java.lang.Object, java.lang.Object, java.lang.Object, java.lang.Object, java.lang.Object, java.lang.Object, java.lang.Object, java.lang.Object, java.lang.Object, java.lang.Object, java.lang.Object, java.lang.Object, java.lang.Object, java.lang.Obj
Event: 9.325 Thread 0x000001d871772800 Exception <a 'java/lang/NoSuchMethodError'{0x0000000084763c10}: 'java.lang.Object java.lang.invoke.DirectMethodHandle$Holder.invokeStatic(java.lang.Object, java.lang.Object, java.lang.Object, java.lang.Object, java.lang.Object, java.lang.Object, java.lang.Object, java.lang.Object, java.lang.Object, java.lang.Object, java.lang.Object, java.lang.Object, java.lang.Object, java.lang.Object, java.lang.Object)'> (0x0000000084763c10) thrown at [./src/hotspot/share/interpreter/linkResolver.cpp, line 773]
Event: 9.327 Thread 0x000001d871772800 Exception <a 'java/lang/NoSuchMethodError'{0x0000000084774248}: 'java.lang.Object java.lang.invoke.DirectMethodHandle$Holder.invokeStatic(java.lang.Object, java.lang.Object, java.lang.Object, java.lang.Object, java.lang.Object, java.lang.Object, java.lang.Object, java.lang.Object, java.lang.Object, java.lang.Object, java.lang.Object, java.lang.Object, java.lang.Object, java.lang.Object, java.lang.Object, java.lang.Object)'> (0x0000000084774248) thrown at [./src/hotspot/share/interpreter/linkResolver.cpp, l
Event: 9.330 Thread 0x000001d871772800 Exception <a 'java/lang/NoSuchMethodError'{0x0000000084784c40}: 'java.lang.Object java.lang.invoke.DelegatingMethodHandle$Holder.reinvoke_L(java.lang.Object, java.lang.Object, java.lang.Object, java.lang.Object, java.lang.Object, java.lang.Object, java.lang.Object, java.lang.Object, java.lang.Object, java.lang.Object, java.lang.Object, java.lang.Object, java.lang.Object, java.lang.Object, java.lang.Object, java.lang.Object, java.lang.Object, java.lang.Object, java.lang.Object, java.lang.Object)'> (0x000000
Event: 9.392 Thread 0x000001d871772800 Exception <a 'java/lang/IncompatibleClassChangeError'{0x00000000844dc280}: Found class java.lang.Object, but interface was expected> (0x00000000844dc280) thrown at [./src/hotspot/share/interpreter/linkResolver.cpp, line 839]

Events (20 events):
Event: 9.450 loading class org/gradle/internal/component/external/model/DefaultModuleComponentIdentifier
Event: 9.450 loading class org/gradle/internal/component/external/model/DefaultModuleComponentIdentifier done
Event: 9.451 loading class org/gradle/api/internal/artifacts/ivyservice/resolveengine/graph/selectors/SelectorStateResolverResults
Event: 9.451 loading class org/gradle/api/internal/artifacts/ivyservice/resolveengine/graph/selectors/SelectorStateResolverResults done
Event: 9.453 loading class org/gradle/api/internal/artifacts/ivyservice/resolveengine/graph/conflicts/PotentialConflictFactory
Event: 9.453 loading class org/gradle/api/internal/artifacts/ivyservice/resolveengine/graph/conflicts/PotentialConflictFactory done
Event: 9.454 loading class org/gradle/api/internal/artifacts/ivyservice/resolveengine/graph/conflicts/PotentialConflictFactory$NoConflict
Event: 9.454 loading class org/gradle/api/internal/artifacts/ivyservice/resolveengine/graph/conflicts/PotentialConflictFactory$NoConflict done
Event: 9.455 loading class org/gradle/api/internal/artifacts/ivyservice/modulecache/ModuleComponentAtRepositoryKey
Event: 9.455 loading class org/gradle/api/internal/artifacts/ivyservice/modulecache/ModuleComponentAtRepositoryKey done
Event: 9.456 loading class org/gradle/api/internal/artifacts/ivyservice/modulecache/PersistentModuleMetadataCache$RevisionKeySerializer
Event: 9.456 loading class org/gradle/api/internal/artifacts/ivyservice/modulecache/PersistentModuleMetadataCache$RevisionKeySerializer done
Event: 9.456 loading class org/gradle/api/internal/artifacts/ivyservice/modulecache/ModuleMetadataCacheEntrySerializer
Event: 9.456 loading class org/gradle/api/internal/artifacts/ivyservice/modulecache/ModuleMetadataCacheEntrySerializer done
Event: 9.457 loading class org/gradle/api/internal/artifacts/ivyservice/modulecache/ModuleMetadataCacheEntry
Event: 9.457 loading class org/gradle/api/internal/artifacts/ivyservice/modulecache/ModuleMetadataCacheEntry done
Event: 9.458 loading class org/gradle/api/internal/artifacts/ivyservice/modulecache/MissingModuleCacheEntry
Event: 9.458 loading class org/gradle/api/internal/artifacts/ivyservice/modulecache/MissingModuleCacheEntry done
Event: 9.459 loading class org/gradle/api/internal/artifacts/DependencyManagementGradleUserHomeScopeServices$1
Event: 9.459 loading class org/gradle/api/internal/artifacts/DependencyManagementGradleUserHomeScopeServices$1 done


Dynamic libraries:
0x00007ff7d6270000 - 0x00007ff7d627a000 	C:\Program Files\Android\Android Studio1\jre\bin\java.exe
0x00007ffcb18b0000 - 0x00007ffcb1aa5000 	C:\WINDOWS\SYSTEM32\ntdll.dll
0x00007ffcb04d0000 - 0x00007ffcb058d000 	C:\WINDOWS\System32\KERNEL32.DLL
0x00007ffcaf340000 - 0x00007ffcaf609000 	C:\WINDOWS\System32\KERNELBASE.dll
0x00007ffcaf0f0000 - 0x00007ffcaf1f0000 	C:\WINDOWS\System32\ucrtbase.dll
0x00007ffca5230000 - 0x00007ffca5249000 	C:\Program Files\Android\Android Studio1\jre\bin\jli.dll
0x00007ffca5bb0000 - 0x00007ffca5bc7000 	C:\Program Files\Android\Android Studio1\jre\bin\VCRUNTIME140.dll
0x00007ffcafc40000 - 0x00007ffcafde0000 	C:\WINDOWS\System32\USER32.dll
0x00007ffcaf070000 - 0x00007ffcaf092000 	C:\WINDOWS\System32\win32u.dll
0x00007ffcb0990000 - 0x00007ffcb09ba000 	C:\WINDOWS\System32\GDI32.dll
0x00007ffca4010000 - 0x00007ffca42aa000 	C:\WINDOWS\WinSxS\amd64_microsoft.windows.common-controls_6595b64144ccf1df_6.0.19041.1110_none_60b5254171f9507e\COMCTL32.dll
0x00007ffcaf800000 - 0x00007ffcaf90b000 	C:\WINDOWS\System32\gdi32full.dll
0x00007ffcb0a70000 - 0x00007ffcb0b0e000 	C:\WINDOWS\System32\msvcrt.dll
0x00007ffcaf2a0000 - 0x00007ffcaf33d000 	C:\WINDOWS\System32\msvcp_win.dll
0x00007ffcb0960000 - 0x00007ffcb0990000 	C:\WINDOWS\System32\IMM32.DLL
0x00007ffc84a20000 - 0x00007ffc84abd000 	C:\Program Files\Android\Android Studio1\jre\bin\msvcp140.dll
0x00007ffc53560000 - 0x00007ffc5402f000 	C:\Program Files\Android\Android Studio1\jre\bin\server\jvm.dll
0x00007ffcb09c0000 - 0x00007ffcb0a6c000 	C:\WINDOWS\System32\ADVAPI32.dll
0x00007ffcaf910000 - 0x00007ffcaf9ab000 	C:\WINDOWS\System32\sechost.dll
0x00007ffcafe40000 - 0x00007ffcaff6a000 	C:\WINDOWS\System32\RPCRT4.dll
0x00007ffcb0160000 - 0x00007ffcb0168000 	C:\WINDOWS\System32\PSAPI.DLL
0x00007ffca9f50000 - 0x00007ffca9f59000 	C:\WINDOWS\SYSTEM32\WSOCK32.dll
0x00007ffca5c90000 - 0x00007ffca5c9a000 	C:\WINDOWS\SYSTEM32\VERSION.dll
0x00007ffcb00f0000 - 0x00007ffcb015b000 	C:\WINDOWS\System32\WS2_32.dll
0x00007ffca1110000 - 0x00007ffca1137000 	C:\WINDOWS\SYSTEM32\WINMM.dll
0x00007ffcacef0000 - 0x00007ffcacf02000 	C:\WINDOWS\SYSTEM32\kernel.appcore.dll
0x00007ffca3eb0000 - 0x00007ffca3ec1000 	C:\Program Files\Android\Android Studio1\jre\bin\verify.dll
0x00007ffca6660000 - 0x00007ffca6844000 	C:\WINDOWS\SYSTEM32\DBGHELP.DLL
0x00007ffca65d0000 - 0x00007ffca65fc000 	C:\WINDOWS\SYSTEM32\dbgcore.DLL
0x00007ffcaefe0000 - 0x00007ffcaf063000 	C:\WINDOWS\System32\bcryptPrimitives.dll
0x00007ffca3d00000 - 0x00007ffca3d29000 	C:\Program Files\Android\Android Studio1\jre\bin\java.dll
0x00007ffca7be0000 - 0x00007ffca7beb000 	C:\Program Files\Android\Android Studio1\jre\bin\jimage.dll
0x00007ffc9b1c0000 - 0x00007ffc9b1d8000 	C:\Program Files\Android\Android Studio1\jre\bin\zip.dll
0x00007ffcb0c30000 - 0x00007ffcb136f000 	C:\WINDOWS\System32\SHELL32.dll
0x00007ffcad0f0000 - 0x00007ffcad880000 	C:\WINDOWS\SYSTEM32\windows.storage.dll
0x00007ffcb0170000 - 0x00007ffcb04c5000 	C:\WINDOWS\System32\combase.dll
0x00007ffcaea40000 - 0x00007ffcaea6c000 	C:\WINDOWS\SYSTEM32\Wldp.dll
0x00007ffcafb80000 - 0x00007ffcafc2e000 	C:\WINDOWS\System32\SHCORE.dll
0x00007ffcafde0000 - 0x00007ffcafe35000 	C:\WINDOWS\System32\shlwapi.dll
0x00007ffcaef20000 - 0x00007ffcaef3f000 	C:\WINDOWS\SYSTEM32\profapi.dll
0x00007ffc9b1a0000 - 0x00007ffc9b1ba000 	C:\Program Files\Android\Android Studio1\jre\bin\net.dll
0x00007ffca6850000 - 0x00007ffca6958000 	C:\WINDOWS\SYSTEM32\WINHTTP.dll
0x00007ffcae7a0000 - 0x00007ffcae80a000 	C:\WINDOWS\system32\mswsock.dll
0x00007ffc9b180000 - 0x00007ffc9b194000 	C:\Program Files\Android\Android Studio1\jre\bin\nio.dll
0x00007ffc999a0000 - 0x00007ffc999c7000 	C:\Users\SMART WAY\.gradle\wrapper\dists\gradle-7.0.2\native\8bec1ad78214c89d9ad589b4d07fe93259594b29d510b10fafb7a158f7737e5d\windows-amd64\native-platform.dll
0x00007ffc6fc00000 - 0x00007ffc6fd3d000 	C:\Users\SMART WAY\.gradle\wrapper\dists\gradle-7.0.2\native\53dbd7edfb1c66fb8903c78663c9afc45aea4f116125fa6feffd364cf09443e8\windows-amd64\native-platform-file-events.dll
0x00007ffca6440000 - 0x00007ffca644a000 	C:\Program Files\Android\Android Studio1\jre\bin\management.dll
0x00007ffca5390000 - 0x00007ffca539c000 	C:\Program Files\Android\Android Studio1\jre\bin\management_ext.dll
0x00007ffcae9a0000 - 0x00007ffcae9b8000 	C:\WINDOWS\SYSTEM32\CRYPTSP.dll
0x00007ffcae0b0000 - 0x00007ffcae0e4000 	C:\WINDOWS\system32\rsaenh.dll
0x00007ffcaf7d0000 - 0x00007ffcaf7f7000 	C:\WINDOWS\System32\bcrypt.dll
0x00007ffcaeee0000 - 0x00007ffcaef0e000 	C:\WINDOWS\SYSTEM32\USERENV.dll
0x00007ffcae990000 - 0x00007ffcae99c000 	C:\WINDOWS\SYSTEM32\CRYPTBASE.dll
0x00007ffcae440000 - 0x00007ffcae47b000 	C:\WINDOWS\SYSTEM32\IPHLPAPI.DLL
0x00007ffcb00e0000 - 0x00007ffcb00e8000 	C:\WINDOWS\System32\NSI.dll
0x00007ffca6500000 - 0x00007ffca6517000 	C:\WINDOWS\SYSTEM32\dhcpcsvc6.DLL
0x00007ffca6da0000 - 0x00007ffca6dbd000 	C:\WINDOWS\SYSTEM32\dhcpcsvc.DLL
0x00007ffcae480000 - 0x00007ffcae54c000 	C:\WINDOWS\SYSTEM32\DNSAPI.dll

dbghelp: loaded successfully - version: 4.0.5 - missing functions: none
symbol engine: initialized successfully - sym options: 0x614 - pdb path: .;C:\Program Files\Android\Android Studio1\jre\bin;C:\WINDOWS\SYSTEM32;C:\WINDOWS\WinSxS\amd64_microsoft.windows.common-controls_6595b64144ccf1df_6.0.19041.1110_none_60b5254171f9507e;C:\Program Files\Android\Android Studio1\jre\bin\server;C:\Users\SMART WAY\.gradle\wrapper\dists\gradle-7.0.2\native\8bec1ad78214c89d9ad589b4d07fe93259594b29d510b10fafb7a158f7737e5d\windows-amd64;C:\Users\SMART WAY\.gradle\wrapper\dists\gradle-7.0.2\native\53dbd7edfb1c66fb8903c78663c9afc45aea4f116125fa6feffd364cf09443e8\windows-amd64

VM Arguments:
jvm_args: --add-opens=java.base/java.util=ALL-UNNAMED --add-opens=java.base/java.lang=ALL-UNNAMED --add-opens=java.base/java.lang.invoke=ALL-UNNAMED --add-opens=java.base/java.util=ALL-UNNAMED --add-opens=java.prefs/java.util.prefs=ALL-UNNAMED --add-opens=java.prefs/java.util.prefs=ALL-UNNAMED --add-opens=java.base/java.nio.charset=ALL-UNNAMED --add-opens=java.base/java.net=ALL-UNNAMED --add-opens=java.base/java.util.concurrent.atomic=ALL-UNNAMED -Xmx2048m -Dfile.encoding=UTF-8 -Duser.country=US -Duser.language=en -Duser.variant 
java_command: org.gradle.launcher.daemon.bootstrap.GradleDaemon 7.0.2
java_class_path (initial): C:\Users\SMART WAY\.gradle\wrapper\dists\gradle-7.0.2\lib\gradle-launcher-7.0.2.jar
Launcher Type: SUN_STANDARD

[Global flags]
     intx CICompilerCount                          = 3                                         {product} {ergonomic}
     uint ConcGCThreads                            = 1                                         {product} {ergonomic}
     uint G1ConcRefinementThreads                  = 4                                         {product} {ergonomic}
   size_t G1HeapRegionSize                         = 1048576                                   {product} {ergonomic}
    uintx GCDrainStackTargetSize                   = 64                                        {product} {ergonomic}
   size_t InitialHeapSize                          = 134217728                                 {product} {ergonomic}
   size_t MarkStackSize                            = 4194304                                   {product} {ergonomic}
   size_t MaxHeapSize                              = 2147483648                                {product} {command line}
   size_t MaxNewSize                               = 1287651328                                {product} {ergonomic}
   size_t MinHeapDeltaBytes                        = 1048576                                   {product} {ergonomic}
    uintx NonNMethodCodeHeapSize                   = 5830732                                {pd product} {ergonomic}
    uintx NonProfiledCodeHeapSize                  = 122913754                              {pd product} {ergonomic}
    uintx ProfiledCodeHeapSize                     = 122913754                              {pd product} {ergonomic}
    uintx ReservedCodeCacheSize                    = 251658240                              {pd product} {ergonomic}
     bool SegmentedCodeCache                       = true                                      {product} {ergonomic}
     bool UseCompressedClassPointers               = true                                 {lp64_product} {ergonomic}
     bool UseCompressedOops                        = true                                 {lp64_product} {ergonomic}
     bool UseG1GC                                  = true                                      {product} {ergonomic}
     bool UseLargePagesIndividualAllocation        = false                                  {pd product} {ergonomic}

Logging:
Log output configuration:
 #0: stdout all=warning uptime,level,tags
 #1: stderr all=off uptime,level,tags

Environment Variables:
PATH=C:\Program Files\Common Files\Oracle\Java\javapath;C:\WINDOWS\system32;C:\WINDOWS;C:\WINDOWS\System32\Wbem;C:\WINDOWS\System32\WindowsPowerShell\v1.0\;C:\WINDOWS\System32\OpenSSH\;C:\Program Files\Git\cmd;C:\Users\SMART WAY\AppData\Local\Microsoft\WindowsApps;C:\Users\SMART WAY\.gradle\wrapper\dists\gradle-7.0;C:\Users\SMART WAY\.gradle\wrapper\dists\gradle-7.1\bin;C:\Users\SMART WAY\.gradle\wrapper\dists\gradle-7.0.2\bin;
USERNAME=SMART WAY
OS=Windows_NT
PROCESSOR_IDENTIFIER=Intel64 Family 6 Model 61 Stepping 4, GenuineIntel



---------------  S Y S T E M  ---------------

OS: Windows 10 , 64 bit Build 19041 (10.0.19041.1151)
OS uptime: 12 days 2:41 hours

CPU:total 4 (initial active 4) (2 cores per cpu, 2 threads per core) family 6 model 61 stepping 4 microcode 0x2f, cmov, cx8, fxsr, mmx, sse, sse2, sse3, ssse3, sse4.1, sse4.2, popcnt, avx, avx2, aes, clmul, erms, rtm, 3dnowpref, lzcnt, ht, tsc, tscinvbit, bmi1, bmi2, adx, fma

Memory: 4k page, system-wide physical 8067M (754M free)
TotalPageFile size 21538M (AvailPageFile size 6M)
current process WorkingSet (physical memory assigned to process): 268M, peak: 268M
current process commit charge ("private bytes"): 324M, peak: 325M

vm_info: OpenJDK 64-Bit Server VM (11.0.10+0-b96-7249189) for windows-amd64 JRE (11.0.10+0-b96-7249189), built on Mar 31 2021 21:44:00 by "builder" with MS VC++ 14.0 (VS2015)

END.
