#
# There is insufficient memory for the Java Runtime Environment to continue.
# Native memory allocation (mmap) failed to map 164626432 bytes for Failed to commit area from 0x000000008de00000 to 0x0000000097b00000 of length 164626432.
# Possible reasons:
#   The system is out of physical RAM or swap space
#   The process is running with CompressedOops enabled, and the Java Heap may be blocking the growth of the native heap
# Possible solutions:
#   Reduce memory load on the system
#   Increase physical memory or swap space
#   Check if swap backing store is full
#   Decrease Java heap size (-Xmx/-Xms)
#   Decrease number of Java threads
#   Decrease Java thread stack sizes (-Xss)
#   Set larger code cache with -XX:ReservedCodeCacheSize=
#   JVM is running with Unscaled Compressed Oops mode in which the Java heap is
#     placed in the first 4GB address space. The Java Heap base address is the
#     maximum limit for the native heap growth. Please use -XX:HeapBaseMinAddress
#     to set the Java Heap base and to place the Java Heap above 4GB virtual address.
# This output file may be truncated or incomplete.
#
#  Out of Memory Error (./src/hotspot/os/windows/os_windows.cpp:3301), pid=19528, tid=11008
#
# JRE version: OpenJDK Runtime Environment (11.0.10) (build 11.0.10+0-b96-7249189)
# Java VM: OpenJDK 64-Bit Server VM (11.0.10+0-b96-7249189, mixed mode, tiered, compressed oops, g1 gc, windows-amd64)
# No core dump will be written. Minidumps are not enabled by default on client versions of Windows
#

---------------  S U M M A R Y ------------

Command Line: --add-opens=java.base/java.util=ALL-UNNAMED --add-opens=java.base/java.lang=ALL-UNNAMED --add-opens=java.base/java.lang.invoke=ALL-UNNAMED --add-opens=java.base/java.util=ALL-UNNAMED --add-opens=java.prefs/java.util.prefs=ALL-UNNAMED --add-opens=java.prefs/java.util.prefs=ALL-UNNAMED --add-opens=java.base/java.nio.charset=ALL-UNNAMED --add-opens=java.base/java.net=ALL-UNNAMED --add-opens=java.base/java.util.concurrent.atomic=ALL-UNNAMED -Xmx2048m -Dfile.encoding=UTF-8 -Duser.country=US -Duser.language=en -Duser.variant org.gradle.launcher.daemon.bootstrap.GradleDaemon 7.0.2

Host: Intel(R) Core(TM) i7-5600U CPU @ 2.60GHz, 4 cores, 7G,  Windows 10 , 64 bit Build 19041 (10.0.19041.1151)
Time: Mon Aug 23 01:10:42 2021 Arabic Standard Time elapsed time: 13271.182451 seconds (0d 3h 41m 11s)

---------------  T H R E A D  ---------------

Current thread (0x000001fd7da99800):  VMThread "VM Thread" [stack: 0x000000d440a00000,0x000000d440b00000] [id=11008]

Stack: [0x000000d440a00000,0x000000d440b00000]
[error occurred during error reporting (printing stack bounds), id 0xc0000005, EXCEPTION_ACCESS_VIOLATION (0xc0000005) at pc=0x000001fd679c0f2d]

Native frames: (J=compiled Java code, j=interpreted, Vv=VM code, C=native code)
V  [jvm.dll+0x5ecfaa]
V  [jvm.dll+0x722bd5]
V  [jvm.dll+0x72412d]
V  [jvm.dll+0x724745]
V  [jvm.dll+0x7246fb]
V  [jvm.dll+0x5ec348]
V  [jvm.dll+0x5ecad8]
C  [ntdll.dll+0xa217f]
C  [ntdll.dll+0x51454]
C  [ntdll.dll+0xa0cae]
C  0x000001fd679c0f2d

VM_Operation (0x000000d4432f95f0): G1CollectForAllocation, mode: safepoint, requested by thread 0x000001fd019a2000


---------------  P R O C E S S  ---------------

Threads class SMR info:
_java_thread_list=0x000001fd0b100eb0, length=56, elements={
0x000001fd63ecc000, 0x000001fd7daa1800, 0x000001fd7daa2800, 0x000001fd7dabf800,
0x000001fd7dac1800, 0x000001fd7dac3000, 0x000001fd7dac8000, 0x000001fd7dace000,
0x000001fd7dadb000, 0x000001fd7e577800, 0x000001fd7f15c000, 0x000001fd7f516800,
0x000001fd7ffb9800, 0x000001fd7fe20800, 0x000001fd7fe23000, 0x000001fd7fe22800,
0x000001fd7fe25800, 0x000001fd7fe24000, 0x000001fd01800000, 0x000001fd01801000,
0x000001fd017fb000, 0x000001fd01801800, 0x000001fd01802800, 0x000001fd01806800,
0x000001fd01807800, 0x000001fd019a3800, 0x000001fd019a1000, 0x000001fd018d1000,
0x000001fd017fe800, 0x000001fd018d3800, 0x000001fd018d4800, 0x000001fd018d0000,
0x000001fd01803800, 0x000001fd017fd800, 0x000001fd017ff000, 0x000001fd0180a000,
0x000001fd01805000, 0x000001fd01806000, 0x000001fd019a4800, 0x000001fd019a7800,
0x000001fd019a6000, 0x000001fd019a2800, 0x000001fd019a5000, 0x000001fd019a7000,
0x000001fd019a2000, 0x000001fd019a8800, 0x000001fd019af000, 0x000001fd019ac800,
0x000001fd019ad800, 0x000001fd019ab800, 0x000001fd019a9000, 0x000001fd019ab000,
0x000001fd019ae000, 0x000001fd019af800, 0x000001fd019aa000, 0x000001fd018d2000
}

Java Threads: ( => current thread )
  0x000001fd63ecc000 JavaThread "main" [_thread_blocked, id=4252, stack(0x000000d440400000,0x000000d440500000)]
  0x000001fd7daa1800 JavaThread "Reference Handler" daemon [_thread_blocked, id=5128, stack(0x000000d440b00000,0x000000d440c00000)]
  0x000001fd7daa2800 JavaThread "Finalizer" daemon [_thread_blocked, id=4276, stack(0x000000d440c00000,0x000000d440d00000)]
  0x000001fd7dabf800 JavaThread "Signal Dispatcher" daemon [_thread_blocked, id=17240, stack(0x000000d440d00000,0x000000d440e00000)]
  0x000001fd7dac1800 JavaThread "Attach Listener" daemon [_thread_blocked, id=17980, stack(0x000000d440e00000,0x000000d440f00000)]
  0x000001fd7dac3000 JavaThread "Service Thread" daemon [_thread_blocked, id=15800, stack(0x000000d440f00000,0x000000d441000000)]
  0x000001fd7dac8000 JavaThread "C2 CompilerThread0" daemon [_thread_in_native, id=19868, stack(0x000000d441000000,0x000000d441100000)]
  0x000001fd7dace000 JavaThread "C1 CompilerThread0" daemon [_thread_blocked, id=12700, stack(0x000000d441100000,0x000000d441200000)]
  0x000001fd7dadb000 JavaThread "Sweeper thread" daemon [_thread_blocked, id=1064, stack(0x000000d441200000,0x000000d441300000)]
  0x000001fd7e577800 JavaThread "Common-Cleaner" daemon [_thread_blocked, id=17348, stack(0x000000d441300000,0x000000d441400000)]
  0x000001fd7f15c000 JavaThread "Daemon health stats" [_thread_blocked, id=19708, stack(0x000000d441800000,0x000000d441900000)]
  0x000001fd7f516800 JavaThread "Incoming local TCP Connector on port 58205" [_thread_in_native, id=13020, stack(0x000000d441500000,0x000000d441600000)]
  0x000001fd7ffb9800 JavaThread "Daemon periodic checks" [_thread_blocked, id=19308, stack(0x000000d441900000,0x000000d441a00000)]
  0x000001fd7fe20800 JavaThread "Cache worker for file hash cache (C:\Users\SMART WAY\.gradle\wrapper\dists\gradle-7.0.2\caches\7.0.2\fileHashes)" [_thread_blocked, id=12988, stack(0x000000d442200000,0x000000d442300000)]
  0x000001fd7fe23000 JavaThread "File lock request listener" [_thread_in_native, id=12420, stack(0x000000d442300000,0x000000d442400000)]
  0x000001fd7fe22800 JavaThread "Cache worker for journal cache (C:\Users\SMART WAY\.gradle\wrapper\dists\gradle-7.0.2\caches\journal-1)" [_thread_blocked, id=17812, stack(0x000000d442400000,0x000000d442500000)]
  0x000001fd7fe25800 JavaThread "File watcher server" daemon [_thread_blocked, id=13552, stack(0x000000d442700000,0x000000d442800000)]
  0x000001fd7fe24000 JavaThread "File watcher consumer" daemon [_thread_blocked, id=17768, stack(0x000000d442800000,0x000000d442900000)]
  0x000001fd01800000 JavaThread "Cache worker for execution history cache (C:\Users\SMART WAY\.gradle\wrapper\dists\gradle-7.0.2\caches\7.0.2\executionHistory)" [_thread_blocked, id=9324, stack(0x000000d442c00000,0x000000d442d00000)]
  0x000001fd01801000 JavaThread "jar transforms" [_thread_blocked, id=2288, stack(0x000000d442d00000,0x000000d442e00000)]
  0x000001fd017fb000 JavaThread "jar transforms Thread 2" [_thread_blocked, id=16240, stack(0x000000d442e00000,0x000000d442f00000)]
  0x000001fd01801800 JavaThread "Cache worker for file content cache (C:\Users\SMART WAY\.gradle\wrapper\dists\gradle-7.0.2\caches\7.0.2\fileContent)" [_thread_blocked, id=20140, stack(0x000000d442f00000,0x000000d443000000)]
  0x000001fd01802800 JavaThread "jar transforms Thread 3" [_thread_blocked, id=17448, stack(0x000000d443100000,0x000000d443200000)]
  0x000001fd01806800 JavaThread "jar transforms Thread 4" [_thread_blocked, id=5088, stack(0x000000d443700000,0x000000d443800000)]
  0x000001fd01807800 JavaThread "Memory manager" [_thread_blocked, id=11992, stack(0x000000d443800000,0x000000d443900000)]
  0x000001fd019a3800 JavaThread "RMI Scheduler(0)" daemon [_thread_blocked, id=19604, stack(0x000000d440100000,0x000000d440200000)]
  0x000001fd019a1000 JavaThread "RMI TCP Accept-0" daemon [_thread_in_native, id=18356, stack(0x000000d444300000,0x000000d444400000)]
  0x000001fd018d1000 JavaThread "Cache worker for Java compile cache (C:\Users\SMART WAY\.gradle\wrapper\dists\gradle-7.0.2\caches\7.0.2\javaCompile)" [_thread_blocked, id=16908, stack(0x000000d442500000,0x000000d442600000)]
  0x000001fd017fe800 JavaThread "ForkJoinPool.commonPool-worker-7" daemon [_thread_blocked, id=16284, stack(0x000000d444600000,0x000000d444700000)]
  0x000001fd018d3800 JavaThread "RMI RenewClean-[127.0.0.1:17182,org.jetbrains.kotlin.daemon.common.LoopbackNetworkInterface$ClientLoopbackSocketFactory@3a70c56d]" daemon [_thread_blocked, id=13796, stack(0x000000d443500000,0x000000d443600000)]
  0x000001fd018d4800 JavaThread "Daemon Thread 10" [_thread_blocked, id=19556, stack(0x000000d440200000,0x000000d440300000)]
  0x000001fd018d0000 JavaThread "Daemon worker Thread 10" [_thread_blocked, id=8276, stack(0x000000d441b00000,0x000000d441c00000)]
  0x000001fd01803800 JavaThread "Handler for socket connection from /127.0.0.1:58205 to /127.0.0.1:60391" [_thread_in_native, id=17584, stack(0x000000d440300000,0x000000d440400000)]
  0x000001fd017fd800 JavaThread "Cancel handler" [_thread_blocked, id=14000, stack(0x000000d441a00000,0x000000d441b00000)]
  0x000001fd017ff000 JavaThread "Asynchronous log dispatcher for DefaultDaemonConnection: socket connection from /127.0.0.1:58205 to /127.0.0.1:60391" [_thread_blocked, id=12856, stack(0x000000d441c00000,0x000000d441d00000)]
  0x000001fd0180a000 JavaThread "Stdin handler" [_thread_blocked, id=20216, stack(0x000000d441d00000,0x000000d441e00000)]
  0x000001fd01805000 JavaThread "Daemon client event forwarder" [_thread_blocked, id=11920, stack(0x000000d441e00000,0x000000d441f00000)]
  0x000001fd01806000 JavaThread "Cache worker for file hash cache (C:\Users\SMART WAY\AndroidStudioProjects\MyApplication333333\.gradle\7.0.2\fileHashes)" [_thread_blocked, id=2656, stack(0x000000d441f00000,0x000000d442000000)]
  0x000001fd019a4800 JavaThread "Cache worker for checksums cache (C:\Users\SMART WAY\AndroidStudioProjects\MyApplication333333\.gradle\checksums)" [_thread_blocked, id=15032, stack(0x000000d442000000,0x000000d442100000)]
  0x000001fd019a7800 JavaThread "Cache worker for cache directory md-supplier (C:\Users\SMART WAY\.gradle\wrapper\dists\gradle-7.0.2\caches\7.0.2\md-supplier)" [_thread_blocked, id=12260, stack(0x000000d442600000,0x000000d442700000)]
  0x000001fd019a6000 JavaThread "Cache worker for cache directory md-rule (C:\Users\SMART WAY\.gradle\wrapper\dists\gradle-7.0.2\caches\7.0.2\md-rule)" [_thread_blocked, id=20308, stack(0x000000d442900000,0x000000d442a00000)]
  0x000001fd019a2800 JavaThread "Cache worker for dependencies-accessors (C:\Users\SMART WAY\AndroidStudioProjects\MyApplication333333\.gradle\7.0.2\dependencies-accessors)" [_thread_blocked, id=20080, stack(0x000000d442a00000,0x000000d442b00000)]
  0x000001fd019a5000 JavaThread "Cache worker for Build Output Cleanup Cache (C:\Users\SMART WAY\AndroidStudioProjects\MyApplication333333\.gradle\buildOutputCleanup)" [_thread_blocked, id=17096, stack(0x000000d442b00000,0x000000d442c00000)]
  0x000001fd019a7000 JavaThread "Build operations" [_thread_blocked, id=19432, stack(0x000000d443000000,0x000000d443100000)]
  0x000001fd019a2000 JavaThread "Build operations Thread 2" [_thread_blocked, id=13920, stack(0x000000d443200000,0x000000d443300000)]
  0x000001fd019a8800 JavaThread "Build operations Thread 3" [_thread_blocked, id=16760, stack(0x000000d443300000,0x000000d443400000)]
  0x000001fd019af000 JavaThread "Build operations Thread 4" [_thread_blocked, id=13148, stack(0x000000d443400000,0x000000d443500000)]
  0x000001fd019ac800 JavaThread "build event listener" [_thread_blocked, id=8980, stack(0x000000d443600000,0x000000d443700000)]
  0x000001fd019ad800 JavaThread "Execution worker for ':'" [_thread_blocked, id=8280, stack(0x000000d443900000,0x000000d443a00000)]
  0x000001fd019ab800 JavaThread "Execution worker for ':' Thread 2" [_thread_blocked, id=11572, stack(0x000000d443a00000,0x000000d443b00000)]
  0x000001fd019a9000 JavaThread "Execution worker for ':' Thread 3" [_thread_blocked, id=7828, stack(0x000000d443b00000,0x000000d443c00000)]
  0x000001fd019ab000 JavaThread "Cache worker for execution history cache (C:\Users\SMART WAY\AndroidStudioProjects\MyApplication333333\.gradle\7.0.2\executionHistory)" [_thread_blocked, id=468, stack(0x000000d443c00000,0x000000d443d00000)]
  0x000001fd019ae000 JavaThread "WorkerExecutor Queue" [_thread_blocked, id=12280, stack(0x000000d443d00000,0x000000d443e00000)]
  0x000001fd019af800 JavaThread "WorkerExecutor Queue Thread 2" [_thread_blocked, id=20364, stack(0x000000d443e00000,0x000000d443f00000)]
  0x000001fd019aa000 JavaThread "WorkerExecutor Queue Thread 3" [_thread_blocked, id=18976, stack(0x000000d443f00000,0x000000d444000000)]
  0x000001fd018d2000 JavaThread "WorkerExecutor Queue Thread 4" [_thread_blocked, id=5876, stack(0x000000d444000000,0x000000d444100000)]

Other Threads:
=>0x000001fd7da99800 VMThread "VM Thread" [stack: 0x000000d440a00000,0x000000d440b00000] [id=11008]
  0x000001fd7e58e800 WatcherThread [stack: 0x000000d441400000,0x000000d441500000] [id=19808]
  0x000001fd63ee4800 GCTaskThread "GC Thread#0" [stack: 0x000000d440500000,0x000000d440600000] [id=18484]
  0x000001fd7ec3a800 GCTaskThread "GC Thread#1" [stack: 0x000000d441600000,0x000000d441700000] [id=9608]
  0x000001fd7eda2800 GCTaskThread "GC Thread#2" [stack: 0x000000d441700000,0x000000d441800000] [id=5888]
  0x000001fd00ad2800 GCTaskThread "GC Thread#3" [stack: 0x000000d442100000,0x000000d442200000] [id=20432]
  0x000001fd63f16000 ConcurrentGCThread "G1 Main Marker" [stack: 0x000000d440600000,0x000000d440700000] [id=580]
  0x000001fd63f17800 ConcurrentGCThread "G1 Conc#0" [stack: 0x000000d440700000,0x000000d440800000] [id=16372]
  0x000001fd63fa6800 ConcurrentGCThread "G1 Refine#0" [stack: 0x000000d440800000,0x000000d440900000] [id=8044]
  0x000001fd63fa9800 ConcurrentGCThread "G1 Young RemSet Sampling" [stack: 0x000000d440900000,0x000000d440a00000] [id=18748]

Threads with active compile tasks:
C2 CompilerThread013271208 26659       4       com.android.tools.r8.internal.Le::a (1137 bytes)
C1 CompilerThread013271208 27089 %     3       com.android.tools.r8.internal.ja::a @ 835 (944 bytes)

VM state:at safepoint (normal execution)

VM Mutex/Monitor currently owned by a thread:  ([mutex/lock_event])
[0x000001fd63ec9190] Threads_lock - owner thread: 0x000001fd7da99800
[0x000001fd63ec8ad0] Heap_lock - owner thread: 0x000001fd019a2000

Heap address: 0x0000000080000000, size: 2048 MB, Compressed Oops mode: 32-bit
Narrow klass base: 0x0000000000000000, Narrow klass shift: 3
Compressed class space size: 1073741824 Address: 0x0000000100000000

Heap:
 garbage-first heap   total 388096K, used 107039K [0x0000000080000000, 0x0000000100000000)
  region size 1024K, 2 young (2048K), 2 survivors (2048K)
 Metaspace       used 125105K, capacity 128770K, committed 128972K, reserved 1161216K
  class space    used 15381K, capacity 16739K, committed 16844K, reserved 1048576K
Heap Regions: E=young(eden), S=young(survivor), O=old, HS=humongous(starts), HC=humongous(continues), CS=collection set, F=free, A=archive, TAMS=top-at-mark-start (previous, next)
|   0|0x0000000080000000, 0x0000000080100000, 0x0000000080100000|100%|HS|  |TAMS 0x0000000080100000, 0x0000000080100000| Complete 
|   1|0x0000000080100000, 0x0000000080200000, 0x0000000080200000|100%|HC|  |TAMS 0x0000000080200000, 0x0000000080200000| Complete 
|   2|0x0000000080200000, 0x0000000080300000, 0x0000000080300000|100%|HC|  |TAMS 0x0000000080300000, 0x0000000080300000| Complete 
|   3|0x0000000080300000, 0x0000000080400000, 0x0000000080400000|100%| O|  |TAMS 0x0000000080400000, 0x0000000080400000| Untracked 
|   4|0x0000000080400000, 0x0000000080500000, 0x0000000080500000|100%| O|  |TAMS 0x0000000080500000, 0x0000000080500000| Untracked 
|   5|0x0000000080500000, 0x0000000080600000, 0x0000000080600000|100%| O|  |TAMS 0x0000000080600000, 0x0000000080600000| Untracked 
|   6|0x0000000080600000, 0x0000000080700000, 0x0000000080700000|100%| O|  |TAMS 0x0000000080700000, 0x0000000080700000| Untracked 
|   7|0x0000000080700000, 0x0000000080800000, 0x0000000080800000|100%| O|  |TAMS 0x0000000080800000, 0x0000000080800000| Untracked 
|   8|0x0000000080800000, 0x0000000080900000, 0x0000000080900000|100%| O|  |TAMS 0x0000000080900000, 0x0000000080900000| Untracked 
|   9|0x0000000080900000, 0x0000000080a00000, 0x0000000080a00000|100%| O|  |TAMS 0x0000000080a00000, 0x0000000080a00000| Untracked 
|  10|0x0000000080a00000, 0x0000000080b00000, 0x0000000080b00000|100%| O|  |TAMS 0x0000000080b00000, 0x0000000080b00000| Untracked 
|  11|0x0000000080b00000, 0x0000000080c00000, 0x0000000080c00000|100%| O|  |TAMS 0x0000000080c00000, 0x0000000080c00000| Untracked 
|  12|0x0000000080c00000, 0x0000000080d00000, 0x0000000080d00000|100%| O|  |TAMS 0x0000000080d00000, 0x0000000080d00000| Untracked 
|  13|0x0000000080d00000, 0x0000000080e00000, 0x0000000080e00000|100%| O|  |TAMS 0x0000000080e00000, 0x0000000080e00000| Untracked 
|  14|0x0000000080e00000, 0x0000000080f00000, 0x0000000080f00000|100%| O|  |TAMS 0x0000000080f00000, 0x0000000080f00000| Untracked 
|  15|0x0000000080f00000, 0x0000000081000000, 0x0000000081000000|100%| O|  |TAMS 0x0000000081000000, 0x0000000081000000| Untracked 
|  16|0x0000000081000000, 0x0000000081100000, 0x0000000081100000|100%| O|  |TAMS 0x0000000081100000, 0x0000000081100000| Untracked 
|  17|0x0000000081100000, 0x0000000081200000, 0x0000000081200000|100%| O|  |TAMS 0x0000000081200000, 0x0000000081200000| Untracked 
|  18|0x0000000081200000, 0x0000000081300000, 0x0000000081300000|100%| O|  |TAMS 0x0000000081200000, 0x0000000081300000| Untracked 
|  19|0x0000000081300000, 0x0000000081400000, 0x0000000081400000|100%| O|  |TAMS 0x0000000081400000, 0x0000000081400000| Untracked 
|  20|0x0000000081400000, 0x0000000081500000, 0x0000000081500000|100%| O|  |TAMS 0x0000000081500000, 0x0000000081500000| Untracked 
|  21|0x0000000081500000, 0x0000000081600000, 0x0000000081600000|100%| O|  |TAMS 0x0000000081600000, 0x0000000081600000| Untracked 
|  22|0x0000000081600000, 0x0000000081700000, 0x0000000081700000|100%| O|  |TAMS 0x0000000081700000, 0x0000000081700000| Untracked 
|  23|0x0000000081700000, 0x0000000081800000, 0x0000000081800000|100%| O|  |TAMS 0x0000000081800000, 0x0000000081800000| Untracked 
|  24|0x0000000081800000, 0x0000000081900000, 0x0000000081900000|100%| O|  |TAMS 0x0000000081900000, 0x0000000081900000| Untracked 
|  25|0x0000000081900000, 0x0000000081a00000, 0x0000000081a00000|100%| O|  |TAMS 0x0000000081a00000, 0x0000000081a00000| Untracked 
|  26|0x0000000081a00000, 0x0000000081b00000, 0x0000000081b00000|100%|HS|  |TAMS 0x0000000081b00000, 0x0000000081b00000| Complete 
|  27|0x0000000081b00000, 0x0000000081c00000, 0x0000000081c00000|100%|HS|  |TAMS 0x0000000081c00000, 0x0000000081c00000| Complete 
|  28|0x0000000081c00000, 0x0000000081d00000, 0x0000000081d00000|100%|HS|  |TAMS 0x0000000081d00000, 0x0000000081d00000| Complete 
|  29|0x0000000081d00000, 0x0000000081e00000, 0x0000000081e00000|100%|HS|  |TAMS 0x0000000081e00000, 0x0000000081e00000| Complete 
|  30|0x0000000081e00000, 0x0000000081f00000, 0x0000000081f00000|100%|HC|  |TAMS 0x0000000081f00000, 0x0000000081f00000| Complete 
|  31|0x0000000081f00000, 0x0000000082000000, 0x0000000082000000|100%|HC|  |TAMS 0x0000000082000000, 0x0000000082000000| Complete 
|  32|0x0000000082000000, 0x0000000082100000, 0x0000000082100000|100%|HS|  |TAMS 0x0000000082100000, 0x0000000082100000| Complete 
|  33|0x0000000082100000, 0x0000000082200000, 0x0000000082200000|100%|HC|  |TAMS 0x0000000082200000, 0x0000000082200000| Complete 
|  34|0x0000000082200000, 0x0000000082300000, 0x0000000082300000|100%| O|  |TAMS 0x0000000082300000, 0x0000000082300000| Untracked 
|  35|0x0000000082300000, 0x0000000082400000, 0x0000000082400000|100%| O|  |TAMS 0x0000000082400000, 0x0000000082400000| Untracked 
|  36|0x0000000082400000, 0x0000000082500000, 0x0000000082500000|100%| O|  |TAMS 0x0000000082400000, 0x0000000082500000| Untracked 
|  37|0x0000000082500000, 0x0000000082600000, 0x0000000082600000|100%| O|  |TAMS 0x0000000082600000, 0x0000000082600000| Untracked 
|  38|0x0000000082600000, 0x0000000082700000, 0x0000000082700000|100%| O|  |TAMS 0x0000000082600000, 0x0000000082700000| Untracked 
|  39|0x0000000082700000, 0x0000000082800000, 0x0000000082800000|100%| O|  |TAMS 0x0000000082800000, 0x0000000082800000| Untracked 
|  40|0x0000000082800000, 0x0000000082900000, 0x0000000082900000|100%| O|  |TAMS 0x0000000082900000, 0x0000000082900000| Untracked 
|  41|0x0000000082900000, 0x0000000082a00000, 0x0000000082a00000|100%| O|  |TAMS 0x0000000082a00000, 0x0000000082a00000| Untracked 
|  42|0x0000000082a00000, 0x0000000082b00000, 0x0000000082b00000|100%| O|  |TAMS 0x0000000082b00000, 0x0000000082b00000| Untracked 
|  43|0x0000000082b00000, 0x0000000082c00000, 0x0000000082c00000|100%| O|  |TAMS 0x0000000082c00000, 0x0000000082c00000| Untracked 
|  44|0x0000000082c00000, 0x0000000082d00000, 0x0000000082d00000|100%| O|  |TAMS 0x0000000082d00000, 0x0000000082d00000| Untracked 
|  45|0x0000000082d00000, 0x0000000082e00000, 0x0000000082e00000|100%| O|  |TAMS 0x0000000082e00000, 0x0000000082e00000| Untracked 
|  46|0x0000000082e00000, 0x0000000082f00000, 0x0000000082f00000|100%| O|  |TAMS 0x0000000082f00000, 0x0000000082f00000| Untracked 
|  47|0x0000000082f00000, 0x0000000083000000, 0x0000000083000000|100%| O|  |TAMS 0x0000000083000000, 0x0000000083000000| Untracked 
|  48|0x0000000083000000, 0x0000000083100000, 0x0000000083100000|100%| O|  |TAMS 0x0000000083100000, 0x0000000083100000| Untracked 
|  49|0x0000000083100000, 0x0000000083200000, 0x0000000083200000|100%| O|  |TAMS 0x0000000083100000, 0x0000000083200000| Untracked 
|  50|0x0000000083200000, 0x0000000083300000, 0x0000000083300000|100%| O|  |TAMS 0x0000000083300000, 0x0000000083300000| Untracked 
|  51|0x0000000083300000, 0x0000000083400000, 0x0000000083400000|100%| O|  |TAMS 0x0000000083400000, 0x0000000083400000| Untracked 
|  52|0x0000000083400000, 0x0000000083500000, 0x0000000083500000|100%| O|  |TAMS 0x0000000083400000, 0x0000000083500000| Untracked 
|  53|0x0000000083500000, 0x0000000083600000, 0x0000000083600000|100%| O|  |TAMS 0x0000000083600000, 0x0000000083600000| Untracked 
|  54|0x0000000083600000, 0x0000000083700000, 0x0000000083700000|100%| O|  |TAMS 0x0000000083700000, 0x0000000083700000| Untracked 
|  55|0x0000000083700000, 0x0000000083800000, 0x0000000083800000|100%| O|  |TAMS 0x0000000083800000, 0x0000000083800000| Untracked 
|  56|0x0000000083800000, 0x0000000083900000, 0x0000000083900000|100%| O|  |TAMS 0x0000000083900000, 0x0000000083900000| Untracked 
|  57|0x0000000083900000, 0x0000000083a00000, 0x0000000083a00000|100%| O|  |TAMS 0x0000000083a00000, 0x0000000083a00000| Untracked 
|  58|0x0000000083a00000, 0x0000000083b00000, 0x0000000083b00000|100%| O|  |TAMS 0x0000000083a00000, 0x0000000083b00000| Untracked 
|  59|0x0000000083b00000, 0x0000000083c00000, 0x0000000083c00000|100%| O|  |TAMS 0x0000000083c00000, 0x0000000083c00000| Untracked 
|  60|0x0000000083c00000, 0x0000000083c00000, 0x0000000083d00000|  0%| F|  |TAMS 0x0000000083c00000, 0x0000000083c00000| Untracked 
|  61|0x0000000083d00000, 0x0000000083e00000, 0x0000000083e00000|100%| O|  |TAMS 0x0000000083d00000, 0x0000000083e00000| Untracked 
|  62|0x0000000083e00000, 0x0000000083f00000, 0x0000000083f00000|100%| O|  |TAMS 0x0000000083f00000, 0x0000000083f00000| Untracked 
|  63|0x0000000083f00000, 0x0000000084000000, 0x0000000084000000|100%| O|  |TAMS 0x0000000083f00000, 0x0000000084000000| Untracked 
|  64|0x0000000084000000, 0x0000000084100000, 0x0000000084100000|100%| O|  |TAMS 0x0000000084100000, 0x0000000084100000| Untracked 
|  65|0x0000000084100000, 0x0000000084200000, 0x0000000084200000|100%| O|  |TAMS 0x0000000084200000, 0x0000000084200000| Untracked 
|  66|0x0000000084200000, 0x0000000084300000, 0x0000000084300000|100%| O|  |TAMS 0x0000000084300000, 0x0000000084300000| Untracked 
|  67|0x0000000084300000, 0x0000000084400000, 0x0000000084400000|100%| O|  |TAMS 0x0000000084400000, 0x0000000084400000| Untracked 
|  68|0x0000000084400000, 0x0000000084500000, 0x0000000084500000|100%| O|  |TAMS 0x0000000084500000, 0x0000000084500000| Untracked 
|  69|0x0000000084500000, 0x0000000084600000, 0x0000000084600000|100%| O|  |TAMS 0x0000000084600000, 0x0000000084600000| Untracked 
|  70|0x0000000084600000, 0x0000000084700000, 0x0000000084700000|100%| O|  |TAMS 0x0000000084700000, 0x0000000084700000| Untracked 
|  71|0x0000000084700000, 0x0000000084800000, 0x0000000084800000|100%| O|  |TAMS 0x0000000084800000, 0x0000000084800000| Untracked 
|  72|0x0000000084800000, 0x0000000084800000, 0x0000000084900000|  0%| F|  |TAMS 0x0000000084800000, 0x0000000084800000| Untracked 
|  73|0x0000000084900000, 0x0000000084a00000, 0x0000000084a00000|100%| O|  |TAMS 0x0000000084a00000, 0x0000000084a00000| Untracked 
|  74|0x0000000084a00000, 0x0000000084a00000, 0x0000000084b00000|  0%| F|  |TAMS 0x0000000084a00000, 0x0000000084a00000| Untracked 
|  75|0x0000000084b00000, 0x0000000084c00000, 0x0000000084c00000|100%| O|  |TAMS 0x0000000084c00000, 0x0000000084c00000| Untracked 
|  76|0x0000000084c00000, 0x0000000084d00000, 0x0000000084d00000|100%| O|  |TAMS 0x0000000084d00000, 0x0000000084d00000| Untracked 
|  77|0x0000000084d00000, 0x0000000084e00000, 0x0000000084e00000|100%| O|  |TAMS 0x0000000084e00000, 0x0000000084e00000| Untracked 
|  78|0x0000000084e00000, 0x0000000084f00000, 0x0000000084f00000|100%| O|  |TAMS 0x0000000084f00000, 0x0000000084f00000| Untracked 
|  79|0x0000000084f00000, 0x0000000085000000, 0x0000000085000000|100%| O|  |TAMS 0x0000000085000000, 0x0000000085000000| Untracked 
|  80|0x0000000085000000, 0x0000000085000000, 0x0000000085100000|  0%| F|  |TAMS 0x0000000085000000, 0x0000000085000000| Untracked 
|  81|0x0000000085100000, 0x0000000085200000, 0x0000000085200000|100%| O|  |TAMS 0x0000000085200000, 0x0000000085200000| Untracked 
|  82|0x0000000085200000, 0x0000000085300000, 0x0000000085300000|100%| O|  |TAMS 0x0000000085300000, 0x0000000085300000| Untracked 
|  83|0x0000000085300000, 0x0000000085400000, 0x0000000085400000|100%|HS|  |TAMS 0x0000000085400000, 0x0000000085400000| Complete 
|  84|0x0000000085400000, 0x0000000085500000, 0x0000000085500000|100%|HC|  |TAMS 0x0000000085500000, 0x0000000085500000| Complete 
|  85|0x0000000085500000, 0x0000000085600000, 0x0000000085600000|100%| O|  |TAMS 0x0000000085600000, 0x0000000085600000| Untracked 
|  86|0x0000000085600000, 0x0000000085700000, 0x0000000085700000|100%| O|  |TAMS 0x0000000085700000, 0x0000000085700000| Untracked 
|  87|0x0000000085700000, 0x0000000085800000, 0x0000000085800000|100%| O|  |TAMS 0x0000000085800000, 0x0000000085800000| Untracked 
|  88|0x0000000085800000, 0x0000000085900000, 0x0000000085900000|100%| O|  |TAMS 0x0000000085900000, 0x0000000085900000| Untracked 
|  89|0x0000000085900000, 0x0000000085900000, 0x0000000085a00000|  0%| F|  |TAMS 0x0000000085900000, 0x0000000085900000| Untracked 
|  90|0x0000000085a00000, 0x0000000085a00000, 0x0000000085b00000|  0%| F|  |TAMS 0x0000000085a00000, 0x0000000085a00000| Untracked 
|  91|0x0000000085b00000, 0x0000000085b00000, 0x0000000085c00000|  0%| F|  |TAMS 0x0000000085b00000, 0x0000000085b00000| Untracked 
|  92|0x0000000085c00000, 0x0000000085d00000, 0x0000000085d00000|100%| O|  |TAMS 0x0000000085d00000, 0x0000000085d00000| Untracked 
|  93|0x0000000085d00000, 0x0000000085e00000, 0x0000000085e00000|100%| O|  |TAMS 0x0000000085e00000, 0x0000000085e00000| Untracked 
|  94|0x0000000085e00000, 0x0000000085f00000, 0x0000000085f00000|100%| O|  |TAMS 0x0000000085f00000, 0x0000000085f00000| Untracked 
|  95|0x0000000085f00000, 0x0000000086000000, 0x0000000086000000|100%| O|  |TAMS 0x0000000086000000, 0x0000000086000000| Untracked 
|  96|0x0000000086000000, 0x0000000086100000, 0x0000000086100000|100%| O|  |TAMS 0x0000000086100000, 0x0000000086100000| Untracked 
|  97|0x0000000086100000, 0x0000000086200000, 0x0000000086200000|100%| O|  |TAMS 0x0000000086200000, 0x0000000086200000| Untracked 
|  98|0x0000000086200000, 0x0000000086300000, 0x0000000086300000|100%| O|  |TAMS 0x0000000086300000, 0x0000000086300000| Untracked 
|  99|0x0000000086300000, 0x0000000086300000, 0x0000000086400000|  0%| F|  |TAMS 0x0000000086300000, 0x0000000086300000| Untracked 
| 100|0x0000000086400000, 0x0000000086500000, 0x0000000086500000|100%| O|  |TAMS 0x0000000086500000, 0x0000000086500000| Untracked 
| 101|0x0000000086500000, 0x0000000086500000, 0x0000000086600000|  0%| F|  |TAMS 0x0000000086500000, 0x0000000086500000| Untracked 
| 102|0x0000000086600000, 0x0000000086700000, 0x0000000086700000|100%| O|  |TAMS 0x0000000086700000, 0x0000000086700000| Untracked 
| 103|0x0000000086700000, 0x0000000086800000, 0x0000000086800000|100%| O|  |TAMS 0x0000000086800000, 0x0000000086800000| Untracked 
| 104|0x0000000086800000, 0x0000000086900000, 0x0000000086900000|100%| O|  |TAMS 0x0000000086900000, 0x0000000086900000| Untracked 
| 105|0x0000000086900000, 0x0000000086a00000, 0x0000000086a00000|100%| O|  |TAMS 0x0000000086a00000, 0x0000000086a00000| Untracked 
| 106|0x0000000086a00000, 0x0000000086a00000, 0x0000000086b00000|  0%| F|  |TAMS 0x0000000086a00000, 0x0000000086a00000| Untracked 
| 107|0x0000000086b00000, 0x0000000086c00000, 0x0000000086c00000|100%| O|  |TAMS 0x0000000086c00000, 0x0000000086c00000| Untracked 
| 108|0x0000000086c00000, 0x0000000086c00000, 0x0000000086d00000|  0%| F|  |TAMS 0x0000000086c00000, 0x0000000086c00000| Untracked 
| 109|0x0000000086d00000, 0x0000000086e00000, 0x0000000086e00000|100%| O|  |TAMS 0x0000000086e00000, 0x0000000086e00000| Untracked 
| 110|0x0000000086e00000, 0x0000000086f00000, 0x0000000086f00000|100%| O|  |TAMS 0x0000000086f00000, 0x0000000086f00000| Untracked 
| 111|0x0000000086f00000, 0x0000000086f00000, 0x0000000087000000|  0%| F|  |TAMS 0x0000000086f00000, 0x0000000086f00000| Untracked 
| 112|0x0000000087000000, 0x0000000087000000, 0x0000000087100000|  0%| F|  |TAMS 0x0000000087000000, 0x0000000087000000| Untracked 
| 113|0x0000000087100000, 0x0000000087100000, 0x0000000087200000|  0%| F|  |TAMS 0x0000000087100000, 0x0000000087100000| Untracked 
| 114|0x0000000087200000, 0x0000000087200000, 0x0000000087300000|  0%| F|  |TAMS 0x0000000087200000, 0x0000000087200000| Untracked 
| 115|0x0000000087300000, 0x0000000087400000, 0x0000000087400000|100%| O|  |TAMS 0x0000000087400000, 0x0000000087400000| Untracked 
| 116|0x0000000087400000, 0x0000000087500000, 0x0000000087500000|100%| O|  |TAMS 0x00000000874e9800, 0x0000000087500000| Untracked 
| 117|0x0000000087500000, 0x0000000087500000, 0x0000000087600000|  0%| F|  |TAMS 0x0000000087500000, 0x0000000087500000| Untracked 
| 118|0x0000000087600000, 0x0000000087600000, 0x0000000087700000|  0%| F|  |TAMS 0x0000000087600000, 0x0000000087600000| Untracked 
| 119|0x0000000087700000, 0x0000000087700000, 0x0000000087800000|  0%| F|  |TAMS 0x0000000087700000, 0x0000000087700000| Untracked 
| 120|0x0000000087800000, 0x0000000087900000, 0x0000000087900000|100%| O|  |TAMS 0x0000000087900000, 0x0000000087900000| Untracked 
| 121|0x0000000087900000, 0x0000000087900000, 0x0000000087a00000|  0%| F|  |TAMS 0x0000000087900000, 0x0000000087900000| Untracked 
| 122|0x0000000087a00000, 0x0000000087a00000, 0x0000000087b00000|  0%| F|  |TAMS 0x0000000087a00000, 0x0000000087a00000| Untracked 
| 123|0x0000000087b00000, 0x0000000087b00000, 0x0000000087c00000|  0%| F|  |TAMS 0x0000000087b00000, 0x0000000087b00000| Untracked 
| 124|0x0000000087c00000, 0x0000000087c00000, 0x0000000087d00000|  0%| F|  |TAMS 0x0000000087c00000, 0x0000000087c00000| Untracked 
| 125|0x0000000087d00000, 0x0000000087d00000, 0x0000000087e00000|  0%| F|  |TAMS 0x0000000087d00000, 0x0000000087d00000| Untracked 
| 126|0x0000000087e00000, 0x0000000087e00000, 0x0000000087f00000|  0%| F|  |TAMS 0x0000000087e00000, 0x0000000087e00000| Untracked 
| 127|0x0000000087f00000, 0x0000000087f00000, 0x0000000088000000|  0%| F|  |TAMS 0x0000000087f00000, 0x0000000087f00000| Untracked 
| 128|0x0000000088000000, 0x0000000088000000, 0x0000000088100000|  0%| F|  |TAMS 0x0000000088000000, 0x0000000088000000| Untracked 
| 129|0x0000000088100000, 0x0000000088100000, 0x0000000088200000|  0%| F|  |TAMS 0x0000000088100000, 0x0000000088100000| Untracked 
| 130|0x0000000088200000, 0x0000000088200000, 0x0000000088300000|  0%| F|  |TAMS 0x0000000088200000, 0x0000000088200000| Untracked 
| 131|0x0000000088300000, 0x0000000088300000, 0x0000000088400000|  0%| F|  |TAMS 0x0000000088300000, 0x0000000088300000| Untracked 
| 132|0x0000000088400000, 0x0000000088400000, 0x0000000088500000|  0%| F|  |TAMS 0x0000000088400000, 0x0000000088400000| Untracked 
| 133|0x0000000088500000, 0x0000000088500000, 0x0000000088600000|  0%| F|  |TAMS 0x0000000088500000, 0x0000000088500000| Untracked 
| 134|0x0000000088600000, 0x0000000088600000, 0x0000000088700000|  0%| F|  |TAMS 0x0000000088600000, 0x0000000088600000| Untracked 
| 135|0x0000000088700000, 0x0000000088700000, 0x0000000088800000|  0%| F|  |TAMS 0x0000000088700000, 0x0000000088700000| Untracked 
| 136|0x0000000088800000, 0x0000000088800000, 0x0000000088900000|  0%| F|  |TAMS 0x0000000088800000, 0x0000000088800000| Untracked 
| 137|0x0000000088900000, 0x0000000088900000, 0x0000000088a00000|  0%| F|  |TAMS 0x0000000088900000, 0x0000000088900000| Untracked 
| 138|0x0000000088a00000, 0x0000000088a00000, 0x0000000088b00000|  0%| F|  |TAMS 0x0000000088a00000, 0x0000000088a00000| Untracked 
| 139|0x0000000088b00000, 0x0000000088b00000, 0x0000000088c00000|  0%| F|  |TAMS 0x0000000088b00000, 0x0000000088b00000| Untracked 
| 140|0x0000000088c00000, 0x0000000088c00000, 0x0000000088d00000|  0%| F|  |TAMS 0x0000000088c00000, 0x0000000088c00000| Untracked 
| 141|0x0000000088d00000, 0x0000000088d00000, 0x0000000088e00000|  0%| F|  |TAMS 0x0000000088d00000, 0x0000000088d00000| Untracked 
| 142|0x0000000088e00000, 0x0000000088e00000, 0x0000000088f00000|  0%| F|  |TAMS 0x0000000088e00000, 0x0000000088e00000| Untracked 
| 143|0x0000000088f00000, 0x0000000088f00000, 0x0000000089000000|  0%| F|  |TAMS 0x0000000088f00000, 0x0000000088f00000| Untracked 
| 144|0x0000000089000000, 0x0000000089000000, 0x0000000089100000|  0%| F|  |TAMS 0x0000000089000000, 0x0000000089000000| Untracked 
| 145|0x0000000089100000, 0x0000000089100000, 0x0000000089200000|  0%| F|  |TAMS 0x0000000089100000, 0x0000000089100000| Untracked 
| 146|0x0000000089200000, 0x0000000089200000, 0x0000000089300000|  0%| F|  |TAMS 0x0000000089200000, 0x0000000089200000| Untracked 
| 147|0x0000000089300000, 0x0000000089387c78, 0x0000000089400000| 53%| S|CS|TAMS 0x0000000089300000, 0x0000000089300000| Complete 
| 148|0x0000000089400000, 0x0000000089500000, 0x0000000089500000|100%| S|CS|TAMS 0x0000000089400000, 0x0000000089400000| Complete 
| 149|0x0000000089500000, 0x0000000089500000, 0x0000000089600000|  0%| F|  |TAMS 0x0000000089500000, 0x0000000089500000| Untracked 
| 150|0x0000000089600000, 0x0000000089600000, 0x0000000089700000|  0%| F|  |TAMS 0x0000000089600000, 0x0000000089600000| Untracked 
| 151|0x0000000089700000, 0x0000000089700000, 0x0000000089800000|  0%| F|  |TAMS 0x0000000089700000, 0x0000000089700000| Untracked 
| 152|0x0000000089800000, 0x0000000089800000, 0x0000000089900000|  0%| F|  |TAMS 0x0000000089800000, 0x0000000089800000| Untracked 
| 153|0x0000000089900000, 0x0000000089900000, 0x0000000089a00000|  0%| F|  |TAMS 0x0000000089900000, 0x0000000089900000| Untracked 
| 154|0x0000000089a00000, 0x0000000089a00000, 0x0000000089b00000|  0%| F|  |TAMS 0x0000000089a00000, 0x0000000089a00000| Untracked 
| 155|0x0000000089b00000, 0x0000000089b00000, 0x0000000089c00000|  0%| F|  |TAMS 0x0000000089b00000, 0x0000000089b00000| Untracked 
| 156|0x0000000089c00000, 0x0000000089c00000, 0x0000000089d00000|  0%| F|  |TAMS 0x0000000089c00000, 0x0000000089c00000| Untracked 
| 157|0x0000000089d00000, 0x0000000089d00000, 0x0000000089e00000|  0%| F|  |TAMS 0x0000000089d00000, 0x0000000089d00000| Untracked 
| 158|0x0000000089e00000, 0x0000000089e00000, 0x0000000089f00000|  0%| F|  |TAMS 0x0000000089e00000, 0x0000000089e00000| Untracked 
| 159|0x0000000089f00000, 0x0000000089f00000, 0x000000008a000000|  0%| F|  |TAMS 0x0000000089f00000, 0x0000000089f00000| Untracked 
| 160|0x000000008a000000, 0x000000008a000000, 0x000000008a100000|  0%| F|  |TAMS 0x000000008a000000, 0x000000008a000000| Untracked 
| 161|0x000000008a100000, 0x000000008a100000, 0x000000008a200000|  0%| F|  |TAMS 0x000000008a100000, 0x000000008a100000| Untracked 
| 162|0x000000008a200000, 0x000000008a200000, 0x000000008a300000|  0%| F|  |TAMS 0x000000008a200000, 0x000000008a200000| Untracked 
| 163|0x000000008a300000, 0x000000008a300000, 0x000000008a400000|  0%| F|  |TAMS 0x000000008a300000, 0x000000008a300000| Untracked 
| 164|0x000000008a400000, 0x000000008a400000, 0x000000008a500000|  0%| F|  |TAMS 0x000000008a400000, 0x000000008a400000| Untracked 
| 165|0x000000008a500000, 0x000000008a500000, 0x000000008a600000|  0%| F|  |TAMS 0x000000008a500000, 0x000000008a500000| Untracked 
| 166|0x000000008a600000, 0x000000008a600000, 0x000000008a700000|  0%| F|  |TAMS 0x000000008a600000, 0x000000008a600000| Untracked 
| 167|0x000000008a700000, 0x000000008a700000, 0x000000008a800000|  0%| F|  |TAMS 0x000000008a700000, 0x000000008a700000| Untracked 
| 168|0x000000008a800000, 0x000000008a800000, 0x000000008a900000|  0%| F|  |TAMS 0x000000008a800000, 0x000000008a800000| Untracked 
| 169|0x000000008a900000, 0x000000008a900000, 0x000000008aa00000|  0%| F|  |TAMS 0x000000008a900000, 0x000000008a900000| Untracked 
| 170|0x000000008aa00000, 0x000000008aa00000, 0x000000008ab00000|  0%| F|  |TAMS 0x000000008aa00000, 0x000000008aa00000| Untracked 
| 171|0x000000008ab00000, 0x000000008ab00000, 0x000000008ac00000|  0%| F|  |TAMS 0x000000008ab00000, 0x000000008ab00000| Untracked 
| 172|0x000000008ac00000, 0x000000008ac00000, 0x000000008ad00000|  0%| F|  |TAMS 0x000000008ac00000, 0x000000008ac00000| Untracked 
| 173|0x000000008ad00000, 0x000000008ad00000, 0x000000008ae00000|  0%| F|  |TAMS 0x000000008ad00000, 0x000000008ad00000| Untracked 
| 174|0x000000008ae00000, 0x000000008ae00000, 0x000000008af00000|  0%| F|  |TAMS 0x000000008ae00000, 0x000000008ae00000| Untracked 
| 175|0x000000008af00000, 0x000000008af00000, 0x000000008b000000|  0%| F|  |TAMS 0x000000008af00000, 0x000000008af00000| Untracked 
| 176|0x000000008b000000, 0x000000008b000000, 0x000000008b100000|  0%| F|  |TAMS 0x000000008b000000, 0x000000008b000000| Untracked 
| 177|0x000000008b100000, 0x000000008b100000, 0x000000008b200000|  0%| F|  |TAMS 0x000000008b100000, 0x000000008b100000| Untracked 
| 178|0x000000008b200000, 0x000000008b200000, 0x000000008b300000|  0%| F|  |TAMS 0x000000008b200000, 0x000000008b200000| Untracked 
| 179|0x000000008b300000, 0x000000008b300000, 0x000000008b400000|  0%| F|  |TAMS 0x000000008b300000, 0x000000008b300000| Untracked 
| 180|0x000000008b400000, 0x000000008b400000, 0x000000008b500000|  0%| F|  |TAMS 0x000000008b400000, 0x000000008b400000| Untracked 
| 181|0x000000008b500000, 0x000000008b500000, 0x000000008b600000|  0%| F|  |TAMS 0x000000008b500000, 0x000000008b500000| Untracked 
| 182|0x000000008b600000, 0x000000008b600000, 0x000000008b700000|  0%| F|  |TAMS 0x000000008b600000, 0x000000008b600000| Untracked 
| 183|0x000000008b700000, 0x000000008b700000, 0x000000008b800000|  0%| F|  |TAMS 0x000000008b700000, 0x000000008b700000| Untracked 
| 184|0x000000008b800000, 0x000000008b800000, 0x000000008b900000|  0%| F|  |TAMS 0x000000008b800000, 0x000000008b800000| Untracked 
| 185|0x000000008b900000, 0x000000008b900000, 0x000000008ba00000|  0%| F|  |TAMS 0x000000008b900000, 0x000000008b900000| Untracked 
| 186|0x000000008ba00000, 0x000000008ba00000, 0x000000008bb00000|  0%| F|  |TAMS 0x000000008ba00000, 0x000000008ba00000| Untracked 
| 187|0x000000008bb00000, 0x000000008bb00000, 0x000000008bc00000|  0%| F|  |TAMS 0x000000008bb00000, 0x000000008bb00000| Untracked 
| 188|0x000000008bc00000, 0x000000008bc00000, 0x000000008bd00000|  0%| F|  |TAMS 0x000000008bc00000, 0x000000008bc00000| Untracked 
| 189|0x000000008bd00000, 0x000000008bd00000, 0x000000008be00000|  0%| F|  |TAMS 0x000000008bd00000, 0x000000008bd00000| Untracked 
| 190|0x000000008be00000, 0x000000008be00000, 0x000000008bf00000|  0%| F|  |TAMS 0x000000008be00000, 0x000000008be00000| Untracked 
| 191|0x000000008bf00000, 0x000000008bf00000, 0x000000008c000000|  0%| F|  |TAMS 0x000000008bf00000, 0x000000008bf00000| Untracked 
| 192|0x000000008c000000, 0x000000008c000000, 0x000000008c100000|  0%| F|  |TAMS 0x000000008c000000, 0x000000008c000000| Untracked 
| 193|0x000000008c100000, 0x000000008c100000, 0x000000008c200000|  0%| F|  |TAMS 0x000000008c100000, 0x000000008c100000| Untracked 
| 194|0x000000008c200000, 0x000000008c200000, 0x000000008c300000|  0%| F|  |TAMS 0x000000008c200000, 0x000000008c200000| Untracked 
| 195|0x000000008c300000, 0x000000008c300000, 0x000000008c400000|  0%| F|  |TAMS 0x000000008c300000, 0x000000008c300000| Untracked 
| 196|0x000000008c400000, 0x000000008c400000, 0x000000008c500000|  0%| F|  |TAMS 0x000000008c400000, 0x000000008c400000| Untracked 
| 197|0x000000008c500000, 0x000000008c500000, 0x000000008c600000|  0%| F|  |TAMS 0x000000008c500000, 0x000000008c500000| Untracked 
| 198|0x000000008c600000, 0x000000008c600000, 0x000000008c700000|  0%| F|  |TAMS 0x000000008c600000, 0x000000008c600000| Untracked 
| 199|0x000000008c700000, 0x000000008c700000, 0x000000008c800000|  0%| F|  |TAMS 0x000000008c700000, 0x000000008c700000| Untracked 
| 200|0x000000008c800000, 0x000000008c800000, 0x000000008c900000|  0%| F|  |TAMS 0x000000008c800000, 0x000000008c800000| Untracked 
| 201|0x000000008c900000, 0x000000008c900000, 0x000000008ca00000|  0%| F|  |TAMS 0x000000008c900000, 0x000000008c900000| Untracked 
| 202|0x000000008ca00000, 0x000000008ca00000, 0x000000008cb00000|  0%| F|  |TAMS 0x000000008ca00000, 0x000000008ca00000| Untracked 
| 203|0x000000008cb00000, 0x000000008cb00000, 0x000000008cc00000|  0%| F|  |TAMS 0x000000008cb00000, 0x000000008cb00000| Untracked 
| 204|0x000000008cc00000, 0x000000008cc00000, 0x000000008cd00000|  0%| F|  |TAMS 0x000000008cc00000, 0x000000008cc00000| Untracked 
| 205|0x000000008cd00000, 0x000000008cd00000, 0x000000008ce00000|  0%| F|  |TAMS 0x000000008cd00000, 0x000000008cd00000| Untracked 
| 206|0x000000008ce00000, 0x000000008ce00000, 0x000000008cf00000|  0%| F|  |TAMS 0x000000008ce00000, 0x000000008ce00000| Untracked 
| 207|0x000000008cf00000, 0x000000008cf00000, 0x000000008d000000|  0%| F|  |TAMS 0x000000008cf00000, 0x000000008cf00000| Untracked 
| 208|0x000000008d000000, 0x000000008d000000, 0x000000008d100000|  0%| F|  |TAMS 0x000000008d000000, 0x000000008d000000| Untracked 
| 209|0x000000008d100000, 0x000000008d100000, 0x000000008d200000|  0%| F|  |TAMS 0x000000008d100000, 0x000000008d100000| Untracked 
| 210|0x000000008d200000, 0x000000008d200000, 0x000000008d300000|  0%| F|  |TAMS 0x000000008d200000, 0x000000008d200000| Untracked 
| 211|0x000000008d300000, 0x000000008d300000, 0x000000008d400000|  0%| F|  |TAMS 0x000000008d300000, 0x000000008d300000| Untracked 
| 212|0x000000008d400000, 0x000000008d400000, 0x000000008d500000|  0%| F|  |TAMS 0x000000008d400000, 0x000000008d400000| Untracked 
| 213|0x000000008d500000, 0x000000008d500000, 0x000000008d600000|  0%| F|  |TAMS 0x000000008d500000, 0x000000008d500000| Untracked 
| 214|0x000000008d600000, 0x000000008d600000, 0x000000008d700000|  0%| F|  |TAMS 0x000000008d600000, 0x000000008d600000| Untracked 
| 215|0x000000008d700000, 0x000000008d700000, 0x000000008d800000|  0%| F|  |TAMS 0x000000008d700000, 0x000000008d700000| Untracked 
| 216|0x000000008d800000, 0x000000008d800000, 0x000000008d900000|  0%| F|  |TAMS 0x000000008d800000, 0x000000008d800000| Untracked 
| 217|0x000000008d900000, 0x000000008d900000, 0x000000008da00000|  0%| F|  |TAMS 0x000000008d900000, 0x000000008d900000| Untracked 
| 218|0x000000008da00000, 0x000000008da00000, 0x000000008db00000|  0%| F|  |TAMS 0x000000008da00000, 0x000000008da00000| Untracked 
| 219|0x000000008db00000, 0x000000008db00000, 0x000000008dc00000|  0%| F|  |TAMS 0x000000008db00000, 0x000000008db00000| Untracked 
| 220|0x000000008dc00000, 0x000000008dc00000, 0x000000008dd00000|  0%| F|  |TAMS 0x000000008dc00000, 0x000000008dc00000| Untracked 
| 221|0x000000008dd00000, 0x000000008dd00000, 0x000000008de00000|  0%| F|  |TAMS 0x000000008dd00000, 0x000000008dd00000| Untracked 

Card table byte_map: [0x000001fd76dc0000,0x000001fd771c0000] _byte_map_base: 0x000001fd769c0000

Marking Bits (Prev, Next): (CMBitMap*) 0x000001fd63f0d3a8, (CMBitMap*) 0x000001fd63f0d3e0
 Prev Bits: [0x000001fd775c0000, 0x000001fd795c0000)
 Next Bits: [0x000001fd795c0000, 0x000001fd7b5c0000)

Polling page: 0x000001fd62080000

Metaspace:

Usage:
  Non-class:    109.41 MB capacity,   107.15 MB ( 98%) used,     1.82 MB (  2%) free+waste,   447.00 KB ( <1%) overhead. 
      Class:     16.35 MB capacity,    15.02 MB ( 92%) used,     1.14 MB (  7%) free+waste,   193.94 KB (  1%) overhead. 
       Both:    125.75 MB capacity,   122.17 MB ( 97%) used,     2.95 MB (  2%) free+waste,   640.94 KB ( <1%) overhead. 

Virtual space:
  Non-class space:      110.00 MB reserved,     109.50 MB (>99%) committed 
      Class space:        1.00 GB reserved,      16.45 MB (  2%) committed 
             Both:        1.11 GB reserved,     125.95 MB ( 11%) committed 

Chunk freelists:
   Non-Class:  97.00 KB
       Class:  93.00 KB
        Both:  190.00 KB

MaxMetaspaceSize: 17179869184.00 GB
CompressedClassSpaceSize: 1.00 GB

CodeHeap 'non-profiled nmethods': size=120064Kb used=17076Kb max_used=17076Kb free=102988Kb
 bounds [0x000001fd6f480000, 0x000001fd70530000, 0x000001fd769c0000]
CodeHeap 'profiled nmethods': size=120000Kb used=55474Kb max_used=55474Kb free=64525Kb
 bounds [0x000001fd67f50000, 0x000001fd6b5a0000, 0x000001fd6f480000]
CodeHeap 'non-nmethods': size=5696Kb used=2377Kb max_used=2430Kb free=3318Kb
 bounds [0x000001fd679c0000, 0x000001fd67c30000, 0x000001fd67f50000]
 total_blobs=25227 nmethods=24221 adapters=915
 compilation: enabled
              stopped_count=0, restarted_count=0
 full_count=0

Compilation events (20 events):
Event: 13271.133 Thread 0x000001fd7dace000 nmethod 27078 0x000001fd6b583110 code [0x000001fd6b5833e0, 0x000001fd6b583df8]
Event: 13271.133 Thread 0x000001fd7dace000 27081       2       com.android.tools.r8.internal.NG::a (70 bytes)
Event: 13271.134 Thread 0x000001fd7dace000 nmethod 27081 0x000001fd6b584410 code [0x000001fd6b584640, 0x000001fd6b584c18]
Event: 13271.134 Thread 0x000001fd7dace000 27075       2       com.android.tools.r8.graph.z$$Lambda$1307/0x0000000100e50040::apply (14 bytes)
Event: 13271.134 Thread 0x000001fd7dace000 nmethod 27075 0x000001fd6b584f10 code [0x000001fd6b5850c0, 0x000001fd6b585208]
Event: 13271.134 Thread 0x000001fd7dace000 27076       2       com.android.tools.r8.internal.o4::a (58 bytes)
Event: 13271.135 Thread 0x000001fd7dace000 nmethod 27076 0x000001fd6b585310 code [0x000001fd6b585540, 0x000001fd6b585b88]
Event: 13271.138 Thread 0x000001fd7dace000 27082       2       com.android.tools.r8.internal.fr::b (18 bytes)
Event: 13271.139 Thread 0x000001fd7dace000 nmethod 27082 0x000001fd6b585f90 code [0x000001fd6b586160, 0x000001fd6b5862b8]
Event: 13271.140 Thread 0x000001fd7dace000 27083   !   2       com.android.tools.r8.internal.Bi::a (509 bytes)
Event: 13271.144 Thread 0x000001fd7dace000 nmethod 27083 0x000001fd6b586390 code [0x000001fd6b586700, 0x000001fd6b587538]
Event: 13271.144 Thread 0x000001fd7dace000 27084       2       com.android.tools.r8.internal.L4::<init> (118 bytes)
Event: 13271.145 Thread 0x000001fd7dace000 nmethod 27084 0x000001fd6b588210 code [0x000001fd6b5883c0, 0x000001fd6b588558]
Event: 13271.146 Thread 0x000001fd7dace000 27086       2       com.android.tools.r8.code.E0::a (16 bytes)
Event: 13271.147 Thread 0x000001fd7dace000 nmethod 27086 0x000001fd6b588610 code [0x000001fd6b5887c0, 0x000001fd6b588928]
Event: 13271.147 Thread 0x000001fd7dace000 27087       2       com.android.tools.r8.internal.Tr::f0 (2 bytes)
Event: 13271.147 Thread 0x000001fd7dace000 nmethod 27087 0x000001fd6b588a10 code [0x000001fd6b588bc0, 0x000001fd6b588cb8]
Event: 13271.147 Thread 0x000001fd7dace000 27088       1       com.android.tools.r8.internal.xA::b (2 bytes)
Event: 13271.147 Thread 0x000001fd7dace000 nmethod 27088 0x000001fd7052ed10 code [0x000001fd7052eec0, 0x000001fd7052ef78]
Event: 13271.148 Thread 0x000001fd7dace000 27089 %     3       com.android.tools.r8.internal.ja::a @ 835 (944 bytes)

GC Heap History (20 events):
Event: 13265.394 GC heap after
{Heap after GC invocations=105 (full 0):
 garbage-first heap   total 227328K, used 111418K [0x0000000080000000, 0x0000000100000000)
  region size 1024K, 2 young (2048K), 2 survivors (2048K)
 Metaspace       used 119482K, capacity 122974K, committed 123852K, reserved 1157120K
  class space    used 14952K, capacity 16227K, committed 16588K, reserved 1048576K
}
Event: 13266.385 GC heap before
{Heap before GC invocations=105 (full 0):
 garbage-first heap   total 227328K, used 166714K [0x0000000080000000, 0x0000000100000000)
  region size 1024K, 58 young (59392K), 2 survivors (2048K)
 Metaspace       used 119498K, capacity 122980K, committed 123852K, reserved 1157120K
  class space    used 14953K, capacity 16229K, committed 16588K, reserved 1048576K
}
Event: 13266.396 GC heap after
{Heap after GC invocations=106 (full 0):
 garbage-first heap   total 227328K, used 114217K [0x0000000080000000, 0x0000000100000000)
  region size 1024K, 5 young (5120K), 5 survivors (5120K)
 Metaspace       used 119498K, capacity 122980K, committed 123852K, reserved 1157120K
  class space    used 14953K, capacity 16229K, committed 16588K, reserved 1048576K
}
Event: 13267.373 GC heap before
{Heap before GC invocations=107 (full 0):
 garbage-first heap   total 227328K, used 192041K [0x0000000080000000, 0x0000000100000000)
  region size 1024K, 67 young (68608K), 5 survivors (5120K)
 Metaspace       used 122141K, capacity 125701K, committed 126540K, reserved 1159168K
  class space    used 15149K, capacity 16429K, committed 16716K, reserved 1048576K
}
Event: 13267.387 GC heap after
{Heap after GC invocations=108 (full 0):
 garbage-first heap   total 227328K, used 117349K [0x0000000080000000, 0x0000000100000000)
  region size 1024K, 8 young (8192K), 8 survivors (8192K)
 Metaspace       used 122141K, capacity 125701K, committed 126540K, reserved 1159168K
  class space    used 15149K, capacity 16429K, committed 16716K, reserved 1048576K
}
Event: 13267.400 GC heap before
{Heap before GC invocations=108 (full 0):
 garbage-first heap   total 227328K, used 120421K [0x0000000080000000, 0x0000000100000000)
  region size 1024K, 11 young (11264K), 8 survivors (8192K)
 Metaspace       used 122180K, capacity 125701K, committed 126540K, reserved 1159168K
  class space    used 15152K, capacity 16429K, committed 16716K, reserved 1048576K
}
Event: 13267.413 GC heap after
{Heap after GC invocations=109 (full 0):
 garbage-first heap   total 227328K, used 118579K [0x0000000080000000, 0x0000000100000000)
  region size 1024K, 2 young (2048K), 2 survivors (2048K)
 Metaspace       used 122180K, capacity 125701K, committed 126540K, reserved 1159168K
  class space    used 15152K, capacity 16429K, committed 16716K, reserved 1048576K
}
Event: 13268.193 GC heap before
{Heap before GC invocations=109 (full 0):
 garbage-first heap   total 227328K, used 180019K [0x0000000080000000, 0x0000000100000000)
  region size 1024K, 63 young (64512K), 2 survivors (2048K)
 Metaspace       used 122652K, capacity 126187K, committed 127052K, reserved 1159168K
  class space    used 15180K, capacity 16463K, committed 16716K, reserved 1048576K
}
Event: 13268.203 GC heap after
{Heap after GC invocations=110 (full 0):
 garbage-first heap   total 227328K, used 120690K [0x0000000080000000, 0x0000000100000000)
  region size 1024K, 4 young (4096K), 4 survivors (4096K)
 Metaspace       used 122652K, capacity 126187K, committed 127052K, reserved 1159168K
  class space    used 15180K, capacity 16463K, committed 16716K, reserved 1048576K
}
Event: 13268.929 GC heap before
{Heap before GC invocations=111 (full 0):
 garbage-first heap   total 227328K, used 174000K [0x0000000080000000, 0x0000000100000000)
  region size 1024K, 65 young (66560K), 4 survivors (4096K)
 Metaspace       used 122961K, capacity 126516K, committed 127436K, reserved 1159168K
  class space    used 15208K, capacity 16508K, committed 16844K, reserved 1048576K
}
Event: 13268.949 GC heap after
{Heap after GC invocations=112 (full 0):
 garbage-first heap   total 227328K, used 119872K [0x0000000080000000, 0x0000000100000000)
  region size 1024K, 9 young (9216K), 9 survivors (9216K)
 Metaspace       used 122961K, capacity 126516K, committed 127436K, reserved 1159168K
  class space    used 15208K, capacity 16508K, committed 16844K, reserved 1048576K
}
Event: 13268.960 GC heap before
{Heap before GC invocations=112 (full 0):
 garbage-first heap   total 227328K, used 121920K [0x0000000080000000, 0x0000000100000000)
  region size 1024K, 11 young (11264K), 9 survivors (9216K)
 Metaspace       used 122971K, capacity 126518K, committed 127436K, reserved 1159168K
  class space    used 15208K, capacity 16508K, committed 16844K, reserved 1048576K
}
Event: 13268.999 GC heap after
{Heap after GC invocations=113 (full 0):
 garbage-first heap   total 227328K, used 100633K [0x0000000080000000, 0x0000000100000000)
  region size 1024K, 2 young (2048K), 2 survivors (2048K)
 Metaspace       used 122971K, capacity 126518K, committed 127436K, reserved 1159168K
  class space    used 15208K, capacity 16508K, committed 16844K, reserved 1048576K
}
Event: 13269.587 GC heap before
{Heap before GC invocations=113 (full 0):
 garbage-first heap   total 227328K, used 172313K [0x0000000080000000, 0x0000000100000000)
  region size 1024K, 72 young (73728K), 2 survivors (2048K)
 Metaspace       used 124207K, capacity 127901K, committed 128204K, reserved 1161216K
  class space    used 15371K, capacity 16701K, committed 16844K, reserved 1048576K
}
Event: 13269.694 GC heap after
{Heap after GC invocations=114 (full 0):
 garbage-first heap   total 227328K, used 105352K [0x0000000080000000, 0x0000000100000000)
  region size 1024K, 6 young (6144K), 6 survivors (6144K)
 Metaspace       used 124207K, capacity 127901K, committed 128204K, reserved 1161216K
  class space    used 15371K, capacity 16701K, committed 16844K, reserved 1048576K
}
Event: 13270.562 GC heap before
{Heap before GC invocations=115 (full 0):
 garbage-first heap   total 227328K, used 177032K [0x0000000080000000, 0x0000000100000000)
  region size 1024K, 76 young (77824K), 6 survivors (6144K)
 Metaspace       used 124937K, capacity 128621K, committed 128972K, reserved 1161216K
  class space    used 15379K, capacity 16736K, committed 16844K, reserved 1048576K
}
Event: 13270.578 GC heap after
{Heap after GC invocations=116 (full 0):
 garbage-first heap   total 227328K, used 107006K [0x0000000080000000, 0x0000000100000000)
  region size 1024K, 2 young (2048K), 2 survivors (2048K)
 Metaspace       used 124937K, capacity 128621K, committed 128972K, reserved 1161216K
  class space    used 15379K, capacity 16736K, committed 16844K, reserved 1048576K
}
Event: 13270.777 GC heap before
{Heap before GC invocations=116 (full 0):
 garbage-first heap   total 227328K, used 116222K [0x0000000080000000, 0x0000000100000000)
  region size 1024K, 11 young (11264K), 2 survivors (2048K)
 Metaspace       used 125007K, capacity 128699K, committed 128972K, reserved 1161216K
  class space    used 15381K, capacity 16739K, committed 16844K, reserved 1048576K
}
Event: 13270.787 GC heap after
{Heap after GC invocations=117 (full 0):
 garbage-first heap   total 227328K, used 105936K [0x0000000080000000, 0x0000000100000000)
  region size 1024K, 1 young (1024K), 1 survivors (1024K)
 Metaspace       used 125007K, capacity 128699K, committed 128972K, reserved 1161216K
  class space    used 15381K, capacity 16739K, committed 16844K, reserved 1048576K
}
Event: 13271.166 GC heap before
{Heap before GC invocations=117 (full 0):
 garbage-first heap   total 227328K, used 179664K [0x0000000080000000, 0x0000000100000000)
  region size 1024K, 73 young (74752K), 1 survivors (1024K)
 Metaspace       used 125105K, capacity 128770K, committed 128972K, reserved 1161216K
  class space    used 15381K, capacity 16739K, committed 16844K, reserved 1048576K
}

Deoptimization events (20 events):
Event: 13270.344 Thread 0x000001fd019a8800 DEOPT PACKING pc=0x000001fd6803f29b sp=0x000000d4433fa190
Event: 13270.345 Thread 0x000001fd019a8800 DEOPT UNPACKING pc=0x000001fd679e76ce sp=0x000000d4433f9740 mode 0
Event: 13270.349 Thread 0x000001fd019a2000 DEOPT PACKING pc=0x000001fd6b1e1f33 sp=0x000000d4432f98c0
Event: 13270.349 Thread 0x000001fd019a2000 DEOPT UNPACKING pc=0x000001fd679e76ce sp=0x000000d4432f8d58 mode 0
Event: 13270.395 Thread 0x000001fd019a2000 DEOPT PACKING pc=0x000001fd6801f83f sp=0x000000d4432f9ee0
Event: 13270.395 Thread 0x000001fd019a2000 DEOPT UNPACKING pc=0x000001fd679e76ce sp=0x000000d4432f9478 mode 0
Event: 13270.473 Thread 0x000001fd019a2000 DEOPT PACKING pc=0x000001fd6b1c951a sp=0x000000d4432f9e00
Event: 13270.473 Thread 0x000001fd019a2000 DEOPT UNPACKING pc=0x000001fd679e76ce sp=0x000000d4432f92a0 mode 0
Event: 13270.746 Thread 0x000001fd019a8800 Uncommon trap: trap_request=0xffffff4d fr.pc=0x000001fd70526968 relative=0x0000000000004ec8
Event: 13270.746 Thread 0x000001fd019a8800 Uncommon trap: reason=unstable_if action=reinterpret pc=0x000001fd70526968 method=com.android.tools.r8.internal.W4.a(Lcom/android/tools/r8/internal/Le;IZ)V @ 818 c2
Event: 13270.746 Thread 0x000001fd019a8800 DEOPT PACKING pc=0x000001fd70526968 sp=0x000000d4433f9dc0
Event: 13270.746 Thread 0x000001fd019a8800 DEOPT UNPACKING pc=0x000001fd679e78af sp=0x000000d4433f9e00 mode 2
Event: 13270.788 Thread 0x000001fd019a8800 DEOPT PACKING pc=0x000001fd6802bcb4 sp=0x000000d4433fa1d0
Event: 13270.788 Thread 0x000001fd019a8800 DEOPT UNPACKING pc=0x000001fd679e76ce sp=0x000000d4433f97a8 mode 0
Event: 13270.936 Thread 0x000001fd019a8800 DEOPT PACKING pc=0x000001fd680cef4c sp=0x000000d4433f9d50
Event: 13270.936 Thread 0x000001fd019a8800 DEOPT UNPACKING pc=0x000001fd679e76ce sp=0x000000d4433f9260 mode 0
Event: 13271.013 Thread 0x000001fd019a8800 DEOPT PACKING pc=0x000001fd6b1e1f33 sp=0x000000d4433f9990
Event: 13271.013 Thread 0x000001fd019a8800 DEOPT UNPACKING pc=0x000001fd679e76ce sp=0x000000d4433f8e28 mode 0
Event: 13271.162 Thread 0x000001fd019a2000 DEOPT PACKING pc=0x000001fd6b353a31 sp=0x000000d4432f9b40
Event: 13271.162 Thread 0x000001fd019a2000 DEOPT UNPACKING pc=0x000001fd679e76ce sp=0x000000d4432f90c8 mode 0

Classes redefined (0 events):
No events

Internal exceptions (20 events):
Event: 13264.644 Thread 0x000001fd018d0000 Exception <a 'java/lang/NoSuchMethodError'{0x000000008bc94528}: <clinit>> (0x000000008bc94528) thrown at [./src/hotspot/share/prims/jni.cpp, line 1362]
Event: 13264.645 Thread 0x000001fd018d0000 Exception <a 'java/lang/NoSuchMethodError'{0x000000008bcadac8}: <clinit>> (0x000000008bcadac8) thrown at [./src/hotspot/share/prims/jni.cpp, line 1362]
Event: 13266.955 Thread 0x000001fd019ab800 Exception <a 'sun/nio/fs/WindowsException'{0x000000008c5991c0}> (0x000000008c5991c0) thrown at [./src/hotspot/share/prims/jni.cpp, line 615]
Event: 13266.955 Thread 0x000001fd019ab800 Exception <a 'sun/nio/fs/WindowsException'{0x000000008c59a358}> (0x000000008c59a358) thrown at [./src/hotspot/share/prims/jni.cpp, line 615]
Event: 13266.956 Thread 0x000001fd019ab800 Exception <a 'sun/nio/fs/WindowsException'{0x000000008c59a690}> (0x000000008c59a690) thrown at [./src/hotspot/share/prims/jni.cpp, line 615]
Event: 13266.956 Thread 0x000001fd019ab800 Exception <a 'sun/nio/fs/WindowsException'{0x000000008c59b548}> (0x000000008c59b548) thrown at [./src/hotspot/share/prims/jni.cpp, line 615]
Event: 13266.956 Thread 0x000001fd019ab800 Exception <a 'sun/nio/fs/WindowsException'{0x000000008c59b858}> (0x000000008c59b858) thrown at [./src/hotspot/share/prims/jni.cpp, line 615]
Event: 13266.956 Thread 0x000001fd019ab800 Exception <a 'sun/nio/fs/WindowsException'{0x000000008c59c6f8}> (0x000000008c59c6f8) thrown at [./src/hotspot/share/prims/jni.cpp, line 615]
Event: 13267.840 Thread 0x000001fd019ab800 Exception <a 'sun/nio/fs/WindowsException'{0x000000008b008d78}> (0x000000008b008d78) thrown at [./src/hotspot/share/prims/jni.cpp, line 615]
Event: 13267.840 Thread 0x000001fd019ab800 Exception <a 'sun/nio/fs/WindowsException'{0x000000008b009c50}> (0x000000008b009c50) thrown at [./src/hotspot/share/prims/jni.cpp, line 615]
Event: 13267.862 Thread 0x000001fd019aa000 Exception <a 'sun/nio/fs/WindowsException'{0x000000008afc00f0}> (0x000000008afc00f0) thrown at [./src/hotspot/share/prims/jni.cpp, line 615]
Event: 13268.828 Thread 0x000001fd019a2000 Exception <a 'sun/nio/fs/WindowsException'{0x000000008b10f230}> (0x000000008b10f230) thrown at [./src/hotspot/share/prims/jni.cpp, line 615]
Event: 13268.866 Thread 0x000001fd019a8800 Exception <a 'sun/nio/fs/WindowsException'{0x000000008aa19f20}> (0x000000008aa19f20) thrown at [./src/hotspot/share/prims/jni.cpp, line 615]
Event: 13268.893 Thread 0x000001fd019a2000 Exception <a 'java/lang/NoSuchMethodError'{0x000000008a784aa8}: 'long java.lang.invoke.DirectMethodHandle$Holder.invokeStatic(java.lang.Object, java.lang.Object)'> (0x000000008a784aa8) thrown at [./src/hotspot/share/interpreter/linkResolver.cpp, line 773]
Event: 13269.010 Thread 0x000001fd019a2000 Exception <a 'java/lang/IncompatibleClassChangeError'{0x000000008dc23b30}: Found class java.lang.Object, but interface was expected> (0x000000008dc23b30) thrown at [./src/hotspot/share/interpreter/linkResolver.cpp, line 839]
Event: 13269.104 Thread 0x000001fd019a2000 Exception <a 'java/lang/NoSuchMethodError'{0x000000008c979440}: 'java.lang.Object java.lang.invoke.Invokers$Holder.linkToTargetMethod(java.lang.Object, java.lang.Object, java.lang.Object, java.lang.Object, java.lang.Object, java.lang.Object, java.lang.Object, java.lang.Object)'> (0x000000008c979440) thrown at [./src/hotspot/share/interpreter/linkResolver.cpp, line 773]
Event: 13269.109 Thread 0x000001fd019a2000 Implicit null exception at 0x000001fd6f5a86e8 to 0x000001fd6f5a9b8d
Event: 13269.142 Thread 0x000001fd019a8800 Implicit null exception at 0x000001fd6f50d599 to 0x000001fd6f50d7a4
Event: 13269.267 Thread 0x000001fd019a2000 Exception <a 'java/lang/NoSuchMethodError'{0x000000008c0962e0}: 'java.lang.Object java.lang.invoke.DirectMethodHandle$Holder.invokeInterface(java.lang.Object, java.lang.Object, int)'> (0x000000008c0962e0) thrown at [./src/hotspot/share/interpreter/linkResolver.cpp, line 773]
Event: 13270.237 Thread 0x000001fd019a8800 Implicit null exception at 0x000001fd70513f74 to 0x000001fd70518cc4

Events (20 events):
Event: 13270.365 loading class com/android/tools/r8/internal/Tg done
Event: 13270.399 loading class com/android/tools/r8/internal/Ds
Event: 13270.399 loading class com/android/tools/r8/internal/Ds done
Event: 13270.400 loading class com/android/tools/r8/ir/regalloc/a
Event: 13270.400 loading class com/android/tools/r8/ir/regalloc/a done
Event: 13270.561 Executing VM operation: G1CollectForAllocation
Event: 13270.578 Executing VM operation: G1CollectForAllocation done
Event: 13270.768 loading class com/android/tools/r8/internal/W4
Event: 13270.768 loading class com/android/tools/r8/internal/W4 done
Event: 13270.774 loading class com/android/tools/r8/internal/s4
Event: 13270.774 loading class com/android/tools/r8/internal/s4 done
Event: 13270.774 loading class com/android/tools/r8/internal/s4
Event: 13270.774 loading class com/android/tools/r8/internal/s4 done
Event: 13270.775 loading class com/android/tools/r8/internal/s4
Event: 13270.775 loading class com/android/tools/r8/internal/s4 done
Event: 13270.775 loading class com/android/tools/r8/internal/s4
Event: 13270.775 loading class com/android/tools/r8/internal/s4 done
Event: 13270.777 Executing VM operation: G1CollectForAllocation
Event: 13270.787 Executing VM operation: G1CollectForAllocation done
Event: 13271.166 Executing VM operation: G1CollectForAllocation


Dynamic libraries:
0x00007ff7d6270000 - 0x00007ff7d627a000 	C:\Program Files\Android\Android Studio1\jre\bin\java.exe
0x00007ffcb18b0000 - 0x00007ffcb1aa5000 	C:\WINDOWS\SYSTEM32\ntdll.dll
0x00007ffcb04d0000 - 0x00007ffcb058d000 	C:\WINDOWS\System32\KERNEL32.DLL
0x00007ffcaf340000 - 0x00007ffcaf609000 	C:\WINDOWS\System32\KERNELBASE.dll
0x00007ffca5d60000 - 0x00007ffca5d79000 	C:\Program Files\Android\Android Studio1\jre\bin\jli.dll
0x00007ffcaf0f0000 - 0x00007ffcaf1f0000 	C:\WINDOWS\System32\ucrtbase.dll
0x00007ffcafc40000 - 0x00007ffcafde0000 	C:\WINDOWS\System32\USER32.dll
0x00007ffcaf070000 - 0x00007ffcaf092000 	C:\WINDOWS\System32\win32u.dll
0x00007ffcb0990000 - 0x00007ffcb09ba000 	C:\WINDOWS\System32\GDI32.dll
0x00007ffca5c20000 - 0x00007ffca5c37000 	C:\Program Files\Android\Android Studio1\jre\bin\VCRUNTIME140.dll
0x00007ffcaf800000 - 0x00007ffcaf90b000 	C:\WINDOWS\System32\gdi32full.dll
0x00007ffcaf2a0000 - 0x00007ffcaf33d000 	C:\WINDOWS\System32\msvcp_win.dll
0x00007ffca4010000 - 0x00007ffca42aa000 	C:\WINDOWS\WinSxS\amd64_microsoft.windows.common-controls_6595b64144ccf1df_6.0.19041.1110_none_60b5254171f9507e\COMCTL32.dll
0x00007ffcb0a70000 - 0x00007ffcb0b0e000 	C:\WINDOWS\System32\msvcrt.dll
0x00007ffcb0960000 - 0x00007ffcb0990000 	C:\WINDOWS\System32\IMM32.DLL
0x00007ffc84a20000 - 0x00007ffc84abd000 	C:\Program Files\Android\Android Studio1\jre\bin\msvcp140.dll
0x00007ffc53560000 - 0x00007ffc5402f000 	C:\Program Files\Android\Android Studio1\jre\bin\server\jvm.dll
0x00007ffcb09c0000 - 0x00007ffcb0a6c000 	C:\WINDOWS\System32\ADVAPI32.dll
0x00007ffcaf910000 - 0x00007ffcaf9ab000 	C:\WINDOWS\System32\sechost.dll
0x00007ffcafe40000 - 0x00007ffcaff6a000 	C:\WINDOWS\System32\RPCRT4.dll
0x00007ffcb0160000 - 0x00007ffcb0168000 	C:\WINDOWS\System32\PSAPI.DLL
0x00007ffca9f50000 - 0x00007ffca9f59000 	C:\WINDOWS\SYSTEM32\WSOCK32.dll
0x00007ffcb00f0000 - 0x00007ffcb015b000 	C:\WINDOWS\System32\WS2_32.dll
0x00007ffca1110000 - 0x00007ffca1137000 	C:\WINDOWS\SYSTEM32\WINMM.dll
0x00007ffca5c90000 - 0x00007ffca5c9a000 	C:\WINDOWS\SYSTEM32\VERSION.dll
0x00007ffcacef0000 - 0x00007ffcacf02000 	C:\WINDOWS\SYSTEM32\kernel.appcore.dll
0x00007ffca3eb0000 - 0x00007ffca3ec1000 	C:\Program Files\Android\Android Studio1\jre\bin\verify.dll
0x00007ffca6660000 - 0x00007ffca6844000 	C:\WINDOWS\SYSTEM32\DBGHELP.DLL
0x00007ffca65d0000 - 0x00007ffca65fc000 	C:\WINDOWS\SYSTEM32\dbgcore.DLL
0x00007ffcaefe0000 - 0x00007ffcaf063000 	C:\WINDOWS\System32\bcryptPrimitives.dll
0x00007ffca3d00000 - 0x00007ffca3d29000 	C:\Program Files\Android\Android Studio1\jre\bin\java.dll
0x00007ffca7be0000 - 0x00007ffca7beb000 	C:\Program Files\Android\Android Studio1\jre\bin\jimage.dll
0x00007ffc9b1c0000 - 0x00007ffc9b1d8000 	C:\Program Files\Android\Android Studio1\jre\bin\zip.dll
0x00007ffcb0c30000 - 0x00007ffcb136f000 	C:\WINDOWS\System32\SHELL32.dll
0x00007ffcad0f0000 - 0x00007ffcad880000 	C:\WINDOWS\SYSTEM32\windows.storage.dll
0x00007ffcb0170000 - 0x00007ffcb04c5000 	C:\WINDOWS\System32\combase.dll
0x00007ffcaea40000 - 0x00007ffcaea6c000 	C:\WINDOWS\SYSTEM32\Wldp.dll
0x00007ffcafb80000 - 0x00007ffcafc2e000 	C:\WINDOWS\System32\SHCORE.dll
0x00007ffcafde0000 - 0x00007ffcafe35000 	C:\WINDOWS\System32\shlwapi.dll
0x00007ffcaef20000 - 0x00007ffcaef3f000 	C:\WINDOWS\SYSTEM32\profapi.dll
0x00007ffc9b1a0000 - 0x00007ffc9b1ba000 	C:\Program Files\Android\Android Studio1\jre\bin\net.dll
0x00007ffca6850000 - 0x00007ffca6958000 	C:\WINDOWS\SYSTEM32\WINHTTP.dll
0x00007ffcae7a0000 - 0x00007ffcae80a000 	C:\WINDOWS\system32\mswsock.dll
0x00007ffc9b180000 - 0x00007ffc9b194000 	C:\Program Files\Android\Android Studio1\jre\bin\nio.dll
0x00007ffc999a0000 - 0x00007ffc999c7000 	C:\Users\SMART WAY\.gradle\wrapper\dists\gradle-7.0.2\native\8bec1ad78214c89d9ad589b4d07fe93259594b29d510b10fafb7a158f7737e5d\windows-amd64\native-platform.dll
0x00007ffc6fc00000 - 0x00007ffc6fd3d000 	C:\Users\SMART WAY\.gradle\wrapper\dists\gradle-7.0.2\native\53dbd7edfb1c66fb8903c78663c9afc45aea4f116125fa6feffd364cf09443e8\windows-amd64\native-platform-file-events.dll
0x00007ffca6440000 - 0x00007ffca644a000 	C:\Program Files\Android\Android Studio1\jre\bin\management.dll
0x00007ffca5390000 - 0x00007ffca539c000 	C:\Program Files\Android\Android Studio1\jre\bin\management_ext.dll
0x00007ffcae9a0000 - 0x00007ffcae9b8000 	C:\WINDOWS\SYSTEM32\CRYPTSP.dll
0x00007ffcae0b0000 - 0x00007ffcae0e4000 	C:\WINDOWS\system32\rsaenh.dll
0x00007ffcaf7d0000 - 0x00007ffcaf7f7000 	C:\WINDOWS\System32\bcrypt.dll
0x00007ffcaeee0000 - 0x00007ffcaef0e000 	C:\WINDOWS\SYSTEM32\USERENV.dll
0x00007ffcae990000 - 0x00007ffcae99c000 	C:\WINDOWS\SYSTEM32\CRYPTBASE.dll
0x00007ffcae440000 - 0x00007ffcae47b000 	C:\WINDOWS\SYSTEM32\IPHLPAPI.DLL
0x00007ffcb00e0000 - 0x00007ffcb00e8000 	C:\WINDOWS\System32\NSI.dll
0x00007ffca6500000 - 0x00007ffca6517000 	C:\WINDOWS\SYSTEM32\dhcpcsvc6.DLL
0x00007ffca6da0000 - 0x00007ffca6dbd000 	C:\WINDOWS\SYSTEM32\dhcpcsvc.DLL
0x00007ffcae480000 - 0x00007ffcae54c000 	C:\WINDOWS\SYSTEM32\DNSAPI.dll
0x00007ffca1430000 - 0x00007ffca144e000 	C:\Users\SMART WAY\AppData\Local\Temp\native-platform17195320077360688504dir\native-platform.dll
0x00007ffca7bf0000 - 0x00007ffca7bf8000 	C:\Program Files\Android\Android Studio1\jre\bin\rmi.dll

dbghelp: loaded successfully - version: 4.0.5 - missing functions: none
symbol engine: initialized successfully - sym options: 0x614 - pdb path: .;C:\Program Files\Android\Android Studio1\jre\bin;C:\WINDOWS\SYSTEM32;C:\WINDOWS\WinSxS\amd64_microsoft.windows.common-controls_6595b64144ccf1df_6.0.19041.1110_none_60b5254171f9507e;C:\Program Files\Android\Android Studio1\jre\bin\server;C:\Users\SMART WAY\.gradle\wrapper\dists\gradle-7.0.2\native\8bec1ad78214c89d9ad589b4d07fe93259594b29d510b10fafb7a158f7737e5d\windows-amd64;C:\Users\SMART WAY\.gradle\wrapper\dists\gradle-7.0.2\native\53dbd7edfb1c66fb8903c78663c9afc45aea4f116125fa6feffd364cf09443e8\windows-amd64;C:\Users\SMART WAY\AppData\Local\Temp\native-platform17195320077360688504dir

VM Arguments:
jvm_args: --add-opens=java.base/java.util=ALL-UNNAMED --add-opens=java.base/java.lang=ALL-UNNAMED --add-opens=java.base/java.lang.invoke=ALL-UNNAMED --add-opens=java.base/java.util=ALL-UNNAMED --add-opens=java.prefs/java.util.prefs=ALL-UNNAMED --add-opens=java.prefs/java.util.prefs=ALL-UNNAMED --add-opens=java.base/java.nio.charset=ALL-UNNAMED --add-opens=java.base/java.net=ALL-UNNAMED --add-opens=java.base/java.util.concurrent.atomic=ALL-UNNAMED -Xmx2048m -Dfile.encoding=UTF-8 -Duser.country=US -Duser.language=en -Duser.variant 
java_command: org.gradle.launcher.daemon.bootstrap.GradleDaemon 7.0.2
java_class_path (initial): C:\Users\SMART WAY\.gradle\wrapper\dists\gradle-7.0.2\wrapper\dists\gradle-7.0.2-bin\857tjihv64xamwrf0h14cai3r\gradle-7.0.2\lib\gradle-launcher-7.0.2.jar
Launcher Type: SUN_STANDARD

[Global flags]
     intx CICompilerCount                          = 3                                         {product} {ergonomic}
     uint ConcGCThreads                            = 1                                         {product} {ergonomic}
     uint G1ConcRefinementThreads                  = 4                                         {product} {ergonomic}
   size_t G1HeapRegionSize                         = 1048576                                   {product} {ergonomic}
    uintx GCDrainStackTargetSize                   = 64                                        {product} {ergonomic}
   size_t InitialHeapSize                          = 134217728                                 {product} {ergonomic}
   size_t MarkStackSize                            = 4194304                                   {product} {ergonomic}
   size_t MaxHeapSize                              = 2147483648                                {product} {command line}
   size_t MaxNewSize                               = 1287651328                                {product} {ergonomic}
   size_t MinHeapDeltaBytes                        = 1048576                                   {product} {ergonomic}
    uintx NonNMethodCodeHeapSize                   = 5830732                                {pd product} {ergonomic}
    uintx NonProfiledCodeHeapSize                  = 122913754                              {pd product} {ergonomic}
    uintx ProfiledCodeHeapSize                     = 122913754                              {pd product} {ergonomic}
    uintx ReservedCodeCacheSize                    = 251658240                              {pd product} {ergonomic}
     bool SegmentedCodeCache                       = true                                      {product} {ergonomic}
     bool UseCompressedClassPointers               = true                                 {lp64_product} {ergonomic}
     bool UseCompressedOops                        = true                                 {lp64_product} {ergonomic}
     bool UseG1GC                                  = true                                      {product} {ergonomic}
     bool UseLargePagesIndividualAllocation        = false                                  {pd product} {ergonomic}

Logging:
Log output configuration:
 #0: stdout all=warning uptime,level,tags
 #1: stderr all=off uptime,level,tags

Environment Variables:
PATH=C:\Program Files\Common Files\Oracle\Java\javapath;C:\WINDOWS\system32;C:\WINDOWS;C:\WINDOWS\System32\Wbem;C:\WINDOWS\System32\WindowsPowerShell\v1.0\;C:\WINDOWS\System32\OpenSSH\;C:\Program Files\Git\cmd;C:\Users\SMART WAY\AppData\Local\Microsoft\WindowsApps;C:\Users\SMART WAY\.gradle\wrapper\dists\gradle-7.0;C:\Users\SMART WAY\.gradle\wrapper\dists\gradle-7.1\bin;C:\Users\SMART WAY\.gradle\wrapper\dists\gradle-7.0.2\bin;
USERNAME=SMART WAY
OS=Windows_NT
PROCESSOR_IDENTIFIER=Intel64 Family 6 Model 61 Stepping 4, GenuineIntel



---------------  S Y S T E M  ---------------

OS: Windows 10 , 64 bit Build 19041 (10.0.19041.1151)
OS uptime: 12 days 2:23 hours

CPU:total 4 (initial active 4) (2 cores per cpu, 2 threads per core) family 6 model 61 stepping 4 microcode 0x2f, cmov, cx8, fxsr, mmx, sse, sse2, sse3, ssse3, sse4.1, sse4.2, popcnt, avx, avx2, aes, clmul, erms, rtm, 3dnowpref, lzcnt, ht, tsc, tscinvbit, bmi1, bmi2, adx, fma

Memory: 4k page, system-wide physical 8067M (297M free)
TotalPageFile size 21538M (AvailPageFile size 53M)
current process WorkingSet (physical memory assigned to process): 417M, peak: 517M
current process commit charge ("private bytes"): 612M, peak: 769M

vm_info: OpenJDK 64-Bit Server VM (11.0.10+0-b96-7249189) for windows-amd64 JRE (11.0.10+0-b96-7249189), built on Mar 31 2021 21:44:00 by "builder" with MS VC++ 14.0 (VS2015)

END.
