#
# There is insufficient memory for the Java Runtime Environment to continue.
# Native memory allocation (malloc) failed to allocate 675696 bytes for Chunk::new
# Possible reasons:
#   The system is out of physical RAM or swap space
#   The process is running with CompressedOops enabled, and the Java Heap may be blocking the growth of the native heap
# Possible solutions:
#   Reduce memory load on the system
#   Increase physical memory or swap space
#   Check if swap backing store is full
#   Decrease Java heap size (-Xmx/-Xms)
#   Decrease number of Java threads
#   Decrease Java thread stack sizes (-Xss)
#   Set larger code cache with -XX:ReservedCodeCacheSize=
#   JVM is running with Unscaled Compressed Oops mode in which the Java heap is
#     placed in the first 4GB address space. The Java Heap base address is the
#     maximum limit for the native heap growth. Please use -XX:HeapBaseMinAddress
#     to set the Java Heap base and to place the Java Heap above 4GB virtual address.
# This output file may be truncated or incomplete.
#
#  Out of Memory Error (./src/hotspot/share/memory/arena.cpp:197), pid=8364, tid=18028
#
# JRE version: OpenJDK Runtime Environment (11.0.10) (build 11.0.10+0-b96-7249189)
# Java VM: OpenJDK 64-Bit Server VM (11.0.10+0-b96-7249189, mixed mode, tiered, compressed oops, g1 gc, windows-amd64)
# No core dump will be written. Minidumps are not enabled by default on client versions of Windows
#

---------------  S U M M A R Y ------------

Command Line: org.jetbrains.kotlin.cli.jvm.K2JVMCompiler @C:\Users\SMART WAY\AndroidStudioProjects\MyApplication333333\app\build\20210822_15693936145413652509.compiler.options

Host: Intel(R) Core(TM) i7-5600U CPU @ 2.60GHz, 4 cores, 7G,  Windows 10 , 64 bit Build 19041 (10.0.19041.1151)
Time: Sun Aug 22 21:30:17 2021 Arabic Standard Time elapsed time: 5.047924 seconds (0d 0h 0m 5s)

---------------  T H R E A D  ---------------

Current thread (0x0000021b1c04a800):  JavaThread "C2 CompilerThread0" daemon [_thread_in_native, id=18028, stack(0x000000d4ab900000,0x000000d4aba00000)]


Current CompileTask:
C2:   5048 2867       4       java.lang.ClassLoader::loadClass (7 bytes)

Stack: [0x000000d4ab900000,0x000000d4aba00000]
Native frames: (J=compiled Java code, j=interpreted, Vv=VM code, C=native code)
V  [jvm.dll+0x5ecfaa]
V  [jvm.dll+0x722bd5]
V  [jvm.dll+0x72412d]
V  [jvm.dll+0x7247e3]
V  [jvm.dll+0x242928]
V  [jvm.dll+0xbc4fc]
V  [jvm.dll+0xbca0c]
V  [jvm.dll+0x2b4fd4]
V  [jvm.dll+0x506028]
V  [jvm.dll+0x1fcbde]
V  [jvm.dll+0x1fa77f]
V  [jvm.dll+0x18354c]
V  [jvm.dll+0x208ee7]
V  [jvm.dll+0x207731]
V  [jvm.dll+0x6eb1cf]
V  [jvm.dll+0x6e3d45]
V  [jvm.dll+0x5ebe96]
C  [ucrtbase.dll+0x21bb2]
C  [KERNEL32.DLL+0x17034]
C  [ntdll.dll+0x52651]


---------------  P R O C E S S  ---------------

Threads class SMR info:
_java_thread_list=0x0000021b1cb18b70, length=10, elements={
0x0000021b01d9a800, 0x0000021b1c025800, 0x0000021b1c029000, 0x0000021b1c042800,
0x0000021b1c045800, 0x0000021b1c046800, 0x0000021b1c04a800, 0x0000021b1c050800,
0x0000021b1c059800, 0x0000021b1cb25800
}

Java Threads: ( => current thread )
  0x0000021b01d9a800 JavaThread "main" [_thread_in_Java, id=5852, stack(0x000000d4aad00000,0x000000d4aae00000)]
  0x0000021b1c025800 JavaThread "Reference Handler" daemon [_thread_blocked, id=20028, stack(0x000000d4ab400000,0x000000d4ab500000)]
  0x0000021b1c029000 JavaThread "Finalizer" daemon [_thread_blocked, id=18380, stack(0x000000d4ab500000,0x000000d4ab600000)]
  0x0000021b1c042800 JavaThread "Signal Dispatcher" daemon [_thread_blocked, id=12532, stack(0x000000d4ab600000,0x000000d4ab700000)]
  0x0000021b1c045800 JavaThread "Attach Listener" daemon [_thread_blocked, id=4808, stack(0x000000d4ab700000,0x000000d4ab800000)]
  0x0000021b1c046800 JavaThread "Service Thread" daemon [_thread_blocked, id=6184, stack(0x000000d4ab800000,0x000000d4ab900000)]
=>0x0000021b1c04a800 JavaThread "C2 CompilerThread0" daemon [_thread_in_native, id=18028, stack(0x000000d4ab900000,0x000000d4aba00000)]
  0x0000021b1c050800 JavaThread "C1 CompilerThread0" daemon [_thread_blocked, id=11484, stack(0x000000d4aba00000,0x000000d4abb00000)]
  0x0000021b1c059800 JavaThread "Sweeper thread" daemon [_thread_blocked, id=18500, stack(0x000000d4abb00000,0x000000d4abc00000)]
  0x0000021b1cb25800 JavaThread "Common-Cleaner" daemon [_thread_blocked, id=11364, stack(0x000000d4abd00000,0x000000d4abe00000)]

Other Threads:
  0x0000021b1bffe800 VMThread "VM Thread" [stack: 0x000000d4ab300000,0x000000d4ab400000] [id=4060]
  0x0000021b1cb1d800 WatcherThread [stack: 0x000000d4abc00000,0x000000d4abd00000] [id=19236]
  0x0000021b01db2000 GCTaskThread "GC Thread#0" [stack: 0x000000d4aae00000,0x000000d4aaf00000] [id=6616]
  0x0000021b1cf3a000 GCTaskThread "GC Thread#1" [stack: 0x000000d4abe00000,0x000000d4abf00000] [id=2100]
  0x0000021b1cf54000 GCTaskThread "GC Thread#2" [stack: 0x000000d4abf00000,0x000000d4ac000000] [id=13472]
  0x0000021b01de2800 ConcurrentGCThread "G1 Main Marker" [stack: 0x000000d4aaf00000,0x000000d4ab000000] [id=16448]
  0x0000021b01de4000 ConcurrentGCThread "G1 Conc#0" [stack: 0x000000d4ab000000,0x000000d4ab100000] [id=19480]
  0x0000021b01e74800 ConcurrentGCThread "G1 Refine#0" [stack: 0x000000d4ab100000,0x000000d4ab200000] [id=18620]
  0x0000021b01e77000 ConcurrentGCThread "G1 Young RemSet Sampling" [stack: 0x000000d4ab200000,0x000000d4ab300000] [id=14588]

Threads with active compile tasks:
C2 CompilerThread0   5072 2867       4       java.lang.ClassLoader::loadClass (7 bytes)

VM state:not at safepoint (normal execution)

VM Mutex/Monitor currently owned by a thread: None

Heap address: 0x0000000081e00000, size: 2018 MB, Compressed Oops mode: 32-bit
Narrow klass base: 0x0000000000000000, Narrow klass shift: 3
Compressed class space size: 1073741824 Address: 0x0000000100000000

Heap:
 garbage-first heap   total 131072K, used 63140K [0x0000000081e00000, 0x0000000100000000)
  region size 1024K, 40 young (40960K), 3 survivors (3072K)
 Metaspace       used 43297K, capacity 43725K, committed 43776K, reserved 1087488K
  class space    used 5173K, capacity 5339K, committed 5376K, reserved 1048576K
Heap Regions: E=young(eden), S=young(survivor), O=old, HS=humongous(starts), HC=humongous(continues), CS=collection set, F=free, A=archive, TAMS=top-at-mark-start (previous, next)
|   0|0x0000000081e00000, 0x0000000081f00000, 0x0000000081f00000|100%|HS|  |TAMS 0x0000000081f00000, 0x0000000081e00000| Complete 
|   1|0x0000000081f00000, 0x0000000082000000, 0x0000000082000000|100%|HC|  |TAMS 0x0000000082000000, 0x0000000081f00000| Complete 
|   2|0x0000000082000000, 0x0000000082100000, 0x0000000082100000|100%|HC|  |TAMS 0x0000000082100000, 0x0000000082000000| Complete 
|   3|0x0000000082100000, 0x0000000082200000, 0x0000000082200000|100%| O|  |TAMS 0x0000000082200000, 0x0000000082100000| Untracked 
|   4|0x0000000082200000, 0x0000000082300000, 0x0000000082300000|100%| O|  |TAMS 0x0000000082300000, 0x0000000082200000| Untracked 
|   5|0x0000000082300000, 0x0000000082400000, 0x0000000082400000|100%|HS|  |TAMS 0x0000000082400000, 0x0000000082300000| Complete 
|   6|0x0000000082400000, 0x0000000082500000, 0x0000000082500000|100%|HC|  |TAMS 0x0000000082500000, 0x0000000082400000| Complete 
|   7|0x0000000082500000, 0x0000000082600000, 0x0000000082600000|100%|HC|  |TAMS 0x0000000082600000, 0x0000000082500000| Complete 
|   8|0x0000000082600000, 0x0000000082700000, 0x0000000082700000|100%|HS|  |TAMS 0x0000000082700000, 0x0000000082600000| Complete 
|   9|0x0000000082700000, 0x0000000082800000, 0x0000000082800000|100%|HC|  |TAMS 0x0000000082800000, 0x0000000082700000| Complete 
|  10|0x0000000082800000, 0x0000000082900000, 0x0000000082900000|100%|HC|  |TAMS 0x0000000082900000, 0x0000000082800000| Complete 
|  11|0x0000000082900000, 0x0000000082a00000, 0x0000000082a00000|100%| O|  |TAMS 0x0000000082a00000, 0x0000000082900000| Untracked 
|  12|0x0000000082a00000, 0x0000000082b00000, 0x0000000082b00000|100%| O|  |TAMS 0x0000000082b00000, 0x0000000082a00000| Untracked 
|  13|0x0000000082b00000, 0x0000000082c00000, 0x0000000082c00000|100%| O|  |TAMS 0x0000000082c00000, 0x0000000082b00000| Untracked 
|  14|0x0000000082c00000, 0x0000000082d00000, 0x0000000082d00000|100%| O|  |TAMS 0x0000000082d00000, 0x0000000082c00000| Untracked 
|  15|0x0000000082d00000, 0x0000000082e00000, 0x0000000082e00000|100%|HS|  |TAMS 0x0000000082e00000, 0x0000000082d00000| Complete 
|  16|0x0000000082e00000, 0x0000000082f00000, 0x0000000082f00000|100%|HC|  |TAMS 0x0000000082f00000, 0x0000000082e00000| Complete 
|  17|0x0000000082f00000, 0x0000000083000000, 0x0000000083000000|100%| O|  |TAMS 0x0000000083000000, 0x0000000082f00000| Untracked 
|  18|0x0000000083000000, 0x0000000083100000, 0x0000000083100000|100%| O|  |TAMS 0x0000000083100000, 0x0000000083000000| Untracked 
|  19|0x0000000083100000, 0x0000000083200000, 0x0000000083200000|100%| O|  |TAMS 0x0000000083200000, 0x0000000083100000| Untracked 
|  20|0x0000000083200000, 0x0000000083300000, 0x0000000083300000|100%| O|  |TAMS 0x0000000083300000, 0x0000000083200000| Untracked 
|  21|0x0000000083300000, 0x0000000083400000, 0x0000000083400000|100%| O|  |TAMS 0x0000000083400000, 0x0000000083300000| Untracked 
|  22|0x0000000083400000, 0x00000000834fec00, 0x0000000083500000| 99%| O|  |TAMS 0x00000000834fec00, 0x0000000083400000| Untracked 
|  23|0x0000000083500000, 0x0000000083500000, 0x0000000083600000|  0%| F|  |TAMS 0x0000000083500000, 0x0000000083500000| Untracked 
|  24|0x0000000083600000, 0x0000000083600000, 0x0000000083700000|  0%| F|  |TAMS 0x0000000083600000, 0x0000000083600000| Untracked 
|  25|0x0000000083700000, 0x0000000083700000, 0x0000000083800000|  0%| F|  |TAMS 0x0000000083700000, 0x0000000083700000| Untracked 
|  26|0x0000000083800000, 0x0000000083800000, 0x0000000083900000|  0%| F|  |TAMS 0x0000000083800000, 0x0000000083800000| Untracked 
|  27|0x0000000083900000, 0x0000000083900000, 0x0000000083a00000|  0%| F|  |TAMS 0x0000000083900000, 0x0000000083900000| Untracked 
|  28|0x0000000083a00000, 0x0000000083a00000, 0x0000000083b00000|  0%| F|  |TAMS 0x0000000083a00000, 0x0000000083a00000| Untracked 
|  29|0x0000000083b00000, 0x0000000083b00000, 0x0000000083c00000|  0%| F|  |TAMS 0x0000000083b00000, 0x0000000083b00000| Untracked 
|  30|0x0000000083c00000, 0x0000000083c00000, 0x0000000083d00000|  0%| F|  |TAMS 0x0000000083c00000, 0x0000000083c00000| Untracked 
|  31|0x0000000083d00000, 0x0000000083d00000, 0x0000000083e00000|  0%| F|  |TAMS 0x0000000083d00000, 0x0000000083d00000| Untracked 
|  32|0x0000000083e00000, 0x0000000083e00000, 0x0000000083f00000|  0%| F|  |TAMS 0x0000000083e00000, 0x0000000083e00000| Untracked 
|  33|0x0000000083f00000, 0x0000000083f00000, 0x0000000084000000|  0%| F|  |TAMS 0x0000000083f00000, 0x0000000083f00000| Untracked 
|  34|0x0000000084000000, 0x0000000084000000, 0x0000000084100000|  0%| F|  |TAMS 0x0000000084000000, 0x0000000084000000| Untracked 
|  35|0x0000000084100000, 0x0000000084100000, 0x0000000084200000|  0%| F|  |TAMS 0x0000000084100000, 0x0000000084100000| Untracked 
|  36|0x0000000084200000, 0x0000000084200000, 0x0000000084300000|  0%| F|  |TAMS 0x0000000084200000, 0x0000000084200000| Untracked 
|  37|0x0000000084300000, 0x0000000084300000, 0x0000000084400000|  0%| F|  |TAMS 0x0000000084300000, 0x0000000084300000| Untracked 
|  38|0x0000000084400000, 0x0000000084400000, 0x0000000084500000|  0%| F|  |TAMS 0x0000000084400000, 0x0000000084400000| Untracked 
|  39|0x0000000084500000, 0x0000000084500000, 0x0000000084600000|  0%| F|  |TAMS 0x0000000084500000, 0x0000000084500000| Untracked 
|  40|0x0000000084600000, 0x0000000084600000, 0x0000000084700000|  0%| F|  |TAMS 0x0000000084600000, 0x0000000084600000| Untracked 
|  41|0x0000000084700000, 0x0000000084700000, 0x0000000084800000|  0%| F|  |TAMS 0x0000000084700000, 0x0000000084700000| Untracked 
|  42|0x0000000084800000, 0x0000000084800000, 0x0000000084900000|  0%| F|  |TAMS 0x0000000084800000, 0x0000000084800000| Untracked 
|  43|0x0000000084900000, 0x0000000084900000, 0x0000000084a00000|  0%| F|  |TAMS 0x0000000084900000, 0x0000000084900000| Untracked 
|  44|0x0000000084a00000, 0x0000000084a00000, 0x0000000084b00000|  0%| F|  |TAMS 0x0000000084a00000, 0x0000000084a00000| Untracked 
|  45|0x0000000084b00000, 0x0000000084b00000, 0x0000000084c00000|  0%| F|  |TAMS 0x0000000084b00000, 0x0000000084b00000| Untracked 
|  46|0x0000000084c00000, 0x0000000084c00000, 0x0000000084d00000|  0%| F|  |TAMS 0x0000000084c00000, 0x0000000084c00000| Untracked 
|  47|0x0000000084d00000, 0x0000000084d00000, 0x0000000084e00000|  0%| F|  |TAMS 0x0000000084d00000, 0x0000000084d00000| Untracked 
|  48|0x0000000084e00000, 0x0000000084e00000, 0x0000000084f00000|  0%| F|  |TAMS 0x0000000084e00000, 0x0000000084e00000| Untracked 
|  49|0x0000000084f00000, 0x0000000084f00000, 0x0000000085000000|  0%| F|  |TAMS 0x0000000084f00000, 0x0000000084f00000| Untracked 
|  50|0x0000000085000000, 0x0000000085000000, 0x0000000085100000|  0%| F|  |TAMS 0x0000000085000000, 0x0000000085000000| Untracked 
|  51|0x0000000085100000, 0x0000000085100000, 0x0000000085200000|  0%| F|  |TAMS 0x0000000085100000, 0x0000000085100000| Untracked 
|  52|0x0000000085200000, 0x0000000085200000, 0x0000000085300000|  0%| F|  |TAMS 0x0000000085200000, 0x0000000085200000| Untracked 
|  53|0x0000000085300000, 0x0000000085300000, 0x0000000085400000|  0%| F|  |TAMS 0x0000000085300000, 0x0000000085300000| Untracked 
|  54|0x0000000085400000, 0x0000000085400000, 0x0000000085500000|  0%| F|  |TAMS 0x0000000085400000, 0x0000000085400000| Untracked 
|  55|0x0000000085500000, 0x0000000085500000, 0x0000000085600000|  0%| F|  |TAMS 0x0000000085500000, 0x0000000085500000| Untracked 
|  56|0x0000000085600000, 0x0000000085600000, 0x0000000085700000|  0%| F|  |TAMS 0x0000000085600000, 0x0000000085600000| Untracked 
|  57|0x0000000085700000, 0x0000000085700000, 0x0000000085800000|  0%| F|  |TAMS 0x0000000085700000, 0x0000000085700000| Untracked 
|  58|0x0000000085800000, 0x0000000085800000, 0x0000000085900000|  0%| F|  |TAMS 0x0000000085800000, 0x0000000085800000| Untracked 
|  59|0x0000000085900000, 0x0000000085900000, 0x0000000085a00000|  0%| F|  |TAMS 0x0000000085900000, 0x0000000085900000| Untracked 
|  60|0x0000000085a00000, 0x0000000085a00000, 0x0000000085b00000|  0%| F|  |TAMS 0x0000000085a00000, 0x0000000085a00000| Untracked 
|  61|0x0000000085b00000, 0x0000000085b00000, 0x0000000085c00000|  0%| F|  |TAMS 0x0000000085b00000, 0x0000000085b00000| Untracked 
|  62|0x0000000085c00000, 0x0000000085c00000, 0x0000000085d00000|  0%| F|  |TAMS 0x0000000085c00000, 0x0000000085c00000| Untracked 
|  63|0x0000000085d00000, 0x0000000085d00000, 0x0000000085e00000|  0%| F|  |TAMS 0x0000000085d00000, 0x0000000085d00000| Untracked 
|  64|0x0000000085e00000, 0x0000000085e00000, 0x0000000085f00000|  0%| F|  |TAMS 0x0000000085e00000, 0x0000000085e00000| Untracked 
|  65|0x0000000085f00000, 0x0000000085f00000, 0x0000000086000000|  0%| F|  |TAMS 0x0000000085f00000, 0x0000000085f00000| Untracked 
|  66|0x0000000086000000, 0x0000000086000000, 0x0000000086100000|  0%| F|  |TAMS 0x0000000086000000, 0x0000000086000000| Untracked 
|  67|0x0000000086100000, 0x0000000086100000, 0x0000000086200000|  0%| F|  |TAMS 0x0000000086100000, 0x0000000086100000| Untracked 
|  68|0x0000000086200000, 0x0000000086200000, 0x0000000086300000|  0%| F|  |TAMS 0x0000000086200000, 0x0000000086200000| Untracked 
|  69|0x0000000086300000, 0x0000000086300000, 0x0000000086400000|  0%| F|  |TAMS 0x0000000086300000, 0x0000000086300000| Untracked 
|  70|0x0000000086400000, 0x0000000086400000, 0x0000000086500000|  0%| F|  |TAMS 0x0000000086400000, 0x0000000086400000| Untracked 
|  71|0x0000000086500000, 0x0000000086500000, 0x0000000086600000|  0%| F|  |TAMS 0x0000000086500000, 0x0000000086500000| Untracked 
|  72|0x0000000086600000, 0x0000000086600000, 0x0000000086700000|  0%| F|  |TAMS 0x0000000086600000, 0x0000000086600000| Untracked 
|  73|0x0000000086700000, 0x0000000086700000, 0x0000000086800000|  0%| F|  |TAMS 0x0000000086700000, 0x0000000086700000| Untracked 
|  74|0x0000000086800000, 0x0000000086800000, 0x0000000086900000|  0%| F|  |TAMS 0x0000000086800000, 0x0000000086800000| Untracked 
|  75|0x0000000086900000, 0x0000000086900000, 0x0000000086a00000|  0%| F|  |TAMS 0x0000000086900000, 0x0000000086900000| Untracked 
|  76|0x0000000086a00000, 0x0000000086a00000, 0x0000000086b00000|  0%| F|  |TAMS 0x0000000086a00000, 0x0000000086a00000| Untracked 
|  77|0x0000000086b00000, 0x0000000086b00000, 0x0000000086c00000|  0%| F|  |TAMS 0x0000000086b00000, 0x0000000086b00000| Untracked 
|  78|0x0000000086c00000, 0x0000000086c00000, 0x0000000086d00000|  0%| F|  |TAMS 0x0000000086c00000, 0x0000000086c00000| Untracked 
|  79|0x0000000086d00000, 0x0000000086d00000, 0x0000000086e00000|  0%| F|  |TAMS 0x0000000086d00000, 0x0000000086d00000| Untracked 
|  80|0x0000000086e00000, 0x0000000086e00000, 0x0000000086f00000|  0%| F|  |TAMS 0x0000000086e00000, 0x0000000086e00000| Untracked 
|  81|0x0000000086f00000, 0x0000000086f00000, 0x0000000087000000|  0%| F|  |TAMS 0x0000000086f00000, 0x0000000086f00000| Untracked 
|  82|0x0000000087000000, 0x0000000087000000, 0x0000000087100000|  0%| F|  |TAMS 0x0000000087000000, 0x0000000087000000| Untracked 
|  83|0x0000000087100000, 0x0000000087100000, 0x0000000087200000|  0%| F|  |TAMS 0x0000000087100000, 0x0000000087100000| Untracked 
|  84|0x0000000087200000, 0x0000000087200000, 0x0000000087300000|  0%| F|  |TAMS 0x0000000087200000, 0x0000000087200000| Untracked 
|  85|0x0000000087300000, 0x0000000087300000, 0x0000000087400000|  0%| F|  |TAMS 0x0000000087300000, 0x0000000087300000| Untracked 
|  86|0x0000000087400000, 0x0000000087400000, 0x0000000087500000|  0%| F|  |TAMS 0x0000000087400000, 0x0000000087400000| Untracked 
|  87|0x0000000087500000, 0x0000000087500000, 0x0000000087600000|  0%| F|  |TAMS 0x0000000087500000, 0x0000000087500000| Untracked 
|  88|0x0000000087600000, 0x0000000087680800, 0x0000000087700000| 50%| E|  |TAMS 0x0000000087600000, 0x0000000087600000| Complete 
|  89|0x0000000087700000, 0x0000000087800000, 0x0000000087800000|100%| E|CS|TAMS 0x0000000087700000, 0x0000000087700000| Complete 
|  90|0x0000000087800000, 0x0000000087900000, 0x0000000087900000|100%| E|CS|TAMS 0x0000000087800000, 0x0000000087800000| Complete 
|  91|0x0000000087900000, 0x0000000087a00000, 0x0000000087a00000|100%| E|CS|TAMS 0x0000000087900000, 0x0000000087900000| Complete 
|  92|0x0000000087a00000, 0x0000000087b00000, 0x0000000087b00000|100%| E|CS|TAMS 0x0000000087a00000, 0x0000000087a00000| Complete 
|  93|0x0000000087b00000, 0x0000000087c00000, 0x0000000087c00000|100%| E|CS|TAMS 0x0000000087b00000, 0x0000000087b00000| Complete 
|  94|0x0000000087c00000, 0x0000000087d00000, 0x0000000087d00000|100%| E|CS|TAMS 0x0000000087c00000, 0x0000000087c00000| Complete 
|  95|0x0000000087d00000, 0x0000000087e00000, 0x0000000087e00000|100%| E|CS|TAMS 0x0000000087d00000, 0x0000000087d00000| Complete 
|  96|0x0000000087e00000, 0x0000000087f00000, 0x0000000087f00000|100%| E|CS|TAMS 0x0000000087e00000, 0x0000000087e00000| Complete 
|  97|0x0000000087f00000, 0x0000000088000000, 0x0000000088000000|100%| E|CS|TAMS 0x0000000087f00000, 0x0000000087f00000| Complete 
|  98|0x0000000088000000, 0x0000000088100000, 0x0000000088100000|100%| E|CS|TAMS 0x0000000088000000, 0x0000000088000000| Complete 
|  99|0x0000000088100000, 0x0000000088200000, 0x0000000088200000|100%| E|CS|TAMS 0x0000000088100000, 0x0000000088100000| Complete 
| 100|0x0000000088200000, 0x0000000088300000, 0x0000000088300000|100%| E|CS|TAMS 0x0000000088200000, 0x0000000088200000| Complete 
| 101|0x0000000088300000, 0x0000000088400000, 0x0000000088400000|100%| E|CS|TAMS 0x0000000088300000, 0x0000000088300000| Complete 
| 102|0x0000000088400000, 0x0000000088500000, 0x0000000088500000|100%| E|CS|TAMS 0x0000000088400000, 0x0000000088400000| Complete 
| 103|0x0000000088500000, 0x0000000088600000, 0x0000000088600000|100%| E|CS|TAMS 0x0000000088500000, 0x0000000088500000| Complete 
| 104|0x0000000088600000, 0x00000000886aa740, 0x0000000088700000| 66%| S|CS|TAMS 0x0000000088600000, 0x0000000088600000| Complete 
| 105|0x0000000088700000, 0x0000000088800000, 0x0000000088800000|100%| S|CS|TAMS 0x0000000088700000, 0x0000000088700000| Complete 
| 106|0x0000000088800000, 0x0000000088900000, 0x0000000088900000|100%| S|CS|TAMS 0x0000000088800000, 0x0000000088800000| Complete 
| 107|0x0000000088900000, 0x0000000088a00000, 0x0000000088a00000|100%| E|CS|TAMS 0x0000000088900000, 0x0000000088900000| Complete 
| 108|0x0000000088a00000, 0x0000000088b00000, 0x0000000088b00000|100%| E|CS|TAMS 0x0000000088a00000, 0x0000000088a00000| Complete 
| 109|0x0000000088b00000, 0x0000000088c00000, 0x0000000088c00000|100%| E|CS|TAMS 0x0000000088b00000, 0x0000000088b00000| Complete 
| 110|0x0000000088c00000, 0x0000000088d00000, 0x0000000088d00000|100%| E|CS|TAMS 0x0000000088c00000, 0x0000000088c00000| Complete 
| 111|0x0000000088d00000, 0x0000000088e00000, 0x0000000088e00000|100%| E|CS|TAMS 0x0000000088d00000, 0x0000000088d00000| Complete 
| 112|0x0000000088e00000, 0x0000000088f00000, 0x0000000088f00000|100%| E|CS|TAMS 0x0000000088e00000, 0x0000000088e00000| Complete 
| 113|0x0000000088f00000, 0x0000000089000000, 0x0000000089000000|100%| E|CS|TAMS 0x0000000088f00000, 0x0000000088f00000| Complete 
| 114|0x0000000089000000, 0x0000000089100000, 0x0000000089100000|100%| E|CS|TAMS 0x0000000089000000, 0x0000000089000000| Complete 
| 115|0x0000000089100000, 0x0000000089200000, 0x0000000089200000|100%| E|CS|TAMS 0x0000000089100000, 0x0000000089100000| Complete 
| 116|0x0000000089200000, 0x0000000089300000, 0x0000000089300000|100%| E|CS|TAMS 0x0000000089200000, 0x0000000089200000| Complete 
| 117|0x0000000089300000, 0x0000000089400000, 0x0000000089400000|100%| E|CS|TAMS 0x0000000089300000, 0x0000000089300000| Complete 
| 118|0x0000000089400000, 0x0000000089500000, 0x0000000089500000|100%| E|CS|TAMS 0x0000000089400000, 0x0000000089400000| Complete 
| 119|0x0000000089500000, 0x0000000089600000, 0x0000000089600000|100%| E|CS|TAMS 0x0000000089500000, 0x0000000089500000| Complete 
| 120|0x0000000089600000, 0x0000000089700000, 0x0000000089700000|100%| E|CS|TAMS 0x0000000089600000, 0x0000000089600000| Complete 
| 121|0x0000000089700000, 0x0000000089800000, 0x0000000089800000|100%| E|CS|TAMS 0x0000000089700000, 0x0000000089700000| Complete 
| 122|0x0000000089800000, 0x0000000089900000, 0x0000000089900000|100%| E|CS|TAMS 0x0000000089800000, 0x0000000089800000| Complete 
| 123|0x0000000089900000, 0x0000000089a00000, 0x0000000089a00000|100%| E|CS|TAMS 0x0000000089900000, 0x0000000089900000| Complete 
| 124|0x0000000089a00000, 0x0000000089b00000, 0x0000000089b00000|100%| E|CS|TAMS 0x0000000089a00000, 0x0000000089a00000| Complete 
| 125|0x0000000089b00000, 0x0000000089c00000, 0x0000000089c00000|100%| E|CS|TAMS 0x0000000089b00000, 0x0000000089b00000| Complete 
| 126|0x0000000089c00000, 0x0000000089d00000, 0x0000000089d00000|100%| E|CS|TAMS 0x0000000089c00000, 0x0000000089c00000| Complete 
| 127|0x0000000089d00000, 0x0000000089e00000, 0x0000000089e00000|100%| E|CS|TAMS 0x0000000089d00000, 0x0000000089d00000| Complete 

Card table byte_map: [0x0000021b152c0000,0x0000021b156c0000] _byte_map_base: 0x0000021b14eb1000

Marking Bits (Prev, Next): (CMBitMap*) 0x0000021b01dd9bf8, (CMBitMap*) 0x0000021b01dd9c30
 Prev Bits: [0x0000021b15ac0000, 0x0000021b17a48000)
 Next Bits: [0x0000021b17a50000, 0x0000021b199d8000)

Polling page: 0x0000021b00580000

Metaspace:

Usage:
  Non-class:     37.49 MB capacity,    37.25 MB (>99%) used,   185.46 KB ( <1%) free+waste,    61.19 KB ( <1%) overhead. 
      Class:      5.21 MB capacity,     5.05 MB ( 97%) used,   137.36 KB (  3%) free+waste,    26.13 KB ( <1%) overhead. 
       Both:     42.70 MB capacity,    42.30 MB (>99%) used,   322.82 KB ( <1%) free+waste,    87.31 KB ( <1%) overhead. 

Virtual space:
  Non-class space:       38.00 MB reserved,      37.75 MB (>99%) committed 
      Class space:        1.00 GB reserved,       5.25 MB ( <1%) committed 
             Both:        1.04 GB reserved,      43.00 MB (  4%) committed 

Chunk freelists:
   Non-Class:  14.00 KB
       Class:  5.00 KB
        Both:  19.00 KB

MaxMetaspaceSize: 17179869184.00 GB
CompressedClassSpaceSize: 1.00 GB

CodeHeap 'non-profiled nmethods': size=120064Kb used=1029Kb max_used=1029Kb free=119034Kb
 bounds [0x0000021b0d350000, 0x0000021b0d5c0000, 0x0000021b14890000]
CodeHeap 'profiled nmethods': size=120000Kb used=5807Kb max_used=5807Kb free=114192Kb
 bounds [0x0000021b05e20000, 0x0000021b063d0000, 0x0000021b0d350000]
CodeHeap 'non-nmethods': size=5696Kb used=1181Kb max_used=1219Kb free=4514Kb
 bounds [0x0000021b05890000, 0x0000021b05b00000, 0x0000021b05e20000]
 total_blobs=3422 nmethods=2892 adapters=441
 compilation: enabled
              stopped_count=0, restarted_count=0
 full_count=0

Compilation events (20 events):
Event: 5.001 Thread 0x0000021b1c050800 2886       3       java.lang.invoke.VarHandleGuards::guard_LII_Z (70 bytes)
Event: 5.003 Thread 0x0000021b1c050800 nmethod 2886 0x0000021b063c1010 code [0x0000021b063c12c0, 0x0000021b063c2188]
Event: 5.003 Thread 0x0000021b1c050800 2888       3       java.lang.String::subSequence (7 bytes)
Event: 5.003 Thread 0x0000021b1c050800 nmethod 2888 0x0000021b063c2710 code [0x0000021b063c28c0, 0x0000021b063c29e8]
Event: 5.003 Thread 0x0000021b1c050800 2887       3       java.lang.invoke.VarHandleInts$FieldInstanceReadWrite::compareAndSet (24 bytes)
Event: 5.004 Thread 0x0000021b1c050800 nmethod 2887 0x0000021b063c2a90 code [0x0000021b063c2ca0, 0x0000021b063c3148]
Event: 5.010 Thread 0x0000021b1c050800 2890       3       org.jetbrains.kotlin.com.intellij.openapi.util.text.StringUtilRt::lastIndexOf (58 bytes)
Event: 5.011 Thread 0x0000021b1c050800 nmethod 2890 0x0000021b063c3390 code [0x0000021b063c35a0, 0x0000021b063c3b08]
Event: 5.011 Thread 0x0000021b1c050800 2893       3       org.jetbrains.kotlin.com.intellij.openapi.util.io.FileUtilRt::getNameWithoutExtension (49 bytes)
Event: 5.012 Thread 0x0000021b1c050800 nmethod 2893 0x0000021b063c3d10 code [0x0000021b063c3f00, 0x0000021b063c42e8]
Event: 5.012 Thread 0x0000021b1c050800 2894       3       org.jetbrains.kotlin.com.intellij.util.containers.IntArrayList::get (12 bytes)
Event: 5.012 Thread 0x0000021b1c050800 nmethod 2894 0x0000021b063c4410 code [0x0000021b063c45c0, 0x0000021b063c4728]
Event: 5.012 Thread 0x0000021b1c050800 2895       3       org.jetbrains.kotlin.com.intellij.util.containers.IntArrayList::checkRange (52 bytes)
Event: 5.013 Thread 0x0000021b1c050800 nmethod 2895 0x0000021b063c4810 code [0x0000021b063c4aa0, 0x0000021b063c54b8]
Event: 5.013 Thread 0x0000021b1c050800 2892       3       org.jetbrains.kotlin.com.intellij.openapi.vfs.VirtualFile::getNameWithoutExtension (21 bytes)
Event: 5.014 Thread 0x0000021b1c050800 nmethod 2892 0x0000021b063c5890 code [0x0000021b063c5a80, 0x0000021b063c5d98]
Event: 5.025 Thread 0x0000021b1c050800 2896       3       java.lang.String::indexOf (29 bytes)
Event: 5.026 Thread 0x0000021b1c050800 nmethod 2896 0x0000021b063c5e90 code [0x0000021b063c6060, 0x0000021b063c62d8]
Event: 5.044 Thread 0x0000021b1c050800 2897       3       org.jetbrains.org.objectweb.asm.ClassReader::readUnsignedShort (26 bytes)
Event: 5.045 Thread 0x0000021b1c050800 nmethod 2897 0x0000021b063c6410 code [0x0000021b063c65c0, 0x0000021b063c6718]

GC Heap History (8 events):
Event: 0.767 GC heap before
{Heap before GC invocations=0 (full 0):
 garbage-first heap   total 131072K, used 17408K [0x0000000081e00000, 0x0000000100000000)
  region size 1024K, 14 young (14336K), 0 survivors (0K)
 Metaspace       used 9757K, capacity 9871K, committed 10112K, reserved 1058816K
  class space    used 829K, capacity 884K, committed 896K, reserved 1048576K
}
Event: 0.771 GC heap after
{Heap after GC invocations=1 (full 0):
 garbage-first heap   total 131072K, used 5277K [0x0000000081e00000, 0x0000000100000000)
  region size 1024K, 2 young (2048K), 2 survivors (2048K)
 Metaspace       used 9757K, capacity 9871K, committed 10112K, reserved 1058816K
  class space    used 829K, capacity 884K, committed 896K, reserved 1048576K
}
Event: 2.400 GC heap before
{Heap before GC invocations=1 (full 0):
 garbage-first heap   total 131072K, used 52381K [0x0000000081e00000, 0x0000000100000000)
  region size 1024K, 49 young (50176K), 2 survivors (2048K)
 Metaspace       used 20986K, capacity 21165K, committed 21248K, reserved 1069056K
  class space    used 2224K, capacity 2286K, committed 2304K, reserved 1048576K
}
Event: 2.416 GC heap after
{Heap after GC invocations=2 (full 0):
 garbage-first heap   total 131072K, used 9499K [0x0000000081e00000, 0x0000000100000000)
  region size 1024K, 7 young (7168K), 7 survivors (7168K)
 Metaspace       used 20986K, capacity 21165K, committed 21248K, reserved 1069056K
  class space    used 2224K, capacity 2286K, committed 2304K, reserved 1048576K
}
Event: 3.561 GC heap before
{Heap before GC invocations=3 (full 0):
 garbage-first heap   total 131072K, used 69915K [0x0000000081e00000, 0x0000000100000000)
  region size 1024K, 54 young (55296K), 7 survivors (7168K)
 Metaspace       used 30871K, capacity 31307K, committed 31488K, reserved 1077248K
  class space    used 3659K, capacity 3825K, committed 3840K, reserved 1048576K
}
Event: 3.583 GC heap after
{Heap after GC invocations=4 (full 0):
 garbage-first heap   total 131072K, used 23367K [0x0000000081e00000, 0x0000000100000000)
  region size 1024K, 6 young (6144K), 6 survivors (6144K)
 Metaspace       used 30871K, capacity 31307K, committed 31488K, reserved 1077248K
  class space    used 3659K, capacity 3825K, committed 3840K, reserved 1048576K
}
Event: 4.002 GC heap before
{Heap before GC invocations=4 (full 0):
 garbage-first heap   total 131072K, used 43847K [0x0000000081e00000, 0x0000000100000000)
  region size 1024K, 27 young (27648K), 6 survivors (6144K)
 Metaspace       used 35141K, capacity 35535K, committed 35584K, reserved 1081344K
  class space    used 4136K, capacity 4316K, committed 4352K, reserved 1048576K
}
Event: 4.017 GC heap after
{Heap after GC invocations=5 (full 0):
 garbage-first heap   total 131072K, used 26276K [0x0000000081e00000, 0x0000000100000000)
  region size 1024K, 3 young (3072K), 3 survivors (3072K)
 Metaspace       used 35141K, capacity 35535K, committed 35584K, reserved 1081344K
  class space    used 4136K, capacity 4316K, committed 4352K, reserved 1048576K
}

Deoptimization events (20 events):
Event: 4.639 Thread 0x0000021b01d9a800 DEOPT PACKING pc=0x0000021b0d38666c sp=0x000000d4aadf61a0
Event: 4.639 Thread 0x0000021b01d9a800 DEOPT UNPACKING pc=0x0000021b058b78af sp=0x000000d4aadf5f90 mode 2
Event: 4.639 Thread 0x0000021b01d9a800 Uncommon trap: trap_request=0xffffff7e fr.pc=0x0000021b0d376a14 relative=0x0000000000000174
Event: 4.639 Thread 0x0000021b01d9a800 Uncommon trap: reason=predicate action=maybe_recompile pc=0x0000021b0d376a14 method=sun.net.www.ParseUtil.firstEncodeIndex(Ljava/lang/String;)I @ 9 c2
Event: 4.639 Thread 0x0000021b01d9a800 DEOPT PACKING pc=0x0000021b0d376a14 sp=0x000000d4aadf61a0
Event: 4.639 Thread 0x0000021b01d9a800 DEOPT UNPACKING pc=0x0000021b058b78af sp=0x000000d4aadf6128 mode 2
Event: 4.639 Thread 0x0000021b01d9a800 Uncommon trap: trap_request=0xffffff4d fr.pc=0x0000021b0d409394 relative=0x00000000000001f4
Event: 4.639 Thread 0x0000021b01d9a800 Uncommon trap: reason=unstable_if action=reinterpret pc=0x0000021b0d409394 method=java.lang.String.indexOf(II)I @ 4 c2
Event: 4.639 Thread 0x0000021b01d9a800 DEOPT PACKING pc=0x0000021b0d409394 sp=0x000000d4aadf5fb0
Event: 4.639 Thread 0x0000021b01d9a800 DEOPT UNPACKING pc=0x0000021b058b78af sp=0x000000d4aadf5f60 mode 2
Event: 4.639 Thread 0x0000021b01d9a800 Uncommon trap: trap_request=0xffffff4d fr.pc=0x0000021b0d406030 relative=0x0000000000000190
Event: 4.639 Thread 0x0000021b01d9a800 Uncommon trap: reason=unstable_if action=reinterpret pc=0x0000021b0d406030 method=java.lang.String.startsWith(Ljava/lang/String;I)Z @ 46 c2
Event: 4.639 Thread 0x0000021b01d9a800 DEOPT PACKING pc=0x0000021b0d406030 sp=0x000000d4aadf60b0
Event: 4.639 Thread 0x0000021b01d9a800 DEOPT UNPACKING pc=0x0000021b058b78af sp=0x000000d4aadf6018 mode 2
Event: 4.744 Thread 0x0000021b01d9a800 Uncommon trap: trap_request=0xffffffd6 fr.pc=0x0000021b0d44365c relative=0x00000000000004fc
Event: 4.744 Thread 0x0000021b01d9a800 Uncommon trap: reason=array_check action=maybe_recompile pc=0x0000021b0d44365c method=java.util.AbstractCollection.toArray([Ljava/lang/Object;)[Ljava/lang/Object; @ 116 c2
Event: 4.744 Thread 0x0000021b01d9a800 DEOPT PACKING pc=0x0000021b0d44365c sp=0x000000d4aadfd630
Event: 4.744 Thread 0x0000021b01d9a800 DEOPT UNPACKING pc=0x0000021b058b78af sp=0x000000d4aadfd5e0 mode 2
Event: 4.761 Thread 0x0000021b01d9a800 DEOPT PACKING pc=0x0000021b063867b8 sp=0x000000d4aadfce90
Event: 4.761 Thread 0x0000021b01d9a800 DEOPT UNPACKING pc=0x0000021b058b76ce sp=0x000000d4aadfc3a8 mode 0

Classes redefined (0 events):
No events

Internal exceptions (20 events):
Event: 2.297 Thread 0x0000021b01d9a800 Exception <a 'java/lang/NoSuchMethodError'{0x0000000087277a60}: 'long java.lang.invoke.DirectMethodHandle$Holder.invokeStatic(java.lang.Object)'> (0x0000000087277a60) thrown at [./src/hotspot/share/interpreter/linkResolver.cpp, line 773]
Event: 2.297 Thread 0x0000021b01d9a800 Exception <a 'java/lang/NoSuchMethodError'{0x000000008727a8b8}: 'long java.lang.invoke.DirectMethodHandle$Holder.invokeStaticInit(java.lang.Object)'> (0x000000008727a8b8) thrown at [./src/hotspot/share/interpreter/linkResolver.cpp, line 773]
Event: 2.371 Thread 0x0000021b01d9a800 Exception <a 'java/lang/NoSuchMethodError'{0x0000000086ff2898}: 'int java.lang.invoke.DirectMethodHandle$Holder.invokeStaticInit(java.lang.Object, java.lang.Object, java.lang.Object)'> (0x0000000086ff2898) thrown at [./src/hotspot/share/interpreter/linkResolver.cpp, line 773]
Event: 2.376 Thread 0x0000021b01d9a800 Exception <a 'java/lang/NoSuchMethodError'{0x0000000086e1f300}: 'int java.lang.invoke.DirectMethodHandle$Holder.invokeStaticInit(java.lang.Object, java.lang.Object)'> (0x0000000086e1f300) thrown at [./src/hotspot/share/interpreter/linkResolver.cpp, line 773]
Event: 2.680 Thread 0x0000021b01d9a800 Exception <a 'java/lang/NoSuchMethodError'{0x0000000089415c80}: 'java.lang.Object java.lang.invoke.DirectMethodHandle$Holder.invokeStatic(java.lang.Object, java.lang.Object, java.lang.Object, java.lang.Object, java.lang.Object, java.lang.Object, java.lang.Object, java.lang.Object, java.lang.Object, java.lang.Object, java.lang.Object, java.lang.Object, java.lang.Object, java.lang.Object, java.lang.Object)'> (0x0000000089415c80) thrown at [./src/hotspot/share/interpreter/linkResolver.cpp, line 773]
Event: 2.682 Thread 0x0000021b01d9a800 Exception <a 'java/lang/NoSuchMethodError'{0x0000000089424020}: 'java.lang.Object java.lang.invoke.DirectMethodHandle$Holder.invokeStatic(java.lang.Object, java.lang.Object, java.lang.Object, java.lang.Object, java.lang.Object, java.lang.Object, java.lang.Object, java.lang.Object, java.lang.Object, java.lang.Object, java.lang.Object, java.lang.Object, java.lang.Object, java.lang.Object, java.lang.Object, java.lang.Object)'> (0x0000000089424020) thrown at [./src/hotspot/share/interpreter/linkResolver.cpp, l
Event: 2.683 Thread 0x0000021b01d9a800 Exception <a 'java/lang/NoSuchMethodError'{0x0000000089431f38}: 'java.lang.Object java.lang.invoke.DirectMethodHandle$Holder.invokeSpecial(java.lang.Object, java.lang.Object, int, int, java.lang.Object, java.lang.Object, java.lang.Object)'> (0x0000000089431f38) thrown at [./src/hotspot/share/interpreter/linkResolver.cpp, line 773]
Event: 2.684 Thread 0x0000021b01d9a800 Exception <a 'java/lang/NoSuchMethodError'{0x0000000089435770}: 'java.lang.Object java.lang.invoke.DelegatingMethodHandle$Holder.reinvoke_L(java.lang.Object, int, int, java.lang.Object, java.lang.Object, java.lang.Object)'> (0x0000000089435770) thrown at [./src/hotspot/share/interpreter/linkResolver.cpp, line 773]
Event: 2.684 Thread 0x0000021b01d9a800 Exception <a 'java/lang/NoSuchMethodError'{0x0000000089439af8}: 'java.lang.Object java.lang.invoke.DirectMethodHandle$Holder.invokeStatic(java.lang.Object, java.lang.Object, java.lang.Object, java.lang.Object, int)'> (0x0000000089439af8) thrown at [./src/hotspot/share/interpreter/linkResolver.cpp, line 773]
Event: 2.736 Thread 0x0000021b01d9a800 Implicit null exception at 0x0000021b0d3d5bac to 0x0000021b0d3d5d5a
Event: 2.783 Thread 0x0000021b01d9a800 Exception <a 'java/lang/NoSuchMethodError'{0x0000000088fbb798}: 'void java.lang.invoke.DirectMethodHandle$Holder.invokeStatic(java.lang.Object, java.lang.Object, java.lang.Object, java.lang.Object)'> (0x0000000088fbb798) thrown at [./src/hotspot/share/interpreter/linkResolver.cpp, line 773]
Event: 2.813 Thread 0x0000021b01d9a800 Exception <a 'java/lang/NoSuchMethodError'{0x0000000088d11818}: 'void java.lang.invoke.DirectMethodHandle$Holder.invokeSpecial(java.lang.Object, java.lang.Object)'> (0x0000000088d11818) thrown at [./src/hotspot/share/interpreter/linkResolver.cpp, line 773]
Event: 2.863 Thread 0x0000021b01d9a800 Exception <a 'java/lang/NoSuchMethodError'{0x0000000088bbd6d0}: 'void java.lang.invoke.DirectMethodHandle$Holder.invokeStaticInit(java.lang.Object, java.lang.Object)'> (0x0000000088bbd6d0) thrown at [./src/hotspot/share/interpreter/linkResolver.cpp, line 773]
Event: 2.882 Thread 0x0000021b01d9a800 Exception <a 'java/lang/NoSuchMethodError'{0x0000000088bfc848}: 'void java.lang.invoke.DirectMethodHandle$Holder.invokeInterface(java.lang.Object, java.lang.Object)'> (0x0000000088bfc848) thrown at [./src/hotspot/share/interpreter/linkResolver.cpp, line 773]
Event: 3.009 Thread 0x0000021b01d9a800 Exception <a 'java/lang/NoSuchMethodError'{0x000000008862a158}: 'void java.lang.invoke.DirectMethodHandle$Holder.invokeVirtual(java.lang.Object, java.lang.Object)'> (0x000000008862a158) thrown at [./src/hotspot/share/interpreter/linkResolver.cpp, line 773]
Event: 3.020 Thread 0x0000021b01d9a800 Exception <a 'java/lang/NoSuchMethodError'{0x00000000886a2e98}: 'int java.lang.invoke.DirectMethodHandle$Holder.invokeVirtual(java.lang.Object, java.lang.Object)'> (0x00000000886a2e98) thrown at [./src/hotspot/share/interpreter/linkResolver.cpp, line 773]
Event: 3.768 Thread 0x0000021b01d9a800 Exception <a 'java/lang/NoSuchMethodError'{0x0000000089450d20}: 'java.lang.Object java.lang.invoke.DirectMethodHandle$Holder.invokeVirtual(java.lang.Object, java.lang.Object, java.lang.Object)'> (0x0000000089450d20) thrown at [./src/hotspot/share/interpreter/linkResolver.cpp, line 773]
Event: 4.824 Thread 0x0000021b01d9a800 Exception <a 'java/lang/NoSuchMethodError'{0x0000000087c899e8}: 'java.lang.Object java.lang.invoke.DirectMethodHandle$Holder.invokeStatic(java.lang.Object, java.lang.Object, java.lang.Object, int)'> (0x0000000087c899e8) thrown at [./src/hotspot/share/interpreter/linkResolver.cpp, line 773]
Event: 4.824 Thread 0x0000021b01d9a800 Exception <a 'java/lang/NoSuchMethodError'{0x0000000087c8d658}: 'java.lang.Object java.lang.invoke.DirectMethodHandle$Holder.invokeSpecial(java.lang.Object, java.lang.Object, java.lang.Object, java.lang.Object, int)'> (0x0000000087c8d658) thrown at [./src/hotspot/share/interpreter/linkResolver.cpp, line 773]
Event: 4.825 Thread 0x0000021b01d9a800 Exception <a 'java/lang/NoSuchMethodError'{0x0000000087c90968}: 'java.lang.Object java.lang.invoke.Invokers$Holder.linkToTargetMethod(java.lang.Object, java.lang.Object, int, java.lang.Object)'> (0x0000000087c90968) thrown at [./src/hotspot/share/interpreter/linkResolver.cpp, line 773]

Events (20 events):
Event: 5.031 loading class org/jetbrains/kotlin/load/kotlin/KotlinJvmBinaryClass$AnnotationVisitor
Event: 5.031 loading class org/jetbrains/kotlin/load/kotlin/KotlinJvmBinaryClass$AnnotationVisitor done
Event: 5.031 loading class org/jetbrains/kotlin/load/kotlin/FileBasedKotlinClass$InnerClassesInfo
Event: 5.031 loading class org/jetbrains/kotlin/load/kotlin/FileBasedKotlinClass$InnerClassesInfo done
Event: 5.032 loading class org/jetbrains/org/objectweb/asm/ClassReader
Event: 5.032 loading class org/jetbrains/org/objectweb/asm/ClassReader done
Event: 5.041 loading class org/jetbrains/org/objectweb/asm/Label
Event: 5.041 loading class org/jetbrains/org/objectweb/asm/Label done
Event: 5.043 loading class org/jetbrains/org/objectweb/asm/Attribute
Event: 5.043 loading class org/jetbrains/org/objectweb/asm/Attribute done
Event: 5.044 loading class org/jetbrains/org/objectweb/asm/Context
Event: 5.044 loading class org/jetbrains/org/objectweb/asm/Context done
Event: 5.044 loading class org/jetbrains/kotlin/load/kotlin/FileBasedKotlinClass$OuterAndInnerName
Event: 5.044 loading class org/jetbrains/kotlin/load/kotlin/FileBasedKotlinClass$OuterAndInnerName done
Event: 5.045 loading class org/jetbrains/kotlin/load/kotlin/KotlinClassFinder$Result$ClassFileContent
Event: 5.045 loading class org/jetbrains/kotlin/load/kotlin/KotlinClassFinder$Result$ClassFileContent done
Event: 5.045 loading class org/jetbrains/kotlin/load/kotlin/KotlinClassFinder$Result$KotlinClass
Event: 5.045 loading class org/jetbrains/kotlin/load/kotlin/KotlinClassFinder$Result$KotlinClass done
Event: 5.046 loading class org/jetbrains/kotlin/load/java/structure/impl/classFiles/ClassifierResolutionContext
Event: 5.046 loading class org/jetbrains/kotlin/load/java/structure/impl/classFiles/ClassifierResolutionContext done


Dynamic libraries:
0x00007ff7d6270000 - 0x00007ff7d627a000 	C:\Program Files\Android\Android Studio1\jre\bin\java.exe
0x00007ffcb18b0000 - 0x00007ffcb1aa5000 	C:\WINDOWS\SYSTEM32\ntdll.dll
0x00007ffcb04d0000 - 0x00007ffcb058d000 	C:\WINDOWS\System32\KERNEL32.DLL
0x00007ffcaf340000 - 0x00007ffcaf609000 	C:\WINDOWS\System32\KERNELBASE.dll
0x00007ffcaf0f0000 - 0x00007ffcaf1f0000 	C:\WINDOWS\System32\ucrtbase.dll
0x00007ffca5c20000 - 0x00007ffca5c37000 	C:\Program Files\Android\Android Studio1\jre\bin\VCRUNTIME140.dll
0x00007ffca5d60000 - 0x00007ffca5d79000 	C:\Program Files\Android\Android Studio1\jre\bin\jli.dll
0x00007ffcafc40000 - 0x00007ffcafde0000 	C:\WINDOWS\System32\USER32.dll
0x00007ffca4010000 - 0x00007ffca42aa000 	C:\WINDOWS\WinSxS\amd64_microsoft.windows.common-controls_6595b64144ccf1df_6.0.19041.1110_none_60b5254171f9507e\COMCTL32.dll
0x00007ffcaf070000 - 0x00007ffcaf092000 	C:\WINDOWS\System32\win32u.dll
0x00007ffcb0a70000 - 0x00007ffcb0b0e000 	C:\WINDOWS\System32\msvcrt.dll
0x00007ffcb0990000 - 0x00007ffcb09ba000 	C:\WINDOWS\System32\GDI32.dll
0x00007ffcaf800000 - 0x00007ffcaf90b000 	C:\WINDOWS\System32\gdi32full.dll
0x00007ffcaf2a0000 - 0x00007ffcaf33d000 	C:\WINDOWS\System32\msvcp_win.dll
0x00007ffcb0960000 - 0x00007ffcb0990000 	C:\WINDOWS\System32\IMM32.DLL
0x00007ffc84a20000 - 0x00007ffc84abd000 	C:\Program Files\Android\Android Studio1\jre\bin\msvcp140.dll
0x00007ffc53560000 - 0x00007ffc5402f000 	C:\Program Files\Android\Android Studio1\jre\bin\server\jvm.dll
0x00007ffcb09c0000 - 0x00007ffcb0a6c000 	C:\WINDOWS\System32\ADVAPI32.dll
0x00007ffcaf910000 - 0x00007ffcaf9ab000 	C:\WINDOWS\System32\sechost.dll
0x00007ffcafe40000 - 0x00007ffcaff6a000 	C:\WINDOWS\System32\RPCRT4.dll
0x00007ffcb0160000 - 0x00007ffcb0168000 	C:\WINDOWS\System32\PSAPI.DLL
0x00007ffca9f50000 - 0x00007ffca9f59000 	C:\WINDOWS\SYSTEM32\WSOCK32.dll
0x00007ffca1110000 - 0x00007ffca1137000 	C:\WINDOWS\SYSTEM32\WINMM.dll
0x00007ffca5c90000 - 0x00007ffca5c9a000 	C:\WINDOWS\SYSTEM32\VERSION.dll
0x00007ffcb00f0000 - 0x00007ffcb015b000 	C:\WINDOWS\System32\WS2_32.dll
0x00007ffcacef0000 - 0x00007ffcacf02000 	C:\WINDOWS\SYSTEM32\kernel.appcore.dll
0x00007ffca3eb0000 - 0x00007ffca3ec1000 	C:\Program Files\Android\Android Studio1\jre\bin\verify.dll
0x00007ffca6660000 - 0x00007ffca6844000 	C:\WINDOWS\SYSTEM32\DBGHELP.DLL
0x00007ffca65d0000 - 0x00007ffca65fc000 	C:\WINDOWS\SYSTEM32\dbgcore.DLL
0x00007ffcaefe0000 - 0x00007ffcaf063000 	C:\WINDOWS\System32\bcryptPrimitives.dll
0x00007ffca3d00000 - 0x00007ffca3d29000 	C:\Program Files\Android\Android Studio1\jre\bin\java.dll
0x00007ffca7be0000 - 0x00007ffca7beb000 	C:\Program Files\Android\Android Studio1\jre\bin\jimage.dll
0x00007ffc9b1c0000 - 0x00007ffc9b1d8000 	C:\Program Files\Android\Android Studio1\jre\bin\zip.dll
0x00007ffcb0c30000 - 0x00007ffcb136f000 	C:\WINDOWS\System32\SHELL32.dll
0x00007ffcad0f0000 - 0x00007ffcad880000 	C:\WINDOWS\SYSTEM32\windows.storage.dll
0x00007ffcb0170000 - 0x00007ffcb04c5000 	C:\WINDOWS\System32\combase.dll
0x00007ffcaea40000 - 0x00007ffcaea6c000 	C:\WINDOWS\SYSTEM32\Wldp.dll
0x00007ffcafb80000 - 0x00007ffcafc2e000 	C:\WINDOWS\System32\SHCORE.dll
0x00007ffcafde0000 - 0x00007ffcafe35000 	C:\WINDOWS\System32\shlwapi.dll
0x00007ffcaef20000 - 0x00007ffcaef3f000 	C:\WINDOWS\SYSTEM32\profapi.dll
0x00007ffc9b1a0000 - 0x00007ffc9b1ba000 	C:\Program Files\Android\Android Studio1\jre\bin\net.dll
0x00007ffca6850000 - 0x00007ffca6958000 	C:\WINDOWS\SYSTEM32\WINHTTP.dll
0x00007ffcae7a0000 - 0x00007ffcae80a000 	C:\WINDOWS\system32\mswsock.dll
0x00007ffc9b180000 - 0x00007ffc9b194000 	C:\Program Files\Android\Android Studio1\jre\bin\nio.dll

dbghelp: loaded successfully - version: 4.0.5 - missing functions: none
symbol engine: initialized successfully - sym options: 0x614 - pdb path: .;C:\Program Files\Android\Android Studio1\jre\bin;C:\WINDOWS\SYSTEM32;C:\WINDOWS\WinSxS\amd64_microsoft.windows.common-controls_6595b64144ccf1df_6.0.19041.1110_none_60b5254171f9507e;C:\Program Files\Android\Android Studio1\jre\bin\server

VM Arguments:
java_command: org.jetbrains.kotlin.cli.jvm.K2JVMCompiler @C:\Users\SMART WAY\AndroidStudioProjects\MyApplication333333\app\build\20210822_15693936145413652509.compiler.options
java_class_path (initial): C:\Users\SMART WAY\.gradle\wrapper\dists\gradle-7.0.2\caches\modules-2\files-2.1\org.jetbrains.kotlin\kotlin-compiler-embeddable\1.5.21\40ddbcae9ff100473f95370c2d589ba3fc48eed5\kotlin-compiler-embeddable-1.5.21.jar;C:\Users\SMART WAY\.gradle\wrapper\dists\gradle-7.0.2\caches\modules-2\files-2.1\org.jetbrains.kotlin\kotlin-reflect\1.5.21\802f1f39735ae1eb2b75714a40fa19bb2e687e96\kotlin-reflect-1.5.21.jar;C:\Users\SMART WAY\.gradle\wrapper\dists\gradle-7.0.2\caches\modules-2\files-2.1\org.jetbrains.kotlin\kotlin-stdlib\1.5.21\2f537cad7e9eeb9da73738c8812e1e4cf9b62e4e\kotlin-stdlib-1.5.21.jar;C:\Users\SMART WAY\.gradle\wrapper\dists\gradle-7.0.2\caches\modules-2\files-2.1\org.jetbrains.kotlin\kotlin-script-runtime\1.5.21\96d49e89873fde985750af354b6eabb60cfa999b\kotlin-script-runtime-1.5.21.jar;C:\Users\SMART WAY\.gradle\wrapper\dists\gradle-7.0.2\caches\modules-2\files-2.1\org.jetbrains.kotlin\kotlin-daemon-embeddable\1.5.21\17255809e66a940dfdf6289bccbdfb5a09f3145\kotlin-daemon-embeddable-1.5.21.jar;C:\Users\SMART WAY\.gradle\wrapper\dists\gradle-7.0.2\caches\modules-2\files-2.1\org.jetbrains.intellij.deps\trove4j\1.0.20181211\216c2e14b070f334479d800987affe4054cd563f\trove4j-1.0.20181211.jar;C:\Users\SMART WAY\.gradle\wrapper\dists\gradle-7.0.2\caches\modules-2\files-2.1\org.jetbrains\annotations\13.0\919f0dfe192fb4e063e7dacadee7f8bb9a2672a9\annotations-13.0.jar;C:\Users\SMART WAY\.gradle\wrapper\dists\gradle-7.0.2\caches\modules-2\files-2.1\org.jetbrains.kotlin\kotlin-stdlib-common\1.5.21\cc8bf3586fd2ebcf234058b9440bb406e62dfacb\kotlin-stdlib-common-1.5.21.jar
Launcher Type: SUN_STANDARD

[Global flags]
     intx CICompilerCount                          = 3                                         {product} {ergonomic}
     uint ConcGCThreads                            = 1                                         {product} {ergonomic}
     uint G1ConcRefinementThreads                  = 4                                         {product} {ergonomic}
   size_t G1HeapRegionSize                         = 1048576                                   {product} {ergonomic}
    uintx GCDrainStackTargetSize                   = 64                                        {product} {ergonomic}
   size_t InitialHeapSize                          = 134217728                                 {product} {ergonomic}
   size_t MarkStackSize                            = 4194304                                   {product} {ergonomic}
   size_t MaxHeapSize                              = 2116026368                                {product} {ergonomic}
   size_t MaxNewSize                               = 1268776960                                {product} {ergonomic}
   size_t MinHeapDeltaBytes                        = 1048576                                   {product} {ergonomic}
    uintx NonNMethodCodeHeapSize                   = 5830732                                {pd product} {ergonomic}
    uintx NonProfiledCodeHeapSize                  = 122913754                              {pd product} {ergonomic}
    uintx ProfiledCodeHeapSize                     = 122913754                              {pd product} {ergonomic}
    uintx ReservedCodeCacheSize                    = 251658240                              {pd product} {ergonomic}
     bool SegmentedCodeCache                       = true                                      {product} {ergonomic}
     bool UseCompressedClassPointers               = true                                 {lp64_product} {ergonomic}
     bool UseCompressedOops                        = true                                 {lp64_product} {ergonomic}
     bool UseG1GC                                  = true                                      {product} {ergonomic}
     bool UseLargePagesIndividualAllocation        = false                                  {pd product} {ergonomic}

Logging:
Log output configuration:
 #0: stdout all=warning uptime,level,tags
 #1: stderr all=off uptime,level,tags

Environment Variables:
PATH=C:\Program Files\Common Files\Oracle\Java\javapath;C:\WINDOWS\system32;C:\WINDOWS;C:\WINDOWS\System32\Wbem;C:\WINDOWS\System32\WindowsPowerShell\v1.0\;C:\WINDOWS\System32\OpenSSH\;C:\Program Files\Git\cmd;C:\Users\SMART WAY\AppData\Local\Microsoft\WindowsApps;C:\Users\SMART WAY\.gradle\wrapper\dists\gradle-7.0;C:\Users\SMART WAY\.gradle\wrapper\dists\gradle-7.1\bin;C:\Users\SMART WAY\.gradle\wrapper\dists\gradle-7.0.2\bin;
USERNAME=SMART WAY
OS=Windows_NT
PROCESSOR_IDENTIFIER=Intel64 Family 6 Model 61 Stepping 4, GenuineIntel



---------------  S Y S T E M  ---------------

OS: Windows 10 , 64 bit Build 19041 (10.0.19041.1151)
OS uptime: 11 days 22:42 hours

CPU:total 4 (initial active 4) (2 cores per cpu, 2 threads per core) family 6 model 61 stepping 4 microcode 0x2f, cmov, cx8, fxsr, mmx, sse, sse2, sse3, ssse3, sse4.1, sse4.2, popcnt, avx, avx2, aes, clmul, erms, rtm, 3dnowpref, lzcnt, ht, tsc, tscinvbit, bmi1, bmi2, adx, fma

Memory: 4k page, system-wide physical 8067M (345M free)
TotalPageFile size 21538M (AvailPageFile size 4M)
current process WorkingSet (physical memory assigned to process): 211M, peak: 211M
current process commit charge ("private bytes"): 288M, peak: 288M

vm_info: OpenJDK 64-Bit Server VM (11.0.10+0-b96-7249189) for windows-amd64 JRE (11.0.10+0-b96-7249189), built on Mar 31 2021 21:44:00 by "builder" with MS VC++ 14.0 (VS2015)

END.
