#
# There is insufficient memory for the Java Runtime Environment to continue.
# Native memory allocation (malloc) failed to allocate 1248176 bytes for Chunk::new
# Possible reasons:
#   The system is out of physical RAM or swap space
#   The process is running with CompressedOops enabled, and the Java Heap may be blocking the growth of the native heap
# Possible solutions:
#   Reduce memory load on the system
#   Increase physical memory or swap space
#   Check if swap backing store is full
#   Decrease Java heap size (-Xmx/-Xms)
#   Decrease number of Java threads
#   Decrease Java thread stack sizes (-Xss)
#   Set larger code cache with -XX:ReservedCodeCacheSize=
#   JVM is running with Unscaled Compressed Oops mode in which the Java heap is
#     placed in the first 4GB address space. The Java Heap base address is the
#     maximum limit for the native heap growth. Please use -XX:HeapBaseMinAddress
#     to set the Java Heap base and to place the Java Heap above 4GB virtual address.
# This output file may be truncated or incomplete.
#
#  Out of Memory Error (./src/hotspot/share/memory/arena.cpp:197), pid=19536, tid=9060
#
# JRE version: OpenJDK Runtime Environment (11.0.10) (build 11.0.10+0-b96-7249189)
# Java VM: OpenJDK 64-Bit Server VM (11.0.10+0-b96-7249189, mixed mode, tiered, compressed oops, g1 gc, windows-amd64)
# No core dump will be written. Minidumps are not enabled by default on client versions of Windows
#

---------------  S U M M A R Y ------------

Command Line: org.jetbrains.kotlin.cli.jvm.K2JVMCompiler @C:\Users\SMART WAY\AndroidStudioProjects\MyApplication333333\app\build\20210823_10053151360027861645.compiler.options

Host: Intel(R) Core(TM) i7-5600U CPU @ 2.60GHz, 4 cores, 7G,  Windows 10 , 64 bit Build 19041 (10.0.19041.1151)
Time: Mon Aug 23 00:48:53 2021 Arabic Standard Time elapsed time: 2.684683 seconds (0d 0h 0m 2s)

---------------  T H R E A D  ---------------

Current thread (0x00000193346ea000):  JavaThread "C2 CompilerThread0" daemon [_thread_in_native, id=9060, stack(0x0000002e73a00000,0x0000002e73b00000)]


Current CompileTask:
C2:   2684 2258   !   4       java.net.URL::<init> (543 bytes)

Stack: [0x0000002e73a00000,0x0000002e73b00000]
Native frames: (J=compiled Java code, j=interpreted, Vv=VM code, C=native code)
V  [jvm.dll+0x5ecfaa]
V  [jvm.dll+0x722bd5]
V  [jvm.dll+0x72412d]
V  [jvm.dll+0x7247e3]
V  [jvm.dll+0x242928]
V  [jvm.dll+0xbc4fc]
V  [jvm.dll+0xbca0c]
V  [jvm.dll+0x352d3b]
V  [jvm.dll+0x320ad3]
V  [jvm.dll+0x31ffca]
V  [jvm.dll+0x1fb602]
V  [jvm.dll+0x1fa7f4]
V  [jvm.dll+0x18354c]
V  [jvm.dll+0x208ee7]
V  [jvm.dll+0x207731]
V  [jvm.dll+0x6eb1cf]
V  [jvm.dll+0x6e3d45]
V  [jvm.dll+0x5ebe96]
C  [ucrtbase.dll+0x21bb2]
C  [KERNEL32.DLL+0x17034]
C  [ntdll.dll+0x52651]


---------------  P R O C E S S  ---------------

Threads class SMR info:
_java_thread_list=0x0000019336794230, length=11, elements={
0x0000019318c5a000, 0x00000193346c3800, 0x00000193346cf000, 0x00000193346e0800,
0x00000193346e3800, 0x00000193346e5000, 0x00000193346ea000, 0x00000193346ef000,
0x00000193346f2000, 0x00000193351bc800, 0x0000019336679000
}

Java Threads: ( => current thread )
  0x0000019318c5a000 JavaThread "main" [_thread_in_Java, id=13160, stack(0x0000002e72e00000,0x0000002e72f00000)]
  0x00000193346c3800 JavaThread "Reference Handler" daemon [_thread_blocked, id=6000, stack(0x0000002e73500000,0x0000002e73600000)]
  0x00000193346cf000 JavaThread "Finalizer" daemon [_thread_blocked, id=17204, stack(0x0000002e73600000,0x0000002e73700000)]
  0x00000193346e0800 JavaThread "Signal Dispatcher" daemon [_thread_blocked, id=13016, stack(0x0000002e73700000,0x0000002e73800000)]
  0x00000193346e3800 JavaThread "Attach Listener" daemon [_thread_blocked, id=14456, stack(0x0000002e73800000,0x0000002e73900000)]
  0x00000193346e5000 JavaThread "Service Thread" daemon [_thread_blocked, id=20236, stack(0x0000002e73900000,0x0000002e73a00000)]
=>0x00000193346ea000 JavaThread "C2 CompilerThread0" daemon [_thread_in_native, id=9060, stack(0x0000002e73a00000,0x0000002e73b00000)]
  0x00000193346ef000 JavaThread "C1 CompilerThread0" daemon [_thread_in_vm, id=14280, stack(0x0000002e73b00000,0x0000002e73c00000)]
  0x00000193346f2000 JavaThread "Sweeper thread" daemon [_thread_blocked, id=20204, stack(0x0000002e73c00000,0x0000002e73d00000)]
  0x00000193351bc800 JavaThread "Common-Cleaner" daemon [_thread_blocked, id=7184, stack(0x0000002e73e00000,0x0000002e73f00000)]
  0x0000019336679000 JavaThread "C2 CompilerThread1" daemon [_thread_in_native, id=18272, stack(0x0000002e73f00000,0x0000002e74000000)]

Other Threads:
  0x000001933469e000 VMThread "VM Thread" [stack: 0x0000002e73400000,0x0000002e73500000] [id=11044]
  0x00000193351a3800 WatcherThread [stack: 0x0000002e73d00000,0x0000002e73e00000] [id=3784]
  0x0000019318c72800 GCTaskThread "GC Thread#0" [stack: 0x0000002e72f00000,0x0000002e73000000] [id=844]
  0x0000019335553000 GCTaskThread "GC Thread#1" [stack: 0x0000002e74000000,0x0000002e74100000] [id=19628]
  0x0000019335727000 GCTaskThread "GC Thread#2" [stack: 0x0000002e74100000,0x0000002e74200000] [id=3428]
  0x0000019318ca2000 ConcurrentGCThread "G1 Main Marker" [stack: 0x0000002e73000000,0x0000002e73100000] [id=15984]
  0x0000019318ca3000 ConcurrentGCThread "G1 Conc#0" [stack: 0x0000002e73100000,0x0000002e73200000] [id=16592]
  0x0000019318d35000 ConcurrentGCThread "G1 Refine#0" [stack: 0x0000002e73200000,0x0000002e73300000] [id=16068]
  0x0000019318d37000 ConcurrentGCThread "G1 Young RemSet Sampling" [stack: 0x0000002e73300000,0x0000002e73400000] [id=20052]

Threads with active compile tasks:
C2 CompilerThread0   2706 2258   !   4       java.net.URL::<init> (543 bytes)
C2 CompilerThread1   2706 2340       4       java.lang.StringLatin1::toUpperCase (180 bytes)

VM state:not at safepoint (normal execution)

VM Mutex/Monitor currently owned by a thread: None

Heap address: 0x0000000081e00000, size: 2018 MB, Compressed Oops mode: 32-bit
Narrow klass base: 0x0000000000000000, Narrow klass shift: 3
Compressed class space size: 1073741824 Address: 0x0000000100000000

Heap:
 garbage-first heap   total 131072K, used 27692K [0x0000000081e00000, 0x0000000100000000)
  region size 1024K, 11 young (11264K), 6 survivors (6144K)
 Metaspace       used 32542K, capacity 32971K, committed 33280K, reserved 1079296K
  class space    used 3847K, capacity 4017K, committed 4096K, reserved 1048576K
Heap Regions: E=young(eden), S=young(survivor), O=old, HS=humongous(starts), HC=humongous(continues), CS=collection set, F=free, A=archive, TAMS=top-at-mark-start (previous, next)
|   0|0x0000000081e00000, 0x0000000081f00000, 0x0000000081f00000|100%|HS|  |TAMS 0x0000000081f00000, 0x0000000081e00000| Complete 
|   1|0x0000000081f00000, 0x0000000082000000, 0x0000000082000000|100%|HC|  |TAMS 0x0000000082000000, 0x0000000081f00000| Complete 
|   2|0x0000000082000000, 0x0000000082100000, 0x0000000082100000|100%|HC|  |TAMS 0x0000000082100000, 0x0000000082000000| Complete 
|   3|0x0000000082100000, 0x0000000082200000, 0x0000000082200000|100%| O|  |TAMS 0x0000000082100000, 0x0000000082100000| Untracked 
|   4|0x0000000082200000, 0x0000000082300000, 0x0000000082300000|100%| O|  |TAMS 0x0000000082214600, 0x0000000082200000| Untracked 
|   5|0x0000000082300000, 0x0000000082400000, 0x0000000082400000|100%|HS|  |TAMS 0x0000000082300000, 0x0000000082300000| Complete 
|   6|0x0000000082400000, 0x0000000082500000, 0x0000000082500000|100%|HC|  |TAMS 0x0000000082400000, 0x0000000082400000| Complete 
|   7|0x0000000082500000, 0x0000000082600000, 0x0000000082600000|100%|HC|  |TAMS 0x0000000082500000, 0x0000000082500000| Complete 
|   8|0x0000000082600000, 0x0000000082700000, 0x0000000082700000|100%|HS|  |TAMS 0x0000000082600000, 0x0000000082600000| Complete 
|   9|0x0000000082700000, 0x0000000082800000, 0x0000000082800000|100%|HC|  |TAMS 0x0000000082700000, 0x0000000082700000| Complete 
|  10|0x0000000082800000, 0x0000000082900000, 0x0000000082900000|100%|HC|  |TAMS 0x0000000082800000, 0x0000000082800000| Complete 
|  11|0x0000000082900000, 0x0000000082900000, 0x0000000082a00000|  0%| F|  |TAMS 0x0000000082900000, 0x0000000082900000| Untracked 
|  12|0x0000000082a00000, 0x0000000082a00000, 0x0000000082b00000|  0%| F|  |TAMS 0x0000000082a00000, 0x0000000082a00000| Untracked 
|  13|0x0000000082b00000, 0x0000000082b00000, 0x0000000082c00000|  0%| F|  |TAMS 0x0000000082b00000, 0x0000000082b00000| Untracked 
|  14|0x0000000082c00000, 0x0000000082c00000, 0x0000000082d00000|  0%| F|  |TAMS 0x0000000082c00000, 0x0000000082c00000| Untracked 
|  15|0x0000000082d00000, 0x0000000082e00000, 0x0000000082e00000|100%|HS|  |TAMS 0x0000000082d00000, 0x0000000082d00000| Complete 
|  16|0x0000000082e00000, 0x0000000082f00000, 0x0000000082f00000|100%|HC|  |TAMS 0x0000000082e00000, 0x0000000082e00000| Complete 
|  17|0x0000000082f00000, 0x0000000083000000, 0x0000000083000000|100%| O|  |TAMS 0x0000000082f00000, 0x0000000082f00000| Untracked 
|  18|0x0000000083000000, 0x0000000083100000, 0x0000000083100000|100%| O|  |TAMS 0x0000000083000000, 0x0000000083000000| Untracked 
|  19|0x0000000083100000, 0x0000000083200000, 0x0000000083200000|100%| O|  |TAMS 0x0000000083100000, 0x0000000083100000| Untracked 
|  20|0x0000000083200000, 0x0000000083300000, 0x0000000083300000|100%| O|  |TAMS 0x0000000083200000, 0x0000000083200000| Untracked 
|  21|0x0000000083300000, 0x000000008330b200, 0x0000000083400000|  4%| O|  |TAMS 0x0000000083300000, 0x0000000083300000| Untracked 
|  22|0x0000000083400000, 0x0000000083400000, 0x0000000083500000|  0%| F|  |TAMS 0x0000000083400000, 0x0000000083400000| Untracked 
|  23|0x0000000083500000, 0x0000000083500000, 0x0000000083600000|  0%| F|  |TAMS 0x0000000083500000, 0x0000000083500000| Untracked 
|  24|0x0000000083600000, 0x0000000083600000, 0x0000000083700000|  0%| F|  |TAMS 0x0000000083600000, 0x0000000083600000| Untracked 
|  25|0x0000000083700000, 0x0000000083700000, 0x0000000083800000|  0%| F|  |TAMS 0x0000000083700000, 0x0000000083700000| Untracked 
|  26|0x0000000083800000, 0x0000000083800000, 0x0000000083900000|  0%| F|  |TAMS 0x0000000083800000, 0x0000000083800000| Untracked 
|  27|0x0000000083900000, 0x0000000083900000, 0x0000000083a00000|  0%| F|  |TAMS 0x0000000083900000, 0x0000000083900000| Untracked 
|  28|0x0000000083a00000, 0x0000000083a00000, 0x0000000083b00000|  0%| F|  |TAMS 0x0000000083a00000, 0x0000000083a00000| Untracked 
|  29|0x0000000083b00000, 0x0000000083b00000, 0x0000000083c00000|  0%| F|  |TAMS 0x0000000083b00000, 0x0000000083b00000| Untracked 
|  30|0x0000000083c00000, 0x0000000083c00000, 0x0000000083d00000|  0%| F|  |TAMS 0x0000000083c00000, 0x0000000083c00000| Untracked 
|  31|0x0000000083d00000, 0x0000000083d00000, 0x0000000083e00000|  0%| F|  |TAMS 0x0000000083d00000, 0x0000000083d00000| Untracked 
|  32|0x0000000083e00000, 0x0000000083e00000, 0x0000000083f00000|  0%| F|  |TAMS 0x0000000083e00000, 0x0000000083e00000| Untracked 
|  33|0x0000000083f00000, 0x0000000083f00000, 0x0000000084000000|  0%| F|  |TAMS 0x0000000083f00000, 0x0000000083f00000| Untracked 
|  34|0x0000000084000000, 0x0000000084000000, 0x0000000084100000|  0%| F|  |TAMS 0x0000000084000000, 0x0000000084000000| Untracked 
|  35|0x0000000084100000, 0x0000000084100000, 0x0000000084200000|  0%| F|  |TAMS 0x0000000084100000, 0x0000000084100000| Untracked 
|  36|0x0000000084200000, 0x0000000084200000, 0x0000000084300000|  0%| F|  |TAMS 0x0000000084200000, 0x0000000084200000| Untracked 
|  37|0x0000000084300000, 0x0000000084300000, 0x0000000084400000|  0%| F|  |TAMS 0x0000000084300000, 0x0000000084300000| Untracked 
|  38|0x0000000084400000, 0x0000000084400000, 0x0000000084500000|  0%| F|  |TAMS 0x0000000084400000, 0x0000000084400000| Untracked 
|  39|0x0000000084500000, 0x0000000084500000, 0x0000000084600000|  0%| F|  |TAMS 0x0000000084500000, 0x0000000084500000| Untracked 
|  40|0x0000000084600000, 0x0000000084600000, 0x0000000084700000|  0%| F|  |TAMS 0x0000000084600000, 0x0000000084600000| Untracked 
|  41|0x0000000084700000, 0x0000000084700000, 0x0000000084800000|  0%| F|  |TAMS 0x0000000084700000, 0x0000000084700000| Untracked 
|  42|0x0000000084800000, 0x0000000084800000, 0x0000000084900000|  0%| F|  |TAMS 0x0000000084800000, 0x0000000084800000| Untracked 
|  43|0x0000000084900000, 0x0000000084900000, 0x0000000084a00000|  0%| F|  |TAMS 0x0000000084900000, 0x0000000084900000| Untracked 
|  44|0x0000000084a00000, 0x0000000084a00000, 0x0000000084b00000|  0%| F|  |TAMS 0x0000000084a00000, 0x0000000084a00000| Untracked 
|  45|0x0000000084b00000, 0x0000000084b00000, 0x0000000084c00000|  0%| F|  |TAMS 0x0000000084b00000, 0x0000000084b00000| Untracked 
|  46|0x0000000084c00000, 0x0000000084c00000, 0x0000000084d00000|  0%| F|  |TAMS 0x0000000084c00000, 0x0000000084c00000| Untracked 
|  47|0x0000000084d00000, 0x0000000084d00000, 0x0000000084e00000|  0%| F|  |TAMS 0x0000000084d00000, 0x0000000084d00000| Untracked 
|  48|0x0000000084e00000, 0x0000000084e00000, 0x0000000084f00000|  0%| F|  |TAMS 0x0000000084e00000, 0x0000000084e00000| Untracked 
|  49|0x0000000084f00000, 0x0000000084f00000, 0x0000000085000000|  0%| F|  |TAMS 0x0000000084f00000, 0x0000000084f00000| Untracked 
|  50|0x0000000085000000, 0x0000000085000000, 0x0000000085100000|  0%| F|  |TAMS 0x0000000085000000, 0x0000000085000000| Untracked 
|  51|0x0000000085100000, 0x0000000085100000, 0x0000000085200000|  0%| F|  |TAMS 0x0000000085100000, 0x0000000085100000| Untracked 
|  52|0x0000000085200000, 0x0000000085200000, 0x0000000085300000|  0%| F|  |TAMS 0x0000000085200000, 0x0000000085200000| Untracked 
|  53|0x0000000085300000, 0x0000000085300000, 0x0000000085400000|  0%| F|  |TAMS 0x0000000085300000, 0x0000000085300000| Untracked 
|  54|0x0000000085400000, 0x0000000085400000, 0x0000000085500000|  0%| F|  |TAMS 0x0000000085400000, 0x0000000085400000| Untracked 
|  55|0x0000000085500000, 0x0000000085500000, 0x0000000085600000|  0%| F|  |TAMS 0x0000000085500000, 0x0000000085500000| Untracked 
|  56|0x0000000085600000, 0x0000000085600000, 0x0000000085700000|  0%| F|  |TAMS 0x0000000085600000, 0x0000000085600000| Untracked 
|  57|0x0000000085700000, 0x0000000085700000, 0x0000000085800000|  0%| F|  |TAMS 0x0000000085700000, 0x0000000085700000| Untracked 
|  58|0x0000000085800000, 0x0000000085800000, 0x0000000085900000|  0%| F|  |TAMS 0x0000000085800000, 0x0000000085800000| Untracked 
|  59|0x0000000085900000, 0x0000000085900000, 0x0000000085a00000|  0%| F|  |TAMS 0x0000000085900000, 0x0000000085900000| Untracked 
|  60|0x0000000085a00000, 0x0000000085a00000, 0x0000000085b00000|  0%| F|  |TAMS 0x0000000085a00000, 0x0000000085a00000| Untracked 
|  61|0x0000000085b00000, 0x0000000085b00000, 0x0000000085c00000|  0%| F|  |TAMS 0x0000000085b00000, 0x0000000085b00000| Untracked 
|  62|0x0000000085c00000, 0x0000000085c00000, 0x0000000085d00000|  0%| F|  |TAMS 0x0000000085c00000, 0x0000000085c00000| Untracked 
|  63|0x0000000085d00000, 0x0000000085d00000, 0x0000000085e00000|  0%| F|  |TAMS 0x0000000085d00000, 0x0000000085d00000| Untracked 
|  64|0x0000000085e00000, 0x0000000085e00000, 0x0000000085f00000|  0%| F|  |TAMS 0x0000000085e00000, 0x0000000085e00000| Untracked 
|  65|0x0000000085f00000, 0x0000000086000000, 0x0000000086000000|100%| S|CS|TAMS 0x0000000085f00000, 0x0000000085f00000| Complete 
|  66|0x0000000086000000, 0x0000000086100000, 0x0000000086100000|100%| S|CS|TAMS 0x0000000086000000, 0x0000000086000000| Complete 
|  67|0x0000000086100000, 0x0000000086200000, 0x0000000086200000|100%| S|CS|TAMS 0x0000000086100000, 0x0000000086100000| Complete 
|  68|0x0000000086200000, 0x0000000086300000, 0x0000000086300000|100%| S|CS|TAMS 0x0000000086200000, 0x0000000086200000| Complete 
|  69|0x0000000086300000, 0x0000000086400000, 0x0000000086400000|100%| S|CS|TAMS 0x0000000086300000, 0x0000000086300000| Complete 
|  70|0x0000000086400000, 0x0000000086500000, 0x0000000086500000|100%| S|CS|TAMS 0x0000000086400000, 0x0000000086400000| Complete 
|  71|0x0000000086500000, 0x0000000086500000, 0x0000000086600000|  0%| F|  |TAMS 0x0000000086500000, 0x0000000086500000| Untracked 
|  72|0x0000000086600000, 0x0000000086600000, 0x0000000086700000|  0%| F|  |TAMS 0x0000000086600000, 0x0000000086600000| Untracked 
|  73|0x0000000086700000, 0x0000000086700000, 0x0000000086800000|  0%| F|  |TAMS 0x0000000086700000, 0x0000000086700000| Untracked 
|  74|0x0000000086800000, 0x0000000086800000, 0x0000000086900000|  0%| F|  |TAMS 0x0000000086800000, 0x0000000086800000| Untracked 
|  75|0x0000000086900000, 0x0000000086900000, 0x0000000086a00000|  0%| F|  |TAMS 0x0000000086900000, 0x0000000086900000| Untracked 
|  76|0x0000000086a00000, 0x0000000086a00000, 0x0000000086b00000|  0%| F|  |TAMS 0x0000000086a00000, 0x0000000086a00000| Untracked 
|  77|0x0000000086b00000, 0x0000000086b00000, 0x0000000086c00000|  0%| F|  |TAMS 0x0000000086b00000, 0x0000000086b00000| Untracked 
|  78|0x0000000086c00000, 0x0000000086c00000, 0x0000000086d00000|  0%| F|  |TAMS 0x0000000086c00000, 0x0000000086c00000| Untracked 
|  79|0x0000000086d00000, 0x0000000086d00000, 0x0000000086e00000|  0%| F|  |TAMS 0x0000000086d00000, 0x0000000086d00000| Untracked 
|  80|0x0000000086e00000, 0x0000000086e00000, 0x0000000086f00000|  0%| F|  |TAMS 0x0000000086e00000, 0x0000000086e00000| Untracked 
|  81|0x0000000086f00000, 0x0000000086f00000, 0x0000000087000000|  0%| F|  |TAMS 0x0000000086f00000, 0x0000000086f00000| Untracked 
|  82|0x0000000087000000, 0x0000000087000000, 0x0000000087100000|  0%| F|  |TAMS 0x0000000087000000, 0x0000000087000000| Untracked 
|  83|0x0000000087100000, 0x0000000087100000, 0x0000000087200000|  0%| F|  |TAMS 0x0000000087100000, 0x0000000087100000| Untracked 
|  84|0x0000000087200000, 0x0000000087200000, 0x0000000087300000|  0%| F|  |TAMS 0x0000000087200000, 0x0000000087200000| Untracked 
|  85|0x0000000087300000, 0x0000000087300000, 0x0000000087400000|  0%| F|  |TAMS 0x0000000087300000, 0x0000000087300000| Untracked 
|  86|0x0000000087400000, 0x0000000087400000, 0x0000000087500000|  0%| F|  |TAMS 0x0000000087400000, 0x0000000087400000| Untracked 
|  87|0x0000000087500000, 0x0000000087500000, 0x0000000087600000|  0%| F|  |TAMS 0x0000000087500000, 0x0000000087500000| Untracked 
|  88|0x0000000087600000, 0x0000000087600000, 0x0000000087700000|  0%| F|  |TAMS 0x0000000087600000, 0x0000000087600000| Untracked 
|  89|0x0000000087700000, 0x0000000087700000, 0x0000000087800000|  0%| F|  |TAMS 0x0000000087700000, 0x0000000087700000| Untracked 
|  90|0x0000000087800000, 0x0000000087800000, 0x0000000087900000|  0%| F|  |TAMS 0x0000000087800000, 0x0000000087800000| Untracked 
|  91|0x0000000087900000, 0x0000000087900000, 0x0000000087a00000|  0%| F|  |TAMS 0x0000000087900000, 0x0000000087900000| Untracked 
|  92|0x0000000087a00000, 0x0000000087a00000, 0x0000000087b00000|  0%| F|  |TAMS 0x0000000087a00000, 0x0000000087a00000| Untracked 
|  93|0x0000000087b00000, 0x0000000087b00000, 0x0000000087c00000|  0%| F|  |TAMS 0x0000000087b00000, 0x0000000087b00000| Untracked 
|  94|0x0000000087c00000, 0x0000000087c00000, 0x0000000087d00000|  0%| F|  |TAMS 0x0000000087c00000, 0x0000000087c00000| Untracked 
|  95|0x0000000087d00000, 0x0000000087d00000, 0x0000000087e00000|  0%| F|  |TAMS 0x0000000087d00000, 0x0000000087d00000| Untracked 
|  96|0x0000000087e00000, 0x0000000087e00000, 0x0000000087f00000|  0%| F|  |TAMS 0x0000000087e00000, 0x0000000087e00000| Untracked 
|  97|0x0000000087f00000, 0x0000000087f00000, 0x0000000088000000|  0%| F|  |TAMS 0x0000000087f00000, 0x0000000087f00000| Untracked 
|  98|0x0000000088000000, 0x0000000088000000, 0x0000000088100000|  0%| F|  |TAMS 0x0000000088000000, 0x0000000088000000| Untracked 
|  99|0x0000000088100000, 0x0000000088100000, 0x0000000088200000|  0%| F|  |TAMS 0x0000000088100000, 0x0000000088100000| Untracked 
| 100|0x0000000088200000, 0x0000000088200000, 0x0000000088300000|  0%| F|  |TAMS 0x0000000088200000, 0x0000000088200000| Untracked 
| 101|0x0000000088300000, 0x0000000088300000, 0x0000000088400000|  0%| F|  |TAMS 0x0000000088300000, 0x0000000088300000| Untracked 
| 102|0x0000000088400000, 0x0000000088400000, 0x0000000088500000|  0%| F|  |TAMS 0x0000000088400000, 0x0000000088400000| Untracked 
| 103|0x0000000088500000, 0x0000000088500000, 0x0000000088600000|  0%| F|  |TAMS 0x0000000088500000, 0x0000000088500000| Untracked 
| 104|0x0000000088600000, 0x0000000088600000, 0x0000000088700000|  0%| F|  |TAMS 0x0000000088600000, 0x0000000088600000| Untracked 
| 105|0x0000000088700000, 0x0000000088700000, 0x0000000088800000|  0%| F|  |TAMS 0x0000000088700000, 0x0000000088700000| Untracked 
| 106|0x0000000088800000, 0x0000000088800000, 0x0000000088900000|  0%| F|  |TAMS 0x0000000088800000, 0x0000000088800000| Untracked 
| 107|0x0000000088900000, 0x0000000088900000, 0x0000000088a00000|  0%| F|  |TAMS 0x0000000088900000, 0x0000000088900000| Untracked 
| 108|0x0000000088a00000, 0x0000000088a00000, 0x0000000088b00000|  0%| F|  |TAMS 0x0000000088a00000, 0x0000000088a00000| Untracked 
| 109|0x0000000088b00000, 0x0000000088b00000, 0x0000000088c00000|  0%| F|  |TAMS 0x0000000088b00000, 0x0000000088b00000| Untracked 
| 110|0x0000000088c00000, 0x0000000088c00000, 0x0000000088d00000|  0%| F|  |TAMS 0x0000000088c00000, 0x0000000088c00000| Untracked 
| 111|0x0000000088d00000, 0x0000000088d00000, 0x0000000088e00000|  0%| F|  |TAMS 0x0000000088d00000, 0x0000000088d00000| Untracked 
| 112|0x0000000088e00000, 0x0000000088e00000, 0x0000000088f00000|  0%| F|  |TAMS 0x0000000088e00000, 0x0000000088e00000| Untracked 
| 113|0x0000000088f00000, 0x0000000088f00000, 0x0000000089000000|  0%| F|  |TAMS 0x0000000088f00000, 0x0000000088f00000| Untracked 
| 114|0x0000000089000000, 0x0000000089000000, 0x0000000089100000|  0%| F|  |TAMS 0x0000000089000000, 0x0000000089000000| Untracked 
| 115|0x0000000089100000, 0x0000000089100000, 0x0000000089200000|  0%| F|  |TAMS 0x0000000089100000, 0x0000000089100000| Untracked 
| 116|0x0000000089200000, 0x0000000089200000, 0x0000000089300000|  0%| F|  |TAMS 0x0000000089200000, 0x0000000089200000| Untracked 
| 117|0x0000000089300000, 0x0000000089300000, 0x0000000089400000|  0%| F|  |TAMS 0x0000000089300000, 0x0000000089300000| Untracked 
| 118|0x0000000089400000, 0x0000000089400000, 0x0000000089500000|  0%| F|  |TAMS 0x0000000089400000, 0x0000000089400000| Untracked 
| 119|0x0000000089500000, 0x0000000089500000, 0x0000000089600000|  0%| F|  |TAMS 0x0000000089500000, 0x0000000089500000| Untracked 
| 120|0x0000000089600000, 0x0000000089600000, 0x0000000089700000|  0%| F|  |TAMS 0x0000000089600000, 0x0000000089600000| Untracked 
| 121|0x0000000089700000, 0x0000000089700000, 0x0000000089800000|  0%| F|  |TAMS 0x0000000089700000, 0x0000000089700000| Untracked 
| 122|0x0000000089800000, 0x0000000089800000, 0x0000000089900000|  0%| F|  |TAMS 0x0000000089800000, 0x0000000089800000| Untracked 
| 123|0x0000000089900000, 0x0000000089900800, 0x0000000089a00000|  0%| E|  |TAMS 0x0000000089900000, 0x0000000089900000| Complete 
| 124|0x0000000089a00000, 0x0000000089b00000, 0x0000000089b00000|100%| E|CS|TAMS 0x0000000089a00000, 0x0000000089a00000| Complete 
| 125|0x0000000089b00000, 0x0000000089c00000, 0x0000000089c00000|100%| E|CS|TAMS 0x0000000089b00000, 0x0000000089b00000| Complete 
| 126|0x0000000089c00000, 0x0000000089d00000, 0x0000000089d00000|100%| E|CS|TAMS 0x0000000089c00000, 0x0000000089c00000| Complete 
| 127|0x0000000089d00000, 0x0000000089e00000, 0x0000000089e00000|100%| E|CS|TAMS 0x0000000089d00000, 0x0000000089d00000| Complete 

Card table byte_map: [0x000001932d960000,0x000001932dd60000] _byte_map_base: 0x000001932d551000

Marking Bits (Prev, Next): (CMBitMap*) 0x0000019318c991c0, (CMBitMap*) 0x0000019318c99188
 Prev Bits: [0x00000193300f0000, 0x0000019332078000)
 Next Bits: [0x000001932e160000, 0x00000193300e8000)

Polling page: 0x0000019318a50000

Metaspace:

Usage:
  Non-class:     28.28 MB capacity,    28.03 MB (>99%) used,   208.57 KB ( <1%) free+waste,    46.94 KB ( <1%) overhead. 
      Class:      3.92 MB capacity,     3.76 MB ( 96%) used,   148.27 KB (  4%) free+waste,    21.00 KB ( <1%) overhead. 
       Both:     32.20 MB capacity,    31.78 MB ( 99%) used,   356.84 KB (  1%) free+waste,    67.94 KB ( <1%) overhead. 

Virtual space:
  Non-class space:       30.00 MB reserved,      28.50 MB ( 95%) committed 
      Class space:        1.00 GB reserved,       4.00 MB ( <1%) committed 
             Both:        1.03 GB reserved,      32.50 MB (  3%) committed 

Chunk freelists:
   Non-Class:  38.00 KB
       Class:  15.00 KB
        Both:  53.00 KB

MaxMetaspaceSize: 17179869184.00 GB
CompressedClassSpaceSize: 1.00 GB

CodeHeap 'non-profiled nmethods': size=120064Kb used=856Kb max_used=856Kb free=119208Kb
 bounds [0x0000019325a00000, 0x0000019325c70000, 0x000001932cf40000]
CodeHeap 'profiled nmethods': size=120000Kb used=4419Kb max_used=4419Kb free=115580Kb
 bounds [0x000001931e4d0000, 0x000001931e930000, 0x0000019325a00000]
CodeHeap 'non-nmethods': size=5696Kb used=1161Kb max_used=1213Kb free=4535Kb
 bounds [0x000001931df40000, 0x000001931e1b0000, 0x000001931e4d0000]
 total_blobs=2857 nmethods=2349 adapters=419
 compilation: enabled
              stopped_count=0, restarted_count=0
 full_count=0

Compilation events (20 events):
Event: 2.676 Thread 0x00000193346ef000 nmethod 2278 0x000001931e8f7c10 code [0x000001931e8f7de0, 0x000001931e8f7fe8]
Event: 2.676 Thread 0x00000193346ef000 2279       3       org.jetbrains.kotlin.protobuf.ByteString::newOutput (11 bytes)
Event: 2.677 Thread 0x00000193346ef000 nmethod 2279 0x000001931e8f8110 code [0x000001931e8f82c0, 0x000001931e8f8448]
Event: 2.677 Thread 0x00000193346ef000 2277       1       org.jetbrains.kotlin.protobuf.SmallSortedMap$EmptySet$1::hasNext (2 bytes)
Event: 2.677 Thread 0x00000193346ef000 nmethod 2277 0x0000019325ad1890 code [0x0000019325ad1a40, 0x0000019325ad1af8]
Event: 2.677 Thread 0x00000193346ef000 2280       3       org.jetbrains.kotlin.protobuf.CodedInputStream::tryRefillBuffer (295 bytes)
Event: 2.678 Thread 0x00000193346ef000 nmethod 2280 0x000001931e8f8510 code [0x000001931e8f88e0, 0x000001931e8f9f98]
Event: 2.678 Thread 0x00000193346ef000 2281       3       java.util.ArrayList::add (65 bytes)
Event: 2.679 Thread 0x00000193346ef000 nmethod 2281 0x000001931e8fa710 code [0x000001931e8fa960, 0x000001931e8fb188]
Event: 2.679 Thread 0x00000193346ef000 2283       3       org.jetbrains.kotlin.protobuf.CodedInputStream::popLimit (10 bytes)
Event: 2.679 Thread 0x00000193346ef000 nmethod 2283 0x000001931e8fb490 code [0x000001931e8fb640, 0x000001931e8fb768]
Event: 2.679 Thread 0x00000193346ef000 2289       3       org.jetbrains.kotlin.protobuf.ByteString$Output::flushLastBuffer (96 bytes)
Event: 2.681 Thread 0x00000193346ef000 nmethod 2289 0x000001931e8fb810 code [0x000001931e8fbb00, 0x000001931e8fce88]
Event: 2.681 Thread 0x00000193346ef000 2284       3       org.jetbrains.kotlin.protobuf.CodedOutputStream::newInstance (12 bytes)
Event: 2.681 Thread 0x00000193346ef000 nmethod 2284 0x000001931e8fd510 code [0x000001931e8fd6e0, 0x000001931e8fda38]
Event: 2.681 Thread 0x00000193346ef000 2285       3       org.jetbrains.kotlin.protobuf.CodedOutputStream::<init> (31 bytes)
Event: 2.681 Thread 0x00000193346ef000 nmethod 2285 0x000001931e8fdb90 code [0x000001931e8fdd40, 0x000001931e8fdf78]
Event: 2.681 Thread 0x00000193346ef000 2286       3       org.jetbrains.kotlin.protobuf.ByteString$Output::<init> (42 bytes)
Event: 2.682 Thread 0x00000193346ef000 nmethod 2286 0x000001931e8fe090 code [0x000001931e8fe2a0, 0x000001931e8fe908]
Event: 2.682 Thread 0x00000193346ef000 2297       3       org.jetbrains.kotlin.protobuf.CodedInputStream::checkLastTagWas (13 bytes)

GC Heap History (6 events):
Event: 0.491 GC heap before
{Heap before GC invocations=0 (full 0):
 garbage-first heap   total 131072K, used 17408K [0x0000000081e00000, 0x0000000100000000)
  region size 1024K, 14 young (14336K), 0 survivors (0K)
 Metaspace       used 9756K, capacity 9871K, committed 10112K, reserved 1058816K
  class space    used 829K, capacity 884K, committed 896K, reserved 1048576K
}
Event: 0.494 GC heap after
{Heap after GC invocations=1 (full 0):
 garbage-first heap   total 131072K, used 5201K [0x0000000081e00000, 0x0000000100000000)
  region size 1024K, 2 young (2048K), 2 survivors (2048K)
 Metaspace       used 9756K, capacity 9871K, committed 10112K, reserved 1058816K
  class space    used 829K, capacity 884K, committed 896K, reserved 1048576K
}
Event: 1.404 GC heap before
{Heap before GC invocations=1 (full 0):
 garbage-first heap   total 131072K, used 52305K [0x0000000081e00000, 0x0000000100000000)
  region size 1024K, 49 young (50176K), 2 survivors (2048K)
 Metaspace       used 20949K, capacity 21165K, committed 21248K, reserved 1069056K
  class space    used 2223K, capacity 2286K, committed 2304K, reserved 1048576K
}
Event: 1.417 GC heap after
{Heap after GC invocations=2 (full 0):
 garbage-first heap   total 131072K, used 9448K [0x0000000081e00000, 0x0000000100000000)
  region size 1024K, 7 young (7168K), 7 survivors (7168K)
 Metaspace       used 20949K, capacity 21165K, committed 21248K, reserved 1069056K
  class space    used 2223K, capacity 2286K, committed 2304K, reserved 1048576K
}
Event: 2.601 GC heap before
{Heap before GC invocations=3 (full 0):
 garbage-first heap   total 131072K, used 72936K [0x0000000081e00000, 0x0000000100000000)
  region size 1024K, 57 young (58368K), 7 survivors (7168K)
 Metaspace       used 31641K, capacity 32043K, committed 32128K, reserved 1077248K
  class space    used 3760K, capacity 3921K, committed 3968K, reserved 1048576K
}
Event: 2.621 GC heap after
{Heap after GC invocations=4 (full 0):
 garbage-first heap   total 131072K, used 23596K [0x0000000081e00000, 0x0000000100000000)
  region size 1024K, 6 young (6144K), 6 survivors (6144K)
 Metaspace       used 31641K, capacity 32043K, committed 32128K, reserved 1077248K
  class space    used 3760K, capacity 3921K, committed 3968K, reserved 1048576K
}

Deoptimization events (20 events):
Event: 2.448 Thread 0x0000019318c5a000 Uncommon trap: trap_request=0xffffffde fr.pc=0x0000019325ab5d8c relative=0x000000000000006c
Event: 2.448 Thread 0x0000019318c5a000 Uncommon trap: reason=class_check action=maybe_recompile pc=0x0000019325ab5d8c method=gnu.trove.TObjectHash.equals(Ljava/lang/Object;Ljava/lang/Object;)Z @ 6 c2
Event: 2.448 Thread 0x0000019318c5a000 DEOPT PACKING pc=0x0000019325ab5d8c sp=0x0000002e72efe4b0
Event: 2.448 Thread 0x0000019318c5a000 DEOPT UNPACKING pc=0x000001931df678af sp=0x0000002e72efe430 mode 2
Event: 2.448 Thread 0x0000019318c5a000 Uncommon trap: trap_request=0xffffffde fr.pc=0x0000019325ab5d8c relative=0x000000000000006c
Event: 2.448 Thread 0x0000019318c5a000 Uncommon trap: reason=class_check action=maybe_recompile pc=0x0000019325ab5d8c method=gnu.trove.TObjectHash.equals(Ljava/lang/Object;Ljava/lang/Object;)Z @ 6 c2
Event: 2.448 Thread 0x0000019318c5a000 DEOPT PACKING pc=0x0000019325ab5d8c sp=0x0000002e72efe4b0
Event: 2.448 Thread 0x0000019318c5a000 DEOPT UNPACKING pc=0x000001931df678af sp=0x0000002e72efe430 mode 2
Event: 2.463 Thread 0x0000019318c5a000 Uncommon trap: trap_request=0xffffffde fr.pc=0x0000019325ab13c4 relative=0x0000000000000084
Event: 2.463 Thread 0x0000019318c5a000 Uncommon trap: reason=class_check action=maybe_recompile pc=0x0000019325ab13c4 method=gnu.trove.TObjectHash.computeHashCode(Ljava/lang/Object;)I @ 5 c2
Event: 2.463 Thread 0x0000019318c5a000 DEOPT PACKING pc=0x0000019325ab13c4 sp=0x0000002e72efe4b0
Event: 2.463 Thread 0x0000019318c5a000 DEOPT UNPACKING pc=0x000001931df678af sp=0x0000002e72efe440 mode 2
Event: 2.464 Thread 0x0000019318c5a000 Uncommon trap: trap_request=0xffffffde fr.pc=0x0000019325ab13c4 relative=0x0000000000000084
Event: 2.464 Thread 0x0000019318c5a000 Uncommon trap: reason=class_check action=maybe_recompile pc=0x0000019325ab13c4 method=gnu.trove.TObjectHash.computeHashCode(Ljava/lang/Object;)I @ 5 c2
Event: 2.464 Thread 0x0000019318c5a000 DEOPT PACKING pc=0x0000019325ab13c4 sp=0x0000002e72efe4b0
Event: 2.464 Thread 0x0000019318c5a000 DEOPT UNPACKING pc=0x000001931df678af sp=0x0000002e72efe440 mode 2
Event: 2.485 Thread 0x0000019318c5a000 Uncommon trap: trap_request=0xffffffde fr.pc=0x0000019325ab13c4 relative=0x0000000000000084
Event: 2.485 Thread 0x0000019318c5a000 Uncommon trap: reason=class_check action=maybe_recompile pc=0x0000019325ab13c4 method=gnu.trove.TObjectHash.computeHashCode(Ljava/lang/Object;)I @ 5 c2
Event: 2.485 Thread 0x0000019318c5a000 DEOPT PACKING pc=0x0000019325ab13c4 sp=0x0000002e72efe270
Event: 2.485 Thread 0x0000019318c5a000 DEOPT UNPACKING pc=0x000001931df678af sp=0x0000002e72efe200 mode 2

Classes redefined (0 events):
No events

Internal exceptions (18 events):
Event: 1.158 Thread 0x0000019318c5a000 Exception <a 'java/lang/NoSuchMethodError'{0x0000000087c81310}: 'int java.lang.invoke.DirectMethodHandle$Holder.invokeSpecialIFC(java.lang.Object, java.lang.Object, int)'> (0x0000000087c81310) thrown at [./src/hotspot/share/interpreter/linkResolver.cpp, line 773]
Event: 1.304 Thread 0x0000019318c5a000 Exception <a 'java/lang/NoSuchMethodError'{0x00000000874e6c98}: 'java.lang.Object java.lang.invoke.DirectMethodHandle$Holder.invokeStaticInit(java.lang.Object, int)'> (0x00000000874e6c98) thrown at [./src/hotspot/share/interpreter/linkResolver.cpp, line 773]
Event: 1.330 Thread 0x0000019318c5a000 Exception <a 'java/lang/NoSuchMethodError'{0x00000000872829b0}: 'long java.lang.invoke.DirectMethodHandle$Holder.invokeStatic(java.lang.Object)'> (0x00000000872829b0) thrown at [./src/hotspot/share/interpreter/linkResolver.cpp, line 773]
Event: 1.330 Thread 0x0000019318c5a000 Exception <a 'java/lang/NoSuchMethodError'{0x0000000087285808}: 'long java.lang.invoke.DirectMethodHandle$Holder.invokeStaticInit(java.lang.Object)'> (0x0000000087285808) thrown at [./src/hotspot/share/interpreter/linkResolver.cpp, line 773]
Event: 1.383 Thread 0x0000019318c5a000 Exception <a 'java/lang/NoSuchMethodError'{0x0000000086fff4e0}: 'int java.lang.invoke.DirectMethodHandle$Holder.invokeStaticInit(java.lang.Object, java.lang.Object, java.lang.Object)'> (0x0000000086fff4e0) thrown at [./src/hotspot/share/interpreter/linkResolver.cpp, line 773]
Event: 1.387 Thread 0x0000019318c5a000 Exception <a 'java/lang/NoSuchMethodError'{0x0000000086e2bec8}: 'int java.lang.invoke.DirectMethodHandle$Holder.invokeStaticInit(java.lang.Object, java.lang.Object)'> (0x0000000086e2bec8) thrown at [./src/hotspot/share/interpreter/linkResolver.cpp, line 773]
Event: 1.657 Thread 0x0000019318c5a000 Exception <a 'java/lang/NoSuchMethodError'{0x0000000089416148}: 'java.lang.Object java.lang.invoke.DirectMethodHandle$Holder.invokeStatic(java.lang.Object, java.lang.Object, java.lang.Object, java.lang.Object, java.lang.Object, java.lang.Object, java.lang.Object, java.lang.Object, java.lang.Object, java.lang.Object, java.lang.Object, java.lang.Object, java.lang.Object, java.lang.Object, java.lang.Object)'> (0x0000000089416148) thrown at [./src/hotspot/share/interpreter/linkResolver.cpp, line 773]
Event: 1.661 Thread 0x0000019318c5a000 Exception <a 'java/lang/NoSuchMethodError'{0x0000000089424150}: 'java.lang.Object java.lang.invoke.DirectMethodHandle$Holder.invokeStatic(java.lang.Object, java.lang.Object, java.lang.Object, java.lang.Object, java.lang.Object, java.lang.Object, java.lang.Object, java.lang.Object, java.lang.Object, java.lang.Object, java.lang.Object, java.lang.Object, java.lang.Object, java.lang.Object, java.lang.Object, java.lang.Object)'> (0x0000000089424150) thrown at [./src/hotspot/share/interpreter/linkResolver.cpp, l
Event: 1.663 Thread 0x0000019318c5a000 Exception <a 'java/lang/NoSuchMethodError'{0x0000000089432068}: 'java.lang.Object java.lang.invoke.DirectMethodHandle$Holder.invokeSpecial(java.lang.Object, java.lang.Object, int, int, java.lang.Object, java.lang.Object, java.lang.Object)'> (0x0000000089432068) thrown at [./src/hotspot/share/interpreter/linkResolver.cpp, line 773]
Event: 1.664 Thread 0x0000019318c5a000 Exception <a 'java/lang/NoSuchMethodError'{0x00000000894358a0}: 'java.lang.Object java.lang.invoke.DelegatingMethodHandle$Holder.reinvoke_L(java.lang.Object, int, int, java.lang.Object, java.lang.Object, java.lang.Object)'> (0x00000000894358a0) thrown at [./src/hotspot/share/interpreter/linkResolver.cpp, line 773]
Event: 1.665 Thread 0x0000019318c5a000 Exception <a 'java/lang/NoSuchMethodError'{0x0000000089439c28}: 'java.lang.Object java.lang.invoke.DirectMethodHandle$Holder.invokeStatic(java.lang.Object, java.lang.Object, java.lang.Object, java.lang.Object, int)'> (0x0000000089439c28) thrown at [./src/hotspot/share/interpreter/linkResolver.cpp, line 773]
Event: 1.716 Thread 0x0000019318c5a000 Implicit null exception at 0x0000019325a88aac to 0x0000019325a88c5a
Event: 1.753 Thread 0x0000019318c5a000 Exception <a 'java/lang/NoSuchMethodError'{0x0000000088fbb638}: 'void java.lang.invoke.DirectMethodHandle$Holder.invokeStatic(java.lang.Object, java.lang.Object, java.lang.Object, java.lang.Object)'> (0x0000000088fbb638) thrown at [./src/hotspot/share/interpreter/linkResolver.cpp, line 773]
Event: 1.776 Thread 0x0000019318c5a000 Exception <a 'java/lang/NoSuchMethodError'{0x0000000088d11c28}: 'void java.lang.invoke.DirectMethodHandle$Holder.invokeSpecial(java.lang.Object, java.lang.Object)'> (0x0000000088d11c28) thrown at [./src/hotspot/share/interpreter/linkResolver.cpp, line 773]
Event: 1.811 Thread 0x0000019318c5a000 Exception <a 'java/lang/NoSuchMethodError'{0x0000000088bbd8b8}: 'void java.lang.invoke.DirectMethodHandle$Holder.invokeStaticInit(java.lang.Object, java.lang.Object)'> (0x0000000088bbd8b8) thrown at [./src/hotspot/share/interpreter/linkResolver.cpp, line 773]
Event: 1.819 Thread 0x0000019318c5a000 Exception <a 'java/lang/NoSuchMethodError'{0x0000000088bfca30}: 'void java.lang.invoke.DirectMethodHandle$Holder.invokeInterface(java.lang.Object, java.lang.Object)'> (0x0000000088bfca30) thrown at [./src/hotspot/share/interpreter/linkResolver.cpp, line 773]
Event: 1.890 Thread 0x0000019318c5a000 Exception <a 'java/lang/NoSuchMethodError'{0x000000008862a158}: 'void java.lang.invoke.DirectMethodHandle$Holder.invokeVirtual(java.lang.Object, java.lang.Object)'> (0x000000008862a158) thrown at [./src/hotspot/share/interpreter/linkResolver.cpp, line 773]
Event: 1.904 Thread 0x0000019318c5a000 Exception <a 'java/lang/NoSuchMethodError'{0x00000000886a2e98}: 'int java.lang.invoke.DirectMethodHandle$Holder.invokeVirtual(java.lang.Object, java.lang.Object)'> (0x00000000886a2e98) thrown at [./src/hotspot/share/interpreter/linkResolver.cpp, line 773]

Events (20 events):
Event: 2.669 loading class org/jetbrains/kotlin/protobuf/SmallSortedMap$Entry
Event: 2.669 loading class org/jetbrains/kotlin/protobuf/SmallSortedMap$Entry done
Event: 2.670 loading class org/jetbrains/kotlin/metadata/ProtoBuf$Annotation$Argument
Event: 2.670 loading class org/jetbrains/kotlin/metadata/ProtoBuf$Annotation$Argument done
Event: 2.670 loading class org/jetbrains/kotlin/metadata/ProtoBuf$Annotation$ArgumentOrBuilder
Event: 2.670 loading class org/jetbrains/kotlin/metadata/ProtoBuf$Annotation$ArgumentOrBuilder done
Event: 2.671 loading class org/jetbrains/kotlin/metadata/ProtoBuf$Annotation$Argument$1
Event: 2.671 loading class org/jetbrains/kotlin/metadata/ProtoBuf$Annotation$Argument$1 done
Event: 2.671 loading class org/jetbrains/kotlin/metadata/ProtoBuf$Type$Argument
Event: 2.671 loading class org/jetbrains/kotlin/metadata/ProtoBuf$Type$Argument done
Event: 2.672 loading class org/jetbrains/kotlin/metadata/ProtoBuf$Type$ArgumentOrBuilder
Event: 2.672 loading class org/jetbrains/kotlin/metadata/ProtoBuf$Type$ArgumentOrBuilder done
Event: 2.672 loading class org/jetbrains/kotlin/metadata/ProtoBuf$Type$Argument$1
Event: 2.672 loading class org/jetbrains/kotlin/metadata/ProtoBuf$Type$Argument$1 done
Event: 2.673 loading class org/jetbrains/kotlin/metadata/ProtoBuf$Type$Argument$Projection
Event: 2.673 loading class org/jetbrains/kotlin/metadata/ProtoBuf$Type$Argument$Projection done
Event: 2.673 loading class org/jetbrains/kotlin/metadata/ProtoBuf$Type$Argument$Projection$1
Event: 2.673 loading class org/jetbrains/kotlin/metadata/ProtoBuf$Type$Argument$Projection$1 done
Event: 2.675 loading class org/jetbrains/kotlin/metadata/ProtoBuf$Annotation$Argument$Value$Builder
Event: 2.675 loading class org/jetbrains/kotlin/metadata/ProtoBuf$Annotation$Argument$Value$Builder done


Dynamic libraries:
0x00007ff7d6270000 - 0x00007ff7d627a000 	C:\Program Files\Android\Android Studio1\jre\bin\java.exe
0x00007ffcb18b0000 - 0x00007ffcb1aa5000 	C:\WINDOWS\SYSTEM32\ntdll.dll
0x00007ffcb04d0000 - 0x00007ffcb058d000 	C:\WINDOWS\System32\KERNEL32.DLL
0x00007ffcaf340000 - 0x00007ffcaf609000 	C:\WINDOWS\System32\KERNELBASE.dll
0x00007ffcaf0f0000 - 0x00007ffcaf1f0000 	C:\WINDOWS\System32\ucrtbase.dll
0x00007ffca5c20000 - 0x00007ffca5c37000 	C:\Program Files\Android\Android Studio1\jre\bin\VCRUNTIME140.dll
0x00007ffca5d60000 - 0x00007ffca5d79000 	C:\Program Files\Android\Android Studio1\jre\bin\jli.dll
0x00007ffcafc40000 - 0x00007ffcafde0000 	C:\WINDOWS\System32\USER32.dll
0x00007ffcaf070000 - 0x00007ffcaf092000 	C:\WINDOWS\System32\win32u.dll
0x00007ffca4010000 - 0x00007ffca42aa000 	C:\WINDOWS\WinSxS\amd64_microsoft.windows.common-controls_6595b64144ccf1df_6.0.19041.1110_none_60b5254171f9507e\COMCTL32.dll
0x00007ffcb0a70000 - 0x00007ffcb0b0e000 	C:\WINDOWS\System32\msvcrt.dll
0x00007ffcb0990000 - 0x00007ffcb09ba000 	C:\WINDOWS\System32\GDI32.dll
0x00007ffcaf800000 - 0x00007ffcaf90b000 	C:\WINDOWS\System32\gdi32full.dll
0x00007ffcaf2a0000 - 0x00007ffcaf33d000 	C:\WINDOWS\System32\msvcp_win.dll
0x00007ffcb0960000 - 0x00007ffcb0990000 	C:\WINDOWS\System32\IMM32.DLL
0x00007ffc84a20000 - 0x00007ffc84abd000 	C:\Program Files\Android\Android Studio1\jre\bin\msvcp140.dll
0x00007ffc53560000 - 0x00007ffc5402f000 	C:\Program Files\Android\Android Studio1\jre\bin\server\jvm.dll
0x00007ffcb09c0000 - 0x00007ffcb0a6c000 	C:\WINDOWS\System32\ADVAPI32.dll
0x00007ffcaf910000 - 0x00007ffcaf9ab000 	C:\WINDOWS\System32\sechost.dll
0x00007ffcafe40000 - 0x00007ffcaff6a000 	C:\WINDOWS\System32\RPCRT4.dll
0x00007ffcb0160000 - 0x00007ffcb0168000 	C:\WINDOWS\System32\PSAPI.DLL
0x00007ffca9f50000 - 0x00007ffca9f59000 	C:\WINDOWS\SYSTEM32\WSOCK32.dll
0x00007ffca5c90000 - 0x00007ffca5c9a000 	C:\WINDOWS\SYSTEM32\VERSION.dll
0x00007ffca1110000 - 0x00007ffca1137000 	C:\WINDOWS\SYSTEM32\WINMM.dll
0x00007ffcb00f0000 - 0x00007ffcb015b000 	C:\WINDOWS\System32\WS2_32.dll
0x00007ffcacef0000 - 0x00007ffcacf02000 	C:\WINDOWS\SYSTEM32\kernel.appcore.dll
0x00007ffca3eb0000 - 0x00007ffca3ec1000 	C:\Program Files\Android\Android Studio1\jre\bin\verify.dll
0x00007ffca6660000 - 0x00007ffca6844000 	C:\WINDOWS\SYSTEM32\DBGHELP.DLL
0x00007ffca65d0000 - 0x00007ffca65fc000 	C:\WINDOWS\SYSTEM32\dbgcore.DLL
0x00007ffcaefe0000 - 0x00007ffcaf063000 	C:\WINDOWS\System32\bcryptPrimitives.dll
0x00007ffca3d00000 - 0x00007ffca3d29000 	C:\Program Files\Android\Android Studio1\jre\bin\java.dll
0x00007ffca7be0000 - 0x00007ffca7beb000 	C:\Program Files\Android\Android Studio1\jre\bin\jimage.dll
0x00007ffc9b1c0000 - 0x00007ffc9b1d8000 	C:\Program Files\Android\Android Studio1\jre\bin\zip.dll
0x00007ffcb0c30000 - 0x00007ffcb136f000 	C:\WINDOWS\System32\SHELL32.dll
0x00007ffcad0f0000 - 0x00007ffcad880000 	C:\WINDOWS\SYSTEM32\windows.storage.dll
0x00007ffcb0170000 - 0x00007ffcb04c5000 	C:\WINDOWS\System32\combase.dll
0x00007ffcaea40000 - 0x00007ffcaea6c000 	C:\WINDOWS\SYSTEM32\Wldp.dll
0x00007ffcafb80000 - 0x00007ffcafc2e000 	C:\WINDOWS\System32\SHCORE.dll
0x00007ffcafde0000 - 0x00007ffcafe35000 	C:\WINDOWS\System32\shlwapi.dll
0x00007ffcaef20000 - 0x00007ffcaef3f000 	C:\WINDOWS\SYSTEM32\profapi.dll
0x00007ffc9b1a0000 - 0x00007ffc9b1ba000 	C:\Program Files\Android\Android Studio1\jre\bin\net.dll
0x00007ffca6850000 - 0x00007ffca6958000 	C:\WINDOWS\SYSTEM32\WINHTTP.dll
0x00007ffcae7a0000 - 0x00007ffcae80a000 	C:\WINDOWS\system32\mswsock.dll
0x00007ffc9b180000 - 0x00007ffc9b194000 	C:\Program Files\Android\Android Studio1\jre\bin\nio.dll

dbghelp: loaded successfully - version: 4.0.5 - missing functions: none
symbol engine: initialized successfully - sym options: 0x614 - pdb path: .;C:\Program Files\Android\Android Studio1\jre\bin;C:\WINDOWS\SYSTEM32;C:\WINDOWS\WinSxS\amd64_microsoft.windows.common-controls_6595b64144ccf1df_6.0.19041.1110_none_60b5254171f9507e;C:\Program Files\Android\Android Studio1\jre\bin\server

VM Arguments:
java_command: org.jetbrains.kotlin.cli.jvm.K2JVMCompiler @C:\Users\SMART WAY\AndroidStudioProjects\MyApplication333333\app\build\20210823_10053151360027861645.compiler.options
java_class_path (initial): C:\Users\SMART WAY\.gradle\wrapper\dists\gradle-7.0.2\caches\modules-2\files-2.1\org.jetbrains.kotlin\kotlin-compiler-embeddable\1.5.21\40ddbcae9ff100473f95370c2d589ba3fc48eed5\kotlin-compiler-embeddable-1.5.21.jar;C:\Users\SMART WAY\.gradle\wrapper\dists\gradle-7.0.2\caches\modules-2\files-2.1\org.jetbrains.kotlin\kotlin-reflect\1.5.21\802f1f39735ae1eb2b75714a40fa19bb2e687e96\kotlin-reflect-1.5.21.jar;C:\Users\SMART WAY\.gradle\wrapper\dists\gradle-7.0.2\caches\modules-2\files-2.1\org.jetbrains.kotlin\kotlin-stdlib\1.5.21\2f537cad7e9eeb9da73738c8812e1e4cf9b62e4e\kotlin-stdlib-1.5.21.jar;C:\Users\SMART WAY\.gradle\wrapper\dists\gradle-7.0.2\caches\modules-2\files-2.1\org.jetbrains.kotlin\kotlin-script-runtime\1.5.21\96d49e89873fde985750af354b6eabb60cfa999b\kotlin-script-runtime-1.5.21.jar;C:\Users\SMART WAY\.gradle\wrapper\dists\gradle-7.0.2\caches\modules-2\files-2.1\org.jetbrains.kotlin\kotlin-daemon-embeddable\1.5.21\17255809e66a940dfdf6289bccbdfb5a09f3145\kotlin-daemon-embeddable-1.5.21.jar;C:\Users\SMART WAY\.gradle\wrapper\dists\gradle-7.0.2\caches\modules-2\files-2.1\org.jetbrains.intellij.deps\trove4j\1.0.20181211\216c2e14b070f334479d800987affe4054cd563f\trove4j-1.0.20181211.jar;C:\Users\SMART WAY\.gradle\wrapper\dists\gradle-7.0.2\caches\modules-2\files-2.1\org.jetbrains\annotations\13.0\919f0dfe192fb4e063e7dacadee7f8bb9a2672a9\annotations-13.0.jar;C:\Users\SMART WAY\.gradle\wrapper\dists\gradle-7.0.2\caches\modules-2\files-2.1\org.jetbrains.kotlin\kotlin-stdlib-common\1.5.21\cc8bf3586fd2ebcf234058b9440bb406e62dfacb\kotlin-stdlib-common-1.5.21.jar
Launcher Type: SUN_STANDARD

[Global flags]
     intx CICompilerCount                          = 3                                         {product} {ergonomic}
     uint ConcGCThreads                            = 1                                         {product} {ergonomic}
     uint G1ConcRefinementThreads                  = 4                                         {product} {ergonomic}
   size_t G1HeapRegionSize                         = 1048576                                   {product} {ergonomic}
    uintx GCDrainStackTargetSize                   = 64                                        {product} {ergonomic}
   size_t InitialHeapSize                          = 134217728                                 {product} {ergonomic}
   size_t MarkStackSize                            = 4194304                                   {product} {ergonomic}
   size_t MaxHeapSize                              = 2116026368                                {product} {ergonomic}
   size_t MaxNewSize                               = 1268776960                                {product} {ergonomic}
   size_t MinHeapDeltaBytes                        = 1048576                                   {product} {ergonomic}
    uintx NonNMethodCodeHeapSize                   = 5830732                                {pd product} {ergonomic}
    uintx NonProfiledCodeHeapSize                  = 122913754                              {pd product} {ergonomic}
    uintx ProfiledCodeHeapSize                     = 122913754                              {pd product} {ergonomic}
    uintx ReservedCodeCacheSize                    = 251658240                              {pd product} {ergonomic}
     bool SegmentedCodeCache                       = true                                      {product} {ergonomic}
     bool UseCompressedClassPointers               = true                                 {lp64_product} {ergonomic}
     bool UseCompressedOops                        = true                                 {lp64_product} {ergonomic}
     bool UseG1GC                                  = true                                      {product} {ergonomic}
     bool UseLargePagesIndividualAllocation        = false                                  {pd product} {ergonomic}

Logging:
Log output configuration:
 #0: stdout all=warning uptime,level,tags
 #1: stderr all=off uptime,level,tags

Environment Variables:
PATH=C:\Program Files\Common Files\Oracle\Java\javapath;C:\WINDOWS\system32;C:\WINDOWS;C:\WINDOWS\System32\Wbem;C:\WINDOWS\System32\WindowsPowerShell\v1.0\;C:\WINDOWS\System32\OpenSSH\;C:\Program Files\Git\cmd;C:\Users\SMART WAY\AppData\Local\Microsoft\WindowsApps;C:\Users\SMART WAY\.gradle\wrapper\dists\gradle-7.0;C:\Users\SMART WAY\.gradle\wrapper\dists\gradle-7.1\bin;C:\Users\SMART WAY\.gradle\wrapper\dists\gradle-7.0.2\bin;
USERNAME=SMART WAY
OS=Windows_NT
PROCESSOR_IDENTIFIER=Intel64 Family 6 Model 61 Stepping 4, GenuineIntel



---------------  S Y S T E M  ---------------

OS: Windows 10 , 64 bit Build 19041 (10.0.19041.1151)
OS uptime: 12 days 2:01 hours

CPU:total 4 (initial active 4) (2 cores per cpu, 2 threads per core) family 6 model 61 stepping 4 microcode 0x2f, cmov, cx8, fxsr, mmx, sse, sse2, sse3, ssse3, sse4.1, sse4.2, popcnt, avx, avx2, aes, clmul, erms, rtm, 3dnowpref, lzcnt, ht, tsc, tscinvbit, bmi1, bmi2, adx, fma

Memory: 4k page, system-wide physical 8067M (549M free)
TotalPageFile size 21538M (AvailPageFile size 5M)
current process WorkingSet (physical memory assigned to process): 196M, peak: 196M
current process commit charge ("private bytes"): 273M, peak: 275M

vm_info: OpenJDK 64-Bit Server VM (11.0.10+0-b96-7249189) for windows-amd64 JRE (11.0.10+0-b96-7249189), built on Mar 31 2021 21:44:00 by "builder" with MS VC++ 14.0 (VS2015)

END.
