#
# There is insufficient memory for the Java Runtime Environment to continue.
# Native memory allocation (malloc) failed to allocate 908976 bytes for Chunk::new
# Possible reasons:
#   The system is out of physical RAM or swap space
#   The process is running with CompressedOops enabled, and the Java Heap may be blocking the growth of the native heap
# Possible solutions:
#   Reduce memory load on the system
#   Increase physical memory or swap space
#   Check if swap backing store is full
#   Decrease Java heap size (-Xmx/-Xms)
#   Decrease number of Java threads
#   Decrease Java thread stack sizes (-Xss)
#   Set larger code cache with -XX:ReservedCodeCacheSize=
#   JVM is running with Unscaled Compressed Oops mode in which the Java heap is
#     placed in the first 4GB address space. The Java Heap base address is the
#     maximum limit for the native heap growth. Please use -XX:HeapBaseMinAddress
#     to set the Java Heap base and to place the Java Heap above 4GB virtual address.
# This output file may be truncated or incomplete.
#
#  Out of Memory Error (./src/hotspot/share/memory/arena.cpp:197), pid=19764, tid=13604
#
# JRE version: OpenJDK Runtime Environment (11.0.10) (build 11.0.10+0-b96-7249189)
# Java VM: OpenJDK 64-Bit Server VM (11.0.10+0-b96-7249189, mixed mode, tiered, compressed oops, g1 gc, windows-amd64)
# No core dump will be written. Minidumps are not enabled by default on client versions of Windows
#

---------------  S U M M A R Y ------------

Command Line: --add-opens=java.base/java.util=ALL-UNNAMED --add-opens=java.base/java.lang=ALL-UNNAMED --add-opens=java.base/java.lang.invoke=ALL-UNNAMED --add-opens=java.base/java.util=ALL-UNNAMED --add-opens=java.prefs/java.util.prefs=ALL-UNNAMED --add-opens=java.prefs/java.util.prefs=ALL-UNNAMED --add-opens=java.base/java.nio.charset=ALL-UNNAMED --add-opens=java.base/java.net=ALL-UNNAMED --add-opens=java.base/java.util.concurrent.atomic=ALL-UNNAMED -Xmx2048m -Dfile.encoding=UTF-8 -Duser.country=US -Duser.language=en -Duser.variant org.gradle.launcher.daemon.bootstrap.GradleDaemon 7.0.2

Host: Intel(R) Core(TM) i7-5600U CPU @ 2.60GHz, 4 cores, 7G,  Windows 10 , 64 bit Build 19041 (10.0.19041.1151)
Time: Mon Aug 23 01:20:30 2021 Arabic Standard Time elapsed time: 263.962201 seconds (0d 0h 4m 23s)

---------------  T H R E A D  ---------------

Current thread (0x000002611a2e6000):  JavaThread "C2 CompilerThread0" daemon [_thread_in_native, id=13604, stack(0x0000009d38900000,0x0000009d38a00000)]


Current CompileTask:
C2: 263962 18411       4       java.lang.invoke.InvokerBytecodeGenerator::emitImplicitConversion (159 bytes)

Stack: [0x0000009d38900000,0x0000009d38a00000]
Native frames: (J=compiled Java code, j=interpreted, Vv=VM code, C=native code)
V  [jvm.dll+0x5ecfaa]
V  [jvm.dll+0x722bd5]
V  [jvm.dll+0x72412d]
V  [jvm.dll+0x7247e3]
V  [jvm.dll+0x242928]
V  [jvm.dll+0xbc4fc]
V  [jvm.dll+0xbca0c]
V  [jvm.dll+0x352d7d]
V  [jvm.dll+0x19800c]
V  [jvm.dll+0x1fb70e]
V  [jvm.dll+0x1fa7f4]
V  [jvm.dll+0x18354c]
V  [jvm.dll+0x208ee7]
V  [jvm.dll+0x207731]
V  [jvm.dll+0x6eb1cf]
V  [jvm.dll+0x6e3d45]
V  [jvm.dll+0x5ebe96]
C  [ucrtbase.dll+0x21bb2]
C  [KERNEL32.DLL+0x17034]
C  [ntdll.dll+0x52651]


---------------  P R O C E S S  ---------------

Threads class SMR info:
_java_thread_list=0x000002611d3cbd00, length=58, elements={
0x000002617bbdb000, 0x000002611a2c2800, 0x000002611a2c3800, 0x000002611a2df000,
0x000002611a2e1000, 0x000002611a2e2000, 0x000002611a2e6000, 0x000002611a2ef800,
0x000002611a308000, 0x000002611adc7800, 0x000002611bf59000, 0x000002611d23e000,
0x000002611ca63800, 0x000002611cc97000, 0x000002611cc98800, 0x000002611cc9a800,
0x000002611cc98000, 0x000002611cc9b000, 0x000002611ff5c000, 0x000002611ff60800,
0x000002611ff5c800, 0x000002611ff5d800, 0x000002611ff61800, 0x000002611ff69000,
0x000002611ff64000, 0x000002611cc99800, 0x000002611cc96800, 0x000002612236a800,
0x0000026122368000, 0x000002612236a000, 0x000002612236b800, 0x000002612236c800,
0x0000026122366800, 0x000002612236e000, 0x000002612236d000, 0x000002612236f000,
0x0000026122369000, 0x0000026122374800, 0x000002612236f800, 0x0000026122373000,
0x0000026122375800, 0x0000026122370800, 0x0000026122372000, 0x000002611ff60000,
0x000002611ff5b000, 0x000002611ff65000, 0x000002611ff62800, 0x000002611ff68000,
0x000002611ff65800, 0x000002611ff66800, 0x000002611ff63000, 0x000002611cc95800,
0x000002611cc94800, 0x00000261243f8000, 0x00000261243f6800, 0x00000261243fb000,
0x00000261243f8800, 0x000002611d6c4800
}

Java Threads: ( => current thread )
  0x000002617bbdb000 JavaThread "main" [_thread_blocked, id=12456, stack(0x0000009d37d00000,0x0000009d37e00000)]
  0x000002611a2c2800 JavaThread "Reference Handler" daemon [_thread_blocked, id=3428, stack(0x0000009d38400000,0x0000009d38500000)]
  0x000002611a2c3800 JavaThread "Finalizer" daemon [_thread_blocked, id=18220, stack(0x0000009d38500000,0x0000009d38600000)]
  0x000002611a2df000 JavaThread "Signal Dispatcher" daemon [_thread_blocked, id=7180, stack(0x0000009d38600000,0x0000009d38700000)]
  0x000002611a2e1000 JavaThread "Attach Listener" daemon [_thread_blocked, id=18528, stack(0x0000009d38700000,0x0000009d38800000)]
  0x000002611a2e2000 JavaThread "Service Thread" daemon [_thread_blocked, id=15700, stack(0x0000009d38800000,0x0000009d38900000)]
=>0x000002611a2e6000 JavaThread "C2 CompilerThread0" daemon [_thread_in_native, id=13604, stack(0x0000009d38900000,0x0000009d38a00000)]
  0x000002611a2ef800 JavaThread "C1 CompilerThread0" daemon [_thread_blocked, id=18132, stack(0x0000009d38a00000,0x0000009d38b00000)]
  0x000002611a308000 JavaThread "Sweeper thread" daemon [_thread_blocked, id=10220, stack(0x0000009d38b00000,0x0000009d38c00000)]
  0x000002611adc7800 JavaThread "Common-Cleaner" daemon [_thread_blocked, id=11304, stack(0x0000009d38c00000,0x0000009d38d00000)]
  0x000002611bf59000 JavaThread "Daemon health stats" [_thread_blocked, id=18840, stack(0x0000009d39100000,0x0000009d39200000)]
  0x000002611d23e000 JavaThread "Incoming local TCP Connector on port 59386" [_thread_in_native, id=1052, stack(0x0000009d38e00000,0x0000009d38f00000)]
  0x000002611ca63800 JavaThread "Daemon periodic checks" [_thread_blocked, id=15680, stack(0x0000009d39200000,0x0000009d39300000)]
  0x000002611cc97000 JavaThread "Cache worker for file hash cache (C:\Users\SMART WAY\.gradle\wrapper\dists\gradle-7.0.2\caches\7.0.2\fileHashes)" [_thread_blocked, id=13344, stack(0x0000009d39b00000,0x0000009d39c00000)]
  0x000002611cc98800 JavaThread "File lock request listener" [_thread_in_native, id=19840, stack(0x0000009d39c00000,0x0000009d39d00000)]
  0x000002611cc9a800 JavaThread "Cache worker for journal cache (C:\Users\SMART WAY\.gradle\wrapper\dists\gradle-7.0.2\caches\journal-1)" [_thread_blocked, id=12048, stack(0x0000009d39d00000,0x0000009d39e00000)]
  0x000002611cc98000 JavaThread "File watcher server" daemon [_thread_blocked, id=1716, stack(0x0000009d3a000000,0x0000009d3a100000)]
  0x000002611cc9b000 JavaThread "File watcher consumer" daemon [_thread_blocked, id=19536, stack(0x0000009d3a100000,0x0000009d3a200000)]
  0x000002611ff5c000 JavaThread "Cache worker for execution history cache (C:\Users\SMART WAY\.gradle\wrapper\dists\gradle-7.0.2\caches\7.0.2\executionHistory)" [_thread_blocked, id=20360, stack(0x0000009d3a500000,0x0000009d3a600000)]
  0x000002611ff60800 JavaThread "jar transforms" [_thread_blocked, id=1664, stack(0x0000009d3a600000,0x0000009d3a700000)]
  0x000002611ff5c800 JavaThread "jar transforms Thread 2" [_thread_blocked, id=8968, stack(0x0000009d3a700000,0x0000009d3a800000)]
  0x000002611ff5d800 JavaThread "Cache worker for file content cache (C:\Users\SMART WAY\.gradle\wrapper\dists\gradle-7.0.2\caches\7.0.2\fileContent)" [_thread_blocked, id=3784, stack(0x0000009d3a800000,0x0000009d3a900000)]
  0x000002611ff61800 JavaThread "jar transforms Thread 3" [_thread_blocked, id=19448, stack(0x0000009d3aa00000,0x0000009d3ab00000)]
  0x000002611ff69000 JavaThread "jar transforms Thread 4" [_thread_blocked, id=13716, stack(0x0000009d3b000000,0x0000009d3b100000)]
  0x000002611ff64000 JavaThread "Memory manager" [_thread_blocked, id=17780, stack(0x0000009d3b100000,0x0000009d3b200000)]
  0x000002611cc99800 JavaThread "Daemon Thread 3" [_thread_blocked, id=12680, stack(0x0000009d37a00000,0x0000009d37b00000)]
  0x000002611cc96800 JavaThread "Daemon worker Thread 3" [_thread_blocked, id=17564, stack(0x0000009d39300000,0x0000009d39400000)]
  0x000002612236a800 JavaThread "Handler for socket connection from /127.0.0.1:59386 to /127.0.0.1:54828" [_thread_in_native, id=15352, stack(0x0000009d37b00000,0x0000009d37c00000)]
  0x0000026122368000 JavaThread "Cancel handler" [_thread_blocked, id=13284, stack(0x0000009d37c00000,0x0000009d37d00000)]
  0x000002612236a000 JavaThread "Asynchronous log dispatcher for DefaultDaemonConnection: socket connection from /127.0.0.1:59386 to /127.0.0.1:54828" [_thread_blocked, id=14860, stack(0x0000009d39600000,0x0000009d39700000)]
  0x000002612236b800 JavaThread "Stdin handler" [_thread_blocked, id=7772, stack(0x0000009d39700000,0x0000009d39800000)]
  0x000002612236c800 JavaThread "Daemon client event forwarder" [_thread_blocked, id=12712, stack(0x0000009d39800000,0x0000009d39900000)]
  0x0000026122366800 JavaThread "Cache worker for file hash cache (C:\Users\SMART WAY\AndroidStudioProjects\MyApplication333333\.gradle\7.0.2\fileHashes)" [_thread_blocked, id=17604, stack(0x0000009d39900000,0x0000009d39a00000)]
  0x000002612236e000 JavaThread "Cache worker for checksums cache (C:\Users\SMART WAY\AndroidStudioProjects\MyApplication333333\.gradle\checksums)" [_thread_blocked, id=14324, stack(0x0000009d39e00000,0x0000009d39f00000)]
  0x000002612236d000 JavaThread "Cache worker for cache directory md-supplier (C:\Users\SMART WAY\.gradle\wrapper\dists\gradle-7.0.2\caches\7.0.2\md-supplier)" [_thread_blocked, id=10168, stack(0x0000009d39f00000,0x0000009d3a000000)]
  0x000002612236f000 JavaThread "Cache worker for cache directory md-rule (C:\Users\SMART WAY\.gradle\wrapper\dists\gradle-7.0.2\caches\7.0.2\md-rule)" [_thread_blocked, id=19580, stack(0x0000009d3a200000,0x0000009d3a300000)]
  0x0000026122369000 JavaThread "Cache worker for dependencies-accessors (C:\Users\SMART WAY\AndroidStudioProjects\MyApplication333333\.gradle\7.0.2\dependencies-accessors)" [_thread_blocked, id=18068, stack(0x0000009d3a300000,0x0000009d3a400000)]
  0x0000026122374800 JavaThread "Cache worker for Build Output Cleanup Cache (C:\Users\SMART WAY\AndroidStudioProjects\MyApplication333333\.gradle\buildOutputCleanup)" [_thread_blocked, id=3232, stack(0x0000009d3a400000,0x0000009d3a500000)]
  0x000002612236f800 JavaThread "Build operations" [_thread_blocked, id=14444, stack(0x0000009d3ab00000,0x0000009d3ac00000)]
  0x0000026122373000 JavaThread "Build operations Thread 2" [_thread_blocked, id=15956, stack(0x0000009d3ac00000,0x0000009d3ad00000)]
  0x0000026122375800 JavaThread "Build operations Thread 3" [_thread_blocked, id=17012, stack(0x0000009d3ad00000,0x0000009d3ae00000)]
  0x0000026122370800 JavaThread "Build operations Thread 4" [_thread_blocked, id=19800, stack(0x0000009d3ae00000,0x0000009d3af00000)]
  0x0000026122372000 JavaThread "build event listener" [_thread_blocked, id=6456, stack(0x0000009d3af00000,0x0000009d3b000000)]
  0x000002611ff60000 JavaThread "Execution worker for ':'" [_thread_blocked, id=16468, stack(0x0000009d3b200000,0x0000009d3b300000)]
  0x000002611ff5b000 JavaThread "Execution worker for ':' Thread 2" [_thread_blocked, id=17176, stack(0x0000009d3b300000,0x0000009d3b400000)]
  0x000002611ff65000 JavaThread "Execution worker for ':' Thread 3" [_thread_in_native, id=20348, stack(0x0000009d3b400000,0x0000009d3b500000)]
  0x000002611ff62800 JavaThread "Cache worker for execution history cache (C:\Users\SMART WAY\AndroidStudioProjects\MyApplication333333\.gradle\7.0.2\executionHistory)" [_thread_blocked, id=18968, stack(0x0000009d3b500000,0x0000009d3b600000)]
  0x000002611ff68000 JavaThread "WorkerExecutor Queue" [_thread_blocked, id=18732, stack(0x0000009d3b600000,0x0000009d3b700000)]
  0x000002611ff65800 JavaThread "pool-10-thread-1" [_thread_blocked, id=19836, stack(0x0000009d3b700000,0x0000009d3b800000)]
  0x000002611ff66800 JavaThread "stderr" [_thread_in_native, id=13568, stack(0x0000009d3b800000,0x0000009d3b900000)]
  0x000002611ff63000 JavaThread "stdout" [_thread_in_native, id=11724, stack(0x0000009d3b900000,0x0000009d3ba00000)]
  0x000002611cc95800 JavaThread "RMI Scheduler(0)" daemon [_thread_blocked, id=17424, stack(0x0000009d3a900000,0x0000009d3aa00000)]
  0x000002611cc94800 JavaThread "RMI RenewClean-[127.0.0.1:17742,org.jetbrains.kotlin.daemon.common.LoopbackNetworkInterface$ClientLoopbackSocketFactory@7f7ee7b4]" daemon [_thread_blocked, id=18664, stack(0x0000009d3ba00000,0x0000009d3bb00000)]
  0x00000261243f8000 JavaThread "RMI GC Daemon" daemon [_thread_blocked, id=11732, stack(0x0000009d3bb00000,0x0000009d3bc00000)]
  0x00000261243f6800 JavaThread "RMI TCP Accept-0" daemon [_thread_in_native, id=15924, stack(0x0000009d3bc00000,0x0000009d3bd00000)]
  0x00000261243fb000 JavaThread "RMI Reaper" [_thread_blocked, id=18928, stack(0x0000009d3bd00000,0x0000009d3be00000)]
  0x00000261243f8800 JavaThread "RMI TCP Connection(1)-127.0.0.1" daemon [_thread_blocked, id=1712, stack(0x0000009d3be00000,0x0000009d3bf00000)]
  0x000002611d6c4800 JavaThread "C2 CompilerThread1" daemon [_thread_blocked, id=9492, stack(0x0000009d3bf00000,0x0000009d3c000000)]

Other Threads:
  0x000002611a2ba000 VMThread "VM Thread" [stack: 0x0000009d38300000,0x0000009d38400000] [id=6072] _threads_hazard_ptr=0x000002611d3cbd00
  0x000002611ade6000 WatcherThread [stack: 0x0000009d38d00000,0x0000009d38e00000] [id=17648]
  0x000002617bbf1800 GCTaskThread "GC Thread#0" [stack: 0x0000009d37e00000,0x0000009d37f00000] [id=12784]
  0x000002611b1f7800 GCTaskThread "GC Thread#1" [stack: 0x0000009d38f00000,0x0000009d39000000] [id=9060]
  0x000002611b155800 GCTaskThread "GC Thread#2" [stack: 0x0000009d39000000,0x0000009d39100000] [id=18272]
  0x000002611c5f9800 GCTaskThread "GC Thread#3" [stack: 0x0000009d39a00000,0x0000009d39b00000] [id=15176]
  0x000002617bc27800 ConcurrentGCThread "G1 Main Marker" [stack: 0x0000009d37f00000,0x0000009d38000000] [id=9008]
  0x000002617bc2a000 ConcurrentGCThread "G1 Conc#0" [stack: 0x0000009d38000000,0x0000009d38100000] [id=5912]
  0x000002617bcbb800 ConcurrentGCThread "G1 Refine#0" [stack: 0x0000009d38100000,0x0000009d38200000] [id=13000]
  0x000002611e6f4800 ConcurrentGCThread "G1 Refine#1" [stack: 0x0000009d3c200000,0x0000009d3c300000] [id=18916]
  0x000002611e6f1000 ConcurrentGCThread "G1 Refine#2" [stack: 0x0000009d3c300000,0x0000009d3c400000] [id=6696]
  0x000002611e6ee000 ConcurrentGCThread "G1 Refine#3" [stack: 0x0000009d3c400000,0x0000009d3c500000] [id=11144]
  0x000002617bcbc800 ConcurrentGCThread "G1 Young RemSet Sampling" [stack: 0x0000009d38200000,0x0000009d38300000] [id=15948]

Threads with active compile tasks:
C2 CompilerThread0 264000 18411       4       java.lang.invoke.InvokerBytecodeGenerator::emitImplicitConversion (159 bytes)
C2 CompilerThread1 264000 18466   !   4       java.io.ObjectOutputStream::writeObject0 (619 bytes)

VM state:at safepoint (normal execution)

VM Mutex/Monitor currently owned by a thread:  ([mutex/lock_event])
[0x000002617bbd7ed0] Threads_lock - owner thread: 0x000002611a2ba000

Heap address: 0x0000000080000000, size: 2048 MB, Compressed Oops mode: 32-bit
Narrow klass base: 0x0000000000000000, Narrow klass shift: 3
Compressed class space size: 1073741824 Address: 0x0000000100000000

Heap:
 garbage-first heap   total 334848K, used 173416K [0x0000000080000000, 0x0000000100000000)
  region size 1024K, 46 young (47104K), 12 survivors (12288K)
 Metaspace       used 120817K, capacity 124712K, committed 124876K, reserved 1157120K
  class space    used 15472K, capacity 16824K, committed 16844K, reserved 1048576K
Heap Regions: E=young(eden), S=young(survivor), O=old, HS=humongous(starts), HC=humongous(continues), CS=collection set, F=free, A=archive, TAMS=top-at-mark-start (previous, next)
|   0|0x0000000080000000, 0x0000000080100000, 0x0000000080100000|100%|HS|  |TAMS 0x0000000080100000, 0x0000000080000000| Complete 
|   1|0x0000000080100000, 0x0000000080200000, 0x0000000080200000|100%|HC|  |TAMS 0x0000000080200000, 0x0000000080100000| Complete 
|   2|0x0000000080200000, 0x0000000080300000, 0x0000000080300000|100%|HC|  |TAMS 0x0000000080300000, 0x0000000080200000| Complete 
|   3|0x0000000080300000, 0x0000000080400000, 0x0000000080400000|100%| O|  |TAMS 0x0000000080400000, 0x0000000080300000| Untracked 
|   4|0x0000000080400000, 0x0000000080500000, 0x0000000080500000|100%| O|  |TAMS 0x0000000080500000, 0x0000000080400000| Untracked 
|   5|0x0000000080500000, 0x0000000080600000, 0x0000000080600000|100%| O|  |TAMS 0x0000000080600000, 0x0000000080500000| Untracked 
|   6|0x0000000080600000, 0x0000000080700000, 0x0000000080700000|100%| O|  |TAMS 0x0000000080700000, 0x0000000080600000| Untracked 
|   7|0x0000000080700000, 0x0000000080800000, 0x0000000080800000|100%| O|  |TAMS 0x0000000080800000, 0x0000000080700000| Untracked 
|   8|0x0000000080800000, 0x0000000080900000, 0x0000000080900000|100%| O|  |TAMS 0x0000000080900000, 0x0000000080800000| Untracked 
|   9|0x0000000080900000, 0x0000000080a00000, 0x0000000080a00000|100%| O|  |TAMS 0x0000000080a00000, 0x0000000080900000| Untracked 
|  10|0x0000000080a00000, 0x0000000080b00000, 0x0000000080b00000|100%| O|  |TAMS 0x0000000080b00000, 0x0000000080a00000| Untracked 
|  11|0x0000000080b00000, 0x0000000080c00000, 0x0000000080c00000|100%| O|  |TAMS 0x0000000080c00000, 0x0000000080b00000| Untracked 
|  12|0x0000000080c00000, 0x0000000080d00000, 0x0000000080d00000|100%| O|  |TAMS 0x0000000080d00000, 0x0000000080c00000| Untracked 
|  13|0x0000000080d00000, 0x0000000080e00000, 0x0000000080e00000|100%| O|  |TAMS 0x0000000080e00000, 0x0000000080d00000| Untracked 
|  14|0x0000000080e00000, 0x0000000080f00000, 0x0000000080f00000|100%| O|  |TAMS 0x0000000080f00000, 0x0000000080e00000| Untracked 
|  15|0x0000000080f00000, 0x0000000081000000, 0x0000000081000000|100%| O|  |TAMS 0x0000000081000000, 0x0000000080f00000| Untracked 
|  16|0x0000000081000000, 0x0000000081100000, 0x0000000081100000|100%|HS|  |TAMS 0x0000000081100000, 0x0000000081000000| Complete 
|  17|0x0000000081100000, 0x0000000081200000, 0x0000000081200000|100%| O|  |TAMS 0x0000000081200000, 0x0000000081100000| Untracked 
|  18|0x0000000081200000, 0x0000000081300000, 0x0000000081300000|100%| O|  |TAMS 0x0000000081300000, 0x0000000081200000| Untracked 
|  19|0x0000000081300000, 0x0000000081400000, 0x0000000081400000|100%| O|  |TAMS 0x0000000081400000, 0x0000000081300000| Untracked 
|  20|0x0000000081400000, 0x0000000081500000, 0x0000000081500000|100%| O|  |TAMS 0x0000000081500000, 0x0000000081400000| Untracked 
|  21|0x0000000081500000, 0x0000000081600000, 0x0000000081600000|100%| O|  |TAMS 0x0000000081600000, 0x0000000081500000| Untracked 
|  22|0x0000000081600000, 0x0000000081700000, 0x0000000081700000|100%| O|  |TAMS 0x0000000081700000, 0x0000000081600000| Untracked 
|  23|0x0000000081700000, 0x0000000081800000, 0x0000000081800000|100%|HS|  |TAMS 0x0000000081800000, 0x0000000081700000| Complete 
|  24|0x0000000081800000, 0x0000000081900000, 0x0000000081900000|100%|HS|  |TAMS 0x0000000081900000, 0x0000000081800000| Complete 
|  25|0x0000000081900000, 0x0000000081a00000, 0x0000000081a00000|100%|HS|  |TAMS 0x0000000081a00000, 0x0000000081900000| Complete 
|  26|0x0000000081a00000, 0x0000000081b00000, 0x0000000081b00000|100%|HC|  |TAMS 0x0000000081b00000, 0x0000000081a00000| Complete 
|  27|0x0000000081b00000, 0x0000000081c00000, 0x0000000081c00000|100%|HC|  |TAMS 0x0000000081c00000, 0x0000000081b00000| Complete 
|  28|0x0000000081c00000, 0x0000000081d00000, 0x0000000081d00000|100%|HS|  |TAMS 0x0000000081d00000, 0x0000000081c00000| Complete 
|  29|0x0000000081d00000, 0x0000000081e00000, 0x0000000081e00000|100%|HC|  |TAMS 0x0000000081e00000, 0x0000000081d00000| Complete 
|  30|0x0000000081e00000, 0x0000000081f00000, 0x0000000081f00000|100%| O|  |TAMS 0x0000000081f00000, 0x0000000081e00000| Untracked 
|  31|0x0000000081f00000, 0x0000000082000000, 0x0000000082000000|100%| O|  |TAMS 0x0000000082000000, 0x0000000081f00000| Untracked 
|  32|0x0000000082000000, 0x0000000082100000, 0x0000000082100000|100%| O|  |TAMS 0x0000000082100000, 0x0000000082000000| Untracked 
|  33|0x0000000082100000, 0x0000000082200000, 0x0000000082200000|100%| O|  |TAMS 0x0000000082200000, 0x0000000082100000| Untracked 
|  34|0x0000000082200000, 0x0000000082300000, 0x0000000082300000|100%| O|  |TAMS 0x0000000082300000, 0x0000000082200000| Untracked 
|  35|0x0000000082300000, 0x0000000082400000, 0x0000000082400000|100%| O|  |TAMS 0x0000000082400000, 0x0000000082300000| Untracked 
|  36|0x0000000082400000, 0x0000000082500000, 0x0000000082500000|100%| O|  |TAMS 0x0000000082500000, 0x0000000082400000| Untracked 
|  37|0x0000000082500000, 0x0000000082600000, 0x0000000082600000|100%| O|  |TAMS 0x0000000082600000, 0x0000000082500000| Untracked 
|  38|0x0000000082600000, 0x0000000082700000, 0x0000000082700000|100%| O|  |TAMS 0x0000000082700000, 0x0000000082600000| Untracked 
|  39|0x0000000082700000, 0x0000000082800000, 0x0000000082800000|100%| O|  |TAMS 0x0000000082800000, 0x0000000082700000| Untracked 
|  40|0x0000000082800000, 0x0000000082900000, 0x0000000082900000|100%| O|  |TAMS 0x0000000082900000, 0x0000000082800000| Untracked 
|  41|0x0000000082900000, 0x0000000082a00000, 0x0000000082a00000|100%| O|  |TAMS 0x0000000082a00000, 0x0000000082900000| Untracked 
|  42|0x0000000082a00000, 0x0000000082b00000, 0x0000000082b00000|100%| O|  |TAMS 0x0000000082b00000, 0x0000000082a00000| Untracked 
|  43|0x0000000082b00000, 0x0000000082c00000, 0x0000000082c00000|100%| O|  |TAMS 0x0000000082c00000, 0x0000000082b00000| Untracked 
|  44|0x0000000082c00000, 0x0000000082d00000, 0x0000000082d00000|100%| O|  |TAMS 0x0000000082d00000, 0x0000000082c00000| Untracked 
|  45|0x0000000082d00000, 0x0000000082e00000, 0x0000000082e00000|100%| O|  |TAMS 0x0000000082e00000, 0x0000000082d00000| Untracked 
|  46|0x0000000082e00000, 0x0000000082f00000, 0x0000000082f00000|100%| O|  |TAMS 0x0000000082f00000, 0x0000000082e00000| Untracked 
|  47|0x0000000082f00000, 0x0000000083000000, 0x0000000083000000|100%| O|  |TAMS 0x0000000083000000, 0x0000000082f00000| Untracked 
|  48|0x0000000083000000, 0x0000000083100000, 0x0000000083100000|100%| O|  |TAMS 0x0000000083100000, 0x0000000083000000| Untracked 
|  49|0x0000000083100000, 0x0000000083200000, 0x0000000083200000|100%| O|  |TAMS 0x0000000083200000, 0x0000000083100000| Untracked 
|  50|0x0000000083200000, 0x0000000083300000, 0x0000000083300000|100%| O|  |TAMS 0x0000000083300000, 0x0000000083200000| Untracked 
|  51|0x0000000083300000, 0x0000000083400000, 0x0000000083400000|100%| O|  |TAMS 0x0000000083400000, 0x0000000083300000| Untracked 
|  52|0x0000000083400000, 0x0000000083500000, 0x0000000083500000|100%| O|  |TAMS 0x0000000083500000, 0x0000000083400000| Untracked 
|  53|0x0000000083500000, 0x0000000083600000, 0x0000000083600000|100%| O|  |TAMS 0x0000000083600000, 0x0000000083500000| Untracked 
|  54|0x0000000083600000, 0x0000000083700000, 0x0000000083700000|100%| O|  |TAMS 0x0000000083700000, 0x0000000083600000| Untracked 
|  55|0x0000000083700000, 0x0000000083800000, 0x0000000083800000|100%| O|  |TAMS 0x0000000083800000, 0x0000000083700000| Untracked 
|  56|0x0000000083800000, 0x0000000083900000, 0x0000000083900000|100%| O|  |TAMS 0x0000000083900000, 0x0000000083800000| Untracked 
|  57|0x0000000083900000, 0x0000000083a00000, 0x0000000083a00000|100%| O|  |TAMS 0x0000000083a00000, 0x0000000083900000| Untracked 
|  58|0x0000000083a00000, 0x0000000083b00000, 0x0000000083b00000|100%| O|  |TAMS 0x0000000083b00000, 0x0000000083a00000| Untracked 
|  59|0x0000000083b00000, 0x0000000083c00000, 0x0000000083c00000|100%| O|  |TAMS 0x0000000083c00000, 0x0000000083b00000| Untracked 
|  60|0x0000000083c00000, 0x0000000083d00000, 0x0000000083d00000|100%| O|  |TAMS 0x0000000083d00000, 0x0000000083c00000| Untracked 
|  61|0x0000000083d00000, 0x0000000083e00000, 0x0000000083e00000|100%| O|  |TAMS 0x0000000083e00000, 0x0000000083d00000| Untracked 
|  62|0x0000000083e00000, 0x0000000083f00000, 0x0000000083f00000|100%| O|  |TAMS 0x0000000083f00000, 0x0000000083e00000| Untracked 
|  63|0x0000000083f00000, 0x0000000084000000, 0x0000000084000000|100%| O|  |TAMS 0x0000000084000000, 0x0000000083f00000| Untracked 
|  64|0x0000000084000000, 0x0000000084100000, 0x0000000084100000|100%| O|  |TAMS 0x0000000084100000, 0x0000000084000000| Untracked 
|  65|0x0000000084100000, 0x0000000084200000, 0x0000000084200000|100%| O|  |TAMS 0x0000000084200000, 0x0000000084100000| Untracked 
|  66|0x0000000084200000, 0x0000000084300000, 0x0000000084300000|100%| O|  |TAMS 0x0000000084300000, 0x0000000084200000| Untracked 
|  67|0x0000000084300000, 0x0000000084400000, 0x0000000084400000|100%| O|  |TAMS 0x0000000084400000, 0x0000000084300000| Untracked 
|  68|0x0000000084400000, 0x0000000084500000, 0x0000000084500000|100%| O|  |TAMS 0x0000000084500000, 0x0000000084400000| Untracked 
|  69|0x0000000084500000, 0x0000000084500000, 0x0000000084600000|  0%| F|  |TAMS 0x0000000084500000, 0x0000000084500000| Untracked 
|  70|0x0000000084600000, 0x0000000084700000, 0x0000000084700000|100%| O|  |TAMS 0x0000000084700000, 0x0000000084600000| Untracked 
|  71|0x0000000084700000, 0x0000000084800000, 0x0000000084800000|100%| O|  |TAMS 0x0000000084800000, 0x0000000084700000| Untracked 
|  72|0x0000000084800000, 0x0000000084900000, 0x0000000084900000|100%| O|  |TAMS 0x0000000084900000, 0x0000000084800000| Untracked 
|  73|0x0000000084900000, 0x0000000084a00000, 0x0000000084a00000|100%| O|  |TAMS 0x0000000084a00000, 0x0000000084900000| Untracked 
|  74|0x0000000084a00000, 0x0000000084b00000, 0x0000000084b00000|100%| O|  |TAMS 0x0000000084b00000, 0x0000000084a00000| Untracked 
|  75|0x0000000084b00000, 0x0000000084c00000, 0x0000000084c00000|100%| O|  |TAMS 0x0000000084c00000, 0x0000000084b00000| Untracked 
|  76|0x0000000084c00000, 0x0000000084d00000, 0x0000000084d00000|100%| O|  |TAMS 0x0000000084d00000, 0x0000000084c00000| Untracked 
|  77|0x0000000084d00000, 0x0000000084e00000, 0x0000000084e00000|100%| O|  |TAMS 0x0000000084e00000, 0x0000000084d00000| Untracked 
|  78|0x0000000084e00000, 0x0000000084f00000, 0x0000000084f00000|100%| O|  |TAMS 0x0000000084f00000, 0x0000000084e00000| Untracked 
|  79|0x0000000084f00000, 0x0000000085000000, 0x0000000085000000|100%| O|  |TAMS 0x0000000085000000, 0x0000000084f00000| Untracked 
|  80|0x0000000085000000, 0x0000000085100000, 0x0000000085100000|100%| O|  |TAMS 0x0000000085100000, 0x0000000085000000| Untracked 
|  81|0x0000000085100000, 0x0000000085200000, 0x0000000085200000|100%| O|  |TAMS 0x0000000085200000, 0x0000000085100000| Untracked 
|  82|0x0000000085200000, 0x0000000085300000, 0x0000000085300000|100%| O|  |TAMS 0x0000000085300000, 0x0000000085200000| Untracked 
|  83|0x0000000085300000, 0x0000000085400000, 0x0000000085400000|100%| O|  |TAMS 0x0000000085400000, 0x0000000085300000| Untracked 
|  84|0x0000000085400000, 0x0000000085500000, 0x0000000085500000|100%| O|  |TAMS 0x0000000085500000, 0x0000000085400000| Untracked 
|  85|0x0000000085500000, 0x0000000085600000, 0x0000000085600000|100%| O|  |TAMS 0x0000000085600000, 0x0000000085500000| Untracked 
|  86|0x0000000085600000, 0x0000000085700000, 0x0000000085700000|100%| O|  |TAMS 0x0000000085700000, 0x0000000085600000| Untracked 
|  87|0x0000000085700000, 0x0000000085800000, 0x0000000085800000|100%| O|  |TAMS 0x0000000085800000, 0x0000000085700000| Untracked 
|  88|0x0000000085800000, 0x0000000085900000, 0x0000000085900000|100%| O|  |TAMS 0x0000000085900000, 0x0000000085800000| Untracked 
|  89|0x0000000085900000, 0x0000000085a00000, 0x0000000085a00000|100%|HS|  |TAMS 0x0000000085a00000, 0x0000000085900000| Complete 
|  90|0x0000000085a00000, 0x0000000085b00000, 0x0000000085b00000|100%|HC|  |TAMS 0x0000000085b00000, 0x0000000085a00000| Complete 
|  91|0x0000000085b00000, 0x0000000085c00000, 0x0000000085c00000|100%| O|  |TAMS 0x0000000085c00000, 0x0000000085b00000| Untracked 
|  92|0x0000000085c00000, 0x0000000085d00000, 0x0000000085d00000|100%| O|  |TAMS 0x0000000085d00000, 0x0000000085c00000| Untracked 
|  93|0x0000000085d00000, 0x0000000085e00000, 0x0000000085e00000|100%| O|  |TAMS 0x0000000085e00000, 0x0000000085d00000| Untracked 
|  94|0x0000000085e00000, 0x0000000085f00000, 0x0000000085f00000|100%| O|  |TAMS 0x0000000085f00000, 0x0000000085e00000| Untracked 
|  95|0x0000000085f00000, 0x0000000086000000, 0x0000000086000000|100%| O|  |TAMS 0x0000000086000000, 0x0000000085f00000| Untracked 
|  96|0x0000000086000000, 0x0000000086100000, 0x0000000086100000|100%|HS|  |TAMS 0x0000000086100000, 0x0000000086000000| Complete 
|  97|0x0000000086100000, 0x0000000086200000, 0x0000000086200000|100%|HC|  |TAMS 0x0000000086200000, 0x0000000086100000| Complete 
|  98|0x0000000086200000, 0x0000000086300000, 0x0000000086300000|100%|HC|  |TAMS 0x0000000086300000, 0x0000000086200000| Complete 
|  99|0x0000000086300000, 0x0000000086400000, 0x0000000086400000|100%| O|  |TAMS 0x0000000086400000, 0x0000000086300000| Untracked 
| 100|0x0000000086400000, 0x0000000086500000, 0x0000000086500000|100%| O|  |TAMS 0x0000000086500000, 0x0000000086400000| Untracked 
| 101|0x0000000086500000, 0x0000000086600000, 0x0000000086600000|100%| O|  |TAMS 0x0000000086600000, 0x0000000086500000| Untracked 
| 102|0x0000000086600000, 0x0000000086700000, 0x0000000086700000|100%| O|  |TAMS 0x0000000086700000, 0x0000000086600000| Untracked 
| 103|0x0000000086700000, 0x0000000086800000, 0x0000000086800000|100%| O|  |TAMS 0x0000000086800000, 0x0000000086700000| Untracked 
| 104|0x0000000086800000, 0x0000000086900000, 0x0000000086900000|100%| O|  |TAMS 0x0000000086900000, 0x0000000086800000| Untracked 
| 105|0x0000000086900000, 0x0000000086a00000, 0x0000000086a00000|100%| O|  |TAMS 0x0000000086a00000, 0x0000000086900000| Untracked 
| 106|0x0000000086a00000, 0x0000000086b00000, 0x0000000086b00000|100%| O|  |TAMS 0x0000000086b00000, 0x0000000086a00000| Untracked 
| 107|0x0000000086b00000, 0x0000000086c00000, 0x0000000086c00000|100%| O|  |TAMS 0x0000000086c00000, 0x0000000086b00000| Untracked 
| 108|0x0000000086c00000, 0x0000000086d00000, 0x0000000086d00000|100%| O|  |TAMS 0x0000000086d00000, 0x0000000086c00000| Untracked 
| 109|0x0000000086d00000, 0x0000000086e00000, 0x0000000086e00000|100%| O|  |TAMS 0x0000000086e00000, 0x0000000086d00000| Untracked 
| 110|0x0000000086e00000, 0x0000000086f00000, 0x0000000086f00000|100%| O|  |TAMS 0x0000000086f00000, 0x0000000086e00000| Untracked 
| 111|0x0000000086f00000, 0x0000000087000000, 0x0000000087000000|100%| O|  |TAMS 0x0000000087000000, 0x0000000086f00000| Untracked 
| 112|0x0000000087000000, 0x0000000087100000, 0x0000000087100000|100%| O|  |TAMS 0x0000000087100000, 0x0000000087000000| Untracked 
| 113|0x0000000087100000, 0x0000000087200000, 0x0000000087200000|100%| O|  |TAMS 0x0000000087200000, 0x0000000087100000| Untracked 
| 114|0x0000000087200000, 0x0000000087300000, 0x0000000087300000|100%|HS|  |TAMS 0x0000000087300000, 0x0000000087200000| Complete 
| 115|0x0000000087300000, 0x0000000087400000, 0x0000000087400000|100%|HC|  |TAMS 0x0000000087400000, 0x0000000087300000| Complete 
| 116|0x0000000087400000, 0x0000000087500000, 0x0000000087500000|100%|HC|  |TAMS 0x0000000087500000, 0x0000000087400000| Complete 
| 117|0x0000000087500000, 0x0000000087600000, 0x0000000087600000|100%|HC|  |TAMS 0x0000000087600000, 0x0000000087500000| Complete 
| 118|0x0000000087600000, 0x0000000087700000, 0x0000000087700000|100%|HC|  |TAMS 0x0000000087700000, 0x0000000087600000| Complete 
| 119|0x0000000087700000, 0x0000000087800000, 0x0000000087800000|100%|HS|  |TAMS 0x0000000087800000, 0x0000000087700000| Complete 
| 120|0x0000000087800000, 0x0000000087900000, 0x0000000087900000|100%|HC|  |TAMS 0x0000000087900000, 0x0000000087800000| Complete 
| 121|0x0000000087900000, 0x0000000087a00000, 0x0000000087a00000|100%|HC|  |TAMS 0x0000000087a00000, 0x0000000087900000| Complete 
| 122|0x0000000087a00000, 0x0000000087b00000, 0x0000000087b00000|100%|HC|  |TAMS 0x0000000087b00000, 0x0000000087a00000| Complete 
| 123|0x0000000087b00000, 0x0000000087c00000, 0x0000000087c00000|100%|HC|  |TAMS 0x0000000087c00000, 0x0000000087b00000| Complete 
| 124|0x0000000087c00000, 0x0000000087d00000, 0x0000000087d00000|100%|HS|  |TAMS 0x0000000087d00000, 0x0000000087c00000| Complete 
| 125|0x0000000087d00000, 0x0000000087e00000, 0x0000000087e00000|100%|HC|  |TAMS 0x0000000087e00000, 0x0000000087d00000| Complete 
| 126|0x0000000087e00000, 0x0000000087f00000, 0x0000000087f00000|100%|HC|  |TAMS 0x0000000087f00000, 0x0000000087e00000| Complete 
| 127|0x0000000087f00000, 0x0000000087f3fa00, 0x0000000088000000| 24%| O|  |TAMS 0x0000000087f3fa00, 0x0000000087f00000| Untracked 
| 128|0x0000000088000000, 0x0000000088000000, 0x0000000088100000|  0%| F|  |TAMS 0x0000000088000000, 0x0000000088000000| Untracked 
| 129|0x0000000088100000, 0x0000000088100000, 0x0000000088200000|  0%| F|  |TAMS 0x0000000088100000, 0x0000000088100000| Untracked 
| 130|0x0000000088200000, 0x0000000088200000, 0x0000000088300000|  0%| F|  |TAMS 0x0000000088200000, 0x0000000088200000| Untracked 
| 131|0x0000000088300000, 0x0000000088300000, 0x0000000088400000|  0%| F|  |TAMS 0x0000000088300000, 0x0000000088300000| Untracked 
| 132|0x0000000088400000, 0x0000000088400000, 0x0000000088500000|  0%| F|  |TAMS 0x0000000088400000, 0x0000000088400000| Untracked 
| 133|0x0000000088500000, 0x0000000088500000, 0x0000000088600000|  0%| F|  |TAMS 0x0000000088500000, 0x0000000088500000| Untracked 
| 134|0x0000000088600000, 0x0000000088600000, 0x0000000088700000|  0%| F|  |TAMS 0x0000000088600000, 0x0000000088600000| Untracked 
| 135|0x0000000088700000, 0x0000000088700000, 0x0000000088800000|  0%| F|  |TAMS 0x0000000088700000, 0x0000000088700000| Untracked 
| 136|0x0000000088800000, 0x0000000088800000, 0x0000000088900000|  0%| F|  |TAMS 0x0000000088800000, 0x0000000088800000| Untracked 
| 137|0x0000000088900000, 0x0000000088900000, 0x0000000088a00000|  0%| F|  |TAMS 0x0000000088900000, 0x0000000088900000| Untracked 
| 138|0x0000000088a00000, 0x0000000088a00000, 0x0000000088b00000|  0%| F|  |TAMS 0x0000000088a00000, 0x0000000088a00000| Untracked 
| 139|0x0000000088b00000, 0x0000000088b00000, 0x0000000088c00000|  0%| F|  |TAMS 0x0000000088b00000, 0x0000000088b00000| Untracked 
| 140|0x0000000088c00000, 0x0000000088c00000, 0x0000000088d00000|  0%| F|  |TAMS 0x0000000088c00000, 0x0000000088c00000| Untracked 
| 141|0x0000000088d00000, 0x0000000088d00000, 0x0000000088e00000|  0%| F|  |TAMS 0x0000000088d00000, 0x0000000088d00000| Untracked 
| 142|0x0000000088e00000, 0x0000000088e00000, 0x0000000088f00000|  0%| F|  |TAMS 0x0000000088e00000, 0x0000000088e00000| Untracked 
| 143|0x0000000088f00000, 0x0000000088f00000, 0x0000000089000000|  0%| F|  |TAMS 0x0000000088f00000, 0x0000000088f00000| Untracked 
| 144|0x0000000089000000, 0x0000000089000000, 0x0000000089100000|  0%| F|  |TAMS 0x0000000089000000, 0x0000000089000000| Untracked 
| 145|0x0000000089100000, 0x0000000089100000, 0x0000000089200000|  0%| F|  |TAMS 0x0000000089100000, 0x0000000089100000| Untracked 
| 146|0x0000000089200000, 0x0000000089200000, 0x0000000089300000|  0%| F|  |TAMS 0x0000000089200000, 0x0000000089200000| Untracked 
| 147|0x0000000089300000, 0x0000000089300000, 0x0000000089400000|  0%| F|  |TAMS 0x0000000089300000, 0x0000000089300000| Untracked 
| 148|0x0000000089400000, 0x0000000089400000, 0x0000000089500000|  0%| F|  |TAMS 0x0000000089400000, 0x0000000089400000| Untracked 
| 149|0x0000000089500000, 0x0000000089500000, 0x0000000089600000|  0%| F|  |TAMS 0x0000000089500000, 0x0000000089500000| Untracked 
| 150|0x0000000089600000, 0x0000000089600000, 0x0000000089700000|  0%| F|  |TAMS 0x0000000089600000, 0x0000000089600000| Untracked 
| 151|0x0000000089700000, 0x0000000089700000, 0x0000000089800000|  0%| F|  |TAMS 0x0000000089700000, 0x0000000089700000| Untracked 
| 152|0x0000000089800000, 0x0000000089800000, 0x0000000089900000|  0%| F|  |TAMS 0x0000000089800000, 0x0000000089800000| Untracked 
| 153|0x0000000089900000, 0x0000000089900000, 0x0000000089a00000|  0%| F|  |TAMS 0x0000000089900000, 0x0000000089900000| Untracked 
| 154|0x0000000089a00000, 0x0000000089a00000, 0x0000000089b00000|  0%| F|  |TAMS 0x0000000089a00000, 0x0000000089a00000| Untracked 
| 155|0x0000000089b00000, 0x0000000089b00000, 0x0000000089c00000|  0%| F|  |TAMS 0x0000000089b00000, 0x0000000089b00000| Untracked 
| 156|0x0000000089c00000, 0x0000000089c00000, 0x0000000089d00000|  0%| F|  |TAMS 0x0000000089c00000, 0x0000000089c00000| Untracked 
| 157|0x0000000089d00000, 0x0000000089d00000, 0x0000000089e00000|  0%| F|  |TAMS 0x0000000089d00000, 0x0000000089d00000| Untracked 
| 158|0x0000000089e00000, 0x0000000089e00000, 0x0000000089f00000|  0%| F|  |TAMS 0x0000000089e00000, 0x0000000089e00000| Untracked 
| 159|0x0000000089f00000, 0x0000000089f00000, 0x000000008a000000|  0%| F|  |TAMS 0x0000000089f00000, 0x0000000089f00000| Untracked 
| 160|0x000000008a000000, 0x000000008a000000, 0x000000008a100000|  0%| F|  |TAMS 0x000000008a000000, 0x000000008a000000| Untracked 
| 161|0x000000008a100000, 0x000000008a100000, 0x000000008a200000|  0%| F|  |TAMS 0x000000008a100000, 0x000000008a100000| Untracked 
| 162|0x000000008a200000, 0x000000008a200000, 0x000000008a300000|  0%| F|  |TAMS 0x000000008a200000, 0x000000008a200000| Untracked 
| 163|0x000000008a300000, 0x000000008a300000, 0x000000008a400000|  0%| F|  |TAMS 0x000000008a300000, 0x000000008a300000| Untracked 
| 164|0x000000008a400000, 0x000000008a400000, 0x000000008a500000|  0%| F|  |TAMS 0x000000008a400000, 0x000000008a400000| Untracked 
| 165|0x000000008a500000, 0x000000008a500000, 0x000000008a600000|  0%| F|  |TAMS 0x000000008a500000, 0x000000008a500000| Untracked 
| 166|0x000000008a600000, 0x000000008a600000, 0x000000008a700000|  0%| F|  |TAMS 0x000000008a600000, 0x000000008a600000| Untracked 
| 167|0x000000008a700000, 0x000000008a700000, 0x000000008a800000|  0%| F|  |TAMS 0x000000008a700000, 0x000000008a700000| Untracked 
| 168|0x000000008a800000, 0x000000008a800000, 0x000000008a900000|  0%| F|  |TAMS 0x000000008a800000, 0x000000008a800000| Untracked 
| 169|0x000000008a900000, 0x000000008a900000, 0x000000008aa00000|  0%| F|  |TAMS 0x000000008a900000, 0x000000008a900000| Untracked 
| 170|0x000000008aa00000, 0x000000008aa00000, 0x000000008ab00000|  0%| F|  |TAMS 0x000000008aa00000, 0x000000008aa00000| Untracked 
| 171|0x000000008ab00000, 0x000000008ab00000, 0x000000008ac00000|  0%| F|  |TAMS 0x000000008ab00000, 0x000000008ab00000| Untracked 
| 172|0x000000008ac00000, 0x000000008ac00000, 0x000000008ad00000|  0%| F|  |TAMS 0x000000008ac00000, 0x000000008ac00000| Untracked 
| 173|0x000000008ad00000, 0x000000008ad00000, 0x000000008ae00000|  0%| F|  |TAMS 0x000000008ad00000, 0x000000008ad00000| Untracked 
| 174|0x000000008ae00000, 0x000000008ae00000, 0x000000008af00000|  0%| F|  |TAMS 0x000000008ae00000, 0x000000008ae00000| Untracked 
| 175|0x000000008af00000, 0x000000008af00000, 0x000000008b000000|  0%| F|  |TAMS 0x000000008af00000, 0x000000008af00000| Untracked 
| 176|0x000000008b000000, 0x000000008b000000, 0x000000008b100000|  0%| F|  |TAMS 0x000000008b000000, 0x000000008b000000| Untracked 
| 177|0x000000008b100000, 0x000000008b100000, 0x000000008b200000|  0%| F|  |TAMS 0x000000008b100000, 0x000000008b100000| Untracked 
| 178|0x000000008b200000, 0x000000008b200000, 0x000000008b300000|  0%| F|  |TAMS 0x000000008b200000, 0x000000008b200000| Untracked 
| 179|0x000000008b300000, 0x000000008b300000, 0x000000008b400000|  0%| F|  |TAMS 0x000000008b300000, 0x000000008b300000| Untracked 
| 180|0x000000008b400000, 0x000000008b400000, 0x000000008b500000|  0%| F|  |TAMS 0x000000008b400000, 0x000000008b400000| Untracked 
| 181|0x000000008b500000, 0x000000008b500000, 0x000000008b600000|  0%| F|  |TAMS 0x000000008b500000, 0x000000008b500000| Untracked 
| 182|0x000000008b600000, 0x000000008b600000, 0x000000008b700000|  0%| F|  |TAMS 0x000000008b600000, 0x000000008b600000| Untracked 
| 183|0x000000008b700000, 0x000000008b700000, 0x000000008b800000|  0%| F|  |TAMS 0x000000008b700000, 0x000000008b700000| Untracked 
| 184|0x000000008b800000, 0x000000008b800000, 0x000000008b900000|  0%| F|  |TAMS 0x000000008b800000, 0x000000008b800000| Untracked 
| 185|0x000000008b900000, 0x000000008b900000, 0x000000008ba00000|  0%| F|  |TAMS 0x000000008b900000, 0x000000008b900000| Untracked 
| 186|0x000000008ba00000, 0x000000008ba00000, 0x000000008bb00000|  0%| F|  |TAMS 0x000000008ba00000, 0x000000008ba00000| Untracked 
| 187|0x000000008bb00000, 0x000000008bb00000, 0x000000008bc00000|  0%| F|  |TAMS 0x000000008bb00000, 0x000000008bb00000| Untracked 
| 188|0x000000008bc00000, 0x000000008bc00000, 0x000000008bd00000|  0%| F|  |TAMS 0x000000008bc00000, 0x000000008bc00000| Untracked 
| 189|0x000000008bd00000, 0x000000008bd00000, 0x000000008be00000|  0%| F|  |TAMS 0x000000008bd00000, 0x000000008bd00000| Untracked 
| 190|0x000000008be00000, 0x000000008be00000, 0x000000008bf00000|  0%| F|  |TAMS 0x000000008be00000, 0x000000008be00000| Untracked 
| 191|0x000000008bf00000, 0x000000008bf00000, 0x000000008c000000|  0%| F|  |TAMS 0x000000008bf00000, 0x000000008bf00000| Untracked 
| 192|0x000000008c000000, 0x000000008c000000, 0x000000008c100000|  0%| F|  |TAMS 0x000000008c000000, 0x000000008c000000| Untracked 
| 193|0x000000008c100000, 0x000000008c100000, 0x000000008c200000|  0%| F|  |TAMS 0x000000008c100000, 0x000000008c100000| Untracked 
| 194|0x000000008c200000, 0x000000008c200000, 0x000000008c300000|  0%| F|  |TAMS 0x000000008c200000, 0x000000008c200000| Untracked 
| 195|0x000000008c300000, 0x000000008c300000, 0x000000008c400000|  0%| F|  |TAMS 0x000000008c300000, 0x000000008c300000| Untracked 
| 196|0x000000008c400000, 0x000000008c400000, 0x000000008c500000|  0%| F|  |TAMS 0x000000008c400000, 0x000000008c400000| Untracked 
| 197|0x000000008c500000, 0x000000008c500000, 0x000000008c600000|  0%| F|  |TAMS 0x000000008c500000, 0x000000008c500000| Untracked 
| 198|0x000000008c600000, 0x000000008c600000, 0x000000008c700000|  0%| F|  |TAMS 0x000000008c600000, 0x000000008c600000| Untracked 
| 199|0x000000008c700000, 0x000000008c700000, 0x000000008c800000|  0%| F|  |TAMS 0x000000008c700000, 0x000000008c700000| Untracked 
| 200|0x000000008c800000, 0x000000008c800000, 0x000000008c900000|  0%| F|  |TAMS 0x000000008c800000, 0x000000008c800000| Untracked 
| 201|0x000000008c900000, 0x000000008c900000, 0x000000008ca00000|  0%| F|  |TAMS 0x000000008c900000, 0x000000008c900000| Untracked 
| 202|0x000000008ca00000, 0x000000008ca00000, 0x000000008cb00000|  0%| F|  |TAMS 0x000000008ca00000, 0x000000008ca00000| Untracked 
| 203|0x000000008cb00000, 0x000000008cb00000, 0x000000008cc00000|  0%| F|  |TAMS 0x000000008cb00000, 0x000000008cb00000| Untracked 
| 204|0x000000008cc00000, 0x000000008cc00000, 0x000000008cd00000|  0%| F|  |TAMS 0x000000008cc00000, 0x000000008cc00000| Untracked 
| 205|0x000000008cd00000, 0x000000008cd00000, 0x000000008ce00000|  0%| F|  |TAMS 0x000000008cd00000, 0x000000008cd00000| Untracked 
| 206|0x000000008ce00000, 0x000000008ce00000, 0x000000008cf00000|  0%| F|  |TAMS 0x000000008ce00000, 0x000000008ce00000| Untracked 
| 207|0x000000008cf00000, 0x000000008cf00000, 0x000000008d000000|  0%| F|  |TAMS 0x000000008cf00000, 0x000000008cf00000| Untracked 
| 208|0x000000008d000000, 0x000000008d000000, 0x000000008d100000|  0%| F|  |TAMS 0x000000008d000000, 0x000000008d000000| Untracked 
| 209|0x000000008d100000, 0x000000008d100000, 0x000000008d200000|  0%| F|  |TAMS 0x000000008d100000, 0x000000008d100000| Untracked 
| 210|0x000000008d200000, 0x000000008d200000, 0x000000008d300000|  0%| F|  |TAMS 0x000000008d200000, 0x000000008d200000| Untracked 
| 211|0x000000008d300000, 0x000000008d300000, 0x000000008d400000|  0%| F|  |TAMS 0x000000008d300000, 0x000000008d300000| Untracked 
| 212|0x000000008d400000, 0x000000008d400000, 0x000000008d500000|  0%| F|  |TAMS 0x000000008d400000, 0x000000008d400000| Untracked 
| 213|0x000000008d500000, 0x000000008d500000, 0x000000008d600000|  0%| F|  |TAMS 0x000000008d500000, 0x000000008d500000| Untracked 
| 214|0x000000008d600000, 0x000000008d600000, 0x000000008d700000|  0%| F|  |TAMS 0x000000008d600000, 0x000000008d600000| Untracked 
| 215|0x000000008d700000, 0x000000008d700000, 0x000000008d800000|  0%| F|  |TAMS 0x000000008d700000, 0x000000008d700000| Untracked 
| 216|0x000000008d800000, 0x000000008d800000, 0x000000008d900000|  0%| F|  |TAMS 0x000000008d800000, 0x000000008d800000| Untracked 
| 217|0x000000008d900000, 0x000000008d900000, 0x000000008da00000|  0%| F|  |TAMS 0x000000008d900000, 0x000000008d900000| Untracked 
| 218|0x000000008da00000, 0x000000008da00000, 0x000000008db00000|  0%| F|  |TAMS 0x000000008da00000, 0x000000008da00000| Untracked 
| 219|0x000000008db00000, 0x000000008db00000, 0x000000008dc00000|  0%| F|  |TAMS 0x000000008db00000, 0x000000008db00000| Untracked 
| 220|0x000000008dc00000, 0x000000008dc00000, 0x000000008dd00000|  0%| F|  |TAMS 0x000000008dc00000, 0x000000008dc00000| Untracked 
| 221|0x000000008dd00000, 0x000000008dd00000, 0x000000008de00000|  0%| F|  |TAMS 0x000000008dd00000, 0x000000008dd00000| Untracked 
| 222|0x000000008de00000, 0x000000008de00000, 0x000000008df00000|  0%| F|  |TAMS 0x000000008de00000, 0x000000008de00000| Untracked 
| 223|0x000000008df00000, 0x000000008df00000, 0x000000008e000000|  0%| F|  |TAMS 0x000000008df00000, 0x000000008df00000| Untracked 
| 224|0x000000008e000000, 0x000000008e000000, 0x000000008e100000|  0%| F|  |TAMS 0x000000008e000000, 0x000000008e000000| Untracked 
| 225|0x000000008e100000, 0x000000008e100000, 0x000000008e200000|  0%| F|  |TAMS 0x000000008e100000, 0x000000008e100000| Untracked 
| 226|0x000000008e200000, 0x000000008e21a8f8, 0x000000008e300000| 10%| S|CS|TAMS 0x000000008e200000, 0x000000008e200000| Complete 
| 227|0x000000008e300000, 0x000000008e400000, 0x000000008e400000|100%| S|CS|TAMS 0x000000008e300000, 0x000000008e300000| Complete 
| 228|0x000000008e400000, 0x000000008e500000, 0x000000008e500000|100%| S|CS|TAMS 0x000000008e400000, 0x000000008e400000| Complete 
| 229|0x000000008e500000, 0x000000008e600000, 0x000000008e600000|100%| S|CS|TAMS 0x000000008e500000, 0x000000008e500000| Complete 
| 230|0x000000008e600000, 0x000000008e700000, 0x000000008e700000|100%| S|CS|TAMS 0x000000008e600000, 0x000000008e600000| Complete 
| 231|0x000000008e700000, 0x000000008e800000, 0x000000008e800000|100%| S|CS|TAMS 0x000000008e700000, 0x000000008e700000| Complete 
| 232|0x000000008e800000, 0x000000008e900000, 0x000000008e900000|100%| S|CS|TAMS 0x000000008e800000, 0x000000008e800000| Complete 
| 233|0x000000008e900000, 0x000000008ea00000, 0x000000008ea00000|100%| S|CS|TAMS 0x000000008e900000, 0x000000008e900000| Complete 
| 234|0x000000008ea00000, 0x000000008eb00000, 0x000000008eb00000|100%| S|CS|TAMS 0x000000008ea00000, 0x000000008ea00000| Complete 
| 235|0x000000008eb00000, 0x000000008ec00000, 0x000000008ec00000|100%| S|CS|TAMS 0x000000008eb00000, 0x000000008eb00000| Complete 
| 236|0x000000008ec00000, 0x000000008ed00000, 0x000000008ed00000|100%| S|CS|TAMS 0x000000008ec00000, 0x000000008ec00000| Complete 
| 237|0x000000008ed00000, 0x000000008ee00000, 0x000000008ee00000|100%| S|CS|TAMS 0x000000008ed00000, 0x000000008ed00000| Complete 
| 238|0x000000008ee00000, 0x000000008ee00000, 0x000000008ef00000|  0%| F|  |TAMS 0x000000008ee00000, 0x000000008ee00000| Untracked 
| 239|0x000000008ef00000, 0x000000008ef00000, 0x000000008f000000|  0%| F|  |TAMS 0x000000008ef00000, 0x000000008ef00000| Untracked 
| 240|0x000000008f000000, 0x000000008f000000, 0x000000008f100000|  0%| F|  |TAMS 0x000000008f000000, 0x000000008f000000| Untracked 
| 241|0x000000008f100000, 0x000000008f100000, 0x000000008f200000|  0%| F|  |TAMS 0x000000008f100000, 0x000000008f100000| Untracked 
| 242|0x000000008f200000, 0x000000008f200000, 0x000000008f300000|  0%| F|  |TAMS 0x000000008f200000, 0x000000008f200000| Untracked 
| 243|0x000000008f300000, 0x000000008f300000, 0x000000008f400000|  0%| F|  |TAMS 0x000000008f300000, 0x000000008f300000| Untracked 
| 244|0x000000008f400000, 0x000000008f400000, 0x000000008f500000|  0%| F|  |TAMS 0x000000008f400000, 0x000000008f400000| Untracked 
| 245|0x000000008f500000, 0x000000008f500000, 0x000000008f600000|  0%| F|  |TAMS 0x000000008f500000, 0x000000008f500000| Untracked 
| 246|0x000000008f600000, 0x000000008f600000, 0x000000008f700000|  0%| F|  |TAMS 0x000000008f600000, 0x000000008f600000| Untracked 
| 247|0x000000008f700000, 0x000000008f700000, 0x000000008f800000|  0%| F|  |TAMS 0x000000008f700000, 0x000000008f700000| Untracked 
| 248|0x000000008f800000, 0x000000008f800000, 0x000000008f900000|  0%| F|  |TAMS 0x000000008f800000, 0x000000008f800000| Untracked 
| 249|0x000000008f900000, 0x000000008f900000, 0x000000008fa00000|  0%| F|  |TAMS 0x000000008f900000, 0x000000008f900000| Untracked 
| 250|0x000000008fa00000, 0x000000008fa00000, 0x000000008fb00000|  0%| F|  |TAMS 0x000000008fa00000, 0x000000008fa00000| Untracked 
| 251|0x000000008fb00000, 0x000000008fb00000, 0x000000008fc00000|  0%| F|  |TAMS 0x000000008fb00000, 0x000000008fb00000| Untracked 
| 252|0x000000008fc00000, 0x000000008fc00000, 0x000000008fd00000|  0%| F|  |TAMS 0x000000008fc00000, 0x000000008fc00000| Untracked 
| 253|0x000000008fd00000, 0x000000008fd00000, 0x000000008fe00000|  0%| F|  |TAMS 0x000000008fd00000, 0x000000008fd00000| Untracked 
| 254|0x000000008fe00000, 0x000000008fe00000, 0x000000008ff00000|  0%| F|  |TAMS 0x000000008fe00000, 0x000000008fe00000| Untracked 
| 255|0x000000008ff00000, 0x000000008ff00000, 0x0000000090000000|  0%| F|  |TAMS 0x000000008ff00000, 0x000000008ff00000| Untracked 
| 256|0x0000000090000000, 0x0000000090000000, 0x0000000090100000|  0%| F|  |TAMS 0x0000000090000000, 0x0000000090000000| Untracked 
| 257|0x0000000090100000, 0x0000000090100000, 0x0000000090200000|  0%| F|  |TAMS 0x0000000090100000, 0x0000000090100000| Untracked 
| 258|0x0000000090200000, 0x0000000090200000, 0x0000000090300000|  0%| F|  |TAMS 0x0000000090200000, 0x0000000090200000| Untracked 
| 259|0x0000000090300000, 0x0000000090300000, 0x0000000090400000|  0%| F|  |TAMS 0x0000000090300000, 0x0000000090300000| Untracked 
| 260|0x0000000090400000, 0x0000000090400000, 0x0000000090500000|  0%| F|  |TAMS 0x0000000090400000, 0x0000000090400000| Untracked 
| 261|0x0000000090500000, 0x0000000090500000, 0x0000000090600000|  0%| F|  |TAMS 0x0000000090500000, 0x0000000090500000| Untracked 
| 262|0x0000000090600000, 0x0000000090600000, 0x0000000090700000|  0%| F|  |TAMS 0x0000000090600000, 0x0000000090600000| Untracked 
| 263|0x0000000090700000, 0x0000000090700000, 0x0000000090800000|  0%| F|  |TAMS 0x0000000090700000, 0x0000000090700000| Untracked 
| 264|0x0000000090800000, 0x0000000090800000, 0x0000000090900000|  0%| F|  |TAMS 0x0000000090800000, 0x0000000090800000| Untracked 
| 265|0x0000000090900000, 0x0000000090900000, 0x0000000090a00000|  0%| F|  |TAMS 0x0000000090900000, 0x0000000090900000| Untracked 
| 266|0x0000000090a00000, 0x0000000090a00000, 0x0000000090b00000|  0%| F|  |TAMS 0x0000000090a00000, 0x0000000090a00000| Untracked 
| 267|0x0000000090b00000, 0x0000000090b00000, 0x0000000090c00000|  0%| F|  |TAMS 0x0000000090b00000, 0x0000000090b00000| Untracked 
| 268|0x0000000090c00000, 0x0000000090c00000, 0x0000000090d00000|  0%| F|  |TAMS 0x0000000090c00000, 0x0000000090c00000| Untracked 
| 269|0x0000000090d00000, 0x0000000090d00000, 0x0000000090e00000|  0%| F|  |TAMS 0x0000000090d00000, 0x0000000090d00000| Untracked 
| 270|0x0000000090e00000, 0x0000000090e00000, 0x0000000090f00000|  0%| F|  |TAMS 0x0000000090e00000, 0x0000000090e00000| Untracked 
| 271|0x0000000090f00000, 0x0000000090f00000, 0x0000000091000000|  0%| F|  |TAMS 0x0000000090f00000, 0x0000000090f00000| Untracked 
| 272|0x0000000091000000, 0x0000000091000000, 0x0000000091100000|  0%| F|  |TAMS 0x0000000091000000, 0x0000000091000000| Untracked 
| 273|0x0000000091100000, 0x0000000091100000, 0x0000000091200000|  0%| F|  |TAMS 0x0000000091100000, 0x0000000091100000| Untracked 
| 274|0x0000000091200000, 0x0000000091200000, 0x0000000091300000|  0%| F|  |TAMS 0x0000000091200000, 0x0000000091200000| Untracked 
| 275|0x0000000091300000, 0x0000000091300000, 0x0000000091400000|  0%| F|  |TAMS 0x0000000091300000, 0x0000000091300000| Untracked 
| 276|0x0000000091400000, 0x0000000091400000, 0x0000000091500000|  0%| F|  |TAMS 0x0000000091400000, 0x0000000091400000| Untracked 
| 277|0x0000000091500000, 0x0000000091500000, 0x0000000091600000|  0%| F|  |TAMS 0x0000000091500000, 0x0000000091500000| Untracked 
| 278|0x0000000091600000, 0x0000000091600000, 0x0000000091700000|  0%| F|  |TAMS 0x0000000091600000, 0x0000000091600000| Untracked 
| 279|0x0000000091700000, 0x0000000091700000, 0x0000000091800000|  0%| F|  |TAMS 0x0000000091700000, 0x0000000091700000| Untracked 
| 280|0x0000000091800000, 0x0000000091800000, 0x0000000091900000|  0%| F|  |TAMS 0x0000000091800000, 0x0000000091800000| Untracked 
| 281|0x0000000091900000, 0x0000000091900000, 0x0000000091a00000|  0%| F|  |TAMS 0x0000000091900000, 0x0000000091900000| Untracked 
| 282|0x0000000091a00000, 0x0000000091a00000, 0x0000000091b00000|  0%| F|  |TAMS 0x0000000091a00000, 0x0000000091a00000| Untracked 
| 283|0x0000000091b00000, 0x0000000091b00000, 0x0000000091c00000|  0%| F|  |TAMS 0x0000000091b00000, 0x0000000091b00000| Untracked 
| 284|0x0000000091c00000, 0x0000000091c00000, 0x0000000091d00000|  0%| F|  |TAMS 0x0000000091c00000, 0x0000000091c00000| Untracked 
| 285|0x0000000091d00000, 0x0000000091d00000, 0x0000000091e00000|  0%| F|  |TAMS 0x0000000091d00000, 0x0000000091d00000| Untracked 
| 286|0x0000000091e00000, 0x0000000091e00000, 0x0000000091f00000|  0%| F|  |TAMS 0x0000000091e00000, 0x0000000091e00000| Untracked 
| 287|0x0000000091f00000, 0x0000000091f00000, 0x0000000092000000|  0%| F|  |TAMS 0x0000000091f00000, 0x0000000091f00000| Untracked 
| 288|0x0000000092000000, 0x0000000092000000, 0x0000000092100000|  0%| F|  |TAMS 0x0000000092000000, 0x0000000092000000| Untracked 
| 289|0x0000000092100000, 0x0000000092100000, 0x0000000092200000|  0%| F|  |TAMS 0x0000000092100000, 0x0000000092100000| Untracked 
| 290|0x0000000092200000, 0x0000000092200000, 0x0000000092300000|  0%| F|  |TAMS 0x0000000092200000, 0x0000000092200000| Untracked 
| 291|0x0000000092300000, 0x0000000092300000, 0x0000000092400000|  0%| F|  |TAMS 0x0000000092300000, 0x0000000092300000| Untracked 
| 292|0x0000000092400000, 0x0000000092400000, 0x0000000092500000|  0%| F|  |TAMS 0x0000000092400000, 0x0000000092400000| Untracked 
| 293|0x0000000092500000, 0x0000000092548760, 0x0000000092600000| 28%| E|  |TAMS 0x0000000092500000, 0x0000000092500000| Complete 
| 294|0x0000000092600000, 0x0000000092700000, 0x0000000092700000|100%| E|CS|TAMS 0x0000000092600000, 0x0000000092600000| Complete 
| 295|0x0000000092700000, 0x0000000092800000, 0x0000000092800000|100%| E|CS|TAMS 0x0000000092700000, 0x0000000092700000| Complete 
| 296|0x0000000092800000, 0x0000000092900000, 0x0000000092900000|100%| E|CS|TAMS 0x0000000092800000, 0x0000000092800000| Complete 
| 297|0x0000000092900000, 0x0000000092a00000, 0x0000000092a00000|100%| E|CS|TAMS 0x0000000092900000, 0x0000000092900000| Complete 
| 298|0x0000000092a00000, 0x0000000092b00000, 0x0000000092b00000|100%| E|CS|TAMS 0x0000000092a00000, 0x0000000092a00000| Complete 
| 299|0x0000000092b00000, 0x0000000092c00000, 0x0000000092c00000|100%| E|CS|TAMS 0x0000000092b00000, 0x0000000092b00000| Complete 
| 300|0x0000000092c00000, 0x0000000092d00000, 0x0000000092d00000|100%| E|CS|TAMS 0x0000000092c00000, 0x0000000092c00000| Complete 
| 301|0x0000000092d00000, 0x0000000092e00000, 0x0000000092e00000|100%| E|CS|TAMS 0x0000000092d00000, 0x0000000092d00000| Complete 
| 302|0x0000000092e00000, 0x0000000092f00000, 0x0000000092f00000|100%| E|CS|TAMS 0x0000000092e00000, 0x0000000092e00000| Complete 
| 303|0x0000000092f00000, 0x0000000093000000, 0x0000000093000000|100%| E|CS|TAMS 0x0000000092f00000, 0x0000000092f00000| Complete 
| 304|0x0000000093000000, 0x0000000093100000, 0x0000000093100000|100%| E|CS|TAMS 0x0000000093000000, 0x0000000093000000| Complete 
| 305|0x0000000093100000, 0x0000000093200000, 0x0000000093200000|100%| E|CS|TAMS 0x0000000093100000, 0x0000000093100000| Complete 
| 306|0x0000000093200000, 0x0000000093300000, 0x0000000093300000|100%| E|CS|TAMS 0x0000000093200000, 0x0000000093200000| Complete 
| 307|0x0000000093300000, 0x0000000093400000, 0x0000000093400000|100%| E|CS|TAMS 0x0000000093300000, 0x0000000093300000| Complete 
| 308|0x0000000093400000, 0x0000000093500000, 0x0000000093500000|100%| E|  |TAMS 0x0000000093400000, 0x0000000093400000| Complete 
| 309|0x0000000093500000, 0x0000000093600000, 0x0000000093600000|100%| E|CS|TAMS 0x0000000093500000, 0x0000000093500000| Complete 
| 310|0x0000000093600000, 0x0000000093700000, 0x0000000093700000|100%| E|CS|TAMS 0x0000000093600000, 0x0000000093600000| Complete 
| 311|0x0000000093700000, 0x0000000093800000, 0x0000000093800000|100%| E|CS|TAMS 0x0000000093700000, 0x0000000093700000| Complete 
| 312|0x0000000093800000, 0x0000000093900000, 0x0000000093900000|100%| E|CS|TAMS 0x0000000093800000, 0x0000000093800000| Complete 
| 313|0x0000000093900000, 0x0000000093a00000, 0x0000000093a00000|100%| E|CS|TAMS 0x0000000093900000, 0x0000000093900000| Complete 
| 314|0x0000000093a00000, 0x0000000093b00000, 0x0000000093b00000|100%| E|CS|TAMS 0x0000000093a00000, 0x0000000093a00000| Complete 
| 315|0x0000000093b00000, 0x0000000093c00000, 0x0000000093c00000|100%| E|CS|TAMS 0x0000000093b00000, 0x0000000093b00000| Complete 
| 316|0x0000000093c00000, 0x0000000093d00000, 0x0000000093d00000|100%| E|CS|TAMS 0x0000000093c00000, 0x0000000093c00000| Complete 
| 317|0x0000000093d00000, 0x0000000093e00000, 0x0000000093e00000|100%| E|CS|TAMS 0x0000000093d00000, 0x0000000093d00000| Complete 
| 318|0x0000000093e00000, 0x0000000093f00000, 0x0000000093f00000|100%| E|CS|TAMS 0x0000000093e00000, 0x0000000093e00000| Complete 
| 319|0x0000000093f00000, 0x0000000094000000, 0x0000000094000000|100%| E|CS|TAMS 0x0000000093f00000, 0x0000000093f00000| Complete 
| 320|0x0000000094000000, 0x0000000094100000, 0x0000000094100000|100%| E|CS|TAMS 0x0000000094000000, 0x0000000094000000| Complete 
| 321|0x0000000094100000, 0x0000000094200000, 0x0000000094200000|100%| E|CS|TAMS 0x0000000094100000, 0x0000000094100000| Complete 
| 322|0x0000000094200000, 0x0000000094300000, 0x0000000094300000|100%| E|CS|TAMS 0x0000000094200000, 0x0000000094200000| Complete 
| 323|0x0000000094300000, 0x0000000094400000, 0x0000000094400000|100%| E|CS|TAMS 0x0000000094300000, 0x0000000094300000| Complete 
| 324|0x0000000094400000, 0x0000000094500000, 0x0000000094500000|100%| E|CS|TAMS 0x0000000094400000, 0x0000000094400000| Complete 
| 325|0x0000000094500000, 0x0000000094600000, 0x0000000094600000|100%| E|CS|TAMS 0x0000000094500000, 0x0000000094500000| Complete 
| 326|0x0000000094600000, 0x0000000094700000, 0x0000000094700000|100%| E|CS|TAMS 0x0000000094600000, 0x0000000094600000| Complete 

Card table byte_map: [0x0000026113460000,0x0000026113860000] _byte_map_base: 0x0000026113060000

Marking Bits (Prev, Next): (CMBitMap*) 0x000002617bc1ebf0, (CMBitMap*) 0x000002617bc1ebb8
 Prev Bits: [0x0000026115c60000, 0x0000026117c60000)
 Next Bits: [0x0000026113c60000, 0x0000026115c60000)

Polling page: 0x0000026100000000

Metaspace:

Usage:
  Non-class:    105.36 MB capacity,   102.88 MB ( 98%) used,     2.08 MB (  2%) free+waste,   414.69 KB ( <1%) overhead. 
      Class:     16.43 MB capacity,    15.11 MB ( 92%) used,     1.14 MB (  7%) free+waste,   186.81 KB (  1%) overhead. 
       Both:    121.79 MB capacity,   117.99 MB ( 97%) used,     3.22 MB (  3%) free+waste,   601.50 KB ( <1%) overhead. 

Virtual space:
  Non-class space:      106.00 MB reserved,     105.50 MB (>99%) committed 
      Class space:        1.00 GB reserved,      16.45 MB (  2%) committed 
             Both:        1.10 GB reserved,     121.95 MB ( 11%) committed 

Chunk freelists:
   Non-Class:  16.00 KB
       Class:  0 bytes
        Both:  16.00 KB

MaxMetaspaceSize: 17179869184.00 GB
CompressedClassSpaceSize: 1.00 GB

CodeHeap 'non-profiled nmethods': size=120064Kb used=12014Kb max_used=12014Kb free=108049Kb
 bounds [0x000002610b4f0000, 0x000002610c0b0000, 0x0000026112a30000]
CodeHeap 'profiled nmethods': size=120000Kb used=38961Kb max_used=38961Kb free=81038Kb
 bounds [0x0000026103fc0000, 0x00000261065e0000, 0x000002610b4f0000]
CodeHeap 'non-nmethods': size=5696Kb used=2378Kb max_used=2423Kb free=3317Kb
 bounds [0x0000026103a30000, 0x0000026103ca0000, 0x0000026103fc0000]
 total_blobs=18345 nmethods=17340 adapters=914
 compilation: enabled
              stopped_count=0, restarted_count=0
 full_count=0

Compilation events (20 events):
Event: 263.761 Thread 0x000002611a2ef800 nmethod 18460 0x00000261065d6590 code [0x00000261065d6760, 0x00000261065d6b18]
Event: 263.764 Thread 0x000002611a2ef800 18461       3       java.lang.invoke.LambdaFormEditor::addArgumentForm (121 bytes)
Event: 263.765 Thread 0x000002611a2ef800 nmethod 18461 0x00000261065d6d10 code [0x00000261065d6f60, 0x00000261065d7598]
Event: 263.766 Thread 0x000002611a2ef800 18462       3       sun.security.provider.SHA2::resetHashes (19 bytes)
Event: 263.766 Thread 0x000002611a2ef800 nmethod 18462 0x00000261065d7910 code [0x00000261065d7ac0, 0x00000261065d7c68]
Event: 263.766 Thread 0x000002611a2ef800 18463       3       sun.security.provider.SHA2::implDigest (98 bytes)
Event: 263.767 Thread 0x000002611a2ef800 nmethod 18463 0x00000261065d7d10 code [0x00000261065d7f40, 0x00000261065d8548]
Event: 263.774 Thread 0x000002611a2ef800 18465       3       jdk.internal.reflect.ByteVectorImpl::resize (44 bytes)
Event: 263.774 Thread 0x000002611a2ef800 nmethod 18465 0x00000261065d8790 code [0x00000261065d8960, 0x00000261065d8c48]
Event: 263.916 Thread 0x000002611a2ef800 18468       1       java.lang.invoke.LambdaForm::arity (5 bytes)
Event: 263.916 Thread 0x000002611a2ef800 nmethod 18468 0x000002610c0aaa10 code [0x000002610c0aabc0, 0x000002610c0aac78]
Event: 263.917 Thread 0x000002611d6c4800 18466   !   4       java.io.ObjectOutputStream::writeObject0 (619 bytes)
Event: 263.924 Thread 0x000002611a2ef800 18469       3       java.lang.invoke.LambdaFormBuffer::endEdit (308 bytes)
Event: 263.926 Thread 0x000002611a2ef800 nmethod 18469 0x00000261065d8d90 code [0x00000261065d9020, 0x00000261065d9d98]
Event: 263.930 Thread 0x000002611a2ef800 18471       3       sun.invoke.util.VerifyType::isNullReferenceConversion (45 bytes)
Event: 263.931 Thread 0x000002611a2ef800 nmethod 18471 0x00000261065da190 code [0x00000261065da380, 0x00000261065da698]
Event: 263.945 Thread 0x000002611a2ef800 18474       3       java.lang.NoSuchMethodError::<init> (6 bytes)
Event: 263.946 Thread 0x000002611a2ef800 nmethod 18474 0x00000261065da790 code [0x00000261065da960, 0x00000261065daba8]
Event: 263.947 Thread 0x000002611a2ef800 18476       3       java.lang.invoke.InvokerBytecodeGenerator::emitReturn (107 bytes)
Event: 263.948 Thread 0x000002611a2ef800 nmethod 18476 0x00000261065dad10 code [0x00000261065daf40, 0x00000261065db528]

GC Heap History (20 events):
Event: 135.329 GC heap before
{Heap before GC invocations=46 (full 0):
 garbage-first heap   total 334848K, used 165825K [0x0000000080000000, 0x0000000100000000)
  region size 1024K, 16 young (16384K), 2 survivors (2048K)
 Metaspace       used 102774K, capacity 105314K, committed 105420K, reserved 1140736K
  class space    used 13316K, capacity 14245K, committed 14284K, reserved 1048576K
}
Event: 135.361 GC heap after
{Heap after GC invocations=47 (full 0):
 garbage-first heap   total 334848K, used 153908K [0x0000000080000000, 0x0000000100000000)
  region size 1024K, 4 young (4096K), 4 survivors (4096K)
 Metaspace       used 102774K, capacity 105314K, committed 105420K, reserved 1140736K
  class space    used 13316K, capacity 14245K, committed 14284K, reserved 1048576K
}
Event: 215.827 GC heap before
{Heap before GC invocations=48 (full 0):
 garbage-first heap   total 334848K, used 211252K [0x0000000080000000, 0x0000000100000000)
  region size 1024K, 67 young (68608K), 4 survivors (4096K)
 Metaspace       used 105781K, capacity 108410K, committed 108620K, reserved 1142784K
  class space    used 13599K, capacity 14556K, committed 14668K, reserved 1048576K
}
Event: 215.837 GC heap after
{Heap after GC invocations=49 (full 0):
 garbage-first heap   total 334848K, used 131327K [0x0000000080000000, 0x0000000100000000)
  region size 1024K, 5 young (5120K), 5 survivors (5120K)
 Metaspace       used 105781K, capacity 108410K, committed 108620K, reserved 1142784K
  class space    used 13599K, capacity 14556K, committed 14668K, reserved 1048576K
}
Event: 240.847 GC heap before
{Heap before GC invocations=49 (full 0):
 garbage-first heap   total 334848K, used 151807K [0x0000000080000000, 0x0000000100000000)
  region size 1024K, 16 young (16384K), 5 survivors (5120K)
 Metaspace       used 106470K, capacity 109176K, committed 109516K, reserved 1144832K
  class space    used 13701K, capacity 14697K, committed 14796K, reserved 1048576K
}
Event: 240.861 GC heap after
{Heap after GC invocations=50 (full 0):
 garbage-first heap   total 334848K, used 112481K [0x0000000080000000, 0x0000000100000000)
  region size 1024K, 2 young (2048K), 2 survivors (2048K)
 Metaspace       used 106470K, capacity 109176K, committed 109516K, reserved 1144832K
  class space    used 13701K, capacity 14697K, committed 14796K, reserved 1048576K
}
Event: 240.947 GC heap before
{Heap before GC invocations=50 (full 0):
 garbage-first heap   total 334848K, used 115553K [0x0000000080000000, 0x0000000100000000)
  region size 1024K, 6 young (6144K), 2 survivors (2048K)
 Metaspace       used 106581K, capacity 109288K, committed 109516K, reserved 1144832K
  class space    used 13715K, capacity 14710K, committed 14796K, reserved 1048576K
}
Event: 240.955 GC heap after
{Heap after GC invocations=51 (full 0):
 garbage-first heap   total 334848K, used 113007K [0x0000000080000000, 0x0000000100000000)
  region size 1024K, 3 young (3072K), 3 survivors (3072K)
 Metaspace       used 106581K, capacity 109288K, committed 109516K, reserved 1144832K
  class space    used 13715K, capacity 14710K, committed 14796K, reserved 1048576K
}
Event: 242.570 GC heap before
{Heap before GC invocations=52 (full 0):
 garbage-first heap   total 334848K, used 193903K [0x0000000080000000, 0x0000000100000000)
  region size 1024K, 75 young (76800K), 3 survivors (3072K)
 Metaspace       used 109071K, capacity 112012K, committed 112204K, reserved 1146880K
  class space    used 14059K, capacity 15109K, committed 15180K, reserved 1048576K
}
Event: 242.584 GC heap after
{Heap after GC invocations=53 (full 0):
 garbage-first heap   total 334848K, used 128053K [0x0000000080000000, 0x0000000100000000)
  region size 1024K, 10 young (10240K), 10 survivors (10240K)
 Metaspace       used 109071K, capacity 112012K, committed 112204K, reserved 1146880K
  class space    used 14059K, capacity 15109K, committed 15180K, reserved 1048576K
}
Event: 242.753 GC heap before
{Heap before GC invocations=53 (full 0):
 garbage-first heap   total 334848K, used 134197K [0x0000000080000000, 0x0000000100000000)
  region size 1024K, 16 young (16384K), 10 survivors (10240K)
 Metaspace       used 109487K, capacity 112452K, committed 112716K, reserved 1146880K
  class space    used 14113K, capacity 15130K, committed 15180K, reserved 1048576K
}
Event: 242.773 GC heap after
{Heap after GC invocations=54 (full 0):
 garbage-first heap   total 334848K, used 122351K [0x0000000080000000, 0x0000000100000000)
  region size 1024K, 1 young (1024K), 1 survivors (1024K)
 Metaspace       used 109487K, capacity 112452K, committed 112716K, reserved 1146880K
  class space    used 14113K, capacity 15130K, committed 15180K, reserved 1048576K
}
Event: 243.673 GC heap before
{Heap before GC invocations=54 (full 0):
 garbage-first heap   total 334848K, used 176623K [0x0000000080000000, 0x0000000100000000)
  region size 1024K, 56 young (57344K), 1 survivors (1024K)
 Metaspace       used 112442K, capacity 115533K, committed 115788K, reserved 1148928K
  class space    used 14483K, capacity 15556K, committed 15692K, reserved 1048576K
}
Event: 243.684 GC heap after
{Heap after GC invocations=55 (full 0):
 garbage-first heap   total 334848K, used 125964K [0x0000000080000000, 0x0000000100000000)
  region size 1024K, 5 young (5120K), 5 survivors (5120K)
 Metaspace       used 112442K, capacity 115533K, committed 115788K, reserved 1148928K
  class space    used 14483K, capacity 15556K, committed 15692K, reserved 1048576K
}
Event: 245.239 GC heap before
{Heap before GC invocations=56 (full 0):
 garbage-first heap   total 334848K, used 209932K [0x0000000080000000, 0x0000000100000000)
  region size 1024K, 86 young (88064K), 5 survivors (5120K)
 Metaspace       used 116691K, capacity 119937K, committed 120140K, reserved 1153024K
  class space    used 14914K, capacity 16082K, committed 16204K, reserved 1048576K
}
Event: 245.256 GC heap after
{Heap after GC invocations=57 (full 0):
 garbage-first heap   total 334848K, used 130523K [0x0000000080000000, 0x0000000100000000)
  region size 1024K, 9 young (9216K), 9 survivors (9216K)
 Metaspace       used 116691K, capacity 119937K, committed 120140K, reserved 1153024K
  class space    used 14914K, capacity 16082K, committed 16204K, reserved 1048576K
}
Event: 245.383 GC heap before
{Heap before GC invocations=57 (full 0):
 garbage-first heap   total 334848K, used 137691K [0x0000000080000000, 0x0000000100000000)
  region size 1024K, 16 young (16384K), 9 survivors (9216K)
 Metaspace       used 117158K, capacity 120421K, committed 120652K, reserved 1153024K
  class space    used 14975K, capacity 16154K, committed 16204K, reserved 1048576K
}
Event: 245.402 GC heap after
{Heap after GC invocations=58 (full 0):
 garbage-first heap   total 334848K, used 130669K [0x0000000080000000, 0x0000000100000000)
  region size 1024K, 2 young (2048K), 2 survivors (2048K)
 Metaspace       used 117158K, capacity 120421K, committed 120652K, reserved 1153024K
  class space    used 14975K, capacity 16154K, committed 16204K, reserved 1048576K
}
Event: 261.720 GC heap before
{Heap before GC invocations=58 (full 0):
 garbage-first heap   total 334848K, used 219757K [0x0000000080000000, 0x0000000100000000)
  region size 1024K, 89 young (91136K), 2 survivors (2048K)
 Metaspace       used 119115K, capacity 122617K, committed 122700K, reserved 1155072K
  class space    used 15207K, capacity 16432K, committed 16460K, reserved 1048576K
}
Event: 261.747 GC heap after
{Heap after GC invocations=59 (full 0):
 garbage-first heap   total 334848K, used 140648K [0x0000000080000000, 0x0000000100000000)
  region size 1024K, 12 young (12288K), 12 survivors (12288K)
 Metaspace       used 119115K, capacity 122617K, committed 122700K, reserved 1155072K
  class space    used 15207K, capacity 16432K, committed 16460K, reserved 1048576K
}

Deoptimization events (20 events):
Event: 263.677 Thread 0x000002611ff65000 DEOPT PACKING pc=0x000002610c055a64 sp=0x0000009d3b4f9520
Event: 263.677 Thread 0x000002611ff65000 DEOPT UNPACKING pc=0x0000026103a578af sp=0x0000009d3b4f9568 mode 2
Event: 263.679 Thread 0x000002611ff65000 Uncommon trap: trap_request=0xffffffde fr.pc=0x000002610c055a64 relative=0x0000000000005ca4
Event: 263.679 Thread 0x000002611ff65000 Uncommon trap: reason=class_check action=maybe_recompile pc=0x000002610c055a64 method=java.io.ObjectOutputStream.writeObject0(Ljava/lang/Object;Z)V @ 240 c2
Event: 263.679 Thread 0x000002611ff65000 DEOPT PACKING pc=0x000002610c055a64 sp=0x0000009d3b4f93b0
Event: 263.679 Thread 0x000002611ff65000 DEOPT UNPACKING pc=0x0000026103a578af sp=0x0000009d3b4f9410 mode 2
Event: 263.680 Thread 0x000002611ff65000 Uncommon trap: trap_request=0xffffffde fr.pc=0x000002610c055a64 relative=0x0000000000005ca4
Event: 263.680 Thread 0x000002611ff65000 Uncommon trap: reason=class_check action=maybe_recompile pc=0x000002610c055a64 method=java.io.ObjectOutputStream.writeObject0(Ljava/lang/Object;Z)V @ 240 c2
Event: 263.680 Thread 0x000002611ff65000 DEOPT PACKING pc=0x000002610c055a64 sp=0x0000009d3b4f90c0
Event: 263.680 Thread 0x000002611ff65000 DEOPT UNPACKING pc=0x0000026103a578af sp=0x0000009d3b4f9108 mode 2
Event: 263.725 Thread 0x000002611ff65000 Uncommon trap: trap_request=0xffffffd6 fr.pc=0x000002610c06aaa8 relative=0x0000000000000568
Event: 263.725 Thread 0x000002611ff65000 Uncommon trap: reason=array_check action=maybe_recompile pc=0x000002610c06aaa8 method=java.util.TimSort.reverseRange([Ljava/lang/Object;II)V @ 27 c2
Event: 263.725 Thread 0x000002611ff65000 DEOPT PACKING pc=0x000002610c06aaa8 sp=0x0000009d3b4f7360
Event: 263.725 Thread 0x000002611ff65000 DEOPT UNPACKING pc=0x0000026103a578af sp=0x0000009d3b4f7290 mode 2
Event: 263.726 Thread 0x000002611ff65000 DEOPT PACKING pc=0x00000261050074d8 sp=0x0000009d3b4f6e90
Event: 263.726 Thread 0x000002611ff65000 DEOPT UNPACKING pc=0x0000026103a576ce sp=0x0000009d3b4f6360 mode 0
Event: 263.727 Thread 0x000002611ff65000 Uncommon trap: trap_request=0xffffffd6 fr.pc=0x000002610c06aaa8 relative=0x0000000000000568
Event: 263.727 Thread 0x000002611ff65000 Uncommon trap: reason=array_check action=maybe_recompile pc=0x000002610c06aaa8 method=java.util.TimSort.reverseRange([Ljava/lang/Object;II)V @ 27 c2
Event: 263.727 Thread 0x000002611ff65000 DEOPT PACKING pc=0x000002610c06aaa8 sp=0x0000009d3b4f75a0
Event: 263.727 Thread 0x000002611ff65000 DEOPT UNPACKING pc=0x0000026103a578af sp=0x0000009d3b4f74d0 mode 2

Classes redefined (0 events):
No events

Internal exceptions (20 events):
Event: 261.766 Thread 0x000002611ff68000 Exception <a 'sun/nio/fs/WindowsException'{0x00000000944f19f0}> (0x00000000944f19f0) thrown at [./src/hotspot/share/prims/jni.cpp, line 615]
Event: 261.766 Thread 0x000002611ff68000 Exception <a 'sun/nio/fs/WindowsException'{0x00000000944f1ad8}> (0x00000000944f1ad8) thrown at [./src/hotspot/share/prims/jni.cpp, line 615]
Event: 263.641 Thread 0x000002611ff65000 Exception <a 'java/lang/NoSuchMethodError'{0x0000000092cf8900}: <clinit>> (0x0000000092cf8900) thrown at [./src/hotspot/share/prims/jni.cpp, line 1362]
Event: 263.642 Thread 0x000002611ff65000 Exception <a 'java/lang/NoSuchMethodError'{0x0000000092b0ae98}: <clinit>> (0x0000000092b0ae98) thrown at [./src/hotspot/share/prims/jni.cpp, line 1362]
Event: 263.658 Thread 0x000002611ff65000 Exception <a 'java/lang/NoSuchMethodError'{0x0000000092bbc6e8}: 'java.lang.Object java.lang.invoke.DirectMethodHandle$Holder.invokeSpecial(java.lang.Object, java.lang.Object, int, int, java.lang.Object, int, java.lang.Object, java.lang.Object)'> (0x0000000092bbc6e8) thrown at [./src/hotspot/share/interpreter/linkResolver.cpp, line 773]
Event: 263.659 Thread 0x000002611ff65000 Exception <a 'java/lang/NoSuchMethodError'{0x0000000092bc0a70}: 'java.lang.Object java.lang.invoke.DelegatingMethodHandle$Holder.reinvoke_L(java.lang.Object, int, int, java.lang.Object, int, java.lang.Object, java.lang.Object)'> (0x0000000092bc0a70) thrown at [./src/hotspot/share/interpreter/linkResolver.cpp, line 773]
Event: 263.662 Thread 0x000002611ff65000 Exception <a 'java/lang/NoSuchMethodError'{0x0000000092bebd40}: 'java.lang.Object java.lang.invoke.DirectMethodHandle$Holder.invokeStatic(java.lang.Object, java.lang.Object, java.lang.Object, java.lang.Object, java.lang.Object, java.lang.Object, java.lang.Object, java.lang.Object, int)'> (0x0000000092bebd40) thrown at [./src/hotspot/share/interpreter/linkResolver.cpp, line 773]
Event: 263.664 Thread 0x000002611ff65000 Exception <a 'java/lang/NoSuchMethodError'{0x0000000092a076e0}: 'java.lang.Object java.lang.invoke.DirectMethodHandle$Holder.invokeStatic(java.lang.Object, java.lang.Object, java.lang.Object, java.lang.Object, java.lang.Object, java.lang.Object, java.lang.Object, java.lang.Object, int, int)'> (0x0000000092a076e0) thrown at [./src/hotspot/share/interpreter/linkResolver.cpp, line 773]
Event: 263.666 Thread 0x000002611ff65000 Exception <a 'java/lang/NoSuchMethodError'{0x0000000092a23880}: 'java.lang.Object java.lang.invoke.DirectMethodHandle$Holder.invokeStatic(java.lang.Object, java.lang.Object, java.lang.Object, java.lang.Object, java.lang.Object, java.lang.Object, java.lang.Object, java.lang.Object, int, int, java.lang.Object)'> (0x0000000092a23880) thrown at [./src/hotspot/share/interpreter/linkResolver.cpp, line 773]
Event: 263.668 Thread 0x000002611ff65000 Exception <a 'java/lang/NoSuchMethodError'{0x0000000092a4d180}: 'java.lang.Object java.lang.invoke.DirectMethodHandle$Holder.invokeStatic(java.lang.Object, java.lang.Object, java.lang.Object, java.lang.Object, java.lang.Object, java.lang.Object, java.lang.Object, java.lang.Object, int, int, java.lang.Object, java.lang.Object)'> (0x0000000092a4d180) thrown at [./src/hotspot/share/interpreter/linkResolver.cpp, line 773]
Event: 263.678 Thread 0x000002611ff65000 Exception <a 'java/lang/NoSuchMethodError'{0x0000000092a80020}: <clinit>> (0x0000000092a80020) thrown at [./src/hotspot/share/prims/jni.cpp, line 1362]
Event: 263.695 Thread 0x000002611cc94800 Exception <a 'java/lang/InterruptedException'{0x0000000092af2598}> (0x0000000092af2598) thrown at [./src/hotspot/share/runtime/objectMonitor.cpp, line 1635]
Event: 263.696 Thread 0x000002611cc94800 Exception <a 'java/lang/NoSuchMethodError'{0x0000000092afa3a8}: 'java.lang.Object java.lang.invoke.DirectMethodHandle$Holder.invokeStatic(java.lang.Object, java.lang.Object, int, java.lang.Object, long)'> (0x0000000092afa3a8) thrown at [./src/hotspot/share/interpreter/linkResolver.cpp, line 773]
Event: 263.725 Thread 0x000002611ff65000 Exception <a 'java/lang/NoSuchMethodError'{0x0000000092936c28}: <clinit>> (0x0000000092936c28) thrown at [./src/hotspot/share/prims/jni.cpp, line 1362]
Event: 263.727 Thread 0x000002611ff65000 Exception <a 'java/lang/NoSuchMethodError'{0x0000000092948ca0}: <clinit>> (0x0000000092948ca0) thrown at [./src/hotspot/share/prims/jni.cpp, line 1362]
Event: 263.728 Thread 0x000002611ff65000 Exception <a 'java/lang/NoSuchMethodError'{0x000000009295aa88}: <clinit>> (0x000000009295aa88) thrown at [./src/hotspot/share/prims/jni.cpp, line 1362]
Event: 263.739 Thread 0x000002611ff65000 Exception <a 'java/lang/NoSuchMethodError'{0x0000000092980280}: <clinit>> (0x0000000092980280) thrown at [./src/hotspot/share/prims/jni.cpp, line 1362]
Event: 263.771 Thread 0x000002611ff65000 Exception <a 'java/lang/NoSuchMethodError'{0x000000009271b2b0}: <clinit>> (0x000000009271b2b0) thrown at [./src/hotspot/share/prims/jni.cpp, line 1362]
Event: 263.929 Thread 0x00000261243f8800 Exception <a 'java/lang/NoSuchMethodError'{0x000000009250af48}: 'java.lang.Object java.lang.invoke.DirectMethodHandle$Holder.invokeStatic(java.lang.Object, java.lang.Object, java.lang.Object, java.lang.Object, java.lang.Object, java.lang.Object, java.lang.Object, java.lang.Object, java.lang.Object, java.lang.Object, java.lang.Object, java.lang.Object, java.lang.Object, int)'> (0x000000009250af48) thrown at [./src/hotspot/share/interpreter/linkResolver.cpp, line 773]
Event: 263.946 Thread 0x00000261243f8800 Exception <a 'java/lang/NoSuchMethodError'{0x0000000092517770}: 'java.lang.Object java.lang.invoke.DirectMethodHandle$Holder.invokeStatic(java.lang.Object, java.lang.Object, java.lang.Object, java.lang.Object, java.lang.Object, java.lang.Object, java.lang.Object, java.lang.Object, java.lang.Object, java.lang.Object, java.lang.Object, java.lang.Object, java.lang.Object, int, int)'> (0x0000000092517770) thrown at [./src/hotspot/share/interpreter/linkResolver.cpp, line 773]

Events (20 events):
Event: 263.782 loading class sun/rmi/transport/DGCAckHandler done
Event: 263.788 loading class sun/rmi/transport/DGCAckHandler$1
Event: 263.788 loading class sun/rmi/transport/DGCAckHandler$1 done
Event: 263.912 loading class sun/rmi/transport/tcp/TCPTransport$ConnectionHandler
Event: 263.912 loading class sun/rmi/transport/tcp/TCPTransport$ConnectionHandler done
Event: 263.913 Thread 0x00000261243f8800 Thread added: 0x00000261243f8800
Event: 263.913 Executing VM operation: RevokeBias
Event: 263.914 Executing VM operation: RevokeBias done
Event: 263.917 Thread 0x000002611d6c4800 Thread added: 0x000002611d6c4800
Event: 263.927 loading class java/lang/invoke/BoundMethodHandle$Species_LLLLLLLLLLI
Event: 263.928 loading class java/lang/invoke/BoundMethodHandle$Species_LLLLLLLLLLI done
Event: 263.932 loading class java/lang/invoke/BoundMethodHandle$Species_LLLLLLLLLLII
Event: 263.932 loading class java/lang/invoke/BoundMethodHandle$Species_LLLLLLLLLLII done
Event: 263.948 loading class java/lang/invoke/BoundMethodHandle$Species_LLLLLLLLLLIIL
Event: 263.957 loading class java/lang/invoke/BoundMethodHandle$Species_LLLLLLLLLLIIL done
Event: 263.958 Executing VM operation: RevokeBias
Event: 263.958 Executing VM operation: RevokeBias done
Event: 263.958 Executing VM operation: RevokeBias
Event: 263.958 Executing VM operation: RevokeBias done
Event: 263.959 Executing VM operation: BulkRevokeBias


Dynamic libraries:
0x00007ff7d6270000 - 0x00007ff7d627a000 	C:\Program Files\Android\Android Studio1\jre\bin\java.exe
0x00007ffcb18b0000 - 0x00007ffcb1aa5000 	C:\WINDOWS\SYSTEM32\ntdll.dll
0x00007ffcb04d0000 - 0x00007ffcb058d000 	C:\WINDOWS\System32\KERNEL32.DLL
0x00007ffcaf340000 - 0x00007ffcaf609000 	C:\WINDOWS\System32\KERNELBASE.dll
0x00007ffcaf0f0000 - 0x00007ffcaf1f0000 	C:\WINDOWS\System32\ucrtbase.dll
0x00007ffca5c20000 - 0x00007ffca5c37000 	C:\Program Files\Android\Android Studio1\jre\bin\VCRUNTIME140.dll
0x00007ffca5d60000 - 0x00007ffca5d79000 	C:\Program Files\Android\Android Studio1\jre\bin\jli.dll
0x00007ffcafc40000 - 0x00007ffcafde0000 	C:\WINDOWS\System32\USER32.dll
0x00007ffcaf070000 - 0x00007ffcaf092000 	C:\WINDOWS\System32\win32u.dll
0x00007ffcb0990000 - 0x00007ffcb09ba000 	C:\WINDOWS\System32\GDI32.dll
0x00007ffcaf800000 - 0x00007ffcaf90b000 	C:\WINDOWS\System32\gdi32full.dll
0x00007ffcaf2a0000 - 0x00007ffcaf33d000 	C:\WINDOWS\System32\msvcp_win.dll
0x00007ffca4010000 - 0x00007ffca42aa000 	C:\WINDOWS\WinSxS\amd64_microsoft.windows.common-controls_6595b64144ccf1df_6.0.19041.1110_none_60b5254171f9507e\COMCTL32.dll
0x00007ffcb0a70000 - 0x00007ffcb0b0e000 	C:\WINDOWS\System32\msvcrt.dll
0x00007ffcb0960000 - 0x00007ffcb0990000 	C:\WINDOWS\System32\IMM32.DLL
0x00007ffc84a20000 - 0x00007ffc84abd000 	C:\Program Files\Android\Android Studio1\jre\bin\msvcp140.dll
0x00007ffc53560000 - 0x00007ffc5402f000 	C:\Program Files\Android\Android Studio1\jre\bin\server\jvm.dll
0x00007ffcb09c0000 - 0x00007ffcb0a6c000 	C:\WINDOWS\System32\ADVAPI32.dll
0x00007ffcaf910000 - 0x00007ffcaf9ab000 	C:\WINDOWS\System32\sechost.dll
0x00007ffcafe40000 - 0x00007ffcaff6a000 	C:\WINDOWS\System32\RPCRT4.dll
0x00007ffcb0160000 - 0x00007ffcb0168000 	C:\WINDOWS\System32\PSAPI.DLL
0x00007ffca9f50000 - 0x00007ffca9f59000 	C:\WINDOWS\SYSTEM32\WSOCK32.dll
0x00007ffca1110000 - 0x00007ffca1137000 	C:\WINDOWS\SYSTEM32\WINMM.dll
0x00007ffcb00f0000 - 0x00007ffcb015b000 	C:\WINDOWS\System32\WS2_32.dll
0x00007ffca5c90000 - 0x00007ffca5c9a000 	C:\WINDOWS\SYSTEM32\VERSION.dll
0x00007ffcacef0000 - 0x00007ffcacf02000 	C:\WINDOWS\SYSTEM32\kernel.appcore.dll
0x00007ffca3eb0000 - 0x00007ffca3ec1000 	C:\Program Files\Android\Android Studio1\jre\bin\verify.dll
0x00007ffca6660000 - 0x00007ffca6844000 	C:\WINDOWS\SYSTEM32\DBGHELP.DLL
0x00007ffca65d0000 - 0x00007ffca65fc000 	C:\WINDOWS\SYSTEM32\dbgcore.DLL
0x00007ffcaefe0000 - 0x00007ffcaf063000 	C:\WINDOWS\System32\bcryptPrimitives.dll
0x00007ffca3d00000 - 0x00007ffca3d29000 	C:\Program Files\Android\Android Studio1\jre\bin\java.dll
0x00007ffca7be0000 - 0x00007ffca7beb000 	C:\Program Files\Android\Android Studio1\jre\bin\jimage.dll
0x00007ffc9b1c0000 - 0x00007ffc9b1d8000 	C:\Program Files\Android\Android Studio1\jre\bin\zip.dll
0x00007ffcb0c30000 - 0x00007ffcb136f000 	C:\WINDOWS\System32\SHELL32.dll
0x00007ffcad0f0000 - 0x00007ffcad880000 	C:\WINDOWS\SYSTEM32\windows.storage.dll
0x00007ffcb0170000 - 0x00007ffcb04c5000 	C:\WINDOWS\System32\combase.dll
0x00007ffcaea40000 - 0x00007ffcaea6c000 	C:\WINDOWS\SYSTEM32\Wldp.dll
0x00007ffcafb80000 - 0x00007ffcafc2e000 	C:\WINDOWS\System32\SHCORE.dll
0x00007ffcafde0000 - 0x00007ffcafe35000 	C:\WINDOWS\System32\shlwapi.dll
0x00007ffcaef20000 - 0x00007ffcaef3f000 	C:\WINDOWS\SYSTEM32\profapi.dll
0x00007ffc9b1a0000 - 0x00007ffc9b1ba000 	C:\Program Files\Android\Android Studio1\jre\bin\net.dll
0x00007ffca6850000 - 0x00007ffca6958000 	C:\WINDOWS\SYSTEM32\WINHTTP.dll
0x00007ffcae7a0000 - 0x00007ffcae80a000 	C:\WINDOWS\system32\mswsock.dll
0x00007ffc9b180000 - 0x00007ffc9b194000 	C:\Program Files\Android\Android Studio1\jre\bin\nio.dll
0x00007ffc999a0000 - 0x00007ffc999c7000 	C:\Users\SMART WAY\.gradle\wrapper\dists\gradle-7.0.2\native\8bec1ad78214c89d9ad589b4d07fe93259594b29d510b10fafb7a158f7737e5d\windows-amd64\native-platform.dll
0x00007ffc6fc00000 - 0x00007ffc6fd3d000 	C:\Users\SMART WAY\.gradle\wrapper\dists\gradle-7.0.2\native\53dbd7edfb1c66fb8903c78663c9afc45aea4f116125fa6feffd364cf09443e8\windows-amd64\native-platform-file-events.dll
0x00007ffca6440000 - 0x00007ffca644a000 	C:\Program Files\Android\Android Studio1\jre\bin\management.dll
0x00007ffca5390000 - 0x00007ffca539c000 	C:\Program Files\Android\Android Studio1\jre\bin\management_ext.dll
0x00007ffcae9a0000 - 0x00007ffcae9b8000 	C:\WINDOWS\SYSTEM32\CRYPTSP.dll
0x00007ffcae0b0000 - 0x00007ffcae0e4000 	C:\WINDOWS\system32\rsaenh.dll
0x00007ffcaf7d0000 - 0x00007ffcaf7f7000 	C:\WINDOWS\System32\bcrypt.dll
0x00007ffcaeee0000 - 0x00007ffcaef0e000 	C:\WINDOWS\SYSTEM32\USERENV.dll
0x00007ffcae990000 - 0x00007ffcae99c000 	C:\WINDOWS\SYSTEM32\CRYPTBASE.dll
0x00007ffcae440000 - 0x00007ffcae47b000 	C:\WINDOWS\SYSTEM32\IPHLPAPI.DLL
0x00007ffcb00e0000 - 0x00007ffcb00e8000 	C:\WINDOWS\System32\NSI.dll
0x00007ffca6500000 - 0x00007ffca6517000 	C:\WINDOWS\SYSTEM32\dhcpcsvc6.DLL
0x00007ffca6da0000 - 0x00007ffca6dbd000 	C:\WINDOWS\SYSTEM32\dhcpcsvc.DLL
0x00007ffcae480000 - 0x00007ffcae54c000 	C:\WINDOWS\SYSTEM32\DNSAPI.dll
0x00007ffca5bb0000 - 0x00007ffca5bce000 	C:\Users\SMART WAY\AppData\Local\Temp\native-platform3939595955420532753dir\native-platform.dll
0x00007ffca7ca0000 - 0x00007ffca7ca8000 	C:\Program Files\Android\Android Studio1\jre\bin\rmi.dll

dbghelp: loaded successfully - version: 4.0.5 - missing functions: none
symbol engine: initialized successfully - sym options: 0x614 - pdb path: .;C:\Program Files\Android\Android Studio1\jre\bin;C:\WINDOWS\SYSTEM32;C:\WINDOWS\WinSxS\amd64_microsoft.windows.common-controls_6595b64144ccf1df_6.0.19041.1110_none_60b5254171f9507e;C:\Program Files\Android\Android Studio1\jre\bin\server;C:\Users\SMART WAY\.gradle\wrapper\dists\gradle-7.0.2\native\8bec1ad78214c89d9ad589b4d07fe93259594b29d510b10fafb7a158f7737e5d\windows-amd64;C:\Users\SMART WAY\.gradle\wrapper\dists\gradle-7.0.2\native\53dbd7edfb1c66fb8903c78663c9afc45aea4f116125fa6feffd364cf09443e8\windows-amd64;C:\Users\SMART WAY\AppData\Local\Temp\native-platform3939595955420532753dir

VM Arguments:
jvm_args: --add-opens=java.base/java.util=ALL-UNNAMED --add-opens=java.base/java.lang=ALL-UNNAMED --add-opens=java.base/java.lang.invoke=ALL-UNNAMED --add-opens=java.base/java.util=ALL-UNNAMED --add-opens=java.prefs/java.util.prefs=ALL-UNNAMED --add-opens=java.prefs/java.util.prefs=ALL-UNNAMED --add-opens=java.base/java.nio.charset=ALL-UNNAMED --add-opens=java.base/java.net=ALL-UNNAMED --add-opens=java.base/java.util.concurrent.atomic=ALL-UNNAMED -Xmx2048m -Dfile.encoding=UTF-8 -Duser.country=US -Duser.language=en -Duser.variant 
java_command: org.gradle.launcher.daemon.bootstrap.GradleDaemon 7.0.2
java_class_path (initial): C:\Users\SMART WAY\.gradle\wrapper\dists\gradle-7.0.2\wrapper\dists\gradle-7.0.2-bin\857tjihv64xamwrf0h14cai3r\gradle-7.0.2\lib\gradle-launcher-7.0.2.jar
Launcher Type: SUN_STANDARD

[Global flags]
     intx CICompilerCount                          = 3                                         {product} {ergonomic}
     uint ConcGCThreads                            = 1                                         {product} {ergonomic}
     uint G1ConcRefinementThreads                  = 4                                         {product} {ergonomic}
   size_t G1HeapRegionSize                         = 1048576                                   {product} {ergonomic}
    uintx GCDrainStackTargetSize                   = 64                                        {product} {ergonomic}
   size_t InitialHeapSize                          = 134217728                                 {product} {ergonomic}
   size_t MarkStackSize                            = 4194304                                   {product} {ergonomic}
   size_t MaxHeapSize                              = 2147483648                                {product} {command line}
   size_t MaxNewSize                               = 1287651328                                {product} {ergonomic}
   size_t MinHeapDeltaBytes                        = 1048576                                   {product} {ergonomic}
    uintx NonNMethodCodeHeapSize                   = 5830732                                {pd product} {ergonomic}
    uintx NonProfiledCodeHeapSize                  = 122913754                              {pd product} {ergonomic}
    uintx ProfiledCodeHeapSize                     = 122913754                              {pd product} {ergonomic}
    uintx ReservedCodeCacheSize                    = 251658240                              {pd product} {ergonomic}
     bool SegmentedCodeCache                       = true                                      {product} {ergonomic}
     bool UseCompressedClassPointers               = true                                 {lp64_product} {ergonomic}
     bool UseCompressedOops                        = true                                 {lp64_product} {ergonomic}
     bool UseG1GC                                  = true                                      {product} {ergonomic}
     bool UseLargePagesIndividualAllocation        = false                                  {pd product} {ergonomic}

Logging:
Log output configuration:
 #0: stdout all=warning uptime,level,tags
 #1: stderr all=off uptime,level,tags

Environment Variables:
PATH=C:\Program Files\Common Files\Oracle\Java\javapath;C:\WINDOWS\system32;C:\WINDOWS;C:\WINDOWS\System32\Wbem;C:\WINDOWS\System32\WindowsPowerShell\v1.0\;C:\WINDOWS\System32\OpenSSH\;C:\Program Files\Git\cmd;C:\Users\SMART WAY\AppData\Local\Microsoft\WindowsApps;C:\Users\SMART WAY\.gradle\wrapper\dists\gradle-7.0;C:\Users\SMART WAY\.gradle\wrapper\dists\gradle-7.1\bin;C:\Users\SMART WAY\.gradle\wrapper\dists\gradle-7.0.2\bin;
USERNAME=SMART WAY
OS=Windows_NT
PROCESSOR_IDENTIFIER=Intel64 Family 6 Model 61 Stepping 4, GenuineIntel



---------------  S Y S T E M  ---------------

OS: Windows 10 , 64 bit Build 19041 (10.0.19041.1151)
OS uptime: 12 days 2:33 hours

CPU:total 4 (initial active 4) (2 cores per cpu, 2 threads per core) family 6 model 61 stepping 4 microcode 0x2f, cmov, cx8, fxsr, mmx, sse, sse2, sse3, ssse3, sse4.1, sse4.2, popcnt, avx, avx2, aes, clmul, erms, rtm, 3dnowpref, lzcnt, ht, tsc, tscinvbit, bmi1, bmi2, adx, fma

Memory: 4k page, system-wide physical 8067M (479M free)
TotalPageFile size 21538M (AvailPageFile size 6M)
current process WorkingSet (physical memory assigned to process): 643M, peak: 660M
current process commit charge ("private bytes"): 679M, peak: 690M

vm_info: OpenJDK 64-Bit Server VM (11.0.10+0-b96-7249189) for windows-amd64 JRE (11.0.10+0-b96-7249189), built on Mar 31 2021 21:44:00 by "builder" with MS VC++ 14.0 (VS2015)

END.
